  Page 1                                    Fri Dec  1 09:56:21 2023

  ******************************************************************
  *                           E P A N E T                          *
  *                   Hydraulic and Water Quality                  *
  *                   Analysis for Pipe Networks                   *
  *                         Version 2.2                            *
  ******************************************************************
  
  Analysis begun Fri Dec  1 09:56:21 2023

   
  Node Results:
  ----------------------------------------------
                     Demand      Head  Pressure
  Node                 m3/h         m         m
  ----------------------------------------------
  3661                 0.00    428.66     50.52
  482                  0.00    428.15     82.15
  661                  0.00    426.65     96.65
  6610                 0.00    427.99      2.87
  6611                 0.00    428.29     93.29
  6612                 0.00    428.52     66.15
  6613                 0.00    428.22     73.22
  6615                 0.00    428.42     89.42
  6616                 0.00    427.66     66.66
  6617                 0.00    427.67     84.67
  6618                 0.00    428.18     80.18
  662                  0.00    428.66    100.66
  6620                 0.00    427.57    119.57
  6621                 0.00    427.57     99.57
  6622                 0.00    427.57     90.57
  6623                 0.00    427.57     76.57
  6624                 0.00    427.57     75.57
  6625                 0.00    427.28    115.28
  6626                 0.00    427.38    106.38
  6627                 0.00    424.24    103.24
  6628                 0.00    425.17     86.17
  6629                 0.00    427.72     87.72
  663                  0.00    428.61     87.61
  6630                 0.00    428.05      2.93
  6632                 0.00    428.31     88.31
  6633                 0.00    428.80     66.16
  6634                 0.00    428.82     57.82
  6635                 0.00    428.59     76.59
  6636                 0.00    428.59     72.59
  6637                 0.00    428.43     61.43
  6639                 0.00    428.35     68.35
  664                  0.00    428.56     80.56
  6640                 0.00    428.20     68.20
  6641                 0.00    428.46     69.78
  6642                 0.00    428.46     72.46
  6643                 0.00    428.57     76.57
  6644                 0.00    428.58     76.58
  6645                 0.00    428.59     78.59
  6646                 0.00    428.56     81.54
  6648                 0.00    428.56     82.55
  6649                 0.00    428.43     89.43
  665                  0.00    428.52     83.52
  666                  0.00    428.05     88.05
  6665                 0.00    427.55     62.41
  6666                 0.00    428.18     60.52
  667                  0.00    428.58     76.58
  668                  0.00    426.65     96.65
  669                  0.00    427.47     82.47
  1                   70.00    428.71     98.71
  10                   0.00    428.57     76.57
  100                  0.00    428.46     73.46
  100B                72.00    427.82     69.82
  101                  0.00    428.22     75.22
  103                 51.00    424.60     85.60
  104                155.00    424.44     85.44
  105                  0.00    428.22     73.22
  106                  0.00    428.22     73.22
  107                  0.00    428.42     89.42
  108                  0.00    428.42     92.86
  109                  0.00    428.42     91.42
  11B                  0.00    428.50     85.50
  110                  0.00    428.16     82.16
  111                  0.00    428.08     90.10
  112                  0.00    428.12     86.12
  113                  0.00    427.96    104.96
  114                 55.00    427.69     79.69
  115                  0.00    427.67     81.67
  116                  0.00    427.67     82.67
  117                  0.00    427.67     84.67
  118                  0.00    427.67     88.67
  119                  0.00    427.67    104.86
  12                   0.00    428.41     98.07
  121                 64.00    427.77     77.78
  122                 57.00    424.78     77.78
  123                  0.00    427.26     81.26
  125                  0.00    427.76     76.76
  126                 60.00    427.67     79.67
  127                  0.00    427.67     84.34
  128                 62.00    427.62     65.62
  129                  0.00    427.03     71.03
  130                160.00    426.71     85.63
  130B                66.00    426.87     73.87
  132                  0.00    426.65     93.65
  134                 58.00    423.97    102.97
  135                 56.00    422.24    106.24
  137                 57.00    418.52    109.52
  139                  0.00    426.65     66.65
  14                  91.00    428.22     90.22
  140                  0.00    426.65     75.65
  141                  0.00    426.65     74.65
  142                  0.00    426.65     65.65
  143                  0.00    426.65     85.68
  144                 83.00    427.31     68.31
  146                  0.00    427.43     81.43
  147                  0.00    427.38    106.38
  148                 69.00    427.41     94.41
  149                  0.00    427.28    114.07
  15                   0.00    428.29     93.29
  150                 69.00    427.16    119.09
  151                  0.00    427.16    121.92
  152                  0.00    427.16    117.14
  153                  0.00    427.16    117.16
  154                  0.00    427.57    102.57
  157                  0.00    427.57    124.57
  158A                 0.00    427.57    106.57
  158B                 0.00    427.57    106.57
  16B                  0.00    428.29     94.29
  160                 75.00    428.40     61.40
  162                  0.00    428.29     60.29
  163                  0.00    428.18     54.18
  164                 60.00    427.93     68.27
  165                 47.00    427.55     66.25
  166                 83.00    427.55     66.54
  167                  0.00    427.55     56.91
  169                 60.00    427.74     61.24
  17A                  0.00    428.29     93.29
  170                  0.00    428.52     69.52
  17B                  0.00    428.29     93.29
  171                  0.00    428.59     76.59
  172                  0.00    428.59     88.59
  18B                  0.00    428.29    103.29
  19                   0.00    428.80     70.80
  2                    0.00    428.67    102.67
  20                  79.00    428.66     64.66
  2002                 0.00    427.47     77.47
  2003                 0.00    427.47     77.47
  21                   0.00    428.60     65.87
  22                  74.00    428.60     67.00
  222                  0.00    428.49     78.49
  24                   0.00    428.42     84.42
  25                   0.00    428.31     83.31
  26                   0.00    428.18     80.18
  27                   0.00    428.21     78.21
  28                  55.00    428.07     80.07
  29                   0.00    427.72     71.72
  3                    0.00    428.64     88.29
  30                   0.00    427.68     66.68
  3002                 0.00    428.66     42.66
  3004                 0.00    428.66     42.66
  3005                 0.00    428.66     42.66
  3008                 0.00    428.66     43.66
  3012                 0.00    428.66     57.93
  3013                 0.00    428.66     63.73
  3016                 0.00    428.71     63.71
  3017                 0.00    428.85     46.85
  3018                71.00    428.41     51.41
  3019                 0.00    428.66     59.27
  3020                 0.00    428.66     60.55
  3024                 0.00    428.66     63.72
  31                   0.00    427.61     69.82
  3152                 0.00    428.66     62.46
  32                   0.00    427.63     69.63
  34                  60.00    427.44     76.42
  35                   0.00    427.57     90.57
  36                   0.00    427.57     99.57
  39                   0.00    427.57    114.57
  41                   0.00    427.57    120.57
  46                   0.00    428.66     52.66
  47                   0.00    427.83     69.65
  48                   0.00    428.04     84.04
  49                   0.00    427.17     75.17
  5                    0.00    428.62     81.62
  52                  83.00    427.14     76.14
  53                   0.00    428.82     72.82
  54                   0.00    428.77     83.77
  55                   0.00    427.70     97.70
  56                   0.00    427.20     93.20
  58                 120.00    422.88     89.88
  59                 164.00    419.13     90.13
  6                    0.00    428.58     76.58
  60                   0.00    428.64     83.64
  61                   0.00    428.64     89.64
  62                   0.00    428.58     74.58
  64                   0.00    428.51     97.51
  65                  92.00    427.90     87.90
  66                   0.00    428.31     89.31
  67                 118.00    428.11     96.11
  68                   0.00    428.05     89.05
  69                   0.00    428.05     77.05
  7                    0.00    428.58     75.58
  70                 155.00    426.49     86.49
  71                   0.00    427.72     90.72
  72                   0.00    428.58     72.58
  73                   0.00    428.57     73.57
  77                   0.00    428.58     72.58
  78                   0.00    428.58     88.44
  79                   0.00    428.58     75.58
  8                    0.00    428.59     78.59
  80                   0.00    428.56     79.56
  81                   0.00    428.56     69.56
  82                   0.00    428.56     70.56
  85                  60.00    424.89     85.89
  86                   0.00    425.17     88.17
  87                   0.00    428.54     68.54
  88                   0.00    428.52     75.52
  89                   0.00    428.49     61.49
  90                   0.00    428.46     72.46
  91                   0.00    428.35     56.35
  92                   0.00    427.99     67.99
  91B                 91.00    427.90     67.90
  94                   0.00    428.43     89.43
  95                   0.00    428.23     85.23
  97                   0.00    428.10     97.10
  99                   0.00    428.49     78.49
  74                   0.00    428.57     69.86
  1074                 0.00    428.57     70.57
  11A                 69.00    428.04     85.04
  1011                 0.00    428.10     85.10
  0                -2971.00    429.00      0.00  Reservoir
   
   
  Link Results:
  ----------------------------------------------
                       Flow  Velocity  Headloss
  Link                 m3/h       m/s    /1000m
  ----------------------------------------------
  TU1                 -0.00      0.00      0.00
  TU10                 0.00      0.00      0.00
  TU100              333.00      0.74      1.02
  TU101              333.00      0.47      0.35
  TU102               92.00      1.64     15.33
  TU103              425.00      0.60      0.54
  TU104              425.00      0.60      0.54
  TU105              529.00      0.23      0.05
  TU106              529.00      0.23      0.05
  TU107                0.00      0.00      0.00
  TU108              529.00      0.23      0.05
  TU109              954.00      0.42      0.14
  TU11                -0.00      0.00      0.00
  TU110              954.00      0.42      0.14
  TU111              164.00      2.16     21.28
  TU112              284.00      2.08     13.96
  TU113              284.00      1.51      6.41
  TU114              284.00      1.51      6.41
  TU115             1308.00      0.46      0.15
  TU116             1308.00      0.46      0.15
  TU117                0.00      0.00      0.00
  TU118                0.00      0.00      0.00
  TU119             1308.00      0.46      0.15
  TU12               155.00      1.77     13.57
  TU120             1308.00      0.46      0.15
  TU121                0.00      0.00      0.00
  TU122                0.00      0.00      0.00
  TU123               -0.00      0.00      0.00
  TU124               83.00      0.95      4.32
  TU125               83.00      0.61      1.47
  TU126               83.00      0.38      0.47
  TU127               83.00      0.38      0.48
  TU128                0.00      0.00      0.00
  TU129                0.00      0.00      0.00
  TU13               206.00      1.51      7.72
  TU130               47.00      0.20      0.15
  TU131              130.00      0.57      0.95
  TU132               60.00      0.26      0.24
  TU133              190.00      0.83      1.89
  TU134               91.00      0.98      4.46
  TU135              250.00      0.55      0.60
  TU136              325.00      0.72      0.98
  TU137              408.00      0.58      0.50
  TU138              408.00      0.58      0.50
  TU139              408.00      0.40      0.21
  TU14               297.00      0.66      0.83
  TU140              479.00      0.47      0.28
  TU141                0.00      0.00      0.00
  TU142                0.00      0.00      0.00
  TU143               -0.00      0.00      0.00
  TU144               72.00      0.78      2.91
  TU145               91.00      0.63      1.52
  TU146              163.00      0.71      1.43
  TU147              163.00      0.44      0.45
  TU148               -0.00      0.00      0.00
  TU149               -0.00      0.00      0.00
  TU15                -0.00      0.00      0.00
  TU150               -0.00      0.00      0.00
  TU151              163.00      0.23      0.10
  TU152               -0.00      0.00      0.00
  TU15301            163.00      0.23      0.10
  TU15302            163.00      0.23      0.10
  TU1074               0.00      0.00      0.00
  TU154              163.00      0.16      0.04
  TU155               -0.00      0.00      0.00
  TU156              163.00      0.16      0.04
  TU157              163.00      0.16      0.04
  TU158                0.00      0.00      0.00
  TU159              163.00      0.16      0.04
  TU16              2971.00      0.54      0.13
  TU160                0.00      0.00      0.00
  TU161              163.00      0.16      0.04
  TU162              366.00      0.26      0.08
  TU163              366.00      0.26      0.08
  TU164              366.00      0.26      0.08
  TU166               -0.00      0.00      0.00
  TU167               -0.00      0.00      0.00
  TU168                0.00      0.00      0.00
  TU169                0.00      0.00      0.00
  TU17                -0.00      0.00      0.00
  TU170                0.00      0.00      0.00
  TU171              366.00      0.26      0.08
  TU17201             69.00      0.91      4.35
  TU17202              0.00      0.00      0.00
  TU1011A             69.00      0.91      4.35
  TU173               69.00      0.50      1.05
  TU174               -0.00      0.00      0.00
  TU175               69.00      0.32      0.34
  TU176              297.00      0.29      0.12
  TU177              297.00      0.29      0.12
  TU178              297.00      0.29      0.12
  TU179                0.00      0.00      0.00
  TU18                 0.00      0.00      0.00
  TU180                0.00      0.00      0.00
  TU181                0.00      0.00      0.00
  TU182                0.00      0.00      0.00
  TU183                0.00      0.00      0.00
  TU184                0.00      0.00      0.00
  TU185              236.00      0.52      0.54
  TU186              250.00      0.67      0.98
  TU187              250.00      0.55      0.60
  TU188             1031.00      0.74      0.54
  TU189             1031.00      0.74      0.54
  TU19                 0.00      0.00      0.00
  TU190               -0.00      0.00      0.00
  TU191                0.00      0.00      0.00
  TU192                0.00      0.00      0.00
  TU193                0.00      0.00      0.00
  TU194               -0.00      0.00      0.00
  TU195                0.00      0.00      0.00
  TU196                0.00      0.00      0.00
  TU197                0.00      0.00      0.00
  TU198                0.00      0.00      0.00
  TU199                0.00      0.00      0.00
  TU2                  0.00      0.00      0.00
  TU20                 0.00      0.00      0.00
  TU200               -0.00      0.00      0.00
  TU201                0.00      0.00      0.00
  TU203               71.00      1.19      8.32
  TU204             1184.00      0.52      0.20
  TU205             1184.00      0.52      0.20
  TU21                -0.00      0.00      0.00
  TU22              1031.00      0.57      0.28
  TU23              1031.00      0.57      0.28
  TU24              1105.00      0.61      0.32
  TU25              1105.00      0.61      0.32
  TU26               740.00      0.73      0.62
  TU27               740.00      0.73      0.61
  TU28               740.00      0.73      0.62
  TU29               795.00      0.78      0.70
  TU3                  0.00      0.00      0.00
  TU30                 0.00      0.00      0.00
  TU31                -0.00      0.00      0.00
  TU32                 0.00      0.00      0.00
  TU33                 0.00      0.00      0.00
  TU34                 0.00      0.00      0.00
  TU35                57.00      1.01      6.38
  TU36                57.00      0.65      2.18
  TU37                57.00      0.16      0.08
  TU38               112.00      0.32      0.26
  TU39                -0.00      0.00      0.00
  TU4                163.00      0.23      0.10
  TU40                60.00      0.44      0.82
  TU41               172.00      0.38      0.31
  TU42                 0.00      0.00      0.00
  TU43               236.00      0.33      0.19
  TU44               236.00      0.33      0.19
  TU45               236.00      0.33      0.19
  TU46               236.00      0.33      0.19
  TU47                -0.00      0.00      0.00
  TU48                 0.00      0.00      0.00
  TU49                 0.00      0.00      0.00
  TU5                163.00      0.23      0.09
  TU50                 0.00      0.00      0.00
  TU51                 0.00      0.00      0.00
  TU52                 0.00      0.00      0.00
  TU53                 0.00      0.00      0.00
  TU54                 0.00      0.00      0.00
  TU55                 0.00      0.00      0.00
  TU56                 0.00      0.00      0.00
  TU57                 0.00      0.00      0.00
  TU58                60.00      1.07      7.01
  TU59                60.00      0.17      0.08
  TU6                236.00      0.33      0.19
  TU60                -0.00      0.00      0.00
  TU61                -0.00      0.00      0.00
  TU62                69.00      0.37      0.49
  TU63                 0.00      0.00      0.00
  TU64                69.00      0.37      0.49
  TU65                 0.00      0.00      0.00
  TU66                69.00      0.23      0.16
  TU67               138.00      0.39      0.38
  TU68               138.00      0.39      0.38
  TU69               198.00      0.28      0.14
  TU7                  0.00      0.00      0.00
  TU70               198.00      0.28      0.14
  TU71               198.00      0.28      0.13
  TU72               171.00      0.38      0.30
  TU73               331.00      0.73      1.01
  TU74               397.00      0.88      1.41
  TU75               397.00      0.88      1.41
  TU76               480.00      1.06      1.99
  TU77               542.00      1.20      2.49
  TU78                57.00      1.17      9.12
  TU79               113.00      1.49     10.71
  TU8                  0.00      0.00      0.00
  TU80                58.00      1.20      9.42
  TU81               171.00      1.44      7.73
  TU82                -0.00      0.00      0.00
  TU83                 0.00      0.00      0.00
  TU84                 0.00      0.00      0.00
  TU85                 0.00      0.00      0.00
  TU86                 0.00      0.00      0.00
  TU87                 0.00      0.00      0.00
  TU88                 0.00      0.00      0.00
  TU89                60.00      1.07      7.01
  TU9                  0.00      0.00      0.00
  TU90                 0.00      0.00      0.00
  TU91                60.00      0.69      2.40
  TU92               215.00      0.98      2.67
  TU93               215.00      0.61      0.84
  TU94                 0.00      0.00      0.00
  TU95               215.00      0.61      0.84
  TU96                 0.00      0.00      0.00
  TU97                 0.00      0.00      0.00
  TU98                 0.00      0.00      0.00
  TU99               215.00      0.48      0.46
  TU4000               0.00      0.00      0.00
   
  Analysis ended Fri Dec  1 09:56:21 2023
