  Page 1                                    Fri Dec  1 09:51:17 2023

  ******************************************************************
  *                           E P A N E T                          *
  *                   Hydraulic and Water Quality                  *
  *                   Analysis for Pipe Networks                   *
  *                         Version 2.2                            *
  ******************************************************************
  
  Analysis begun Fri Dec  1 09:51:17 2023

   
  Node Results:
  ----------------------------------------------
                     Demand      Head  Pressure
  Node                 m3/h         m         m
  ----------------------------------------------
  3661                 0.00    428.87     50.73
  482                  0.00    428.48     82.48
  661                  0.00    428.68     98.68
  6610                 0.00    427.18      2.06
  6611                 0.00    428.63     93.63
  6612                 0.00    428.04     65.67
  6613                 0.00    428.63     73.63
  6615                 0.00    428.63     89.63
  6616                 0.00    428.68     67.68
  6617                 0.00    428.71     85.71
  6618                 0.00    428.77     80.77
  662                  0.00    428.75    100.75
  6620                 0.00    428.56    120.56
  6621                 0.00    428.56    100.56
  6622                 0.00    428.56     91.56
  6623                 0.00    428.56     77.56
  6624                 0.00    428.57     76.57
  6625                 0.00    428.19    116.19
  6626                 0.00    428.33    107.33
  6627                 0.00    428.68    107.68
  6628                 0.00    428.65     89.65
  6629                 0.00    428.65     88.65
  663                  0.00    428.65     87.65
  6630                 0.00    428.65      3.53
  6632                 0.00    428.68     88.68
  6633                 0.00    428.87     66.23
  6634                 0.00    428.89     57.89
  6635                 0.00    428.77     76.77
  6636                 0.00    428.77     72.77
  6637                 0.00    428.74     61.74
  6639                 0.00    427.38     67.38
  664                  0.00    428.63     80.63
  6640                 0.00    427.27     67.27
  6641                 0.00    427.82     69.14
  6642                 0.00    427.82     71.82
  6643                 0.00    428.33     76.33
  6644                 0.00    428.41     76.41
  6645                 0.00    428.45     78.45
  6646                 0.00    428.01     80.99
  6648                 0.00    428.01     82.00
  6649                 0.00    428.55     89.55
  665                  0.00    428.63     83.63
  666                  0.00    428.65     88.65
  6665                 0.00    428.54     63.40
  6666                 0.00    428.71     61.05
  667                  0.00    428.41     76.41
  668                  0.00    428.68     98.68
  669                  0.00    428.65     83.65
  1                   70.00    428.81     98.81
  10                   0.00    428.33     76.33
  100                  0.00    427.82     72.82
  100B                82.00    426.79     68.79
  101                  0.00    428.63     75.63
  103                  0.00    428.63     89.63
  104                  0.00    428.63     89.63
  105                  0.00    428.63     73.63
  106                  0.00    428.63     73.63
  107                  0.00    428.63     89.63
  108                 62.00    427.70     92.14
  109                  0.00    428.42     91.42
  11B                  0.00    428.63     85.63
  110                  0.00    428.77     82.77
  111                 53.00    428.74     90.76
  112                  0.00    428.76     86.76
  113                  0.00    428.73    105.73
  114                  0.00    428.71     80.71
  115                  0.00    428.71     82.71
  116                  0.00    428.71     83.71
  117                  0.00    428.71     85.71
  118                  0.00    428.71     89.71
  119                  0.00    428.71    105.90
  12                   0.00    428.63     98.29
  121                  0.00    428.72     78.72
  122                  0.00    428.71     81.71
  123                  0.00    428.71     82.71
  125                  0.00    428.71     77.71
  126                 62.00    428.62     80.62
  127                  0.00    428.62     85.29
  128                 66.00    428.68     66.68
  129                  0.00    428.68     72.68
  130                  0.00    428.68     87.60
  130B                 0.00    428.68     75.68
  132                  0.00    428.68     95.68
  134                  0.00    428.68    107.68
  135                  0.00    428.68    112.68
  137                  0.00    428.68    119.68
  139                  0.00    428.68     68.68
  14                   0.00    428.63     90.63
  140                  0.00    428.68     77.68
  141                  0.00    428.68     76.68
  142                  0.00    428.68     67.68
  143                  0.00    428.68     87.71
  144                  0.00    428.68     69.68
  146                 78.00    428.39     82.39
  147                  0.00    428.33    107.33
  148                  0.00    428.38     95.38
  149                  0.00    428.19    114.98
  15                   0.00    428.63     93.63
  150                 82.00    428.03    119.96
  151                  0.00    428.03    122.79
  152                  0.00    428.03    118.01
  153                  0.00    428.03    118.03
  154                  0.00    428.56    103.56
  157                  0.00    428.56    125.56
  158A                 0.00    428.56    107.56
  158B                 0.00    428.56    107.56
  16B                  0.00    428.63     94.63
  160                  0.00    428.74     61.74
  162                  0.00    428.73     60.73
  163                  0.00    428.71     54.71
  164                  0.00    428.68     69.02
  165                  0.00    428.54     67.24
  166                 82.00    428.54     67.53
  167                  0.00    428.54     57.90
  169                  0.00    428.66     62.16
  17A                  0.00    428.63     93.63
  170                  0.00    428.76     69.76
  17B                  0.00    428.63     93.63
  171                  0.00    428.77     76.77
  172                  0.00    428.77     88.77
  18B                  0.00    428.63    103.63
  19                   0.00    428.87     70.87
  2                    0.00    428.77    102.77
  20                  40.00    428.87     64.87
  2002                 0.00    428.65     78.65
  2003                 0.00    428.65     78.65
  21                   0.00    428.86     66.13
  22                   0.00    428.86     67.26
  222                  0.00    428.83     78.83
  24                   0.00    428.82     84.82
  25                   0.00    428.80     83.80
  26                   0.00    428.77     80.77
  27                   0.00    428.78     78.78
  28                   0.00    428.76     80.76
  29                   0.00    428.69     72.69
  3                    0.00    428.71     88.36
  30                   0.00    428.69     67.69
  3002                 0.00    428.87     42.87
  3004                 0.00    428.87     42.87
  3005                 0.00    428.87     42.87
  3008                 0.00    428.87     43.87
  3012                 0.00    428.87     58.14
  3013                 0.00    428.87     63.94
  3016                 0.00    428.88     63.88
  3017               146.00    428.92     46.92
  3018                70.00    428.55     51.55
  3019                 0.00    428.87     59.48
  3020                 0.00    428.87     60.76
  3024                 0.00    428.87     63.93
  31                   0.00    428.61     70.82
  3152                 0.00    428.87     62.67
  32                   0.00    428.64     70.64
  34                  65.00    428.42     77.40
  35                   0.00    428.56     91.56
  36                   0.00    428.56    100.56
  39                   0.00    428.56    115.56
  41                   0.00    428.56    121.56
  46                 149.00    428.79     52.79
  47                   0.00    428.66     70.48
  48                   0.00    428.36     84.36
  49                  82.00    427.52     75.52
  5                    0.00    428.68     81.68
  52                   0.00    427.52     76.52
  53                 107.00    427.05     71.05
  54                   0.00    428.85     83.85
  55                   0.00    428.81     98.81
  56                   0.00    428.81     94.81
  58                   0.00    428.81     95.81
  59                   0.00    428.81     99.81
  6                    0.00    428.41     76.41
  60                   0.00    428.71     83.71
  61                   0.00    428.71     89.71
  62                 107.00    424.09     70.09
  64                   0.00    428.72     97.72
  65                  88.00    428.29     88.29
  66                   0.00    428.67     89.67
  67                 101.00    428.65     96.65
  68                   0.00    428.65     89.65
  69                   0.00    428.65     77.65
  7                    0.00    428.64     75.64
  70                   0.00    428.65     88.65
  71                   0.00    428.65     91.65
  72                   0.00    428.32     72.32
  73                   0.00    428.31     73.31
  77                   0.00    428.32     72.32
  78                   0.00    428.32     88.18
  79                   0.00    428.64     75.64
  8                    0.00    428.45     78.45
  80                  94.00    428.55     79.55
  81                  71.00    426.21     67.21
  82                   0.00    428.01     70.01
  85                   0.00    428.65     89.65
  86                   0.00    428.65     91.65
  87                 122.00    428.10     68.10
  88                   0.00    428.04     75.04
  89                   0.00    427.92     60.92
  90                   0.00    427.82     71.82
  91                 204.00    426.85     54.85
  92                  56.00    427.14     67.14
  91B                  0.00    427.18     67.18
  94                   0.00    428.55     89.55
  95                   0.00    428.37     85.37
  97                   0.00    428.26     97.26
  99                   0.00    427.92     77.92
  74                   0.00    428.30     69.59
  1074                 0.00    428.30     70.30
  11A                 65.00    428.20     85.20
  1011                 0.00    428.26     85.26
  0                -2204.00    429.00      0.00  Reservoir
   
   
  Link Results:
  ----------------------------------------------
                       Flow  Velocity  Headloss
  Link                 m3/h       m/s    /1000m
  ----------------------------------------------
  TU1                 56.00      0.61      1.90
  TU10                 0.00      0.00      0.00
  TU100              101.00      0.22      0.12
  TU101              101.00      0.14      0.04
  TU102               88.00      1.57     14.12
  TU103              189.00      0.27      0.12
  TU104              189.00      0.27      0.12
  TU105              801.00      0.35      0.10
  TU106              801.00      0.35      0.10
  TU107                0.00      0.00      0.00
  TU108              801.00      0.35      0.10
  TU109              990.00      0.43      0.15
  TU11                -0.00      0.00      0.00
  TU110              990.00      0.43      0.15
  TU111                0.00      0.00      0.00
  TU112               -0.00      0.00      0.00
  TU113                0.00      0.00      0.00
  TU114                0.00      0.00      0.00
  TU115             1060.00      0.37      0.10
  TU116             1060.00      0.37      0.10
  TU117              107.00      1.16      5.99
  TU118                0.00      0.00      0.00
  TU119             1060.00      0.37      0.10
  TU12                 0.00      0.00      0.00
  TU120             1167.00      0.41      0.12
  TU121                0.00      0.00      0.00
  TU122                0.00      0.00      0.00
  TU123               -0.00      0.00      0.00
  TU124                0.00      0.00      0.00
  TU125               82.00      0.60      1.44
  TU126               82.00      0.38      0.46
  TU127               82.00      0.38      0.46
  TU128                0.00      0.00      0.00
  TU129                0.00      0.00      0.00
  TU13                 0.00      0.00      0.00
  TU130                0.00      0.00      0.00
  TU131               82.00      0.36      0.41
  TU132                0.00      0.00      0.00
  TU133               82.00      0.36      0.41
  TU134               -0.00      0.00      0.00
  TU135               82.00      0.18      0.08
  TU136               82.00      0.18      0.08
  TU137              164.00      0.23      0.10
  TU138              164.00      0.23      0.10
  TU139              164.00      0.16      0.04
  TU14                -0.00      0.00      0.00
  TU140              383.00      0.38      0.19
  TU141              107.00      1.80     17.66
  TU142              107.00      0.29      0.21
  TU143              204.00      0.89      2.15
  TU144               82.00      0.89      3.69
  TU145               56.00      0.39      0.63
  TU146              138.00      0.60      1.06
  TU147              342.00      0.92      1.74
  TU148                0.00      0.00      0.00
  TU149               -0.00      0.00      0.00
  TU15                -0.00      0.00      0.00
  TU150               -0.00      0.00      0.00
  TU151              342.00      0.48      0.36
  TU152               -0.00      0.00      0.00
  TU15301            464.00      0.66      0.63
  TU15302            464.00      0.66      0.63
  TU1074               0.00      0.00      0.00
  TU154              464.00      0.46      0.26
  TU155                0.00      0.00      0.00
  TU156              464.00      0.46      0.26
  TU157              571.00      0.56      0.38
  TU158                0.00      0.00      0.00
  TU159              571.00      0.56      0.38
  TU16              2204.00      0.40      0.07
  TU160                0.00      0.00      0.00
  TU161              571.00      0.56      0.38
  TU162              230.00      0.17      0.04
  TU163              230.00      0.17      0.03
  TU164              230.00      0.17      0.04
  TU166               71.00      1.46     13.63
  TU167               -0.00      0.00      0.00
  TU168                0.00      0.00      0.00
  TU169               71.00      0.60      1.56
  TU17                62.00      1.10      7.44
  TU170              165.00      0.76      1.65
  TU171               65.00      0.05      0.00
  TU17201             65.00      0.85      3.90
  TU17202              0.00      0.00      0.00
  TU1011A             65.00      0.85      3.90
  TU173               65.00      0.47      0.94
  TU174               -0.00      0.00      0.00
  TU175               65.00      0.30      0.31
  TU176               -0.00      0.00      0.00
  TU177               -0.00      0.00      0.00
  TU178               -0.00      0.00      0.00
  TU179                0.00      0.00      0.00
  TU18                62.00      0.71      2.54
  TU180                0.00      0.00      0.00
  TU181                0.00      0.00      0.00
  TU182                0.00      0.00      0.00
  TU183                0.00      0.00      0.00
  TU184                0.00      0.00      0.00
  TU185               62.00      0.14      0.05
  TU186               82.00      0.22      0.13
  TU187               82.00      0.18      0.08
  TU188              406.00      0.29      0.10
  TU189              406.00      0.29      0.10
  TU19                 0.00      0.00      0.00
  TU190               -0.00      0.00      0.00
  TU191                0.00      0.00      0.00
  TU192                0.00      0.00      0.00
  TU193                0.00      0.00      0.00
  TU194               -0.00      0.00      0.00
  TU195                0.00      0.00      0.00
  TU196                0.00      0.00      0.00
  TU197               -0.00      0.00      0.00
  TU198                0.00      0.00      0.00
  TU199                0.00      0.00      0.00
  TU2                  0.00      0.00      0.00
  TU20                62.00      0.45      0.87
  TU200               -0.00      0.00      0.00
  TU201                0.00      0.00      0.00
  TU203               70.00      1.18      8.11
  TU204              508.00      0.22      0.04
  TU205              508.00      0.22      0.04
  TU21                -0.00      0.00      0.00
  TU22               468.00      0.26      0.07
  TU23               468.00      0.26      0.07
  TU24               468.00      0.26      0.07
  TU25               468.00      0.26      0.07
  TU26               291.00      0.29      0.11
  TU27               291.00      0.29      0.11
  TU28               291.00      0.29      0.11
  TU29               291.00      0.29      0.11
  TU3                  0.00      0.00      0.00
  TU30                 0.00      0.00      0.00
  TU31                 0.00      0.00      0.00
  TU32                 0.00      0.00      0.00
  TU33                 0.00      0.00      0.00
  TU34                 0.00      0.00      0.00
  TU35                 0.00      0.00      0.00
  TU36                 0.00      0.00      0.00
  TU37                 0.00      0.00      0.00
  TU38                 0.00      0.00      0.00
  TU39                -0.00      0.00      0.00
  TU4                342.00      0.48      0.36
  TU40                62.00      0.45      0.87
  TU41                62.00      0.14      0.05
  TU42                 0.00      0.00      0.00
  TU43               115.00      0.16      0.05
  TU44               115.00      0.16      0.05
  TU45               115.00      0.16      0.05
  TU46               115.00      0.16      0.05
  TU47                 0.00      0.00      0.00
  TU48                 0.00      0.00      0.00
  TU49                 0.00      0.00      0.00
  TU5                342.00      0.48      0.36
  TU50                 0.00      0.00      0.00
  TU51                 0.00      0.00      0.00
  TU52                 0.00      0.00      0.00
  TU53                 0.00      0.00      0.00
  TU54                 0.00      0.00      0.00
  TU55                 0.00      0.00      0.00
  TU56                 0.00      0.00      0.00
  TU57                 0.00      0.00      0.00
  TU58                65.00      1.16      8.11
  TU59                65.00      0.18      0.10
  TU6                 62.00      0.09      0.02
  TU60                -0.00      0.00      0.00
  TU61                -0.00      0.00      0.00
  TU62                82.00      0.44      0.67
  TU63                 0.00      0.00      0.00
  TU64                82.00      0.44      0.67
  TU65                 0.00      0.00      0.00
  TU66                82.00      0.27      0.21
  TU67                82.00      0.23      0.15
  TU68               160.00      0.45      0.49
  TU69               225.00      0.32      0.17
  TU7                  0.00      0.00      0.00
  TU70               225.00      0.32      0.17
  TU71               225.00      0.32      0.17
  TU72                 0.00      0.00      0.00
  TU73                 0.00      0.00      0.00
  TU74                 0.00      0.00      0.00
  TU75                 0.00      0.00      0.00
  TU76                 0.00      0.00      0.00
  TU77                66.00      0.15      0.05
  TU78                 0.00      0.00      0.00
  TU79                 0.00      0.00      0.00
  TU8                  0.00      0.00      0.00
  TU80                 0.00      0.00      0.00
  TU81                 0.00      0.00      0.00
  TU82                 0.00      0.00      0.00
  TU83                 0.00      0.00      0.00
  TU84                 0.00      0.00      0.00
  TU85                 0.00      0.00      0.00
  TU86                 0.00      0.00      0.00
  TU87                 0.00      0.00      0.00
  TU88                 0.00      0.00      0.00
  TU89                 0.00      0.00      0.00
  TU9                  0.00      0.00      0.00
  TU90                 0.00      0.00      0.00
  TU91                -0.00      0.00      0.00
  TU92                -0.00      0.00      0.00
  TU93                 0.00      0.00      0.00
  TU94                 0.00      0.00      0.00
  TU95                 0.00      0.00      0.00
  TU96                 0.00      0.00      0.00
  TU97                 0.00      0.00      0.00
  TU98                 0.00      0.00      0.00
  TU99                 0.00      0.00      0.00
  TU4000               0.00      0.00      0.00
   
  Analysis ended Fri Dec  1 09:51:17 2023
