  Page 1                                    Fri Dec  1 10:05:15 2023

  ******************************************************************
  *                           E P A N E T                          *
  *                   Hydraulic and Water Quality                  *
  *                   Analysis for Pipe Networks                   *
  *                         Version 2.2                            *
  ******************************************************************
  
  Analysis begun Fri Dec  1 10:05:15 2023

   
  Node Results:
  ----------------------------------------------
                     Demand      Head  Pressure
  Node                 m3/h         m         m
  ----------------------------------------------
  3661                 0.00    428.93     50.79
  482                  0.00    428.95     82.95
  661                  0.00    428.92     98.92
  6610                 0.00    427.76      2.64
  6611                 0.00    427.91     92.91
  6612                 0.00    428.04     65.67
  6613                 0.00    426.13     71.13
  6615                 0.00    428.93     89.93
  6616                 0.00    428.92     67.92
  6617                 0.00    428.93     85.93
  6618                 0.00    428.93     80.93
  662                  0.00    428.69    100.69
  6620                 0.00    428.90    120.90
  6621                 0.00    428.90    100.90
  6622                 0.00    428.90     91.90
  6623                 0.00    428.90     77.90
  6624                 0.00    428.90     76.90
  6625                 0.00    428.70    116.70
  6626                 0.00    428.82    107.82
  6627                 0.00    428.92    107.92
  6628                 0.00    427.87     88.87
  6629                 0.00    428.43     88.43
  663                  0.00    428.54     87.54
  6630                 0.00    428.58      3.46
  6632                 0.00    428.65     88.65
  6633                 0.00    428.88     66.24
  6634                 0.00    428.90     57.90
  6635                 0.00    428.95     76.95
  6636                 0.00    428.95     72.95
  6637                 0.00    428.95     61.95
  6639                 0.00    427.80     67.80
  664                  0.00    428.43     80.43
  6640                 0.00    427.76     67.76
  6641                 0.00    427.83     69.15
  6642                 0.00    427.71     71.71
  6643                 0.00    428.29     76.29
  6644                 0.00    428.35     76.35
  6645                 0.00    428.38     78.38
  6646                 0.00    428.43     81.41
  6648                 0.00    428.43     82.42
  6649                 0.00    428.35     89.35
  665                  0.00    428.35     83.35
  666                  0.00    428.58     88.58
  6665                 0.00    428.95     63.81
  6666                 0.00    428.95     61.29
  667                  0.00    428.34     76.34
  668                  0.00    428.92     98.92
  669                  0.00    428.32     83.32
  1                    0.00    428.77     98.77
  10                   0.00    428.29     76.29
  100                166.00    427.65     72.65
  100B                78.00    427.32     69.32
  101                151.00    425.48     72.48
  103                  0.00    427.90     88.90
  104                  0.00    427.90     88.90
  105                  0.00    426.13     71.13
  106                 53.00    426.05     71.05
  107                  0.00    428.93     89.93
  108                  0.00    428.93     93.37
  109                  0.00    428.93     91.93
  11B                 90.00    428.30     85.30
  110                  0.00    428.93     82.93
  111                  0.00    428.93     90.95
  112                  0.00    428.93     86.93
  113                  0.00    428.93    105.93
  114                  0.00    428.93     80.93
  115                  0.00    428.93     82.93
  116                  0.00    428.93     83.93
  117                  0.00    428.93     85.93
  118                  0.00    428.93     89.93
  119                  0.00    428.93    106.12
  12                  98.00    428.11     97.77
  121                  0.00    428.93     78.93
  122                  0.00    428.93     81.93
  123                  0.00    428.93     82.93
  125                  0.00    428.93     77.93
  126                  0.00    428.93     80.93
  127                  0.00    428.93     85.60
  128                  0.00    428.92     66.92
  129                  0.00    428.92     72.92
  130                  0.00    428.92     87.84
  130B                 0.00    428.92     75.92
  132                  0.00    428.92     95.92
  134                  0.00    428.92    107.92
  135                  0.00    428.92    112.92
  137                  0.00    428.92    119.92
  139                  0.00    428.92     68.92
  14                  57.00    427.90     89.90
  140                  0.00    428.92     77.92
  141                  0.00    428.92     76.92
  142                  0.00    428.92     67.92
  143                  0.00    428.92     87.95
  144                  0.00    428.92     69.92
  146                  0.00    428.86     82.86
  147                  0.00    428.82    107.82
  148                  0.00    428.85     95.85
  149                  0.00    428.70    115.49
  15                  86.00    427.79     92.79
  150                  0.00    428.57    120.50
  151                  0.00    428.29    123.05
  152                 73.00    426.14    116.12
  153                  0.00    426.87    116.87
  154                  0.00    428.90    103.90
  157                  0.00    428.90    125.90
  158A                 0.00    428.90    107.90
  158B                 0.00    428.90    107.90
  16B                  0.00    427.96     93.96
  160                  0.00    428.95     61.95
  162                  0.00    428.95     60.95
  163                  0.00    428.95     54.95
  164                  0.00    428.95     69.29
  165                  0.00    428.95     67.65
  166                  0.00    428.95     67.94
  167                  0.00    428.95     58.31
  169                  0.00    428.95     62.45
  17A                  0.00    427.91     92.91
  170                  0.00    428.95     69.95
  17B                  0.00    427.91     92.91
  171                  0.00    428.95     76.95
  172                  0.00    428.95     88.95
  18B                  0.00    427.91    102.91
  19                   0.00    428.88     70.88
  2                    0.00    428.71    102.71
  20                   0.00    428.93     64.93
  2002                 0.00    428.32     78.32
  2003                 0.00    428.32     78.32
  21                   0.00    428.93     66.20
  22                  76.00    428.93     67.33
  222                  0.00    428.93     78.93
  24                   0.00    428.93     84.93
  25                   0.00    428.93     83.93
  26                   0.00    428.93     80.93
  27                   0.00    428.93     78.93
  28                   0.00    428.93     80.93
  29                   0.00    428.92     72.92
  3                    0.00    428.63     88.28
  30                   0.00    428.92     67.92
  3002                 0.00    428.93     42.93
  3004                 0.00    428.93     42.93
  3005                 0.00    428.93     42.93
  3008                 0.00    428.93     43.93
  3012                 0.00    428.93     58.20
  3013                 0.00    428.93     64.00
  3016               137.00    428.93     63.93
  3017                 0.00    428.95     46.95
  3018                 0.00    428.95     51.95
  3019                 0.00    428.93     59.54
  3020                 0.00    428.93     60.82
  3024                 0.00    428.93     63.99
  31                   0.00    428.91     71.12
  3152                 0.00    428.93     62.73
  32                   0.00    428.91     70.91
  34                   0.00    428.90     77.88
  35                   0.00    428.90     91.90
  36                   0.00    428.90    100.90
  39                   0.00    428.90    115.90
  41                   0.00    428.90    121.90
  46                   0.00    428.95     52.95
  47                   0.00    428.95     70.77
  48                   0.00    428.95     84.95
  49                   0.00    428.95     76.95
  5                    0.00    428.58     81.58
  52                   0.00    428.95     77.95
  53                   0.00    428.90     72.90
  54                   0.00    428.84     83.84
  55                   0.00    427.83     97.83
  56                   0.00    427.36     93.36
  58                 116.00    423.31     90.31
  59                 158.00    419.82     90.82
  6                    0.00    428.35     76.35
  60                   0.00    428.63     83.63
  61                   0.00    428.63     89.63
  62                 102.00    424.39     70.39
  64                   0.00    428.67     97.67
  65                   0.00    428.65     88.65
  66                   0.00    428.65     89.65
  67                   0.00    428.61     96.61
  68                   0.00    428.58     89.58
  69                   0.00    428.58     77.58
  7                    0.00    428.48     75.48
  70                 139.00    427.87     87.87
  71                   0.00    428.43     91.43
  72                   0.00    428.27     72.27
  73                   0.00    428.27     73.27
  77                   0.00    428.27     72.27
  78                   0.00    428.27     88.13
  79                   0.00    428.48     75.48
  8                    0.00    428.38     78.38
  80                   0.00    428.43     79.43
  81                   0.00    428.43     69.43
  82                   0.00    428.43     70.43
  85                   0.00    427.87     88.87
  86                   0.00    427.87     90.87
  87                   0.00    428.11     68.11
  88                   0.00    428.04     75.04
  89                   0.00    427.88     60.88
  90                   0.00    427.71     71.71
  91                   0.00    427.80     55.80
  92                   0.00    427.76     67.76
  91B                  0.00    427.76     67.76
  94                   0.00    428.35     89.35
  95                   0.00    428.35     85.35
  97                   0.00    428.35     97.35
  99                 151.00    425.05     75.05
  74                   0.00    428.26     69.55
  1074                 0.00    428.26     70.26
  11A                  0.00    428.35     85.35
  1011                 0.00    428.35     85.35
  0                -1731.00    429.00      0.00  Reservoir
   
   
  Link Results:
  ----------------------------------------------
                       Flow  Velocity  Headloss
  Link                 m3/h       m/s    /1000m
  ----------------------------------------------
  TU1                 -0.00      0.00      0.00
  TU10                 0.00      0.00      0.00
  TU100              139.00      0.31      0.21
  TU101              139.00      0.20      0.07
  TU102                0.00      0.00      0.00
  TU103              139.00      0.20      0.07
  TU104              139.00      0.20      0.07
  TU105             1032.00      0.45      0.16
  TU106             1032.00      0.45      0.16
  TU107                0.00      0.00      0.00
  TU108             1032.00      0.45      0.16
  TU109             1171.00      0.51      0.20
  TU11               204.00      0.93      2.43
  TU110             1171.00      0.51      0.20
  TU111              158.00      2.08     19.86
  TU112              274.00      2.00     13.07
  TU113              274.00      1.46      6.00
  TU114              274.00      1.46      6.00
  TU115             1445.00      0.51      0.18
  TU116             1445.00      0.51      0.18
  TU117               -0.00      0.00      0.00
  TU118                0.00      0.00      0.00
  TU119             1445.00      0.51      0.18
  TU12                 0.00      0.00      0.00
  TU120             1445.00      0.51      0.18
  TU121               -0.00      0.00      0.00
  TU122                0.00      0.00      0.00
  TU123               -0.00      0.00      0.00
  TU124                0.00      0.00      0.00
  TU125               -0.00      0.00      0.00
  TU126               -0.00      0.00      0.00
  TU127               -0.00      0.00      0.00
  TU128                0.00      0.00      0.00
  TU129                0.00      0.00      0.00
  TU13                 0.00      0.00      0.00
  TU130               -0.00      0.00      0.00
  TU131               -0.00      0.00      0.00
  TU132                0.00      0.00      0.00
  TU133               -0.00      0.00      0.00
  TU134               -0.00      0.00      0.00
  TU135               -0.00      0.00      0.00
  TU136                0.00      0.00      0.00
  TU137                0.00      0.00      0.00
  TU138                0.00      0.00      0.00
  TU139                0.00      0.00      0.00
  TU14               261.00      0.58      0.65
  TU140                0.00      0.00      0.00
  TU141              102.00      1.72     16.17
  TU142              102.00      0.28      0.19
  TU143               -0.00      0.00      0.00
  TU144               78.00      0.84      3.37
  TU145               -0.00      0.00      0.00
  TU146               78.00      0.34      0.38
  TU147               78.00      0.21      0.12
  TU148                0.00      0.00      0.00
  TU149              166.00      1.15      4.55
  TU15                -0.00      0.00      0.00
  TU150              166.00      1.15      4.55
  TU151              244.00      0.35      0.20
  TU152              151.00      1.72     12.93
  TU15301            395.00      0.56      0.47
  TU15302            395.00      0.56      0.47
  TU1074               0.00      0.00      0.00
  TU154              395.00      0.39      0.20
  TU155                0.00      0.00      0.00
  TU156              395.00      0.39      0.20
  TU157              497.00      0.49      0.30
  TU158                0.00      0.00      0.00
  TU159              497.00      0.49      0.30
  TU16              1731.00      0.31      0.05
  TU160                0.00      0.00      0.00
  TU161              497.00      0.49      0.30
  TU162              535.00      0.39      0.16
  TU163              535.00      0.39      0.16
  TU164              535.00      0.39      0.16
  TU166               -0.00      0.00      0.00
  TU167               -0.00      0.00      0.00
  TU168                0.00      0.00      0.00
  TU169                0.00      0.00      0.00
  TU17                 0.00      0.00      0.00
  TU170                0.00      0.00      0.00
  TU171              535.00      0.39      0.16
  TU17201             -0.00      0.00      0.00
  TU17202              0.00      0.00      0.00
  TU1011A             -0.00      0.00      0.00
  TU173               -0.00      0.00      0.00
  TU174               -0.00      0.00      0.00
  TU175               -0.00      0.00      0.00
  TU176              445.00      0.44      0.24
  TU177              535.00      0.53      0.34
  TU178              347.00      0.34      0.15
  TU179               86.00      0.24      0.16
  TU18                 0.00      0.00      0.00
  TU180                0.00      0.00      0.00
  TU181                0.00      0.00      0.00
  TU182                0.00      0.00      0.00
  TU183                0.00      0.00      0.00
  TU184                0.00      0.00      0.00
  TU185               -0.00      0.00      0.00
  TU186               -0.00      0.00      0.00
  TU187               -0.00      0.00      0.00
  TU188               73.00      0.05      0.00
  TU189               73.00      0.05      0.00
  TU19                 0.00      0.00      0.00
  TU190               73.00      0.96      4.81
  TU191               -0.00      0.00      0.00
  TU192                0.00      0.00      0.00
  TU193                0.00      0.00      0.00
  TU194               -0.00      0.00      0.00
  TU195                0.00      0.00      0.00
  TU196                0.00      0.00      0.00
  TU197               -0.00      0.00      0.00
  TU198                0.00      0.00      0.00
  TU199                0.00      0.00      0.00
  TU2                 86.00      0.98      4.61
  TU20                 0.00      0.00      0.00
  TU200               -0.00      0.00      0.00
  TU201                0.00      0.00      0.00
  TU203                0.00      0.00      0.00
  TU204              149.00      0.07      0.00
  TU205              286.00      0.12      0.02
  TU21                73.00      0.61      1.64
  TU22                73.00      0.04      0.00
  TU23                73.00      0.04      0.00
  TU24               149.00      0.08      0.01
  TU25               149.00      0.08      0.01
  TU26                73.00      0.07      0.01
  TU27                73.00      0.07      0.01
  TU28                73.00      0.07      0.01
  TU29                73.00      0.07      0.01
  TU3                  0.00      0.00      0.00
  TU30                 0.00      0.00      0.00
  TU31                 0.00      0.00      0.00
  TU32                 0.00      0.00      0.00
  TU33                 0.00      0.00      0.00
  TU34                 0.00      0.00      0.00
  TU35                -0.00      0.00      0.00
  TU36                 0.00      0.00      0.00
  TU37                 0.00      0.00      0.00
  TU38                 0.00      0.00      0.00
  TU39                -0.00      0.00      0.00
  TU4                395.00      0.56      0.47
  TU40                 0.00      0.00      0.00
  TU41                -0.00      0.00      0.00
  TU42                 0.00      0.00      0.00
  TU43                -0.00      0.00      0.00
  TU44                -0.00      0.00      0.00
  TU45                -0.00      0.00      0.00
  TU46                -0.00      0.00      0.00
  TU47                -0.00      0.00      0.00
  TU48                 0.00      0.00      0.00
  TU49                 0.00      0.00      0.00
  TU5                395.00      0.56      0.47
  TU50                 0.00      0.00      0.00
  TU51                 0.00      0.00      0.00
  TU52                 0.00      0.00      0.00
  TU53                 0.00      0.00      0.00
  TU54                 0.00      0.00      0.00
  TU55                 0.00      0.00      0.00
  TU56                 0.00      0.00      0.00
  TU57                 0.00      0.00      0.00
  TU58                 0.00      0.00      0.00
  TU59                 0.00      0.00      0.00
  TU6                 -0.00      0.00      0.00
  TU60                73.00      1.50     14.35
  TU61                 0.00      0.00      0.00
  TU62                73.00      0.39      0.54
  TU63                 0.00      0.00      0.00
  TU64                73.00      0.39      0.54
  TU65                 0.00      0.00      0.00
  TU66                73.00      0.24      0.17
  TU67                73.00      0.21      0.12
  TU68                73.00      0.21      0.12
  TU69                73.00      0.10      0.02
  TU7                  0.00      0.00      0.00
  TU70                73.00      0.10      0.02
  TU71                73.00      0.10      0.02
  TU72                 0.00      0.00      0.00
  TU73                 0.00      0.00      0.00
  TU74                 0.00      0.00      0.00
  TU75                 0.00      0.00      0.00
  TU76                 0.00      0.00      0.00
  TU77                 0.00      0.00      0.00
  TU78                 0.00      0.00      0.00
  TU79                 0.00      0.00      0.00
  TU8                151.00      1.63     11.28
  TU80                 0.00      0.00      0.00
  TU81                 0.00      0.00      0.00
  TU82                 0.00      0.00      0.00
  TU83                 0.00      0.00      0.00
  TU84                 0.00      0.00      0.00
  TU85                 0.00      0.00      0.00
  TU86                 0.00      0.00      0.00
  TU87                 0.00      0.00      0.00
  TU88                 0.00      0.00      0.00
  TU89                 0.00      0.00      0.00
  TU9                 53.00      0.89      4.88
  TU90                 0.00      0.00      0.00
  TU91                -0.00      0.00      0.00
  TU92               139.00      0.64      1.21
  TU93               139.00      0.39      0.38
  TU94                 0.00      0.00      0.00
  TU95               139.00      0.39      0.38
  TU96                 0.00      0.00      0.00
  TU97                 0.00      0.00      0.00
  TU98                 0.00      0.00      0.00
  TU99               139.00      0.31      0.21
  TU4000               0.00      0.00      0.00
   
  Analysis ended Fri Dec  1 10:05:15 2023
