  Page 1                                    Fri Dec  1 09:59:36 2023

  ******************************************************************
  *                           E P A N E T                          *
  *                   Hydraulic and Water Quality                  *
  *                   Analysis for Pipe Networks                   *
  *                         Version 2.2                            *
  ******************************************************************
  
  Analysis begun Fri Dec  1 09:59:36 2023

   
  Node Results:
  ----------------------------------------------
                     Demand      Head  Pressure
  Node                 m3/h         m         m
  ----------------------------------------------
  3661                 0.00    428.95     50.81
  482                  0.00    428.83     82.83
  661                  0.00    428.91     98.91
  6610                 0.00    428.54      3.42
  6611                 0.00    428.46     93.46
  6612                 0.00    428.58     66.21
  6613                 0.00    427.39     72.39
  6615                 0.00    428.94     89.94
  6616                 0.00    428.91     67.91
  6617                 0.00    428.94     85.94
  6618                 0.00    428.94     80.94
  662                  0.00    428.83    100.83
  6620                 0.00    428.86    120.86
  6621                 0.00    428.86    100.86
  6622                 0.00    428.86     91.86
  6623                 0.00    428.86     77.86
  6624                 0.00    428.86     76.86
  6625                 0.00    428.68    116.68
  6626                 0.00    428.78    107.78
  6627                 0.00    428.91    107.91
  6628                 0.00    428.81     89.81
  6629                 0.00    428.81     88.81
  663                  0.00    428.73     87.73
  6630                 0.00    428.81      3.69
  6632                 0.00    428.81     88.81
  6633                 0.00    428.92     66.28
  6634                 0.00    428.93     57.93
  6635                 0.00    428.84     76.84
  6636                 0.00    428.84     72.84
  6637                 0.00    428.83     61.83
  6639                 0.00    428.54     68.54
  664                  0.00    428.65     80.65
  6640                 0.00    428.54     68.54
  6641                 0.00    428.54     69.86
  6642                 0.00    428.53     72.53
  6643                 0.00    428.65     76.65
  6644                 0.00    428.68     76.68
  6645                 0.00    428.69     78.69
  6646                 0.00    428.06     81.04
  6648                 0.00    428.06     82.05
  6649                 0.00    428.60     89.60
  665                  0.00    428.60     83.60
  666                  0.00    428.81     88.81
  6665                 0.00    428.34     63.20
  6666                 0.00    428.78     61.12
  667                  0.00    428.68     76.68
  668                  0.00    428.91     98.91
  669                  0.00    428.81     83.81
  1                   58.00    428.87     98.87
  10                  65.00    428.28     76.28
  100                 41.00    428.53     73.53
  100B                 0.00    428.54     70.54
  101                 99.00    427.09     74.09
  103                  0.00    428.43     89.43
  104                  0.00    428.43     89.43
  105                  0.00    427.39     72.39
  106                 54.00    427.31     72.31
  107                  0.00    428.94     89.94
  108                  0.00    428.94     93.38
  109                  0.00    428.94     91.94
  11B                 98.00    428.58     85.58
  110                  0.00    428.94     82.94
  111                  0.00    428.94     90.96
  112                  0.00    428.94     86.94
  113                  0.00    428.94    105.94
  114                  0.00    428.94     80.94
  115                  0.00    428.94     82.94
  116                  0.00    428.94     83.94
  117                  0.00    428.94     85.94
  118                  0.00    428.94     89.94
  119                  0.00    428.94    106.13
  12                 132.00    428.49     98.15
  121                  0.00    428.94     78.94
  122                  0.00    428.94     81.94
  123                  0.00    428.94     82.94
  125                  0.00    428.94     77.94
  126                  0.00    428.94     80.94
  127                  0.00    428.94     85.61
  128                  0.00    428.91     66.91
  129                  0.00    428.91     72.91
  130                  0.00    428.91     87.83
  130B                 0.00    428.91     75.91
  132                  0.00    428.91     95.91
  134                  0.00    428.91    107.91
  135                  0.00    428.91    112.91
  137                  0.00    428.91    119.91
  139                  0.00    428.91     68.91
  14                   0.00    428.43     90.43
  140                  0.00    428.91     77.91
  141                  0.00    428.91     76.91
  142                  0.00    428.91     67.91
  143                  0.00    428.91     87.94
  144                  0.00    428.91     69.91
  146                  0.00    428.82     82.82
  147                  0.00    428.78    107.78
  148                  0.00    428.82     95.82
  149                  0.00    428.68    115.47
  15                   0.00    428.46     93.46
  150                  0.00    428.56    120.49
  151                  0.00    428.31    123.07
  152                 69.00    426.37    116.35
  153                  0.00    427.03    117.03
  154                  0.00    428.86    103.86
  157                  0.00    428.86    125.86
  158A                 0.00    428.86    107.86
  158B                 0.00    428.86    107.86
  16B                  0.00    428.46     94.46
  160                  0.00    428.83     61.83
  162                  0.00    428.80     60.80
  163                  0.00    428.78     54.78
  164                  0.00    428.73     69.07
  165                  0.00    428.50     67.20
  166                  0.00    428.51     67.50
  167                105.00    428.15     57.51
  169                  0.00    428.70     62.20
  17A                  0.00    428.46     93.46
  170                  0.00    428.84     69.84
  17B                  0.00    428.46     93.46
  171                  0.00    428.84     76.84
  172                  0.00    428.84     88.84
  18B                  0.00    428.46    103.46
  19                   0.00    428.92     70.92
  2                    0.00    428.84    102.84
  20                   0.00    428.95     64.95
  2002                 0.00    428.81     78.81
  2003                 0.00    428.81     78.81
  21                   0.00    428.95     66.22
  22                   0.00    428.95     67.35
  222                  0.00    428.94     78.94
  24                   0.00    428.94     84.94
  25                   0.00    428.94     83.94
  26                   0.00    428.94     80.94
  27                   0.00    428.94     78.94
  28                   0.00    428.93     80.93
  29                   0.00    428.91     72.91
  3                    0.00    428.79     88.44
  30                   0.00    428.91     67.91
  3002                 0.00    428.95     42.95
  3004                 0.00    428.95     42.95
  3005                 0.00    428.95     42.95
  3008                 0.00    428.95     43.95
  3012                 0.00    428.95     58.22
  3013                 0.00    428.95     64.02
  3016                 0.00    428.95     63.95
  3017               124.00    428.95     46.95
  3018                68.00    428.62     51.62
  3019                 0.00    428.95     59.56
  3020                 0.00    428.95     60.84
  3024                 0.00    428.95     64.01
  31                   0.00    428.88     71.09
  3152                 0.00    428.95     62.75
  32                   0.00    428.89     70.89
  34                  68.00    428.70     77.68
  35                   0.00    428.86     91.86
  36                   0.00    428.86    100.86
  39                   0.00    428.86    115.86
  41                   0.00    428.86    121.86
  46                 166.00    428.85     52.85
  47                   0.00    428.70     70.52
  48                   0.00    428.83     84.83
  49                   0.00    428.83     76.83
  5                    0.00    428.76     81.76
  52                   0.00    428.83     77.83
  53                 116.00    426.80     70.80
  54                   0.00    428.90     83.90
  55                   0.00    428.87     98.87
  56                   0.00    428.87     94.87
  58                   0.00    428.87     95.87
  59                   0.00    428.87     99.87
  6                    0.00    428.68     76.68
  60                   0.00    428.79     83.79
  61                   0.00    428.79     89.79
  62                   0.00    428.68     74.68
  64                   0.00    428.82     97.82
  65                  78.00    428.51     88.51
  66                   0.00    428.81     89.81
  67                   0.00    428.81     96.81
  68                   0.00    428.81     89.81
  69                   0.00    428.81     77.81
  7                    0.00    428.68     75.68
  70                   0.00    428.81     88.81
  71                   0.00    428.81     91.81
  72                   0.00    428.68     72.68
  73                   0.00    428.65     73.65
  77                   0.00    428.68     72.68
  78                   0.00    428.68     88.54
  79                  60.00    428.68     75.68
  8                    0.00    428.69     78.69
  80                   0.00    428.63     79.63
  81                  73.00    426.17     67.17
  82                   0.00    428.06     70.06
  85                   0.00    428.81     89.81
  86                   0.00    428.81     91.81
  87                   0.00    428.60     68.60
  88                   0.00    428.58     75.58
  89                   0.00    428.54     61.54
  90                   0.00    428.53     72.53
  91                   0.00    428.54     56.54
  92                   0.00    428.54     68.54
  91B                  0.00    428.54     68.54
  94                   0.00    428.60     89.60
  95                   0.00    428.60     85.60
  97                   0.00    428.60     97.60
  99                 151.00    425.71     75.71
  74                   0.00    428.64     69.93
  1074                 0.00    428.64     70.64
  11A                  0.00    428.60     85.60
  1011                 0.00    428.60     85.60
  0                -1625.00    429.00      0.00  Reservoir
   
   
  Link Results:
  ----------------------------------------------
                       Flow  Velocity  Headloss
  Link                 m3/h       m/s    /1000m
  ----------------------------------------------
  TU1                 -0.00      0.00      0.00
  TU10                 0.00      0.00      0.00
  TU100                0.00      0.00      0.00
  TU101                0.00      0.00      0.00
  TU102               78.00      1.39     11.32
  TU103               78.00      0.11      0.03
  TU104               78.00      0.11      0.03
  TU105              773.00      0.34      0.09
  TU106              773.00      0.34      0.09
  TU107                0.00      0.00      0.00
  TU108              773.00      0.34      0.09
  TU109              851.00      0.37      0.11
  TU11               153.00      0.70      1.44
  TU110              851.00      0.37      0.11
  TU111                0.00      0.00      0.00
  TU112               -0.00      0.00      0.00
  TU113                0.00      0.00      0.00
  TU114                0.00      0.00      0.00
  TU115              909.00      0.32      0.08
  TU116              909.00      0.32      0.08
  TU117              116.00      1.25      6.95
  TU118                0.00      0.00      0.00
  TU119              909.00      0.32      0.08
  TU12                 0.00      0.00      0.00
  TU120             1025.00      0.36      0.09
  TU121                0.00      0.00      0.00
  TU122                0.00      0.00      0.00
  TU123               -0.00      0.00      0.00
  TU124                0.00      0.00      0.00
  TU125               -0.00      0.00      0.00
  TU126               -0.00      0.00      0.00
  TU127               -0.00      0.00      0.00
  TU128              105.00      0.46      0.64
  TU129              105.00      0.46      0.64
  TU13                 0.00      0.00      0.00
  TU130              105.00      0.46      0.65
  TU131              105.00      0.46      0.64
  TU132                0.00      0.00      0.00
  TU133              105.00      0.46      0.64
  TU134               -0.00      0.00      0.00
  TU135              105.00      0.23      0.13
  TU136              105.00      0.23      0.13
  TU137              105.00      0.15      0.04
  TU138              105.00      0.15      0.04
  TU139              105.00      0.10      0.02
  TU14               153.00      0.34      0.25
  TU140              339.00      0.33      0.15
  TU141                0.00      0.00      0.00
  TU142                0.00      0.00      0.00
  TU143               -0.00      0.00      0.00
  TU144               -0.00      0.00      0.00
  TU145               -0.00      0.00      0.00
  TU146               -0.00      0.00      0.00
  TU147               -0.00      0.00      0.00
  TU148               -0.00      0.00      0.00
  TU149               41.00      0.28      0.36
  TU15                -0.00      0.00      0.00
  TU150               41.00      0.28      0.36
  TU151               41.00      0.06      0.01
  TU152              151.00      1.72     12.93
  TU15301            192.00      0.27      0.13
  TU15302            192.00      0.27      0.13
  TU1074               0.00      0.00      0.00
  TU154              192.00      0.19      0.05
  TU155               65.00      1.09      7.08
  TU156              257.00      0.25      0.09
  TU157              257.00      0.25      0.09
  TU158                0.00      0.00      0.00
  TU159              257.00      0.25      0.09
  TU16              1625.00      0.29      0.04
  TU160                0.00      0.00      0.00
  TU161              257.00      0.25      0.09
  TU162              516.00      0.37      0.15
  TU163              456.00      0.33      0.12
  TU164              516.00      0.37      0.16
  TU166               73.00      1.50     14.35
  TU167               -0.00      0.00      0.00
  TU168                0.00      0.00      0.00
  TU169               73.00      0.61      1.64
  TU17                -0.00      0.00      0.00
  TU170               73.00      0.33      0.38
  TU171              383.00      0.28      0.09
  TU17201             -0.00      0.00      0.00
  TU17202              0.00      0.00      0.00
  TU1011A             -0.00      0.00      0.00
  TU173               -0.00      0.00      0.00
  TU174               -0.00      0.00      0.00
  TU175               -0.00      0.00      0.00
  TU176              285.00      0.28      0.11
  TU177              383.00      0.38      0.19
  TU178              153.00      0.15      0.04
  TU179                0.00      0.00      0.00
  TU18                 0.00      0.00      0.00
  TU180                0.00      0.00      0.00
  TU181                0.00      0.00      0.00
  TU182                0.00      0.00      0.00
  TU183                0.00      0.00      0.00
  TU184                0.00      0.00      0.00
  TU185               -0.00      0.00      0.00
  TU186              105.00      0.28      0.20
  TU187              105.00      0.23      0.13
  TU188              137.00      0.10      0.01
  TU189              137.00      0.10      0.01
  TU19                 0.00      0.00      0.00
  TU190               69.00      0.91      4.35
  TU191               -0.00      0.00      0.00
  TU192                0.00      0.00      0.00
  TU193                0.00      0.00      0.00
  TU194               -0.00      0.00      0.00
  TU195                0.00      0.00      0.00
  TU196                0.00      0.00      0.00
  TU197               -0.00      0.00      0.00
  TU198                0.00      0.00      0.00
  TU199                0.00      0.00      0.00
  TU2                  0.00      0.00      0.00
  TU20                 0.00      0.00      0.00
  TU200               -0.00      0.00      0.00
  TU201                0.00      0.00      0.00
  TU203               68.00      1.14      7.69
  TU204              137.00      0.06      0.00
  TU205              137.00      0.06      0.00
  TU21                69.00      0.58      1.48
  TU22               137.00      0.08      0.01
  TU23               137.00      0.08      0.01
  TU24               137.00      0.08      0.01
  TU25               137.00      0.08      0.01
  TU26               137.00      0.13      0.03
  TU27               137.00      0.13      0.03
  TU28               137.00      0.13      0.03
  TU29               137.00      0.13      0.03
  TU3                  0.00      0.00      0.00
  TU30                 0.00      0.00      0.00
  TU31                -0.00      0.00      0.00
  TU32                 0.00      0.00      0.00
  TU33                 0.00      0.00      0.00
  TU34                 0.00      0.00      0.00
  TU35                 0.00      0.00      0.00
  TU36                 0.00      0.00      0.00
  TU37                -0.00      0.00      0.00
  TU38                 0.00      0.00      0.00
  TU39                -0.00      0.00      0.00
  TU4                192.00      0.27      0.13
  TU40                 0.00      0.00      0.00
  TU41                -0.00      0.00      0.00
  TU42                 0.00      0.00      0.00
  TU43                -0.00      0.00      0.00
  TU44                -0.00      0.00      0.00
  TU45                -0.00      0.00      0.00
  TU46                -0.00      0.00      0.00
  TU47                -0.00      0.00      0.00
  TU48                 0.00      0.00      0.00
  TU49                 0.00      0.00      0.00
  TU5                192.00      0.27      0.13
  TU50                 0.00      0.00      0.00
  TU51                 0.00      0.00      0.00
  TU52                 0.00      0.00      0.00
  TU53                 0.00      0.00      0.00
  TU54                 0.00      0.00      0.00
  TU55                 0.00      0.00      0.00
  TU56                 0.00      0.00      0.00
  TU57                 0.00      0.00      0.00
  TU58                68.00      1.21      8.81
  TU59                68.00      0.19      0.11
  TU6                 -0.00      0.00      0.00
  TU60                69.00      1.42     12.94
  TU61                 0.00      0.00      0.00
  TU62                69.00      0.37      0.49
  TU63                 0.00      0.00      0.00
  TU64                69.00      0.37      0.49
  TU65                 0.00      0.00      0.00
  TU66                69.00      0.23      0.16
  TU67                69.00      0.20      0.11
  TU68                69.00      0.20      0.11
  TU69               137.00      0.19      0.07
  TU7                  0.00      0.00      0.00
  TU70               137.00      0.19      0.07
  TU71               137.00      0.19      0.07
  TU72                 0.00      0.00      0.00
  TU73                 0.00      0.00      0.00
  TU74                 0.00      0.00      0.00
  TU75                 0.00      0.00      0.00
  TU76                 0.00      0.00      0.00
  TU77                 0.00      0.00      0.00
  TU78                 0.00      0.00      0.00
  TU79                 0.00      0.00      0.00
  TU8                 99.00      1.07      5.20
  TU80                 0.00      0.00      0.00
  TU81                 0.00      0.00      0.00
  TU82                 0.00      0.00      0.00
  TU83                 0.00      0.00      0.00
  TU84                 0.00      0.00      0.00
  TU85                 0.00      0.00      0.00
  TU86                 0.00      0.00      0.00
  TU87                 0.00      0.00      0.00
  TU88                 0.00      0.00      0.00
  TU89                 0.00      0.00      0.00
  TU9                 54.00      0.91      5.05
  TU90                 0.00      0.00      0.00
  TU91                -0.00      0.00      0.00
  TU92                -0.00      0.00      0.00
  TU93                 0.00      0.00      0.00
  TU94                 0.00      0.00      0.00
  TU95                 0.00      0.00      0.00
  TU96                 0.00      0.00      0.00
  TU97                 0.00      0.00      0.00
  TU98                 0.00      0.00      0.00
  TU99                 0.00      0.00      0.00
  TU4000               0.00      0.00      0.00
   
  Analysis ended Fri Dec  1 09:59:36 2023
