  Page 1                                    Fri Dec  1 10:02:19 2023

  ******************************************************************
  *                           E P A N E T                          *
  *                   Hydraulic and Water Quality                  *
  *                   Analysis for Pipe Networks                   *
  *                         Version 2.2                            *
  ******************************************************************
  
  Analysis begun Fri Dec  1 10:02:19 2023

   
  Node Results:
  ----------------------------------------------
                     Demand      Head  Pressure
  Node                 m3/h         m         m
  ----------------------------------------------
  3661                 0.00    428.55     50.41
  482                  0.00    427.05     81.05
  661                  0.00    427.03     97.03
  6610                 0.00    425.18      0.06
  6611                 0.00    427.45     92.45
  6612                 0.00    426.97     64.60
  6613                 0.00    426.52     71.52
  6615                 0.00    428.15     89.15
  6616                 0.00    427.60     66.60
  6617                 0.00    425.97     82.97
  6618                 0.00    427.97     79.97
  662                  0.00    428.30    100.30
  6620                 0.00    427.46    119.46
  6621                 0.00    427.46     99.46
  6622                 0.00    427.46     90.46
  6623                 0.00    427.46     76.46
  6624                 0.00    427.47     75.47
  6625                 0.00    426.39    114.39
  6626                 0.00    427.00    106.00
  6627                 0.00    425.94    104.94
  6628                 0.00    428.24     89.24
  6629                 0.00    428.24     88.24
  663                  0.00    427.96     86.96
  6630                 0.00    428.24      3.12
  6632                 0.00    428.27     88.27
  6633                 0.00    428.64     66.00
  6634                 0.00    428.68     57.68
  6635                 0.00    428.24     76.24
  6636                 0.00    428.24     72.24
  6637                 0.00    427.91     60.91
  6639                 0.00    426.37     66.37
  664                  0.00    427.78     79.78
  6640                 0.00    426.00     66.00
  6641                 0.00    426.66     67.98
  6642                 0.00    426.66     70.66
  6643                 0.00    427.35     75.35
  6644                 0.00    427.47     75.47
  6645                 0.00    427.54     77.54
  6646                 0.00    426.55     79.53
  6648                 0.00    426.72     80.71
  6649                 0.00    427.60     88.60
  665                  0.00    427.71     82.71
  666                  0.00    428.24     88.24
  6665                 0.00    425.52     60.38
  6666                 0.00    427.23     59.57
  667                  0.00    427.45     75.45
  668                  0.00    427.03     97.03
  669                  0.00    428.24     83.24
  1                   66.00    428.46     98.46
  10                  60.00    427.03     75.03
  100                  0.00    426.66     71.66
  100B                78.00    425.56     67.56
  101                138.00    425.98     72.98
  103                 50.00    427.12     88.12
  104                  0.00    427.12     88.12
  105                  0.00    426.52     71.52
  106                  0.00    426.52     71.52
  107                  0.00    428.15     89.15
  108                 48.00    427.56     92.00
  109                  0.00    428.02     91.02
  11B                111.00    427.67     84.67
  110                  0.00    427.93     81.93
  111                  0.00    427.73     89.75
  112                  0.00    427.83     85.83
  113                  0.00    427.46    104.46
  114                 57.00    426.69     78.69
  115                  0.00    426.31     80.31
  116                  0.00    426.49     81.49
  117                 65.00    425.90     82.90
  118                 70.00    425.09     86.09
  119                  0.00    425.09    102.28
  12                  81.00    427.55     97.21
  121                 50.00    427.03     77.03
  122                 62.00    423.12     76.12
  123                  0.00    426.02     80.02
  125                  0.00    427.00     76.00
  126                 70.00    426.88     78.88
  127                  0.00    426.88     83.55
  128                 66.00    427.57     65.57
  129                  0.00    427.29     71.29
  130                134.00    427.08     86.00
  130B                 0.00    427.20     74.20
  132                 46.00    425.90     92.90
  134                  0.00    425.94    104.94
  135                 53.00    424.00    108.00
  137                 58.00    420.16    111.16
  139                  0.00    427.03     67.03
  14                  77.00    427.39     89.39
  140                  0.00    427.03     76.03
  141                  0.00    427.03     75.03
  142                  0.00    427.03     66.03
  143                  0.00    425.90     84.93
  144                  0.00    427.45     68.45
  146                  0.00    427.23     81.23
  147                  0.00    427.00    106.00
  148                  0.00    427.20     94.20
  149                  0.00    426.39    113.18
  15                   0.00    427.45     92.45
  150                106.00    425.67    117.60
  151                  0.00    425.36    120.12
  152                 78.00    422.93    112.91
  153                  0.00    423.75    113.75
  154                  0.00    427.46    102.46
  157                  0.00    427.46    124.46
  158A                 0.00    427.46    106.46
  158B                 0.00    427.46    106.46
  16B                  0.00    427.45     93.45
  160                  0.00    427.85     60.85
  162                  0.00    427.55     59.55
  163                 81.00    426.98     52.98
  164                 59.00    426.72     67.06
  165                 40.00    425.67     64.37
  166                 95.00    425.67     64.66
  167                100.00    425.34     54.70
  169                 73.00    426.36     59.86
  17A                  0.00    427.45     92.45
  170                  0.00    428.09     69.09
  17B                  0.00    427.45     92.45
  171                  0.00    428.24     76.24
  172                  0.00    428.24     88.24
  18B                  0.00    427.45    102.45
  19                   0.00    428.64     70.64
  2                    0.00    428.34    102.34
  20                   0.00    428.55     64.55
  2002                 0.00    428.24     78.24
  2003                 0.00    428.24     78.24
  21                  62.00    428.48     65.75
  22                   0.00    428.48     66.88
  222                  0.00    428.35     78.35
  24                   0.00    428.27     84.27
  25                   0.00    428.15     83.15
  26                   0.00    427.97     79.97
  27                   0.00    428.03     78.03
  28                  58.00    427.91     79.91
  29                  61.00    427.64     71.64
  3                    0.00    428.16     87.81
  30                   0.00    427.61     66.61
  3002                 0.00    428.55     42.55
  3004                 0.00    428.55     42.55
  3005                 0.00    428.55     42.55
  3008                 0.00    428.55     43.55
  3012                 0.00    428.55     57.82
  3013                 0.00    428.55     63.62
  3016                 0.00    428.60     63.60
  3017               148.00    428.75     46.75
  3018                71.00    428.15     51.15
  3019                 0.00    428.55     59.16
  3020                 0.00    428.55     60.44
  3024                 0.00    428.55     63.61
  31                   0.00    427.51     69.72
  3152                 0.00    428.55     62.35
  32                   0.00    427.55     69.55
  34                  58.00    427.34     76.32
  35                   0.00    427.46     90.46
  36                   0.00    427.46     99.46
  39                   0.00    427.46    114.46
  41                   0.00    427.46    120.46
  46                   0.00    428.40     52.40
  47                   0.00    426.50     68.32
  48                   0.00    426.68     82.68
  49                  78.00    423.92     71.92
  5                    0.00    428.06     81.06
  52                  79.00    423.89     72.89
  53                   0.00    428.68     72.68
  54                   0.00    428.58     83.58
  55                   0.00    428.08     98.08
  56                   0.00    427.89     93.89
  58                   0.00    426.27     93.27
  59                 167.00    422.39     93.39
  6                   55.00    427.29     75.29
  60                   0.00    428.16     83.16
  61                   0.00    428.16     89.16
  62                  99.00    423.45     69.45
  64                   0.00    428.29     97.29
  65                   0.00    428.27     88.27
  66                   0.00    428.27     89.27
  67                 122.00    428.24     96.24
  68                   0.00    428.24     89.24
  69                   0.00    428.24     77.24
  7                    0.00    427.86     74.86
  70                   0.00    428.24     88.24
  71                   0.00    428.24     91.24
  72                   0.00    427.12     71.12
  73                   0.00    427.33     72.33
  77                 133.00    422.77     66.77
  78                   0.00    427.12     86.98
  79                   0.00    427.86     74.86
  8                    0.00    427.54     77.54
  80                  88.00    427.69     78.69
  81                   0.00    426.72     67.72
  82                  98.00    426.09     68.09
  85                   0.00    428.24     89.24
  86                   0.00    428.24     91.24
  87                   0.00    427.08     67.08
  88                   0.00    426.97     73.97
  89                  80.00    426.73     59.73
  90                   0.00    426.66     70.66
  91                   0.00    426.37     54.37
  92                   0.00    425.18     65.18
  91B                193.00    424.79     64.79
  94                   0.00    427.60     88.60
  95                   0.00    427.35     84.35
  97                   0.00    427.19     96.19
  99                 150.00    423.93     73.93
  74                   0.00    427.31     68.60
  1074                 0.00    427.31     69.31
  11A                 78.00    427.11     84.11
  1011                 0.00    427.19     84.19
  0                -3950.00    429.00      0.00  Reservoir
   
   
  Link Results:
  ----------------------------------------------
                       Flow  Velocity  Headloss
  Link                 m3/h       m/s    /1000m
  ----------------------------------------------
  TU1                 -0.00      0.00      0.00
  TU10                 0.00      0.00      0.00
  TU100              122.00      0.27      0.16
  TU101              122.00      0.17      0.06
  TU102                0.00      0.00      0.00
  TU103              122.00      0.17      0.06
  TU104              122.00      0.17      0.06
  TU105             1569.00      0.69      0.34
  TU106             1569.00      0.69      0.34
  TU107                0.00      0.00      0.00
  TU108             1569.00      0.69      0.34
  TU109             1691.00      0.74      0.39
  TU11               138.00      0.63      1.19
  TU110             1691.00      0.74      0.39
  TU111              167.00      2.20     22.00
  TU112              167.00      1.22      5.25
  TU113              167.00      0.89      2.42
  TU114              167.00      0.89      2.42
  TU115             1924.00      0.68      0.30
  TU116             1924.00      0.68      0.30
  TU117               -0.00      0.00      0.00
  TU118                0.00      0.00      0.00
  TU119             1924.00      0.68      0.30
  TU12                 0.00      0.00      0.00
  TU120             1924.00      0.68      0.30
  TU121                0.00      0.00      0.00
  TU122                0.00      0.00      0.00
  TU123               -0.00      0.00      0.00
  TU124               79.00      0.90      3.94
  TU125              157.00      1.15      4.69
  TU126              157.00      0.72      1.51
  TU127              157.00      0.72      1.51
  TU128              100.00      0.44      0.59
  TU129              100.00      0.44      0.59
  TU13                50.00      0.37      0.59
  TU130              140.00      0.61      1.09
  TU131              235.00      1.02      2.79
  TU132               73.00      0.32      0.33
  TU133              308.00      1.34      4.58
  TU134              193.00      2.08     17.75
  TU135              448.00      0.99      1.75
  TU136              448.00      0.99      1.75
  TU137              605.00      0.86      1.03
  TU138              605.00      0.86      1.03
  TU139              605.00      0.59      0.43
  TU14               265.00      0.59      0.67
  TU140              676.00      0.66      0.52
  TU141               99.00      1.67     15.30
  TU142              232.00      0.63      0.85
  TU143               -0.00      0.00      0.00
  TU144               78.00      0.84      3.37
  TU145              193.00      1.34      6.00
  TU146              271.00      1.18      3.62
  TU147              271.00      0.73      1.13
  TU148               -0.00      0.00      0.00
  TU149               -0.00      0.00      0.00
  TU15                -0.00      0.00      0.00
  TU150               -0.00      0.00      0.00
  TU151              271.00      0.38      0.24
  TU152              150.00      1.71     12.78
  TU15301            501.00      0.71      0.73
  TU15302            501.00      0.71      0.73
  TU1074               0.00      0.00      0.00
  TU154              501.00      0.49      0.30
  TU155               60.00      1.01      6.12
  TU156              561.00      0.55      0.37
  TU157              793.00      0.78      0.70
  TU158               55.00      0.98      5.98
  TU159              848.00      0.83      0.79
  TU16              3950.00      0.71      0.22
  TU160                0.00      0.00      0.00
  TU161              848.00      0.83      0.79
  TU162              721.00      0.52      0.28
  TU163              721.00      0.52      0.28
  TU164              721.00      0.52      0.28
  TU166               -0.00      0.00      0.00
  TU167               98.00      1.29      8.24
  TU168               98.00      1.29      8.25
  TU169               98.00      0.82      2.79
  TU17                48.00      0.85      4.67
  TU170              186.00      0.85      2.05
  TU171              535.00      0.39      0.16
  TU17201             78.00      1.03      5.43
  TU17202              0.00      0.00      0.00
  TU1011A             78.00      1.03      5.43
  TU173               78.00      0.57      1.31
  TU174               -0.00      0.00      0.00
  TU175               78.00      0.36      0.42
  TU176              346.00      0.34      0.15
  TU177              457.00      0.45      0.26
  TU178              265.00      0.26      0.10
  TU179                0.00      0.00      0.00
  TU18                48.00      0.55      1.60
  TU180                0.00      0.00      0.00
  TU181                0.00      0.00      0.00
  TU182                0.00      0.00      0.00
  TU183                0.00      0.00      0.00
  TU184                0.00      0.00      0.00
  TU185              374.00      0.83      1.26
  TU186              367.00      0.99      1.98
  TU187              448.00      0.99      1.75
  TU188             1092.00      0.79      0.59
  TU189             1092.00      0.79      0.59
  TU19                 0.00      0.00      0.00
  TU190               78.00      1.03      5.43
  TU191                0.00      0.00      0.00
  TU192                0.00      0.00      0.00
  TU193                0.00      0.00      0.00
  TU194               -0.00      0.00      0.00
  TU195                0.00      0.00      0.00
  TU196                0.00      0.00      0.00
  TU197               -0.00      0.00      0.00
  TU198                0.00      0.00      0.00
  TU199                0.00      0.00      0.00
  TU2                  0.00      0.00      0.00
  TU20                48.00      0.35      0.55
  TU200               -0.00      0.00      0.00
  TU201                0.00      0.00      0.00
  TU203               71.00      1.19      8.32
  TU204             1202.00      0.52      0.21
  TU205             1202.00      0.52      0.21
  TU21                78.00      0.66      1.84
  TU22              1140.00      0.63      0.34
  TU23              1140.00      0.63      0.34
  TU24              1140.00      0.63      0.34
  TU25              1202.00      0.66      0.37
  TU26               599.00      0.59      0.42
  TU27               599.00      0.59      0.42
  TU28               660.00      0.65      0.50
  TU29               718.00      0.71      0.58
  TU3                  0.00      0.00      0.00
  TU30                 0.00      0.00      0.00
  TU31                70.00      0.80      3.17
  TU32                65.00      0.74      2.77
  TU33               135.00      0.62      1.14
  TU34               135.00      0.62      1.14
  TU35                62.00      1.10      7.44
  TU36                62.00      0.71      2.54
  TU37               197.00      0.56      0.72
  TU38               254.00      0.72      1.14
  TU39                -0.00      0.00      0.00
  TU4                501.00      0.71      0.73
  TU40                70.00      0.51      1.08
  TU41               324.00      0.72      0.97
  TU42                81.00      0.56      1.23
  TU43               374.00      0.53      0.43
  TU44               374.00      0.53      0.43
  TU45               374.00      0.53      0.43
  TU46               374.00      0.53      0.43
  TU47                -0.00      0.00      0.00
  TU48                 0.00      0.00      0.00
  TU49                 0.00      0.00      0.00
  TU5                501.00      0.71      0.73
  TU50                 0.00      0.00      0.00
  TU51                 0.00      0.00      0.00
  TU52                 0.00      0.00      0.00
  TU53                 0.00      0.00      0.00
  TU54                 0.00      0.00      0.00
  TU55                 0.00      0.00      0.00
  TU56                 0.00      0.00      0.00
  TU57                 0.00      0.00      0.00
  TU58                58.00      1.03      6.59
  TU59                58.00      0.16      0.08
  TU6                374.00      0.53      0.43
  TU60                78.00      1.61     16.20
  TU61                 0.00      0.00      0.00
  TU62               184.00      0.98      2.89
  TU63                 0.00      0.00      0.00
  TU64               184.00      0.98      2.89
  TU65                 0.00      0.00      0.00
  TU66               184.00      0.61      0.92
  TU67               184.00      0.52      0.63
  TU68               184.00      0.52      0.63
  TU69               242.00      0.34      0.19
  TU7                133.00      2.24     26.39
  TU70               242.00      0.34      0.19
  TU71               242.00      0.34      0.19
  TU72               157.00      0.35      0.26
  TU73               291.00      0.64      0.80
  TU74               291.00      0.64      0.80
  TU75               291.00      0.64      0.80
  TU76               291.00      0.64      0.80
  TU77               357.00      0.79      1.16
  TU78                58.00      1.20      9.42
  TU79               111.00      1.46     10.36
  TU8                138.00      1.49      9.56
  TU80                 0.00      0.00      0.00
  TU81               111.00      0.93      3.50
  TU82                 0.00      0.00      0.00
  TU83                46.00      0.60      2.08
  TU84                 0.00      0.00      0.00
  TU85                 0.00      0.00      0.00
  TU86                 0.00      0.00      0.00
  TU87                 0.00      0.00      0.00
  TU88                46.00      0.10      0.03
  TU89                 0.00      0.00      0.00
  TU9                  0.00      0.00      0.00
  TU90                 0.00      0.00      0.00
  TU91                -0.00      0.00      0.00
  TU92                -0.00      0.00      0.00
  TU93                 0.00      0.00      0.00
  TU94                 0.00      0.00      0.00
  TU95                 0.00      0.00      0.00
  TU96                 0.00      0.00      0.00
  TU97                 0.00      0.00      0.00
  TU98                 0.00      0.00      0.00
  TU99                 0.00      0.00      0.00
  TU4000               0.00      0.00      0.00
   
  Analysis ended Fri Dec  1 10:02:19 2023
