  Page 1                                    Fri Dec  1 10:10:58 2023

  ******************************************************************
  *                           E P A N E T                          *
  *                   Hydraulic and Water Quality                  *
  *                   Analysis for Pipe Networks                   *
  *                         Version 2.2                            *
  ******************************************************************
  
  Analysis begun Fri Dec  1 10:10:58 2023

   
  Node Results:
  ----------------------------------------------
                     Demand      Head  Pressure
  Node                 m3/h         m         m
  ----------------------------------------------
  3661                 0.00    428.95     50.81
  482                  0.00    428.63     82.63
  661                  0.00    428.74     98.74
  6610                 0.00    427.37      2.25
  6611                 0.00    428.33     93.33
  6612                 0.00    428.45     66.08
  6613                 0.00    427.00     72.00
  6615                 0.00    428.93     89.93
  6616                 0.00    428.85     67.85
  6617                 0.00    428.77     85.77
  6618                 0.00    428.91     80.91
  662                  0.00    428.80    100.80
  6620                 0.00    428.83    120.83
  6621                 0.00    428.83    100.83
  6622                 0.00    428.83     91.83
  6623                 0.00    428.83     77.83
  6624                 0.00    428.83     76.83
  6625                 0.00    428.65    116.65
  6626                 0.00    428.75    107.75
  6627                 0.00    427.70    106.70
  6628                 0.00    428.67     89.67
  6629                 0.00    428.67     88.67
  663                  0.00    428.69     87.69
  6630                 0.00    428.30      3.18
  6632                 0.00    428.77     88.77
  6633                 0.00    428.92     66.28
  6634                 0.00    428.94     57.94
  6635                 0.00    428.93     76.93
  6636                 0.00    428.93     72.93
  6637                 0.00    428.91     61.91
  6639                 0.00    428.11     68.11
  664                  0.00    428.57     80.57
  6640                 0.00    427.84     67.84
  6641                 0.00    428.31     69.63
  6642                 0.00    428.31     72.31
  6643                 0.00    428.59     76.59
  6644                 0.00    428.62     76.62
  6645                 0.00    428.63     78.63
  6646                 0.00    426.66     79.64
  6648                 0.00    426.73     80.72
  6649                 0.00    428.52     89.52
  665                  0.00    428.52     83.52
  666                  0.00    428.71     88.71
  6665                 0.00    428.87     63.73
  6666                 0.00    428.89     61.23
  667                  0.00    428.62     76.62
  668                  0.00    428.74     98.74
  669                  0.00    428.67     83.67
  1                   73.00    428.86     98.86
  10                   0.00    428.59     76.59
  100                  0.00    428.31     73.31
  100B                83.00    427.35     69.35
  101                117.00    426.60     73.60
  103                  0.00    428.29     89.29
  104                  0.00    428.29     89.29
  105                  0.00    427.00     72.00
  106                 54.00    426.93     71.93
  107                  0.00    428.93     89.93
  108                  0.00    428.93     93.37
  109                  0.00    428.93     91.93
  11B                136.00    428.49     85.49
  110                  0.00    428.91     82.91
  111                  0.00    428.90     90.92
  112                  0.00    428.90     86.90
  113                  0.00    428.89    105.89
  114                  0.00    428.87     80.87
  115                  0.00    428.82     82.82
  116                  0.00    428.85     83.85
  117                  0.00    428.77     85.77
  118                 48.00    428.32     89.32
  119                  0.00    428.32    105.51
  12                  80.00    428.40     98.06
  121                  0.00    428.88     78.88
  122                  0.00    428.85     81.85
  123                  0.00    428.85     82.85
  125                  0.00    428.88     77.88
  126                  0.00    428.88     80.88
  127                  0.00    428.88     85.55
  128                  0.00    428.85     66.85
  129                  0.00    428.80     72.80
  130                  0.00    428.77     87.69
  130B                 0.00    428.79     75.79
  132                  0.00    428.74     95.74
  134                 61.00    427.40    106.40
  135                 47.00    427.30    111.30
  137                  0.00    427.30    118.30
  139                  0.00    428.74     68.74
  14                  46.00    428.29     90.29
  140                  0.00    428.74     77.74
  141                  0.00    428.74     76.74
  142                  0.00    428.74     67.74
  143                  0.00    428.74     87.77
  144                  0.00    428.83     69.83
  146                  0.00    428.79     82.79
  147                  0.00    428.75    107.75
  148                  0.00    428.78     95.78
  149                  0.00    428.65    115.44
  15                   0.00    428.33     93.33
  150                  0.00    428.54    120.47
  151                 67.00    428.30    123.06
  152                  0.00    428.30    118.28
  153                  0.00    428.30    118.30
  154                  0.00    428.83    103.83
  157                  0.00    428.83    125.83
  158A                 0.00    428.83    107.83
  158B                 0.00    428.83    107.83
  16B                  0.00    428.33     94.33
  160                  0.00    428.90     61.90
  162                  0.00    428.90     60.90
  163                  0.00    428.89     54.89
  164                 56.00    428.87     69.21
  165                  0.00    428.87     67.57
  166                  0.00    428.87     67.86
  167                  0.00    428.87     58.23
  169                  0.00    428.87     62.37
  17A                  0.00    428.33     93.33
  170                  0.00    428.92     69.92
  17B                  0.00    428.33     93.33
  171                  0.00    428.93     76.93
  172                  0.00    428.93     88.93
  18B                  0.00    428.33    103.33
  19                   0.00    428.92     70.92
  2                    0.00    428.82    102.82
  20                   0.00    428.95     64.95
  2002                 0.00    428.67     78.67
  2003                 0.00    428.67     78.67
  21                   0.00    428.94     66.21
  22                   0.00    428.94     67.34
  222                  0.00    428.93     78.93
  24                   0.00    428.93     84.93
  25                   0.00    428.92     83.92
  26                   0.00    428.91     80.91
  27                   0.00    428.91     78.91
  28                   0.00    428.90     80.90
  29                   0.00    428.86     72.86
  3                    0.00    428.76     88.41
  30                   0.00    428.85     67.85
  3002                 0.00    428.95     42.95
  3004                 0.00    428.95     42.95
  3005                 0.00    428.95     42.95
  3008                 0.00    428.95     43.95
  3012                 0.00    428.95     58.22
  3013                 0.00    428.95     64.02
  3016                 0.00    428.95     63.95
  3017                 0.00    428.96     46.96
  3018                 0.00    428.94     51.94
  3019                 0.00    428.95     59.56
  3020                 0.00    428.95     60.84
  3024                 0.00    428.95     64.01
  31                  43.00    428.83     71.04
  3152                 0.00    428.95     62.75
  32                   0.00    428.84     70.84
  34                   0.00    428.83     77.81
  35                   0.00    428.83     91.83
  36                   0.00    428.83    100.83
  39                   0.00    428.83    115.83
  41                   0.00    428.83    121.83
  46                   0.00    428.94     52.94
  47                   0.00    428.87     70.69
  48                   0.00    428.51     84.51
  49                   0.00    427.62     75.62
  5                    0.00    428.72     81.72
  52                  84.00    427.59     76.59
  53                   0.00    428.94     72.94
  54                   0.00    428.90     83.90
  55                   0.00    428.86     98.86
  56                   0.00    428.86     94.86
  58                   0.00    428.86     95.86
  59                   0.00    428.86     99.86
  6                    0.00    428.62     76.62
  60                   0.00    428.76     83.76
  61                   0.00    428.76     89.76
  62                   0.00    428.62     74.62
  64                   0.00    428.79     97.79
  65                   0.00    428.77     88.77
  66                   0.00    428.77     89.77
  67                   0.00    428.73     96.73
  68                   0.00    428.30     89.30
  69                  60.00    427.48     76.48
  7                    0.00    428.63     75.63
  70                   0.00    428.67     88.67
  71                  66.00    427.56     90.56
  72                   0.00    428.62     72.62
  73                   0.00    428.58     73.58
  77                   0.00    428.62     72.62
  78                   0.00    428.62     88.48
  79                   0.00    428.63     75.63
  8                    0.00    428.63     78.63
  80                   0.00    428.52     79.52
  81                  72.00    424.89     65.89
  82                  65.00    426.44     68.44
  85                   0.00    428.67     89.67
  86                   0.00    428.67     91.67
  87                   0.00    428.49     68.49
  88                   0.00    428.45     75.45
  89                  62.00    428.36     61.36
  90                   0.00    428.31     72.31
  91                   0.00    428.11     56.11
  92                  52.00    427.33     67.33
  91B                 91.00    427.27     67.27
  94                   0.00    428.52     89.52
  95                   0.00    428.52     85.52
  97                   0.00    428.52     97.52
  99                   0.00    428.36     78.36
  74                   0.00    428.57     69.86
  1074                 0.00    428.57     70.57
  11A                  0.00    428.52     85.52
  1011                 0.00    428.52     85.52
  0                -1463.00    429.00      0.00  Reservoir
   
   
  Link Results:
  ----------------------------------------------
                       Flow  Velocity  Headloss
  Link                 m3/h       m/s    /1000m
  ----------------------------------------------
  TU1                 52.00      0.57      1.66
  TU10                 0.00      0.00      0.00
  TU100              126.00      0.28      0.17
  TU101              126.00      0.18      0.06
  TU102               -0.00      0.00      0.00
  TU103              126.00      0.18      0.06
  TU104              126.00      0.18      0.06
  TU105              858.00      0.37      0.11
  TU106              858.00      0.37      0.11
  TU107                0.00      0.00      0.00
  TU108              858.00      0.37      0.11
  TU109              984.00      0.43      0.15
  TU11               171.00      0.78      1.76
  TU110              984.00      0.43      0.15
  TU111                0.00      0.00      0.00
  TU112               -0.00      0.00      0.00
  TU113                0.00      0.00      0.00
  TU114                0.00      0.00      0.00
  TU115             1057.00      0.37      0.10
  TU116             1057.00      0.37      0.10
  TU117               -0.00      0.00      0.00
  TU118                0.00      0.00      0.00
  TU119             1057.00      0.37      0.10
  TU12                 0.00      0.00      0.00
  TU120             1057.00      0.37      0.10
  TU121                0.00      0.00      0.00
  TU122                0.00      0.00      0.00
  TU123               -0.00      0.00      0.00
  TU124               84.00      0.96      4.42
  TU125               84.00      0.61      1.50
  TU126               84.00      0.38      0.49
  TU127               84.00      0.38      0.49
  TU128                0.00      0.00      0.00
  TU129                0.00      0.00      0.00
  TU13                 0.00      0.00      0.00
  TU130               -0.00      0.00      0.00
  TU131               -0.00      0.00      0.00
  TU132                0.00      0.00      0.00
  TU133               -0.00      0.00      0.00
  TU134               91.00      0.98      4.46
  TU135               56.00      0.12      0.04
  TU136               56.00      0.12      0.04
  TU137              140.00      0.20      0.07
  TU138              140.00      0.20      0.07
  TU139              140.00      0.14      0.03
  TU14               217.00      0.48      0.47
  TU140              140.00      0.14      0.03
  TU141                0.00      0.00      0.00
  TU142                0.00      0.00      0.00
  TU143               -0.00      0.00      0.00
  TU144               83.00      0.90      3.77
  TU145              143.00      0.99      3.47
  TU146              226.00      0.98      2.60
  TU147              226.00      0.61      0.81
  TU148                0.00      0.00      0.00
  TU149               -0.00      0.00      0.00
  TU15                -0.00      0.00      0.00
  TU150               -0.00      0.00      0.00
  TU151              226.00      0.32      0.17
  TU152               -0.00      0.00      0.00
  TU15301            288.00      0.41      0.27
  TU15302            288.00      0.41      0.27
  TU1074               0.00      0.00      0.00
  TU154              288.00      0.28      0.11
  TU155                0.00      0.00      0.00
  TU156              288.00      0.28      0.11
  TU157              288.00      0.28      0.11
  TU158                0.00      0.00      0.00
  TU159              288.00      0.28      0.11
  TU16              1463.00      0.26      0.04
  TU160                0.00      0.00      0.00
  TU161              288.00      0.28      0.11
  TU162              570.00      0.41      0.18
  TU163              570.00      0.41      0.18
  TU164              570.00      0.41      0.19
  TU166               72.00      1.48     13.99
  TU167               65.00      0.85      3.90
  TU168               65.00      0.85      3.90
  TU169              137.00      1.15      5.15
  TU17                -0.00      0.00      0.00
  TU170              137.00      0.63      1.18
  TU171              433.00      0.31      0.11
  TU17201             -0.00      0.00      0.00
  TU17202              0.00      0.00      0.00
  TU1011A             -0.00      0.00      0.00
  TU173               -0.00      0.00      0.00
  TU174               -0.00      0.00      0.00
  TU175               -0.00      0.00      0.00
  TU176              297.00      0.29      0.12
  TU177              433.00      0.43      0.23
  TU178              217.00      0.21      0.07
  TU179                0.00      0.00      0.00
  TU18                 0.00      0.00      0.00
  TU180                0.00      0.00      0.00
  TU181                0.00      0.00      0.00
  TU182                0.00      0.00      0.00
  TU183                0.00      0.00      0.00
  TU184                0.00      0.00      0.00
  TU185               48.00      0.11      0.03
  TU186               56.00      0.15      0.07
  TU187               56.00      0.12      0.04
  TU188              266.00      0.19      0.05
  TU189              266.00      0.19      0.05
  TU19                 0.00      0.00      0.00
  TU190               -0.00      0.00      0.00
  TU191                0.00      0.00      0.00
  TU192                0.00      0.00      0.00
  TU193                0.00      0.00      0.00
  TU194               -0.00      0.00      0.00
  TU195                0.00      0.00      0.00
  TU196                0.00      0.00      0.00
  TU197               -0.00      0.00      0.00
  TU198                0.00      0.00      0.00
  TU199                0.00      0.00      0.00
  TU2                  0.00      0.00      0.00
  TU20                 0.00      0.00      0.00
  TU200               -0.00      0.00      0.00
  TU201                0.00      0.00      0.00
  TU203                0.00      0.00      0.00
  TU204              266.00      0.12      0.01
  TU205              266.00      0.12      0.01
  TU21                67.00      0.56      1.40
  TU22               266.00      0.15      0.02
  TU23               266.00      0.15      0.02
  TU24               266.00      0.15      0.02
  TU25               266.00      0.15      0.02
  TU26               218.00      0.21      0.07
  TU27               218.00      0.21      0.07
  TU28               218.00      0.21      0.07
  TU29               218.00      0.21      0.07
  TU3                  0.00      0.00      0.00
  TU30                 0.00      0.00      0.00
  TU31                48.00      0.55      1.60
  TU32                 0.00      0.00      0.00
  TU33                48.00      0.22      0.18
  TU34                48.00      0.22      0.18
  TU35                 0.00      0.00      0.00
  TU36                 0.00      0.00      0.00
  TU37                48.00      0.14      0.06
  TU38                48.00      0.14      0.06
  TU39                -0.00      0.00      0.00
  TU4                288.00      0.41      0.27
  TU40                -0.00      0.00      0.00
  TU41                48.00      0.11      0.03
  TU42                 0.00      0.00      0.00
  TU43                48.00      0.07      0.01
  TU44                48.00      0.07      0.01
  TU45                48.00      0.07      0.01
  TU46                48.00      0.07      0.01
  TU47                -0.00      0.00      0.00
  TU48                 0.00      0.00      0.00
  TU49                 0.00      0.00      0.00
  TU5                288.00      0.41      0.27
  TU50                 0.00      0.00      0.00
  TU51                 0.00      0.00      0.00
  TU52                 0.00      0.00      0.00
  TU53                 0.00      0.00      0.00
  TU54                 0.00      0.00      0.00
  TU55                 0.00      0.00      0.00
  TU56                 0.00      0.00      0.00
  TU57                 0.00      0.00      0.00
  TU58                 0.00      0.00      0.00
  TU59                 0.00      0.00      0.00
  TU6                 48.00      0.07      0.01
  TU60                -0.00      0.00      0.00
  TU61                 0.00      0.00      0.00
  TU62                67.00      0.36      0.46
  TU63                 0.00      0.00      0.00
  TU64                67.00      0.36      0.46
  TU65                 0.00      0.00      0.00
  TU66                67.00      0.22      0.15
  TU67                67.00      0.19      0.10
  TU68                67.00      0.19      0.10
  TU69                67.00      0.09      0.02
  TU7                  0.00      0.00      0.00
  TU70               110.00      0.16      0.05
  TU71               110.00      0.16      0.05
  TU72               108.00      0.24      0.13
  TU73               108.00      0.24      0.13
  TU74               108.00      0.24      0.13
  TU75               108.00      0.24      0.13
  TU76               108.00      0.24      0.13
  TU77               108.00      0.24      0.13
  TU78                 0.00      0.00      0.00
  TU79                47.00      0.62      2.17
  TU8                117.00      1.26      7.06
  TU80                61.00      1.26     10.32
  TU81               108.00      0.91      3.33
  TU82                 0.00      0.00      0.00
  TU83                 0.00      0.00      0.00
  TU84                 0.00      0.00      0.00
  TU85                 0.00      0.00      0.00
  TU86                 0.00      0.00      0.00
  TU87                 0.00      0.00      0.00
  TU88                 0.00      0.00      0.00
  TU89                 0.00      0.00      0.00
  TU9                 54.00      0.91      5.05
  TU90                 0.00      0.00      0.00
  TU91                -0.00      0.00      0.00
  TU92                 0.00      0.00      0.00
  TU93                 0.00      0.00      0.00
  TU94                66.00      0.75      2.85
  TU95                66.00      0.19      0.10
  TU96                 0.00      0.00      0.00
  TU97                60.00      1.07      7.01
  TU98                60.00      0.69      2.40
  TU99               126.00      0.28      0.18
  TU4000               0.00      0.00      0.00
   
  Analysis ended Fri Dec  1 10:10:58 2023
