  Page 1                                    Fri Dec  1 10:08:50 2023

  ******************************************************************
  *                           E P A N E T                          *
  *                   Hydraulic and Water Quality                  *
  *                   Analysis for Pipe Networks                   *
  *                         Version 2.2                            *
  ******************************************************************
  
  Analysis begun Fri Dec  1 10:08:50 2023

   
  Node Results:
  ----------------------------------------------
                     Demand      Head  Pressure
  Node                 m3/h         m         m
  ----------------------------------------------
  3661                 0.00    428.85     50.71
  482                  0.00    428.84     82.84
  661                  0.00    428.83     98.83
  6610                 0.00    426.36      1.24
  6611                 0.00    427.46     92.46
  6612                 0.00    426.63     64.26
  6613                 0.00    426.63     71.63
  6615                 0.00    428.68     89.68
  6616                 0.00    428.83     67.83
  6617                 0.00    428.69     85.69
  6618                 0.00    428.83     80.83
  662                  0.00    428.21    100.21
  6620                 0.00    428.83    120.83
  6621                 0.00    428.83    100.83
  6622                 0.00    428.83     91.83
  6623                 0.00    428.83     77.83
  6624                 0.00    428.83     76.83
  6625                 0.00    428.83    116.83
  6626                 0.00    428.83    107.83
  6627                 0.00    428.83    107.83
  6628                 0.00    427.71     88.71
  6629                 0.00    427.71     87.71
  663                  0.00    427.83     86.83
  6630                 0.00    427.36      2.24
  6632                 0.00    427.89     87.89
  6633                 0.00    428.71     66.07
  6634                 0.00    428.76     57.76
  6635                 0.00    428.85     76.85
  6636                 0.00    428.85     72.85
  6637                 0.00    428.84     61.84
  6639                 0.00    426.41     66.41
  664                  0.00    427.73     79.73
  6640                 0.00    426.36     66.36
  6641                 0.00    426.44     67.76
  6642                 0.00    426.32     70.32
  6643                 0.00    426.86     74.86
  6644                 0.00    427.03     75.03
  6645                 0.00    427.13     77.13
  6646                 0.00    426.48     79.46
  6648                 0.00    426.65     80.64
  6649                 0.00    427.58     88.58
  665                  0.00    427.68     82.68
  666                  0.00    427.76     87.76
  6665                 0.00    428.80     63.66
  6666                 0.00    428.80     61.14
  667                  0.00    427.01     75.01
  668                  0.00    428.83     98.83
  669                  0.00    427.71     82.71
  1                   61.00    428.44     98.44
  10                  76.00    426.36     74.36
  100                163.00    426.27     71.27
  100B                81.00    425.89     67.89
  101                129.00    426.15     73.15
  103                  0.00    425.35     86.35
  104                151.00    425.19     86.19
  105                  0.00    426.63     71.63
  106                  0.00    426.63     71.63
  107                  0.00    428.68     89.68
  108                 56.00    427.90     92.34
  109                  0.00    428.50     91.50
  11B                 84.00    427.65     84.65
  110                  0.00    428.83     82.83
  111                  0.00    428.82     90.84
  112                  0.00    428.82     86.82
  113                  0.00    428.81    105.81
  114                  0.00    428.76     80.76
  115                 64.00    428.69     82.69
  116                  0.00    428.74     83.74
  117                  0.00    428.69     85.69
  118                  0.00    428.69     89.69
  119                  0.00    428.69    105.88
  12                   0.00    427.57     97.23
  121                  0.00    428.79     78.79
  122                  0.00    428.74     81.74
  123                  0.00    428.74     82.74
  125                  0.00    428.79     77.79
  126                  0.00    428.79     80.79
  127                  0.00    428.79     85.46
  128                  0.00    428.83     66.83
  129                  0.00    428.83     72.83
  130                  0.00    428.83     87.75
  130B                 0.00    428.83     75.83
  132                  0.00    428.83     95.83
  134                  0.00    428.83    107.83
  135                  0.00    428.83    112.83
  137                  0.00    428.83    119.83
  139                  0.00    428.83     68.83
  14                   0.00    427.40     89.40
  140                  0.00    428.83     77.83
  141                  0.00    428.83     76.83
  142                  0.00    428.83     67.83
  143                  0.00    428.83     87.86
  144                  0.00    428.83     69.83
  146                  0.00    428.83     82.83
  147                  0.00    428.83    107.83
  148                  0.00    428.83     95.83
  149                  0.00    428.83    115.62
  15                   0.00    427.46     92.46
  150                  0.00    428.83    120.76
  151                  0.00    428.83    123.59
  152                  0.00    428.83    118.81
  153                  0.00    428.83    118.83
  154                  0.00    428.83    103.83
  157                  0.00    428.83    125.83
  158A                 0.00    428.83    107.83
  158B                 0.00    428.83    107.83
  16B                  0.00    427.46     93.46
  160                  0.00    428.84     61.84
  162                  0.00    428.82     60.82
  163                 93.00    428.48     54.48
  164                  0.00    428.80     69.14
  165                  0.00    428.80     67.50
  166                  0.00    428.80     67.79
  167                  0.00    428.80     58.16
  169                  0.00    428.80     62.30
  17A                  0.00    427.46     92.46
  170                  0.00    428.85     69.85
  17B                  0.00    427.46     92.46
  171                  0.00    428.85     76.85
  172                  0.00    428.85     88.85
  18B                  0.00    427.46    102.46
  19                   0.00    428.71     70.71
  2                    0.00    428.26    102.26
  20                  85.00    428.85     64.85
  2002                 0.00    427.71     77.71
  2003                 0.00    427.71     77.71
  21                   0.00    428.84     66.11
  22                  71.00    428.84     67.24
  222                  0.00    428.84     78.84
  24                   0.00    428.84     84.84
  25                   0.00    428.83     83.83
  26                   0.00    428.83     80.83
  27                   0.00    428.83     78.83
  28                   0.00    428.83     80.83
  29                  59.00    428.83     72.83
  3                    0.00    428.05     87.70
  30                   0.00    428.83     67.83
  3002                 0.00    428.85     42.85
  3004                 0.00    428.85     42.85
  3005                 0.00    428.85     42.85
  3008                 0.00    428.85     43.85
  3012                 0.00    428.85     58.12
  3013                 0.00    428.85     63.92
  3016                 0.00    428.85     63.85
  3017                 0.00    428.87     46.87
  3018                 0.00    428.86     51.86
  3019                 0.00    428.85     59.46
  3020                 0.00    428.85     60.74
  3024                 0.00    428.85     63.91
  31                   0.00    428.83     71.04
  3152                 0.00    428.85     62.65
  32                   0.00    428.83     70.83
  34                   0.00    428.83     77.81
  35                   0.00    428.83     91.83
  36                   0.00    428.83    100.83
  39                   0.00    428.83    115.83
  41                   0.00    428.83    121.83
  46                   0.00    428.86     52.86
  47                   0.00    428.80     70.62
  48                   0.00    428.84     84.84
  49                   0.00    428.84     76.84
  5                    0.00    427.94     80.94
  52                   0.00    428.84     77.84
  53                   0.00    428.76     72.76
  54                   0.00    428.61     83.61
  55                   0.00    427.53     97.53
  56                   0.00    427.09     93.09
  58                 102.00    423.23     90.23
  59                 165.00    419.44     90.44
  6                   57.00    426.84     74.84
  60                   0.00    428.05     83.05
  61                   0.00    428.05     89.05
  62                 107.00    422.19     68.19
  64                   0.00    428.08     97.08
  65                  86.00    427.53     87.53
  66                  81.00    427.89     88.89
  67                 110.00    427.78     95.78
  68                   0.00    427.36     88.36
  69                  59.00    426.57     75.57
  7                    0.00    427.78     74.78
  70                   0.00    427.71     87.71
  71                  70.00    426.48     89.48
  72                  85.00    426.43     70.43
  73                 167.00    426.83     71.83
  77                 121.00    422.78     66.78
  78                   0.00    426.43     86.29
  79                   0.00    427.77     74.77
  8                   68.00    426.88     76.88
  80                   0.00    427.70     78.70
  81                   0.00    426.65     67.65
  82                 102.00    425.98     67.98
  85                   0.00    427.71     88.71
  86                   0.00    427.71     90.71
  87                   0.00    426.69     66.69
  88                   0.00    426.63     73.63
  89                  64.00    426.50     59.50
  90                   0.00    426.32     70.32
  91                   0.00    426.41     54.41
  92                   0.00    426.36     66.36
  91B                  0.00    426.36     66.36
  94                   0.00    427.58     88.58
  95                   0.00    427.36     84.36
  97                   0.00    427.21     96.21
  99                  53.00    426.08     76.08
  74                  72.00    424.87     66.16
  1074                 0.00    426.81     68.81
  11A                 73.00    427.15     84.15
  1011                 0.00    427.21     84.21
  0                -2815.00    429.00      0.00  Reservoir
   
   
  Link Results:
  ----------------------------------------------
                       Flow  Velocity  Headloss
  Link                 m3/h       m/s    /1000m
  ----------------------------------------------
  TU1                 -0.00      0.00      0.00
  TU10                 0.00      0.00      0.00
  TU100              239.00      0.53      0.56
  TU101              320.00      0.45      0.32
  TU102               86.00      1.53     13.54
  TU103              406.00      0.57      0.50
  TU104              406.00      0.57      0.50
  TU105             1653.00      0.72      0.38
  TU106             1653.00      0.72      0.38
  TU107                0.00      0.00      0.00
  TU108             1653.00      0.72      0.38
  TU109             2059.00      0.90      0.56
  TU11               129.00      0.59      1.05
  TU110             2059.00      0.90      0.56
  TU111              165.00      2.17     21.52
  TU112              267.00      1.95     12.45
  TU113              267.00      1.42      5.72
  TU114              267.00      1.42      5.72
  TU115             2387.00      0.84      0.44
  TU116             2387.00      0.84      0.44
  TU117                0.00      0.00      0.00
  TU118                0.00      0.00      0.00
  TU119             2387.00      0.84      0.44
  TU12               151.00      1.72     12.93
  TU120             2387.00      0.84      0.44
  TU121               -0.00      0.00      0.00
  TU122                0.00      0.00      0.00
  TU123               -0.00      0.00      0.00
  TU124                0.00      0.00      0.00
  TU125               -0.00      0.00      0.00
  TU126               -0.00      0.00      0.00
  TU127               -0.00      0.00      0.00
  TU128                0.00      0.00      0.00
  TU129                0.00      0.00      0.00
  TU13               151.00      1.10      4.36
  TU130               -0.00      0.00      0.00
  TU131               -0.00      0.00      0.00
  TU132                0.00      0.00      0.00
  TU133               -0.00      0.00      0.00
  TU134               -0.00      0.00      0.00
  TU135               93.00      0.21      0.10
  TU136               93.00      0.21      0.10
  TU137               93.00      0.13      0.03
  TU138               93.00      0.13      0.03
  TU139               93.00      0.09      0.01
  TU14               280.00      0.62      0.74
  TU140               93.00      0.09      0.01
  TU141              107.00      1.80     17.66
  TU142              313.00      0.84      1.48
  TU143               -0.00      0.00      0.00
  TU144               81.00      0.87      3.61
  TU145               -0.00      0.00      0.00
  TU146               81.00      0.35      0.40
  TU147               81.00      0.22      0.13
  TU148               -0.00      0.00      0.00
  TU149              163.00      1.13      4.40
  TU15                -0.00      0.00      0.00
  TU150              163.00      1.13      4.40
  TU151              244.00      0.35      0.20
  TU152               53.00      0.61      1.91
  TU15301            433.00      0.61      0.56
  TU15302            361.00      0.51      0.40
  TU1074              72.00      0.95      4.70
  TU154              600.00      0.59      0.42
  TU155               76.00      1.28      9.42
  TU156              676.00      0.66      0.52
  TU157              989.00      0.97      1.05
  TU158               57.00      1.01      6.38
  TU159             1046.00      1.03      1.16
  TU16              2815.00      0.51      0.12
  TU160               68.00      1.21      8.81
  TU161             1114.00      1.09      1.30
  TU162              539.00      0.39      0.16
  TU163              539.00      0.39      0.16
  TU164              539.00      0.39      0.17
  TU166               -0.00      0.00      0.00
  TU167              102.00      1.34      8.87
  TU168              102.00      1.34      8.87
  TU169              102.00      0.86      3.00
  TU17                56.00      1.00      6.18
  TU170              102.00      0.47      0.69
  TU171              437.00      0.32      0.11
  TU17201             73.00      0.96      4.81
  TU17202              0.00      0.00      0.00
  TU1011A             73.00      0.96      4.81
  TU173               73.00      0.53      1.16
  TU174               -0.00      0.00      0.00
  TU175               73.00      0.33      0.38
  TU176              280.00      0.28      0.10
  TU177              364.00      0.36      0.17
  TU178              280.00      0.28      0.10
  TU179                0.00      0.00      0.00
  TU18                56.00      0.64      2.11
  TU180                0.00      0.00      0.00
  TU181                0.00      0.00      0.00
  TU182                0.00      0.00      0.00
  TU183                0.00      0.00      0.00
  TU184                0.00      0.00      0.00
  TU185               64.00      0.14      0.05
  TU186               -0.00      0.00      0.00
  TU187               93.00      0.21      0.10
  TU188              123.00      0.09      0.01
  TU189              123.00      0.09      0.01
  TU19                -0.00      0.00      0.00
  TU190               -0.00      0.00      0.00
  TU191                0.00      0.00      0.00
  TU192                0.00      0.00      0.00
  TU193                0.00      0.00      0.00
  TU194               -0.00      0.00      0.00
  TU195                0.00      0.00      0.00
  TU196                0.00      0.00      0.00
  TU197               -0.00      0.00      0.00
  TU198                0.00      0.00      0.00
  TU199                0.00      0.00      0.00
  TU2                  0.00      0.00      0.00
  TU20                56.00      0.41      0.72
  TU200               -0.00      0.00      0.00
  TU201                0.00      0.00      0.00
  TU203                0.00      0.00      0.00
  TU204              335.00      0.15      0.02
  TU205              335.00      0.15      0.02
  TU21                -0.00      0.00      0.00
  TU22               179.00      0.10      0.01
  TU23               179.00      0.10      0.01
  TU24               250.00      0.14      0.02
  TU25               250.00      0.14      0.02
  TU26                 0.00      0.00      0.00
  TU27                 0.00      0.00      0.00
  TU28                59.00      0.06      0.01
  TU29                59.00      0.06      0.01
  TU3                  0.00      0.00      0.00
  TU30                 0.00      0.00      0.00
  TU31                -0.00      0.00      0.00
  TU32                 0.00      0.00      0.00
  TU33                 0.00      0.00      0.00
  TU34                64.00      0.29      0.30
  TU35                -0.00      0.00      0.00
  TU36                 0.00      0.00      0.00
  TU37                64.00      0.18      0.09
  TU38                64.00      0.18      0.09
  TU39                -0.00      0.00      0.00
  TU4                361.00      0.51      0.40
  TU40                -0.00      0.00      0.00
  TU41                64.00      0.14      0.05
  TU42                93.00      0.64      1.58
  TU43                64.00      0.09      0.02
  TU44                64.00      0.09      0.02
  TU45                64.00      0.09      0.02
  TU46                64.00      0.09      0.02
  TU47                -0.00      0.00      0.00
  TU48                 0.00      0.00      0.00
  TU49                 0.00      0.00      0.00
  TU5                361.00      0.51      0.40
  TU50                 0.00      0.00      0.00
  TU51                 0.00      0.00      0.00
  TU52                 0.00      0.00      0.00
  TU53                 0.00      0.00      0.00
  TU54                 0.00      0.00      0.00
  TU55                 0.00      0.00      0.00
  TU56                 0.00      0.00      0.00
  TU57                 0.00      0.00      0.00
  TU58                 0.00      0.00      0.00
  TU59                 0.00      0.00      0.00
  TU6                 64.00      0.09      0.02
  TU60                -0.00      0.00      0.00
  TU61                 0.00      0.00      0.00
  TU62                -0.00      0.00      0.00
  TU63                 0.00      0.00      0.00
  TU64                 0.00      0.00      0.00
  TU65                 0.00      0.00      0.00
  TU66                 0.00      0.00      0.00
  TU67                 0.00      0.00      0.00
  TU68                 0.00      0.00      0.00
  TU69                 0.00      0.00      0.00
  TU7                121.00      2.04     22.15
  TU70                 0.00      0.00      0.00
  TU71                 0.00      0.00      0.00
  TU72                 0.00      0.00      0.00
  TU73                 0.00      0.00      0.00
  TU74                 0.00      0.00      0.00
  TU75                 0.00      0.00      0.00
  TU76                 0.00      0.00      0.00
  TU77                 0.00      0.00      0.00
  TU78                 0.00      0.00      0.00
  TU79                 0.00      0.00      0.00
  TU8                129.00      1.39      8.44
  TU80                 0.00      0.00      0.00
  TU81                 0.00      0.00      0.00
  TU82                 0.00      0.00      0.00
  TU83                 0.00      0.00      0.00
  TU84                 0.00      0.00      0.00
  TU85                 0.00      0.00      0.00
  TU86                 0.00      0.00      0.00
  TU87                 0.00      0.00      0.00
  TU88                 0.00      0.00      0.00
  TU89                 0.00      0.00      0.00
  TU9                  0.00      0.00      0.00
  TU90                 0.00      0.00      0.00
  TU91                -0.00      0.00      0.00
  TU92                -0.00      0.00      0.00
  TU93                 0.00      0.00      0.00
  TU94                70.00      0.80      3.17
  TU95                70.00      0.20      0.11
  TU96                 0.00      0.00      0.00
  TU97                59.00      1.05      6.80
  TU98                59.00      0.67      2.32
  TU99               129.00      0.29      0.18
  TU4000               0.00      0.00      0.00
   
  Analysis ended Fri Dec  1 10:08:50 2023
