  Page 1                                    Fri Dec  1 10:06:23 2023

  ******************************************************************
  *                           E P A N E T                          *
  *                   Hydraulic and Water Quality                  *
  *                   Analysis for Pipe Networks                   *
  *                         Version 2.2                            *
  ******************************************************************
  
  Analysis begun Fri Dec  1 10:06:23 2023

   
  Node Results:
  ----------------------------------------------
                     Demand      Head  Pressure
  Node                 m3/h         m         m
  ----------------------------------------------
  3661                 0.00    428.41     50.27
  482                  0.00    427.55     81.55
  661                  0.00    426.30     96.30
  6610                 0.00    425.12     -0.00
  6611                 0.00    424.98     89.98
  6612                 0.00    425.90     63.53
  6613                 0.00    424.67     69.67
  6615                 0.00    427.94     88.94
  6616                 0.00    427.13     66.13
  6617                 0.00    427.61     84.61
  6618                 0.00    427.91     79.91
  662                  0.00    427.88     99.88
  6620                 0.00    425.50    117.50
  6621                 0.00    426.32     98.32
  6622                 0.00    426.51     89.51
  6623                 0.00    426.70     75.70
  6624                 0.00    426.77     74.77
  6625                 0.00    426.24    114.24
  6626                 0.00    426.33    105.33
  6627                 0.00    425.06    104.06
  6628                 0.00    424.95     85.95
  6629                 0.00    427.35     87.35
  663                  0.00    427.31     86.31
  6630                 0.00    427.65      2.53
  6632                 0.00    427.79     87.79
  6633                 0.00    428.49     65.85
  6634                 0.00    428.55     57.55
  6635                 0.00    428.55     76.55
  6636                 0.00    428.55     72.55
  6637                 0.00    428.46     61.46
  6639                 0.00    425.25     65.25
  664                  0.00    426.98     78.98
  6640                 0.00    425.22     65.22
  6641                 0.00    425.47     66.79
  6642                 0.00    425.36     69.36
  6643                 0.00    426.38     74.38
  6644                 0.00    426.62     74.62
  6645                 0.00    426.72     76.72
  6646                 0.00    425.82     78.80
  6648                 0.00    425.98     79.97
  6649                 0.00    426.79     87.79
  665                  0.00    426.79     81.79
  666                  0.00    427.65     87.65
  6665                 0.00    428.33     63.19
  6666                 0.00    428.44     60.78
  667                  0.00    426.60     74.60
  668                  0.00    426.30     96.30
  669                  0.00    427.12     82.12
  1                    0.00    428.16     98.16
  10                  63.00    426.02     74.02
  100                159.00    425.31     70.31
  100B                 0.00    425.22     67.22
  101                 67.00    424.52     71.52
  103                  0.00    424.85     85.85
  104                 87.00    424.80     85.80
  105                 77.00    424.65     69.65
  106                  0.00    424.67     69.67
  107                 64.00    427.72     88.72
  108                  0.00    427.94     92.38
  109                  0.00    427.94     90.94
  11B                118.00    426.66     83.66
  110                  0.00    427.91     81.91
  111                  0.00    427.90     89.92
  112                  0.00    427.91     85.91
  113                  0.00    427.88    104.88
  114                  0.00    427.83     79.83
  115                  0.00    427.73     81.73
  116                  0.00    427.79     82.79
  117                 75.00    427.52     84.52
  118                  0.00    427.61     88.61
  119                  0.00    427.61    104.80
  12                 109.00    426.16     95.82
  121                  0.00    427.86     77.86
  122                  0.00    427.79     80.79
  123                  0.00    427.79     81.79
  125                  0.00    427.86     76.86
  126                  0.00    427.86     79.86
  127                  0.00    427.86     84.53
  128                  0.00    427.10     65.10
  129                  0.00    426.61     70.61
  130                124.00    426.36     85.28
  130B                57.00    426.49     73.49
  132                  0.00    424.94     91.94
  134                 61.00    424.76    103.76
  135                 58.00    424.47    108.47
  137                  0.00    424.47    115.47
  139                  0.00    426.30     66.30
  14                  52.00    425.60     87.60
  140                  0.00    426.30     75.30
  141                  0.00    426.30     74.30
  142                  0.00    426.30     65.30
  143                 51.00    422.95     81.98
  144                 86.00    426.84     67.84
  146                  0.00    426.49     80.49
  147                 72.00    425.97    104.97
  148                 66.00    426.45     93.45
  149                  0.00    426.24    113.03
  15                 195.00    424.46     89.46
  150                  0.00    426.13    118.06
  151                  0.00    425.90    120.66
  152                 65.00    424.16    114.14
  153                  0.00    424.75    114.75
  154                  0.00    426.23    101.23
  157                  0.00    425.50    122.50
  158A                74.00    413.85     92.85
  158B                74.00    413.82     92.82
  16B                  0.00    425.67     91.67
  160                 62.00    428.46     61.46
  162                  0.00    428.45     60.45
  163                  0.00    428.44     54.44
  164                  0.00    428.42     68.76
  165                 63.00    428.33     67.03
  166                  0.00    428.33     67.32
  167                  0.00    428.33     57.69
  169                  0.00    428.41     61.91
  17A                  0.00    424.86     89.86
  170                  0.00    428.51     69.51
  17B                171.00    424.74     89.74
  171                  0.00    428.55     76.55
  172                  0.00    428.55     88.55
  18B                  0.00    424.74     99.74
  19                   0.00    428.49     70.49
  2                    0.00    427.94    101.94
  20                  83.00    428.41     64.41
  2002                 0.00    427.12     77.12
  2003                 0.00    427.12     77.12
  21                  59.00    428.34     65.61
  22                  66.00    428.34     66.74
  222                  0.00    428.21     78.21
  24                   0.00    428.14     84.14
  25                   0.00    428.03     83.03
  26                   0.00    427.91     79.91
  27                   0.00    427.92     77.92
  28                  56.00    427.71     79.71
  29                  57.00    427.21     71.21
  3                   66.00    427.63     87.28
  30                   0.00    427.15     66.15
  3002                 0.00    428.41     42.41
  3004                 0.00    428.41     42.41
  3005                 0.00    428.41     42.41
  3008                 0.00    428.41     43.41
  3012                 0.00    428.41     57.68
  3013                 0.00    428.41     63.48
  3016               132.00    428.47     63.47
  3017                47.00    428.69     46.69
  3018                 0.00    428.59     51.59
  3019                 0.00    428.41     59.02
  3020                 0.00    428.41     60.30
  3024                 0.00    428.41     63.47
  31                   0.00    426.90     69.11
  3152                 0.00    428.41     62.21
  32                   0.00    427.00     69.00
  34                  71.00    426.52     75.50
  35                   0.00    426.51     89.51
  36                   0.00    426.32     98.32
  39                   0.00    425.96    112.96
  41                   0.00    425.23    118.23
  46                  47.00    428.59     52.59
  47                   0.00    428.41     70.23
  48                   0.00    427.16     83.16
  49                  77.00    424.23     72.23
  5                    0.00    427.46     80.46
  52                  85.00    424.20     73.20
  53                   0.00    428.55     72.55
  54                   0.00    428.37     83.37
  55                   0.00    426.68     96.68
  56                  48.00    425.95     91.95
  58                 131.00    421.13     88.13
  59                 170.00    417.13     88.13
  6                   59.00    426.42     74.42
  60                   0.00    427.63     82.63
  61                   0.00    427.63     88.63
  62                   0.00    426.53     72.53
  64                   0.00    427.84     96.84
  65                   0.00    427.79     87.79
  66                   0.00    427.78     88.78
  67                   0.00    427.70     95.70
  68                   0.00    427.65     88.65
  69                   0.00    427.65     76.65
  7                    0.00    427.12     74.12
  70                 145.00    426.23     86.23
  71                   0.00    427.35     90.35
  72                 101.00    426.53     70.53
  73                 161.00    426.33     71.33
  77                   0.00    426.53     70.53
  78                   0.00    426.53     86.39
  79                  55.00    427.12     74.12
  8                    0.00    426.72     76.72
  80                   0.00    426.95     77.95
  81                   0.00    425.98     66.98
  82                  98.00    425.35     67.35
  85                  59.00    424.68     85.68
  86                   0.00    424.95     87.95
  87                   0.00    426.03     66.03
  88                   0.00    425.90     72.90
  89                   0.00    425.61     58.61
  90                   0.00    425.36     69.36
  91                 177.00    424.83     52.83
  92                  62.00    425.07     65.07
  91B                  0.00    425.12     65.12
  94                   0.00    426.79     87.79
  95                   0.00    426.79     83.79
  97                   0.00    426.79     95.79
  99                 149.00    422.85     72.85
  74                  83.00    423.77     65.06
  1074                 0.00    426.30     68.30
  11A                  0.00    426.79     83.79
  1011                 0.00    426.79     83.79
  0                -4494.00    429.00      0.00  Reservoir
   
   
  Link Results:
  ----------------------------------------------
                       Flow  Velocity  Headloss
  Link                 m3/h       m/s    /1000m
  ----------------------------------------------
  TU1                 62.00      0.68      2.28
  TU10                77.00      0.83      3.29
  TU100              204.00      0.45      0.42
  TU101              204.00      0.29      0.14
  TU102                0.00      0.00      0.00
  TU103              204.00      0.29      0.14
  TU104              204.00      0.29      0.14
  TU105             2043.00      0.89      0.56
  TU106             2043.00      0.89      0.56
  TU107                0.00      0.00      0.00
  TU108             2109.00      0.92      0.59
  TU109             2313.00      1.01      0.70
  TU11               144.00      0.66      1.29
  TU110             2313.00      1.01      0.70
  TU111              170.00      2.24     22.74
  TU112              301.00      2.20     15.55
  TU113              349.00      1.85      9.38
  TU114              349.00      1.85      9.38
  TU115             2662.00      0.94      0.54
  TU116             2662.00      0.94      0.54
  TU117               -0.00      0.00      0.00
  TU118                0.00      0.00      0.00
  TU119             2662.00      0.94      0.54
  TU12                87.00      0.99      4.70
  TU120             2662.00      0.94      0.54
  TU121                0.00      0.00      0.00
  TU122                0.00      0.00      0.00
  TU123                0.00      0.00      0.00
  TU124               85.00      0.97      4.51
  TU125              162.00      1.18      4.96
  TU126              162.00      0.74      1.59
  TU127              162.00      0.74      1.59
  TU128                0.00      0.00      0.00
  TU129                0.00      0.00      0.00
  TU13                87.00      0.64      1.60
  TU130               63.00      0.27      0.26
  TU131               63.00      0.27      0.26
  TU132                0.00      0.00      0.00
  TU133               63.00      0.27      0.26
  TU134               -0.00      0.00      0.00
  TU135               63.00      0.14      0.05
  TU136              125.00      0.28      0.17
  TU137              287.00      0.41      0.26
  TU138              287.00      0.41      0.26
  TU139              287.00      0.28      0.11
  TU14               283.00      0.63      0.76
  TU140              334.00      0.33      0.14
  TU141                0.00      0.00      0.00
  TU142              101.00      0.27      0.19
  TU143              177.00      0.77      1.66
  TU144               -0.00      0.00      0.00
  TU145               62.00      0.43      0.76
  TU146               62.00      0.27      0.25
  TU147              239.00      0.65      0.90
  TU148               -0.00      0.00      0.00
  TU149              159.00      1.10      4.21
  TU15                -0.00      0.00      0.00
  TU150              159.00      1.10      4.21
  TU151              398.00      0.56      0.48
  TU152              149.00      1.70     12.62
  TU15301            630.00      0.89      1.11
  TU15302            547.00      0.77      0.86
  TU1074              83.00      1.09      6.08
  TU154              791.00      0.78      0.70
  TU155               63.00      1.06      6.69
  TU156              854.00      0.84      0.80
  TU157              955.00      0.94      0.98
  TU158               59.00      1.05      6.80
  TU159             1014.00      1.00      1.10
  TU16              4494.00      0.81      0.28
  TU160                0.00      0.00      0.00
  TU161             1014.00      1.00      1.10
  TU162             1029.00      0.74      0.53
  TU163              974.00      0.70      0.48
  TU164             1029.00      0.74      0.53
  TU166               -0.00      0.00      0.00
  TU167               98.00      1.29      8.24
  TU168               98.00      1.29      8.25
  TU169               98.00      0.82      2.79
  TU17                -0.00      0.00      0.00
  TU170               98.00      0.45      0.64
  TU171              876.00      0.63      0.40
  TU17201             -0.00      0.00      0.00
  TU17202              0.00      0.00      0.00
  TU1011A             -0.00      0.00      0.00
  TU173               -0.00      0.00      0.00
  TU174               -0.00      0.00      0.00
  TU175               -0.00      0.00      0.00
  TU176              758.00      0.74      0.64
  TU177              876.00      0.86      0.84
  TU178              649.00      0.64      0.48
  TU179              366.00      1.04      2.22
  TU18                 0.00      0.00      0.00
  TU180              171.00      0.49      0.55
  TU181                0.00      0.00      0.00
  TU182              171.00      0.78      1.76
  TU183                0.00      0.00      0.00
  TU184                0.00      0.00      0.00
  TU185               75.00      0.17      0.07
  TU186               63.00      0.17      0.08
  TU187               63.00      0.14      0.05
  TU188             1047.00      0.76      0.55
  TU189             1047.00      0.76      0.55
  TU19                64.00      1.14      7.89
  TU190               65.00      0.85      3.90
  TU191               -0.00      0.00      0.00
  TU192                0.00      0.00      0.00
  TU193                0.00      0.00      0.00
  TU194               -0.00      0.00      0.00
  TU195                0.00      0.00      0.00
  TU196                0.00      0.00      0.00
  TU197               -0.00      0.00      0.00
  TU198                0.00      0.00      0.00
  TU199                0.00      0.00      0.00
  TU2                195.00      2.23     20.75
  TU20                64.00      0.47      0.92
  TU200               -0.00      0.00      0.00
  TU201                0.00      0.00      0.00
  TU203                0.00      0.00      0.00
  TU204             1319.00      0.58      0.25
  TU205             1451.00      0.63      0.30
  TU21                65.00      0.55      1.33
  TU22              1111.00      0.61      0.32
  TU23              1111.00      0.61      0.32
  TU24              1177.00      0.65      0.36
  TU25              1236.00      0.68      0.39
  TU26               859.00      0.84      0.81
  TU27               859.00      0.84      0.81
  TU28               916.00      0.90      0.91
  TU29               972.00      0.95      1.02
  TU3                  0.00      0.00      0.00
  TU30                 0.00      0.00      0.00
  TU31                -0.00      0.00      0.00
  TU32                75.00      0.86      3.59
  TU33                75.00      0.34      0.40
  TU34                75.00      0.34      0.40
  TU35                -0.00      0.00      0.00
  TU36                 0.00      0.00      0.00
  TU37                75.00      0.21      0.13
  TU38                75.00      0.21      0.13
  TU39                -0.00      0.00      0.00
  TU4                547.00      0.77      0.86
  TU40                -0.00      0.00      0.00
  TU41                75.00      0.17      0.07
  TU42                 0.00      0.00      0.00
  TU43                75.00      0.11      0.02
  TU44                75.00      0.11      0.02
  TU45                75.00      0.11      0.02
  TU46                75.00      0.11      0.02
  TU47                -0.00      0.00      0.00
  TU48               148.00      1.95     17.60
  TU49               148.00      1.25      5.93
  TU5                547.00      0.77      0.86
  TU50                 0.00      0.00      0.00
  TU51               148.00      0.79      1.94
  TU52               148.00      0.49      0.62
  TU53               148.00      0.49      0.62
  TU54                 0.00      0.00      0.00
  TU55               148.00      0.49      0.62
  TU56                 0.00      0.00      0.00
  TU57               148.00      0.42      0.43
  TU58                71.00      1.26      9.53
  TU59               219.00      0.62      0.87
  TU6                 75.00      0.11      0.02
  TU60                65.00      1.34     11.60
  TU61                 0.00      0.00      0.00
  TU62                65.00      0.35      0.44
  TU63                 0.00      0.00      0.00
  TU64                65.00      0.35      0.44
  TU65                72.00      1.48     13.99
  TU66               137.00      0.45      0.54
  TU67               203.00      0.58      0.76
  TU68               203.00      0.58      0.76
  TU69               422.00      0.60      0.53
  TU7                  0.00      0.00      0.00
  TU70               422.00      0.60      0.53
  TU71               422.00      0.60      0.53
  TU72               170.00      0.38      0.30
  TU73               294.00      0.65      0.81
  TU74               351.00      0.78      1.12
  TU75               351.00      0.78      1.12
  TU76               437.00      0.97      1.68
  TU77               437.00      0.97      1.68
  TU78                 0.00      0.00      0.00
  TU79                58.00      0.76      3.17
  TU8                 67.00      0.72      2.56
  TU80                61.00      1.26     10.33
  TU81               119.00      1.00      3.98
  TU82                51.00      0.91      5.21
  TU83                51.00      0.67      2.51
  TU84                 0.00      0.00      0.00
  TU85                 0.00      0.00      0.00
  TU86                 0.00      0.00      0.00
  TU87                 0.00      0.00      0.00
  TU88                51.00      0.11      0.03
  TU89                59.00      1.05      6.80
  TU9                  0.00      0.00      0.00
  TU90                 0.00      0.00      0.00
  TU91                59.00      0.67      2.32
  TU92               204.00      0.93      2.43
  TU93               204.00      0.58      0.76
  TU94                 0.00      0.00      0.00
  TU95               204.00      0.58      0.76
  TU96                 0.00      0.00      0.00
  TU97                 0.00      0.00      0.00
  TU98                 0.00      0.00      0.00
  TU99               204.00      0.45      0.42
  TU4000              74.00      0.97      4.93
   
  Analysis ended Fri Dec  1 10:06:23 2023
