  Page 1                                    Fri Dec  1 09:51:19 2023

  ******************************************************************
  *                           E P A N E T                          *
  *                   Hydraulic and Water Quality                  *
  *                   Analysis for Pipe Networks                   *
  *                         Version 2.2                            *
  ******************************************************************
  
  Analysis begun Fri Dec  1 09:51:19 2023

   
  Node Results:
  ----------------------------------------------
                     Demand      Head  Pressure
  Node                 m3/h         m         m
  ----------------------------------------------
  3661                 0.00    428.95     50.81
  482                  0.00    428.63     82.63
  661                  0.00    428.88     98.88
  6610                 0.00    428.50      3.38
  6611                 0.00    428.85     93.85
  6612                 0.00    428.78     66.41
  6613                 0.00    428.85     73.85
  6615                 0.00    428.74     89.74
  6616                 0.00    428.88     67.88
  6617                 0.00    428.85     85.85
  6618                 0.00    428.90     80.90
  662                  0.00    428.90    100.90
  6620                 0.00    428.86    120.86
  6621                 0.00    428.86    100.86
  6622                 0.00    428.86     91.86
  6623                 0.00    428.86     77.86
  6624                 0.00    428.86     76.86
  6625                 0.00    428.60    116.60
  6626                 0.00    428.74    107.74
  6627                 0.00    428.88    107.88
  6628                 0.00    428.81     89.81
  6629                 0.00    428.81     88.81
  663                  0.00    428.87     87.87
  6630                 0.00    428.81      3.69
  6632                 0.00    428.83     88.83
  6633                 0.00    428.96     66.32
  6634                 0.00    428.96     57.96
  6635                 0.00    428.94     76.94
  6636                 0.00    428.94     72.94
  6637                 0.00    428.92     61.92
  6639                 0.00    428.67     68.67
  664                  0.00    428.85     80.85
  6640                 0.00    428.57     68.57
  6641                 0.00    428.74     70.06
  6642                 0.00    428.74     72.74
  6643                 0.00    428.81     76.81
  6644                 0.00    428.82     76.82
  6645                 0.00    428.83     78.83
  6646                 0.00    428.53     81.51
  6648                 0.00    428.53     82.52
  6649                 0.00    428.80     89.80
  665                  0.00    428.85     83.85
  666                  0.00    428.81     88.81
  6665                 0.00    428.88     63.74
  6666                 0.00    428.90     61.24
  667                  0.00    428.82     76.82
  668                  0.00    428.88     98.88
  669                  0.00    428.81     83.81
  1                   70.00    428.93     98.93
  10                   0.00    428.81     76.81
  100                  0.00    428.74     73.74
  100B                76.00    428.16     70.16
  101                  0.00    428.85     75.85
  103                  0.00    428.85     89.85
  104                  0.00    428.85     89.85
  105                  0.00    428.85     73.85
  106                  0.00    428.85     73.85
  107                  0.00    428.74     89.74
  108                 62.00    427.80     92.24
  109                  0.00    428.53     91.53
  11B                  0.00    428.85     85.85
  110                  0.00    428.90     82.90
  111                 58.00    428.87     90.89
  112                  0.00    428.88     86.88
  113                  0.00    428.86    105.86
  114                  0.00    428.85     80.85
  115                  0.00    428.85     82.85
  116                  0.00    428.85     83.85
  117                  0.00    428.85     85.85
  118                  0.00    428.85     89.85
  119                  0.00    428.85    106.04
  12                   0.00    428.85     98.51
  121                  0.00    428.85     78.85
  122                  0.00    428.85     81.85
  123                  0.00    428.85     82.85
  125                  0.00    428.85     77.85
  126                 58.00    428.76     80.76
  127                  0.00    428.76     85.43
  128                 66.00    428.88     66.88
  129                  0.00    428.88     72.88
  130                  0.00    428.88     87.80
  130B                 0.00    428.88     75.88
  132                  0.00    428.88     95.88
  134                  0.00    428.88    107.88
  135                  0.00    428.88    112.88
  137                  0.00    428.88    119.88
  139                  0.00    428.88     68.88
  14                   0.00    428.85     90.85
  140                  0.00    428.88     77.88
  141                  0.00    428.88     76.88
  142                  0.00    428.88     67.88
  143                  0.00    428.88     87.91
  144                  0.00    428.88     69.88
  146                  0.00    428.80     82.80
  147                  0.00    428.74    107.74
  148                  0.00    428.79     95.79
  149                  0.00    428.60    115.39
  15                   0.00    428.85     93.85
  150                 84.00    428.43    120.36
  151                  0.00    428.43    123.19
  152                  0.00    428.43    118.41
  153                  0.00    428.43    118.43
  154                  0.00    428.86    103.86
  157                  0.00    428.86    125.86
  158A                 0.00    428.86    107.86
  158B                 0.00    428.86    107.86
  16B                  0.00    428.85     94.85
  160                  0.00    428.92     61.92
  162                  0.00    428.91     60.91
  163                  0.00    428.90     54.90
  164                  0.00    428.89     69.23
  165                  0.00    428.88     67.58
  166                  0.00    428.88     67.87
  167                  0.00    428.88     58.24
  169                 56.00    428.79     62.29
  17A                  0.00    428.85     93.85
  170                  0.00    428.93     69.93
  17B                  0.00    428.85     93.85
  171                  0.00    428.94     76.94
  172                  0.00    428.94     88.94
  18B                  0.00    428.85    103.85
  19                   0.00    428.96     70.96
  2                    0.00    428.91    102.91
  20                   0.00    428.95     64.95
  2002                 0.00    428.81     78.81
  2003                 0.00    428.81     78.81
  21                   0.00    428.95     66.22
  22                   0.00    428.95     67.35
  222                  0.00    428.93     78.93
  24                   0.00    428.93     84.93
  25                   0.00    428.92     83.92
  26                   0.00    428.90     80.90
  27                   0.00    428.91     78.91
  28                   0.00    428.90     80.90
  29                   0.00    428.88     72.88
  3                    0.00    428.89     88.54
  30                   0.00    428.88     67.88
  3002                 0.00    428.95     42.95
  3004                 0.00    428.95     42.95
  3005                 0.00    428.95     42.95
  3008                 0.00    428.95     43.95
  3012                 0.00    428.95     58.22
  3013                 0.00    428.95     64.02
  3016                 0.00    428.96     63.96
  3017                 0.00    428.97     46.97
  3018                 0.00    428.95     51.95
  3019                 0.00    428.95     59.56
  3020                 0.00    428.95     60.84
  3024                 0.00    428.95     64.01
  31                   0.00    428.87     71.08
  3152                 0.00    428.95     62.75
  32                   0.00    428.87     70.87
  34                   0.00    428.86     77.84
  35                   0.00    428.86     91.86
  36                   0.00    428.86    100.86
  39                   0.00    428.86    115.86
  41                   0.00    428.86    121.86
  46                   0.00    428.95     52.95
  47                   0.00    428.88     70.70
  48                   0.00    428.51     84.51
  49                   0.00    427.61     75.61
  5                    0.00    428.88     81.88
  52                  85.00    427.57     76.57
  53                   0.00    428.96     72.96
  54                   0.00    428.95     83.95
  55                   0.00    428.93     98.93
  56                   0.00    428.93     94.93
  58                   0.00    428.93     95.93
  59                   0.00    428.93     99.93
  6                    0.00    428.82     76.82
  60                   0.00    428.89     83.89
  61                   0.00    428.89     89.89
  62                 108.00    424.43     70.43
  64                   0.00    428.87     97.87
  65                  75.00    428.55     88.55
  66                   0.00    428.83     89.83
  67                 104.00    428.81     96.81
  68                   0.00    428.81     89.81
  69                   0.00    428.81     77.81
  7                    0.00    428.86     75.86
  70                   0.00    428.81     88.81
  71                   0.00    428.81     91.81
  72                   0.00    428.74     72.74
  73                   0.00    428.81     73.81
  77                   0.00    428.74     72.74
  78                   0.00    428.74     88.60
  79                   0.00    428.86     75.86
  8                    0.00    428.83     78.83
  80                 107.00    428.78     79.78
  81                  47.00    427.68     68.68
  82                   0.00    428.53     70.53
  85                   0.00    428.81     89.81
  86                   0.00    428.81     91.81
  87                   0.00    428.79     68.79
  88                   0.00    428.78     75.78
  89                   0.00    428.76     61.76
  90                   0.00    428.74     72.74
  91                   0.00    428.67     56.67
  92                  52.00    428.46     68.46
  91B                  0.00    428.50     68.50
  94                   0.00    428.80     89.80
  95                   0.00    428.68     85.68
  97                   0.00    428.61     97.61
  99                   0.00    428.76     78.76
  74                   0.00    428.81     70.10
  1074                 0.00    428.81     70.81
  11A                 51.00    428.57     85.57
  1011                 0.00    428.61     85.61
  0                -1159.00    429.00      0.00  Reservoir
   
   
  Link Results:
  ----------------------------------------------
                       Flow  Velocity  Headloss
  Link                 m3/h       m/s    /1000m
  ----------------------------------------------
  TU1                 52.00      0.57      1.66
  TU10                 0.00      0.00      0.00
  TU100              104.00      0.23      0.12
  TU101              104.00      0.15      0.04
  TU102               75.00      1.33     10.54
  TU103              179.00      0.25      0.11
  TU104              179.00      0.25      0.11
  TU105              441.00      0.19      0.03
  TU106              441.00      0.19      0.03
  TU107                0.00      0.00      0.00
  TU108              441.00      0.19      0.03
  TU109              620.00      0.27      0.06
  TU11                -0.00      0.00      0.00
  TU110              620.00      0.27      0.06
  TU111                0.00      0.00      0.00
  TU112               -0.00      0.00      0.00
  TU113                0.00      0.00      0.00
  TU114                0.00      0.00      0.00
  TU115              690.00      0.24      0.05
  TU116              690.00      0.24      0.05
  TU117               -0.00      0.00      0.00
  TU118                0.00      0.00      0.00
  TU119              690.00      0.24      0.05
  TU12                 0.00      0.00      0.00
  TU120              690.00      0.24      0.05
  TU121                0.00      0.00      0.00
  TU122                0.00      0.00      0.00
  TU123               -0.00      0.00      0.00
  TU124               85.00      0.97      4.51
  TU125               85.00      0.62      1.53
  TU126               85.00      0.39      0.50
  TU127               85.00      0.39      0.50
  TU128                0.00      0.00      0.00
  TU129                0.00      0.00      0.00
  TU13                 0.00      0.00      0.00
  TU130                0.00      0.00      0.00
  TU131               -0.00      0.00      0.00
  TU132               56.00      0.24      0.21
  TU133               56.00      0.24      0.21
  TU134               -0.00      0.00      0.00
  TU135               56.00      0.12      0.04
  TU136               56.00      0.12      0.04
  TU137              141.00      0.20      0.07
  TU138              141.00      0.20      0.07
  TU139              141.00      0.14      0.03
  TU14                -0.00      0.00      0.00
  TU140              141.00      0.14      0.03
  TU141              108.00      1.82     17.96
  TU142              108.00      0.29      0.21
  TU143               -0.00      0.00      0.00
  TU144               76.00      0.82      3.21
  TU145               52.00      0.36      0.55
  TU146              128.00      0.56      0.92
  TU147              128.00      0.35      0.29
  TU148               -0.00      0.00      0.00
  TU149               -0.00      0.00      0.00
  TU15                -0.00      0.00      0.00
  TU150               -0.00      0.00      0.00
  TU151              128.00      0.18      0.06
  TU152               -0.00      0.00      0.00
  TU15301            128.00      0.18      0.06
  TU15302            128.00      0.18      0.06
  TU1074               0.00      0.00      0.00
  TU154              128.00      0.13      0.03
  TU155                0.00      0.00      0.00
  TU156              128.00      0.13      0.03
  TU157              236.00      0.23      0.08
  TU158                0.00      0.00      0.00
  TU159              236.00      0.23      0.08
  TU16              1159.00      0.21      0.02
  TU160                0.00      0.00      0.00
  TU161              236.00      0.23      0.08
  TU162              205.00      0.15      0.03
  TU163              205.00      0.15      0.03
  TU164              205.00      0.15      0.03
  TU166               47.00      0.97      6.42
  TU167               -0.00      0.00      0.00
  TU168                0.00      0.00      0.00
  TU169               47.00      0.40      0.74
  TU17                62.00      1.10      7.44
  TU170              154.00      0.70      1.45
  TU171               51.00      0.04      0.00
  TU17201             51.00      0.67      2.51
  TU17202              0.00      0.00      0.00
  TU1011A             51.00      0.67      2.51
  TU173               51.00      0.37      0.61
  TU174               -0.00      0.00      0.00
  TU175               51.00      0.23      0.20
  TU176               -0.00      0.00      0.00
  TU177               -0.00      0.00      0.00
  TU178               -0.00      0.00      0.00
  TU179                0.00      0.00      0.00
  TU18                62.00      0.71      2.54
  TU180                0.00      0.00      0.00
  TU181                0.00      0.00      0.00
  TU182                0.00      0.00      0.00
  TU183                0.00      0.00      0.00
  TU184                0.00      0.00      0.00
  TU185               58.00      0.13      0.04
  TU186               56.00      0.15      0.07
  TU187               56.00      0.12      0.04
  TU188              266.00      0.19      0.05
  TU189              266.00      0.19      0.05
  TU19                 0.00      0.00      0.00
  TU190               -0.00      0.00      0.00
  TU191               -0.00      0.00      0.00
  TU192                0.00      0.00      0.00
  TU193                0.00      0.00      0.00
  TU194               -0.00      0.00      0.00
  TU195                0.00      0.00      0.00
  TU196                0.00      0.00      0.00
  TU197                0.00      0.00      0.00
  TU198                0.00      0.00      0.00
  TU199                0.00      0.00      0.00
  TU2                  0.00      0.00      0.00
  TU20                62.00      0.45      0.87
  TU200               -0.00      0.00      0.00
  TU201                0.00      0.00      0.00
  TU203                0.00      0.00      0.00
  TU204              328.00      0.14      0.02
  TU205              328.00      0.14      0.02
  TU21                -0.00      0.00      0.00
  TU22               328.00      0.18      0.04
  TU23               328.00      0.18      0.03
  TU24               328.00      0.18      0.03
  TU25               328.00      0.18      0.03
  TU26               150.00      0.15      0.03
  TU27               150.00      0.15      0.03
  TU28               150.00      0.15      0.03
  TU29               150.00      0.15      0.03
  TU3                  0.00      0.00      0.00
  TU30                 0.00      0.00      0.00
  TU31                 0.00      0.00      0.00
  TU32                 0.00      0.00      0.00
  TU33                 0.00      0.00      0.00
  TU34                 0.00      0.00      0.00
  TU35                 0.00      0.00      0.00
  TU36                 0.00      0.00      0.00
  TU37                -0.00      0.00      0.00
  TU38                 0.00      0.00      0.00
  TU39                -0.00      0.00      0.00
  TU4                128.00      0.18      0.06
  TU40                58.00      0.42      0.77
  TU41                58.00      0.13      0.04
  TU42                 0.00      0.00      0.00
  TU43               116.00      0.16      0.05
  TU44               116.00      0.16      0.05
  TU45               116.00      0.16      0.05
  TU46               116.00      0.16      0.05
  TU47                -0.00      0.00      0.00
  TU48                 0.00      0.00      0.00
  TU49                 0.00      0.00      0.00
  TU5                128.00      0.18      0.06
  TU50                 0.00      0.00      0.00
  TU51                 0.00      0.00      0.00
  TU52                 0.00      0.00      0.00
  TU53                 0.00      0.00      0.00
  TU54                 0.00      0.00      0.00
  TU55                 0.00      0.00      0.00
  TU56                 0.00      0.00      0.00
  TU57                 0.00      0.00      0.00
  TU58                 0.00      0.00      0.00
  TU59                 0.00      0.00      0.00
  TU6                 58.00      0.08      0.02
  TU60                 0.00      0.00      0.00
  TU61                 0.00      0.00      0.00
  TU62                84.00      0.45      0.70
  TU63                 0.00      0.00      0.00
  TU64                84.00      0.45      0.70
  TU65                 0.00      0.00      0.00
  TU66                84.00      0.28      0.22
  TU67                84.00      0.24      0.15
  TU68                84.00      0.24      0.15
  TU69                84.00      0.12      0.03
  TU7                  0.00      0.00      0.00
  TU70                84.00      0.12      0.03
  TU71                84.00      0.12      0.03
  TU72                 0.00      0.00      0.00
  TU73                 0.00      0.00      0.00
  TU74                 0.00      0.00      0.00
  TU75                 0.00      0.00      0.00
  TU76                 0.00      0.00      0.00
  TU77                66.00      0.15      0.05
  TU78                 0.00      0.00      0.00
  TU79                 0.00      0.00      0.00
  TU8                  0.00      0.00      0.00
  TU80                 0.00      0.00      0.00
  TU81                 0.00      0.00      0.00
  TU82                -0.00      0.00      0.00
  TU83                 0.00      0.00      0.00
  TU84                 0.00      0.00      0.00
  TU85                 0.00      0.00      0.00
  TU86                 0.00      0.00      0.00
  TU87                 0.00      0.00      0.00
  TU88                 0.00      0.00      0.00
  TU89                 0.00      0.00      0.00
  TU9                  0.00      0.00      0.00
  TU90                 0.00      0.00      0.00
  TU91                -0.00      0.00      0.00
  TU92                 0.00      0.00      0.00
  TU93                 0.00      0.00      0.00
  TU94                 0.00      0.00      0.00
  TU95                 0.00      0.00      0.00
  TU96                 0.00      0.00      0.00
  TU97                 0.00      0.00      0.00
  TU98                 0.00      0.00      0.00
  TU99                 0.00      0.00      0.00
  TU4000               0.00      0.00      0.00
   
  Analysis ended Fri Dec  1 09:51:19 2023
