  Page 1                                    Fri Dec  1 10:04:33 2023

  ******************************************************************
  *                           E P A N E T                          *
  *                   Hydraulic and Water Quality                  *
  *                   Analysis for Pipe Networks                   *
  *                         Version 2.2                            *
  ******************************************************************
  
  Analysis begun Fri Dec  1 10:04:33 2023

   
  Node Results:
  ----------------------------------------------
                     Demand      Head  Pressure
  Node                 m3/h         m         m
  ----------------------------------------------
  3661                 0.00    428.02     49.88
  482                  0.00    427.80     81.80
  661                  0.00    425.37     95.37
  6610                 0.00    423.82     -1.30
  6611                 0.00    424.04     89.04
  6612                 0.00    424.81     62.44
  6613                 0.00    423.46     68.46
  6615                 0.00    426.63     87.63
  6616                 0.00    426.34     65.34
  6617                 0.00    424.23     81.23
  6618                 0.00    426.96     78.96
  662                  0.00    427.26     99.26
  6620                 0.00    424.96    116.96
  6621                 0.00    425.66     97.66
  6622                 0.00    425.82     88.82
  6623                 0.00    425.98     74.98
  6624                 0.00    426.04     74.04
  6625                 0.00    425.21    113.21
  6626                 0.00    425.68    104.68
  6627                 0.00    423.01    102.01
  6628                 0.00    425.28     86.28
  6629                 0.00    425.94     85.94
  663                  0.00    426.54     85.54
  6630                 0.00    425.94      0.82
  6632                 0.00    426.75     86.75
  6633                 0.00    428.20     65.56
  6634                 0.00    428.30     57.30
  6635                 0.00    428.26     76.26
  6636                 0.00    428.26     72.26
  6637                 0.00    428.07     61.07
  6639                 0.00    424.03     64.03
  664                  0.00    426.17     78.17
  6640                 0.00    423.91     63.91
  6641                 0.00    424.42     65.74
  6642                 0.00    424.40     68.40
  6643                 0.00    425.26     73.26
  6644                 0.00    425.50     73.50
  6645                 0.00    425.63     75.63
  6646                 0.00    426.17     79.15
  6648                 0.00    426.17     80.16
  6649                 0.00    425.54     86.54
  665                  0.00    425.91     80.91
  666                  0.00    426.33     86.33
  6665                 0.00    426.82     61.68
  6666                 0.00    427.62     59.96
  667                  0.00    425.47     73.47
  668                  0.00    425.36     95.36
  669                  0.00    425.80     80.80
  1                  104.00    427.70     97.70
  10                  57.00    424.96     72.96
  100                 54.00    424.40     69.40
  100B                84.00    423.41     65.41
  101                112.00    423.09     70.09
  103                 47.00    421.25     82.25
  104                150.00    421.10     82.10
  105                  0.00    423.46     68.46
  106                 47.00    423.40     68.40
  107                 79.00    426.32     87.32
  108                 63.00    425.67     90.11
  109                  0.00    426.42     89.42
  11B                114.00    425.78     82.78
  110                  0.00    426.90     80.90
  111                 52.00    426.63     88.65
  112                  0.00    426.77     84.77
  113                  0.00    426.33    103.33
  114                  0.00    425.46     77.46
  115                 54.00    424.69     78.69
  116                  0.00    425.09     80.09
  117                 88.00    424.11     81.11
  118                 69.00    423.37     84.37
  119                  0.00    423.37    100.56
  12                  58.00    425.27     94.93
  121                 60.00    425.87     75.87
  122                 68.00    421.10     74.10
  123                  0.00    424.53     78.53
  125                  0.00    425.83     74.83
  126                 54.00    425.76     77.76
  127                  0.00    425.76     82.43
  128                 69.00    426.31     64.31
  129                  0.00    425.90     69.90
  130                  0.00    425.60     84.52
  130B                 0.00    425.77     72.77
  132                 60.00    419.09     86.09
  134                 62.00    422.70    101.70
  135                 50.00    421.20    105.20
  137                 57.00    417.48    108.48
  139                 68.00    424.90     64.90
  14                   0.00    424.59     86.59
  140                  0.00    425.15     74.15
  141                  0.00    425.13     73.13
  142                  0.00    424.90     63.90
  143                 58.00    416.57     75.60
  144                  0.00    426.13     67.13
  146                  0.00    425.86     79.86
  147                  0.00    425.68    104.68
  148                  0.00    425.83     92.83
  149                  0.00    425.21    112.00
  15                 175.00    423.61     88.61
  150                 86.00    424.66    116.59
  151                  0.00    424.38    119.14
  152                 73.00    422.23    112.21
  153                  0.00    422.96    112.96
  154                  0.00    425.58    100.58
  157                  0.00    424.96    121.96
  158A                68.00    414.99     93.99
  158B                68.00    414.96     93.96
  16B                  0.00    424.69     90.69
  160                  0.00    428.03     61.03
  162                  0.00    427.83     59.83
  163                 87.00    427.34     53.34
  164                 59.00    427.33     67.67
  165                 64.00    426.82     65.52
  166                 93.00    426.82     65.81
  167                  0.00    426.82     56.18
  169                 54.00    427.14     60.64
  17A                  0.00    423.90     88.90
  170                  0.00    428.17     69.17
  17B                179.00    423.77     88.77
  171                  0.00    428.26     76.26
  172                  0.00    428.26     88.26
  18B                  0.00    423.77     98.77
  19                   0.00    428.20     70.20
  2                    0.00    427.36    101.36
  20                  86.00    428.02     64.02
  2002                 0.00    425.80     75.80
  2003                 0.00    425.80     75.80
  21                  65.00    427.89     65.16
  22                  73.00    427.88     66.28
  222                  0.00    427.63     77.63
  24                   0.00    427.48     83.48
  25                   0.00    427.28     82.28
  26                  88.00    426.64     78.64
  27                   0.00    427.07     77.07
  28                  55.00    426.88     78.88
  29                  55.00    426.41     70.41
  3                    0.00    426.96     86.61
  30                   0.00    426.36     65.36
  3002                 0.00    428.02     42.02
  3004                 0.00    428.02     42.02
  3005                 0.00    428.02     42.02
  3008                 0.00    428.02     43.02
  3012                 0.00    428.02     57.29
  3013                 0.00    428.02     63.09
  3016               131.00    428.13     63.13
  3017                 0.00    428.51     46.51
  3018                 0.00    428.34     51.34
  3019                 0.00    428.02     58.63
  3020                 0.00    428.02     59.91
  3024                 0.00    428.02     63.08
  31                  55.00    426.13     68.34
  3152                 0.00    428.02     61.82
  32                   0.00    426.22     68.22
  34                  52.00    425.88     74.86
  35                   0.00    425.82     88.82
  36                   0.00    425.66     97.66
  39                   0.00    425.35    112.35
  41                   0.00    424.73    117.73
  46                   0.00    428.34     52.34
  47                   0.00    427.22     69.04
  48                   0.00    427.68     83.68
  49                   0.00    426.82     74.82
  5                    0.00    426.74     79.74
  52                  83.00    426.78     75.78
  53                   0.00    428.30     72.30
  54                   0.00    428.02     83.02
  55                   0.00    426.54     96.54
  56                  50.00    425.97     91.97
  58                  95.00    422.40     89.40
  59                 161.00    418.78     89.78
  6                   61.00    425.29     73.28
  60                   0.00    426.96     81.96
  61                   0.00    426.96     87.96
  62                 107.00    420.65     66.65
  64                  57.00    427.03     96.03
  65                   0.00    426.75     86.75
  66                  88.00    426.74     87.74
  67                 120.00    426.44     94.44
  68                   0.00    425.94     86.94
  69                  58.00    425.18     74.18
  7                   62.00    426.32     73.32
  70                 152.00    425.28     85.28
  71                  87.00    424.11     87.11
  72                  96.00    424.88     68.88
  73                 166.00    425.21     70.21
  77                 113.00    421.66     65.66
  78                   0.00    424.88     84.74
  79                   0.00    426.32     73.32
  8                   69.00    425.37     75.37
  80                   0.00    426.17     77.17
  81                   0.00    426.17     67.17
  82                   0.00    426.17     68.17
  85                   0.00    425.28     86.28
  86                   0.00    425.28     88.28
  87                   0.00    424.93     64.93
  88                   0.00    424.81     71.81
  89                  80.00    424.54     57.54
  90                   0.00    424.40     68.40
  91                 177.00    423.62     51.62
  92                  60.00    423.77     63.77
  91B                  0.00    423.82     63.82
  94                   0.00    425.54     86.54
  95                   0.00    424.71     81.71
  97                   0.00    424.16     93.16
  99                  71.00    423.83     73.83
  74                  81.00    422.76     64.05
  1074                 0.00    425.18     67.18
  11A                152.00    423.90     80.90
  1011                 0.00    424.16     81.16
  0                -5750.00    429.00      0.00  Reservoir
   
   
  Link Results:
  ----------------------------------------------
                       Flow  Velocity  Headloss
  Link                 m3/h       m/s    /1000m
  ----------------------------------------------
  TU1                 60.00      0.65      2.15
  TU10                 0.00      0.00      0.00
  TU100              417.00      0.92      1.54
  TU101              505.00      0.71      0.74
  TU102               -0.00      0.00      0.00
  TU103              505.00      0.71      0.74
  TU104              562.00      0.80      0.90
  TU105             2372.00      1.04      0.73
  TU106             2372.00      1.04      0.73
  TU107                0.00      0.00      0.00
  TU108             2372.00      1.04      0.73
  TU109             2934.00      1.28      1.08
  TU11               159.00      0.73      1.54
  TU110             2934.00      1.28      1.08
  TU111              161.00      2.12     20.56
  TU112              256.00      1.87     11.52
  TU113              306.00      1.63      7.36
  TU114              306.00      1.63      7.36
  TU115             3344.00      1.18      0.83
  TU116             3344.00      1.18      0.83
  TU117               -0.00      0.00      0.00
  TU118                0.00      0.00      0.00
  TU119             3344.00      1.18      0.83
  TU12               150.00      1.71     12.78
  TU120             3344.00      1.18      0.83
  TU121                0.00      0.00      0.00
  TU122                0.00      0.00      0.00
  TU123               -0.00      0.00      0.00
  TU124               83.00      0.95      4.32
  TU125               83.00      0.61      1.47
  TU126               83.00      0.38      0.47
  TU127               83.00      0.38      0.47
  TU128                0.00      0.00      0.00
  TU129                0.00      0.00      0.00
  TU13               197.00      1.44      7.11
  TU130               64.00      0.28      0.27
  TU131              157.00      0.68      1.34
  TU132               54.00      0.24      0.19
  TU133              211.00      0.92      2.29
  TU134               -0.00      0.00      0.00
  TU135              357.00      0.79      1.16
  TU136              357.00      0.79      1.16
  TU137              440.00      0.62      0.58
  TU138              440.00      0.62      0.58
  TU139              440.00      0.43      0.24
  TU14               356.00      0.79      1.15
  TU140              440.00      0.43      0.24
  TU141              107.00      1.80     17.66
  TU142              316.00      0.85      1.50
  TU143              177.00      0.77      1.66
  TU144               84.00      0.91      3.85
  TU145               60.00      0.42      0.72
  TU146              144.00      0.63      1.14
  TU147              321.00      0.87      1.55
  TU148               -0.00      0.00      0.00
  TU149               54.00      0.37      0.59
  TU15                -0.00      0.00      0.00
  TU150               54.00      0.37      0.59
  TU151              375.00      0.53      0.43
  TU152               71.00      0.81      3.25
  TU15301            607.00      0.86      1.04
  TU15302            526.00      0.74      0.80
  TU1074              81.00      1.07      5.82
  TU154              773.00      0.76      0.67
  TU155               57.00      0.96      5.57
  TU156              830.00      0.82      0.76
  TU157             1146.00      1.13      1.38
  TU158               61.00      1.09      7.22
  TU159             1207.00      1.19      1.51
  TU16              5750.00      1.04      0.44
  TU160               69.00      1.23      9.05
  TU161             1276.00      1.25      1.68
  TU162             1096.00      0.79      0.60
  TU163             1034.00      0.75      0.54
  TU164             1034.00      0.75      0.54
  TU166               -0.00      0.00      0.00
  TU167               -0.00      0.00      0.00
  TU168                0.00      0.00      0.00
  TU169                0.00      0.00      0.00
  TU17                63.00      1.12      7.66
  TU170                0.00      0.00      0.00
  TU171             1034.00      0.75      0.54
  TU17201            152.00      2.00     18.49
  TU17202              0.00      0.00      0.00
  TU1011A            152.00      2.00     18.49
  TU173              152.00      1.11      4.42
  TU174               -0.00      0.00      0.00
  TU175              152.00      0.70      1.42
  TU176              768.00      0.75      0.66
  TU177              882.00      0.87      0.85
  TU178              710.00      0.70      0.57
  TU179              354.00      1.00      2.09
  TU18                63.00      0.72      2.62
  TU180              179.00      0.51      0.60
  TU181                0.00      0.00      0.00
  TU182              179.00      0.82      1.91
  TU183                0.00      0.00      0.00
  TU184                0.00      0.00      0.00
  TU185              393.00      0.87      1.38
  TU186              270.00      0.73      1.13
  TU187              357.00      0.79      1.16
  TU188             1469.00      1.06      1.03
  TU189             1469.00      1.06      1.03
  TU19                79.00      1.41     11.59
  TU190               73.00      0.96      4.81
  TU191               -0.00      0.00      0.00
  TU192                0.00      0.00      0.00
  TU193                0.00      0.00      0.00
  TU194               -0.00      0.00      0.00
  TU195                0.00      0.00      0.00
  TU196                0.00      0.00      0.00
  TU197                0.00      0.00      0.00
  TU198                0.00      0.00      0.00
  TU199                0.00      0.00      0.00
  TU2                175.00      2.00     16.98
  TU20               142.00      1.04      3.90
  TU200               -0.00      0.00      0.00
  TU201                0.00      0.00      0.00
  TU203                0.00      0.00      0.00
  TU204             1835.00      0.80      0.46
  TU205             1966.00      0.86      0.52
  TU21                73.00      0.61      1.64
  TU22              1611.00      0.89      0.64
  TU23              1611.00      0.89      0.64
  TU24              1684.00      0.93      0.69
  TU25              1749.00      0.97      0.74
  TU26               826.00      0.81      0.75
  TU27               826.00      0.81      0.75
  TU28               881.00      0.87      0.85
  TU29               936.00      0.92      0.95
  TU3                  0.00      0.00      0.00
  TU30                 0.00      0.00      0.00
  TU31                69.00      0.79      3.09
  TU32                88.00      1.00      4.81
  TU33               157.00      0.72      1.51
  TU34               211.00      0.97      2.58
  TU35                68.00      1.21      8.81
  TU36                68.00      0.78      3.01
  TU37               279.00      0.79      1.35
  TU38               279.00      0.79      1.35
  TU39                -0.00      0.00      0.00
  TU4                526.00      0.74      0.80
  TU40                54.00      0.39      0.68
  TU41               333.00      0.74      1.02
  TU42                87.00      0.60      1.40
  TU43               445.00      0.63      0.59
  TU44               445.00      0.63      0.59
  TU45               445.00      0.63      0.59
  TU46               533.00      0.75      0.82
  TU47                88.00      1.57     14.12
  TU48               136.00      1.79     15.06
  TU49               136.00      1.14      5.08
  TU5                526.00      0.74      0.80
  TU50                 0.00      0.00      0.00
  TU51               136.00      0.72      1.66
  TU52               136.00      0.45      0.53
  TU53               136.00      0.45      0.53
  TU54                 0.00      0.00      0.00
  TU55               136.00      0.45      0.53
  TU56                 0.00      0.00      0.00
  TU57               136.00      0.39      0.37
  TU58                52.00      0.93      5.40
  TU59               188.00      0.53      0.66
  TU6                393.00      0.56      0.47
  TU60                73.00      1.50     14.35
  TU61                 0.00      0.00      0.00
  TU62               159.00      0.84      2.21
  TU63                 0.00      0.00      0.00
  TU64               159.00      0.84      2.21
  TU65                 0.00      0.00      0.00
  TU66               159.00      0.53      0.70
  TU67               159.00      0.45      0.49
  TU68               159.00      0.45      0.49
  TU69               347.00      0.49      0.37
  TU7                113.00      1.90     19.53
  TU70               402.00      0.57      0.49
  TU71               402.00      0.57      0.49
  TU72               355.00      0.78      1.15
  TU73               355.00      0.78      1.15
  TU74               355.00      0.78      1.15
  TU75               355.00      0.78      1.15
  TU76               355.00      0.78      1.15
  TU77               424.00      0.94      1.58
  TU78                57.00      1.17      9.12
  TU79               107.00      1.41      9.69
  TU8                112.00      1.21      6.52
  TU80                62.00      1.28     10.64
  TU81               169.00      1.42      7.56
  TU82                58.00      1.03      6.59
  TU83               118.00      1.55     11.59
  TU84                 0.00      0.00      0.00
  TU85                68.00      0.50      1.02
  TU86                68.00      0.31      0.33
  TU87                68.00      0.36      0.48
  TU88               186.00      0.41      0.35
  TU89                 0.00      0.00      0.00
  TU9                 47.00      0.79      3.93
  TU90                 0.00      0.00      0.00
  TU91                -0.00      0.00      0.00
  TU92               152.00      0.70      1.42
  TU93               152.00      0.43      0.45
  TU94                87.00      0.99      4.71
  TU95               239.00      0.68      1.02
  TU96                 0.00      0.00      0.00
  TU97                58.00      1.03      6.59
  TU98                58.00      0.66      2.25
  TU99               297.00      0.66      0.83
  TU4000              68.00      0.89      4.23
   
  Analysis ended Fri Dec  1 10:04:33 2023
