  Page 1                                    Fri Dec  1 09:55:40 2023

  ******************************************************************
  *                           E P A N E T                          *
  *                   Hydraulic and Water Quality                  *
  *                   Analysis for Pipe Networks                   *
  *                         Version 2.2                            *
  ******************************************************************
  
  Analysis begun Fri Dec  1 09:55:40 2023

   
  Node Results:
  ----------------------------------------------
                     Demand      Head  Pressure
  Node                 m3/h         m         m
  ----------------------------------------------
  3661                 0.00    428.57     50.43
  482                  0.00    428.37     82.37
  661                  0.00    427.06     97.06
  6610                 0.00    423.10     -2.02
  6611                 0.00    428.04     93.04
  6612                 0.00    426.41     64.04
  6613                 0.00    427.67     72.67
  6615                 0.00    428.03     89.03
  6616                 0.00    427.67     66.67
  6617                 0.00    425.64     82.64
  6618                 0.00    428.02     80.02
  662                  0.00    428.43    100.43
  6620                 0.00    427.57    119.57
  6621                 0.00    427.57     99.57
  6622                 0.00    427.57     90.57
  6623                 0.00    427.57     76.57
  6624                 0.00    427.58     75.58
  6625                 0.00    427.41    115.41
  6626                 0.00    427.41    106.41
  6627                 0.00    426.71    105.71
  6628                 0.00    427.02     88.02
  6629                 0.00    428.38     88.38
  663                  0.00    428.14     87.14
  6630                 0.00    428.41      3.29
  6632                 0.00    428.42     88.42
  6633                 0.00    428.69     66.05
  6634                 0.00    428.72     57.72
  6635                 0.00    428.47     76.47
  6636                 0.00    428.47     72.47
  6637                 0.00    428.37     61.37
  6639                 0.00    424.74     64.74
  664                  0.00    428.10     80.10
  6640                 0.00    424.26     64.26
  6641                 0.00    425.65     66.97
  6642                 0.00    425.55     69.55
  6643                 0.00    427.09     75.09
  6644                 0.00    427.36     75.36
  6645                 0.00    427.46     77.46
  6646                 0.00    428.10     81.08
  6648                 0.00    428.10     82.09
  6649                 0.00    427.96     88.96
  665                  0.00    428.07     83.07
  666                  0.00    428.41     88.41
  6665                 0.00    426.38     61.24
  6666                 0.00    428.01     60.35
  667                  0.00    427.34     75.34
  668                  0.00    427.06     97.06
  669                  0.00    428.35     83.35
  1                   68.00    428.56     98.56
  10                   0.00    427.09     75.09
  100                153.00    425.50     70.50
  100B                78.00    423.82     65.82
  101                  0.00    427.67     74.67
  103                  0.00    428.03     89.03
  104                  0.00    428.03     89.03
  105                 85.00    427.65     72.65
  106                  0.00    427.67     72.67
  107                 76.00    427.74     88.74
  108                  0.00    428.03     92.47
  109                  0.00    428.03     91.03
  11B                146.00    428.06     85.06
  110                  0.00    427.98     81.98
  111                  0.00    427.79     89.81
  112                  0.00    427.89     85.89
  113                  0.00    427.53    104.53
  114                 61.00    426.66     78.66
  115                  0.00    426.12     80.12
  116                  0.00    426.37     81.37
  117                 85.00    425.52     82.52
  118                 77.00    424.59     85.59
  119                  0.00    424.59    101.78
  12                   0.00    428.05     97.71
  121                  0.00    427.13     77.13
  122                 81.00    420.88     73.88
  123                  0.00    425.59     79.59
  125                  0.00    427.09     76.09
  126                 60.00    427.00     79.00
  127                  0.00    427.00     83.67
  128                 65.00    427.63     65.63
  129                  0.00    427.27     71.27
  130                141.00    427.09     86.01
  130B                58.00    427.17     74.17
  132                  0.00    426.15     93.15
  134                  0.00    426.71    105.71
  135                 60.00    426.07    110.07
  137                  0.00    426.07    117.07
  139                  0.00    427.06     67.06
  14                   0.00    428.03     90.03
  140                  0.00    427.06     76.06
  141                  0.00    427.06     75.06
  142                  0.00    427.06     66.06
  143                 41.00    424.80     83.83
  144                 75.00    427.44     68.44
  146                  0.00    427.46     81.46
  147                 64.00    427.11    106.11
  148                 63.00    427.44     94.44
  149                  0.00    427.41    114.20
  15                   0.00    428.04     93.04
  150                  0.00    427.41    119.34
  151                  0.00    427.41    122.17
  152                  0.00    427.41    117.39
  153                  0.00    427.41    117.41
  154                  0.00    427.57    102.57
  157                  0.00    427.57    124.57
  158A                 0.00    427.57    106.57
  158B                 0.00    427.57    106.57
  16B                  0.00    428.04     94.04
  160                  0.00    428.34     61.34
  162                  0.00    428.18     60.18
  163                  0.00    428.01     54.01
  164                  0.00    427.61     67.95
  165                 66.00    426.51     65.21
  166                 80.00    426.52     65.51
  167                 95.00    426.22     55.58
  169                 76.00    427.23     60.73
  17A                  0.00    428.04     93.04
  170                  0.00    428.42     69.42
  17B                  0.00    428.04     93.04
  171                  0.00    428.47     76.47
  172                  0.00    428.47     88.47
  18B                  0.00    428.04    103.04
  19                   0.00    428.69     70.69
  2                    0.00    428.46    102.46
  20                  96.00    428.57     64.57
  2002                 0.00    428.35     78.35
  2003                 0.00    428.35     78.35
  21                   0.00    428.51     65.78
  22                   0.00    428.51     66.91
  222                  0.00    428.38     78.38
  24                   0.00    428.30     84.30
  25                   0.00    428.19     83.19
  26                   0.00    428.02     80.02
  27                   0.00    428.08     78.08
  28                  52.00    427.97     79.97
  29                   0.00    427.71     71.71
  3                   68.00    428.30     87.95
  30                   0.00    427.68     66.68
  3002                 0.00    428.57     42.57
  3004                 0.00    428.57     42.57
  3005                 0.00    428.57     42.57
  3008                 0.00    428.57     43.57
  3012                 0.00    428.57     57.84
  3013                 0.00    428.57     63.64
  3016                 0.00    428.62     63.62
  3017               148.00    428.78     46.78
  3018                66.00    428.30     51.30
  3019                 0.00    428.57     59.18
  3020                 0.00    428.57     60.46
  3024                 0.00    428.57     63.63
  31                   0.00    427.61     69.82
  3152                 0.00    428.57     62.37
  32                   0.00    427.63     69.63
  34                  70.00    427.40     76.38
  35                   0.00    427.57     90.57
  36                   0.00    427.57     99.57
  39                   0.00    427.57    114.57
  41                   0.00    427.57    120.57
  46                 191.00    428.52     52.52
  47                   0.00    427.38     69.20
  48                   0.00    428.37     84.37
  49                   0.00    428.37     76.37
  5                    0.00    428.22     81.22
  52                   0.00    428.37     77.37
  53                 149.00    425.35     69.35
  54                   0.00    428.65     83.65
  55                   0.00    428.56     98.56
  56                   0.00    428.56     94.56
  58                   0.00    428.56     95.56
  59                   0.00    428.56     99.56
  6                    0.00    427.36     75.36
  60                   0.00    428.30     83.30
  61                   0.00    428.30     89.30
  62                   0.00    427.23     73.23
  64                   0.00    428.43     97.43
  65                   0.00    428.42     88.42
  66                   0.00    428.42     89.42
  67                   0.00    428.41     96.41
  68                   0.00    428.41     89.41
  69                   0.00    428.41     77.41
  7                    0.00    428.12     75.12
  70                   0.00    428.26     88.26
  71                   0.00    428.38     91.38
  72                   0.00    427.23     71.23
  73                 165.00    427.02     72.02
  77                 125.00    423.34     67.34
  78                   0.00    427.23     87.09
  79                   0.00    428.12     75.12
  8                   67.00    427.21     77.21
  80                   0.00    428.10     79.10
  81                   0.00    428.10     69.10
  82                   0.00    428.10     70.10
  85                  58.00    426.76     87.76
  86                   0.00    427.02     90.02
  87                   0.00    426.60     66.60
  88                   0.00    426.41     73.41
  89                   0.00    426.01     59.01
  90                   0.00    425.55     69.55
  91                 200.00    424.22     52.22
  92                  62.00    423.05     63.05
  91B                171.00    422.79     62.79
  94                   0.00    427.96     88.96
  95                   0.00    427.70     84.70
  97                   0.00    427.53     96.53
  99                   0.00    426.01     76.01
  74                  76.00    424.83     66.12
  1074                 0.00    426.98     68.98
  11A                 80.00    427.45     84.45
  1011                 0.00    427.53     84.53
  0                -3698.00    429.00      0.00  Reservoir
   
   
  Link Results:
  ----------------------------------------------
                       Flow  Velocity  Headloss
  Link                 m3/h       m/s    /1000m
  ----------------------------------------------
  TU1                 62.00      0.68      2.28
  TU10                85.00      0.92      3.94
  TU100               58.00      0.13      0.04
  TU101               58.00      0.08      0.01
  TU102                0.00      0.00      0.00
  TU103               58.00      0.08      0.02
  TU104               58.00      0.08      0.01
  TU105             1408.00      0.61      0.28
  TU106             1408.00      0.61      0.28
  TU107                0.00      0.00      0.00
  TU108             1476.00      0.64      0.31
  TU109             1534.00      0.67      0.33
  TU11                85.00      0.39      0.50
  TU110             1534.00      0.67      0.33
  TU111                0.00      0.00      0.00
  TU112               -0.00      0.00      0.00
  TU113                0.00      0.00      0.00
  TU114                0.00      0.00      0.00
  TU115             1602.00      0.57      0.21
  TU116             1602.00      0.57      0.21
  TU117              149.00      1.61     11.01
  TU118                0.00      0.00      0.00
  TU119             1602.00      0.57      0.21
  TU12                 0.00      0.00      0.00
  TU120             1751.00      0.62      0.25
  TU121                0.00      0.00      0.00
  TU122                0.00      0.00      0.00
  TU123               -0.00      0.00      0.00
  TU124                0.00      0.00      0.00
  TU125               -0.00      0.00      0.00
  TU126               -0.00      0.00      0.00
  TU127               -0.00      0.00      0.00
  TU128               95.00      0.41      0.54
  TU129               95.00      0.41      0.54
  TU13                 0.00      0.00      0.00
  TU130              161.00      0.70      1.40
  TU131              241.00      1.05      2.92
  TU132               76.00      0.33      0.36
  TU133              317.00      1.38      4.83
  TU134              171.00      1.85     14.19
  TU135              317.00      0.70      0.93
  TU136              317.00      0.70      0.93
  TU137              317.00      0.45      0.32
  TU138              317.00      0.45      0.32
  TU139              317.00      0.31      0.13
  TU14                85.00      0.19      0.09
  TU140              574.00      0.56      0.39
  TU141                0.00      0.00      0.00
  TU142              125.00      0.34      0.28
  TU143              200.00      0.87      2.08
  TU144               78.00      0.84      3.37
  TU145              233.00      1.61      8.49
  TU146              311.00      1.35      4.67
  TU147              511.00      1.38      3.63
  TU148               -0.00      0.00      0.00
  TU149              153.00      1.06      3.92
  TU15                -0.00      0.00      0.00
  TU150              153.00      1.06      3.92
  TU151              664.00      0.94      1.22
  TU152               -0.00      0.00      0.00
  TU15301            740.00      1.05      1.49
  TU15302            664.00      0.94      1.22
  TU1074              76.00      1.00      5.18
  TU154              905.00      0.89      0.89
  TU155                0.00      0.00      0.00
  TU156              905.00      0.89      0.89
  TU157             1030.00      1.01      1.13
  TU158                0.00      0.00      0.00
  TU159             1030.00      1.01      1.13
  TU16              3698.00      0.67      0.19
  TU160               67.00      1.19      8.57
  TU161             1097.00      1.08      1.27
  TU162              311.00      0.22      0.06
  TU163              311.00      0.22      0.06
  TU164              311.00      0.22      0.06
  TU166               -0.00      0.00      0.00
  TU167               -0.00      0.00      0.00
  TU168                0.00      0.00      0.00
  TU169                0.00      0.00      0.00
  TU17                -0.00      0.00      0.00
  TU170                0.00      0.00      0.00
  TU171              311.00      0.22      0.06
  TU17201             80.00      1.05      5.69
  TU17202              0.00      0.00      0.00
  TU1011A             80.00      1.05      5.69
  TU173               80.00      0.58      1.37
  TU174               -0.00      0.00      0.00
  TU175               80.00      0.37      0.44
  TU176               85.00      0.08      0.01
  TU177              231.00      0.23      0.07
  TU178               85.00      0.08      0.01
  TU179                0.00      0.00      0.00
  TU18                 0.00      0.00      0.00
  TU180                0.00      0.00      0.00
  TU181                0.00      0.00      0.00
  TU182                0.00      0.00      0.00
  TU183                0.00      0.00      0.00
  TU184                0.00      0.00      0.00
  TU185              364.00      0.80      1.20
  TU186              317.00      0.86      1.51
  TU187              317.00      0.70      0.93
  TU188             1053.00      0.76      0.56
  TU189             1053.00      0.76      0.56
  TU19                76.00      1.35     10.80
  TU190               -0.00      0.00      0.00
  TU191                0.00      0.00      0.00
  TU192                0.00      0.00      0.00
  TU193                0.00      0.00      0.00
  TU194               -0.00      0.00      0.00
  TU195                0.00      0.00      0.00
  TU196                0.00      0.00      0.00
  TU197               -0.00      0.00      0.00
  TU198                0.00      0.00      0.00
  TU199                0.00      0.00      0.00
  TU2                  0.00      0.00      0.00
  TU20                76.00      0.56      1.25
  TU200               -0.00      0.00      0.00
  TU201                0.00      0.00      0.00
  TU203               66.00      1.11      7.28
  TU204             1225.00      0.53      0.22
  TU205             1225.00      0.53      0.22
  TU21                -0.00      0.00      0.00
  TU22              1129.00      0.62      0.33
  TU23              1129.00      0.62      0.33
  TU24              1129.00      0.62      0.33
  TU25              1129.00      0.62      0.33
  TU26               637.00      0.63      0.47
  TU27               637.00      0.63      0.47
  TU28               637.00      0.63      0.47
  TU29               689.00      0.68      0.54
  TU3                  0.00      0.00      0.00
  TU30                 0.00      0.00      0.00
  TU31                77.00      0.88      3.77
  TU32                85.00      0.97      4.51
  TU33               162.00      0.74      1.59
  TU34               162.00      0.74      1.59
  TU35                81.00      1.44     12.13
  TU36                81.00      0.92      4.13
  TU37               243.00      0.69      1.05
  TU38               304.00      0.86      1.58
  TU39                -0.00      0.00      0.00
  TU4                664.00      0.94      1.22
  TU40                60.00      0.44      0.82
  TU41               364.00      0.80      1.20
  TU42                 0.00      0.00      0.00
  TU43               364.00      0.51      0.41
  TU44               364.00      0.51      0.41
  TU45               364.00      0.51      0.41
  TU46               364.00      0.51      0.41
  TU47                -0.00      0.00      0.00
  TU48                 0.00      0.00      0.00
  TU49                 0.00      0.00      0.00
  TU5                664.00      0.94      1.22
  TU50                 0.00      0.00      0.00
  TU51                 0.00      0.00      0.00
  TU52                 0.00      0.00      0.00
  TU53                 0.00      0.00      0.00
  TU54                 0.00      0.00      0.00
  TU55                 0.00      0.00      0.00
  TU56                -0.00      0.00      0.00
  TU57                 0.00      0.00      0.00
  TU58                70.00      1.25      9.29
  TU59                70.00      0.20      0.11
  TU6                364.00      0.51      0.41
  TU60                -0.00      0.00      0.00
  TU61                 0.00      0.00      0.00
  TU62                -0.00      0.00      0.00
  TU63                 0.00      0.00      0.00
  TU64                 0.00      0.00      0.00
  TU65                64.00      1.32     11.27
  TU66                64.00      0.21      0.14
  TU67               127.00      0.36      0.32
  TU68               127.00      0.36      0.32
  TU69               197.00      0.28      0.13
  TU7                125.00      2.10     23.53
  TU70               197.00      0.28      0.13
  TU71               197.00      0.28      0.13
  TU72               101.00      0.22      0.12
  TU73               242.00      0.53      0.57
  TU74               300.00      0.66      0.84
  TU75               300.00      0.66      0.84
  TU76               375.00      0.83      1.27
  TU77               440.00      0.97      1.70
  TU78                 0.00      0.00      0.00
  TU79                60.00      0.79      3.37
  TU8                  0.00      0.00      0.00
  TU80                 0.00      0.00      0.00
  TU81                60.00      0.50      1.15
  TU82                41.00      0.73      3.51
  TU83                41.00      0.54      1.69
  TU84                 0.00      0.00      0.00
  TU85                 0.00      0.00      0.00
  TU86                 0.00      0.00      0.00
  TU87                 0.00      0.00      0.00
  TU88                41.00      0.09      0.02
  TU89                58.00      1.03      6.59
  TU9                  0.00      0.00      0.00
  TU90                 0.00      0.00      0.00
  TU91                58.00      0.66      2.25
  TU92                58.00      0.27      0.25
  TU93                58.00      0.16      0.08
  TU94                 0.00      0.00      0.00
  TU95                58.00      0.16      0.08
  TU96                 0.00      0.00      0.00
  TU97                 0.00      0.00      0.00
  TU98                 0.00      0.00      0.00
  TU99                58.00      0.13      0.04
  TU4000               0.00      0.00      0.00
   
  Analysis ended Fri Dec  1 09:55:40 2023
