  Page 1                                    Fri Dec  1 09:58:23 2023

  ******************************************************************
  *                           E P A N E T                          *
  *                   Hydraulic and Water Quality                  *
  *                   Analysis for Pipe Networks                   *
  *                         Version 2.2                            *
  ******************************************************************
  
  Analysis begun Fri Dec  1 09:58:23 2023

   
  Node Results:
  ----------------------------------------------
                     Demand      Head  Pressure
  Node                 m3/h         m         m
  ----------------------------------------------
  3661                 0.00    428.99     50.85
  482                  0.00    428.99     82.99
  661                  0.00    428.97     98.97
  6610                 0.00    427.37      2.25
  6611                 0.00    428.89     93.89
  6612                 0.00    428.79     66.42
  6613                 0.00    428.89     73.89
  6615                 0.00    428.80     89.80
  6616                 0.00    428.97     67.97
  6617                 0.00    428.98     85.98
  6618                 0.00    428.98     80.98
  662                  0.00    428.96    100.96
  6620                 0.00    428.96    120.96
  6621                 0.00    428.96    100.96
  6622                 0.00    428.96     91.96
  6623                 0.00    428.96     77.96
  6624                 0.00    428.96     76.96
  6625                 0.00    428.76    116.76
  6626                 0.00    428.87    107.87
  6627                 0.00    428.97    107.97
  6628                 0.00    428.96     89.96
  6629                 0.00    428.96     88.96
  663                  0.00    428.92     87.92
  6630                 0.00    428.96      3.84
  6632                 0.00    428.96     88.96
  6633                 0.00    428.98     66.34
  6634                 0.00    428.99     57.99
  6635                 0.00    428.99     76.99
  6636                 0.00    428.99     72.99
  6637                 0.00    428.99     61.99
  6639                 0.00    428.52     68.52
  664                  0.00    428.90     80.90
  6640                 0.00    428.30     68.30
  6641                 0.00    428.70     70.02
  6642                 0.00    428.70     72.70
  6643                 0.00    428.87     76.87
  6644                 0.00    428.89     76.89
  6645                 0.00    428.89     78.89
  6646                 0.00    426.95     79.93
  6648                 0.00    427.23     81.22
  6649                 0.00    428.89     89.89
  665                  0.00    428.89     83.89
  666                  0.00    428.96     88.96
  6665                 0.00    428.99     63.85
  6666                 0.00    428.99     61.33
  667                  0.00    428.88     76.88
  668                  0.00    428.97     98.97
  669                  0.00    428.96     83.96
  1                    0.00    428.97     98.97
  10                   0.00    428.87     76.87
  100                  0.00    428.70     73.70
  100B                 0.00    428.30     70.30
  101                  0.00    428.89     75.89
  103                  0.00    428.89     89.89
  104                  0.00    428.89     89.89
  105                  0.00    428.89     73.89
  106                  0.00    428.89     73.89
  107                  0.00    428.80     89.80
  108                 61.00    427.89     92.33
  109                  0.00    428.59     91.59
  11B                110.00    428.89     85.89
  110                  0.00    428.98     82.98
  111                  0.00    428.98     91.00
  112                  0.00    428.98     86.98
  113                  0.00    428.98    105.98
  114                  0.00    428.98     80.98
  115                  0.00    428.98     82.98
  116                  0.00    428.98     83.98
  117                  0.00    428.98     85.98
  118                  0.00    428.98     89.98
  119                  0.00    428.98    106.17
  12                   0.00    428.89     98.55
  121                  0.00    428.98     78.98
  122                  0.00    428.98     81.98
  123                  0.00    428.98     82.98
  125                  0.00    428.98     77.98
  126                  0.00    428.98     80.98
  127                  0.00    428.98     85.65
  128                  0.00    428.97     66.97
  129                  0.00    428.97     72.97
  130                  0.00    428.97     87.89
  130B                 0.00    428.97     75.97
  132                  0.00    428.97     95.97
  134                  0.00    428.97    107.97
  135                  0.00    428.97    112.97
  137                  0.00    428.97    119.97
  139                  0.00    428.97     68.97
  14                   0.00    428.89     90.89
  140                  0.00    428.97     77.97
  141                  0.00    428.97     76.97
  142                  0.00    428.97     67.97
  143                  0.00    428.97     88.00
  144                  0.00    428.97     69.97
  146                  0.00    428.92     82.92
  147                  0.00    428.87    107.87
  148                  0.00    428.91     95.91
  149                  0.00    428.76    115.55
  15                   0.00    428.89     93.89
  150                  0.00    428.63    120.56
  151                  0.00    428.36    123.12
  152                 72.00    426.26    116.24
  153                  0.00    426.97    116.97
  154                  0.00    428.96    103.96
  157                  0.00    428.96    125.96
  158A                 0.00    428.96    107.96
  158B                 0.00    428.96    107.96
  16B                  0.00    428.89     94.89
  160                  0.00    428.99     61.99
  162                  0.00    428.99     60.99
  163                  0.00    428.99     54.99
  164                  0.00    428.99     69.33
  165                  0.00    428.99     67.69
  166                  0.00    428.99     67.98
  167                  0.00    428.99     58.35
  169                  0.00    428.99     62.49
  17A                  0.00    428.89     93.89
  170                  0.00    428.99     69.99
  17B                  0.00    428.89     93.89
  171                  0.00    428.99     76.99
  172                  0.00    428.99     88.99
  18B                  0.00    428.89    103.89
  19                   0.00    428.98     70.98
  2                    0.00    428.96    102.96
  20                   0.00    428.99     64.99
  2002                 0.00    428.96     78.96
  2003                 0.00    428.96     78.96
  21                   0.00    428.99     66.26
  22                   0.00    428.99     67.39
  222                  0.00    428.98     78.98
  24                   0.00    428.98     84.98
  25                   0.00    428.98     83.98
  26                   0.00    428.98     80.98
  27                   0.00    428.98     78.98
  28                   0.00    428.98     80.98
  29                   0.00    428.97     72.97
  3                    0.00    428.94     88.59
  30                   0.00    428.97     67.97
  3002                 0.00    428.99     42.99
  3004                 0.00    428.99     42.99
  3005                 0.00    428.99     42.99
  3008                 0.00    428.99     43.99
  3012                 0.00    428.99     58.26
  3013                 0.00    428.99     64.06
  3016                 0.00    428.99     63.99
  3017                 0.00    428.99     46.99
  3018                 0.00    428.99     51.99
  3019                 0.00    428.99     59.60
  3020                 0.00    428.99     60.88
  3024                 0.00    428.99     64.05
  31                   0.00    428.96     71.17
  3152                 0.00    428.99     62.79
  32                   0.00    428.97     70.97
  34                   0.00    428.96     77.94
  35                   0.00    428.96     91.96
  36                   0.00    428.96    100.96
  39                   0.00    428.96    115.96
  41                   0.00    428.96    121.96
  46                   0.00    428.99     52.99
  47                   0.00    428.99     70.81
  48                   0.00    428.99     84.99
  49                   0.00    428.99     76.99
  5                    0.00    428.93     81.93
  52                   0.00    428.99     77.99
  53                   0.00    428.99     72.99
  54                   0.00    428.98     83.98
  55                   0.00    428.97     98.97
  56                   0.00    428.97     94.97
  58                   0.00    428.97     95.97
  59                   0.00    428.97     99.97
  6                    0.00    428.89     76.89
  60                   0.00    428.94     83.94
  61                   0.00    428.94     89.94
  62                   0.00    428.88     74.88
  64                   0.00    428.96     97.96
  65                   0.00    428.96     88.96
  66                   0.00    428.96     89.96
  67                   0.00    428.96     96.96
  68                   0.00    428.96     89.96
  69                   0.00    428.96     77.96
  7                    0.00    428.91     75.91
  70                   0.00    428.96     88.96
  71                   0.00    428.96     91.96
  72                   0.00    428.88     72.88
  73                   0.00    428.86     73.86
  77                   0.00    428.88     72.88
  78                   0.00    428.88     88.74
  79                   0.00    428.91     75.91
  8                    0.00    428.89     78.89
  80                   0.00    428.85     79.85
  81                   0.00    427.23     68.23
  82                 130.00    426.17     68.17
  85                   0.00    428.96     89.96
  86                   0.00    428.96     91.96
  87                   0.00    428.81     68.81
  88                   0.00    428.79     75.79
  89                   0.00    428.74     61.74
  90                   0.00    428.70     72.70
  91                   0.00    428.52     56.52
  92                   0.00    427.37     67.37
  91B                207.00    426.92     66.92
  94                   0.00    428.89     89.89
  95                   0.00    428.89     85.89
  97                   0.00    428.89     97.89
  99                   0.00    428.74     78.74
  74                   0.00    428.86     70.15
  1074                 0.00    428.86     70.86
  11A                  0.00    428.89     85.89
  1011                 0.00    428.89     85.89
  0                 -580.00    429.00      0.00  Reservoir
   
   
  Link Results:
  ----------------------------------------------
                       Flow  Velocity  Headloss
  Link                 m3/h       m/s    /1000m
  ----------------------------------------------
  TU1                 -0.00      0.00      0.00
  TU10                 0.00      0.00      0.00
  TU100                0.00      0.00      0.00
  TU101                0.00      0.00      0.00
  TU102                0.00      0.00      0.00
  TU103                0.00      0.00      0.00
  TU104                0.00      0.00      0.00
  TU105              447.00      0.20      0.03
  TU106              447.00      0.20      0.03
  TU107                0.00      0.00      0.00
  TU108              447.00      0.20      0.03
  TU109              447.00      0.20      0.03
  TU11                -0.00      0.00      0.00
  TU110              447.00      0.20      0.03
  TU111                0.00      0.00      0.00
  TU112               -0.00      0.00      0.00
  TU113                0.00      0.00      0.00
  TU114                0.00      0.00      0.00
  TU115              447.00      0.16      0.02
  TU116              447.00      0.16      0.02
  TU117               -0.00      0.00      0.00
  TU118                0.00      0.00      0.00
  TU119              447.00      0.16      0.02
  TU12                 0.00      0.00      0.00
  TU120              447.00      0.16      0.02
  TU121                0.00      0.00      0.00
  TU122                0.00      0.00      0.00
  TU123               -0.00      0.00      0.00
  TU124                0.00      0.00      0.00
  TU125               -0.00      0.00      0.00
  TU126               -0.00      0.00      0.00
  TU127               -0.00      0.00      0.00
  TU128                0.00      0.00      0.00
  TU129                0.00      0.00      0.00
  TU13                 0.00      0.00      0.00
  TU130               -0.00      0.00      0.00
  TU131               -0.00      0.00      0.00
  TU132                0.00      0.00      0.00
  TU133               -0.00      0.00      0.00
  TU134              207.00      2.23     20.21
  TU135               -0.00      0.00      0.00
  TU136                0.00      0.00      0.00
  TU137                0.00      0.00      0.00
  TU138                0.00      0.00      0.00
  TU139                0.00      0.00      0.00
  TU14                -0.00      0.00      0.00
  TU140                0.00      0.00      0.00
  TU141                0.00      0.00      0.00
  TU142                0.00      0.00      0.00
  TU143               -0.00      0.00      0.00
  TU144               -0.00      0.00      0.00
  TU145              207.00      1.43      6.83
  TU146              207.00      0.90      2.21
  TU147              207.00      0.56      0.69
  TU148               -0.00      0.00      0.00
  TU149               -0.00      0.00      0.00
  TU15                -0.00      0.00      0.00
  TU150               -0.00      0.00      0.00
  TU151              207.00      0.29      0.15
  TU152               -0.00      0.00      0.00
  TU15301            207.00      0.29      0.15
  TU15302            207.00      0.29      0.15
  TU1074               0.00      0.00      0.00
  TU154              207.00      0.20      0.06
  TU155                0.00      0.00      0.00
  TU156              207.00      0.20      0.06
  TU157              207.00      0.20      0.06
  TU158                0.00      0.00      0.00
  TU159              207.00      0.20      0.06
  TU16               580.00      0.10      0.01
  TU160                0.00      0.00      0.00
  TU161              207.00      0.20      0.06
  TU162              240.00      0.17      0.04
  TU163              240.00      0.17      0.04
  TU164              240.00      0.17      0.04
  TU166               -0.00      0.00      0.00
  TU167              130.00      1.71     13.85
  TU168              130.00      1.71     13.86
  TU169              130.00      1.09      4.67
  TU17                61.00      1.09      7.22
  TU170              130.00      0.59      1.07
  TU171              110.00      0.08      0.01
  TU17201             -0.00      0.00      0.00
  TU17202              0.00      0.00      0.00
  TU1011A             -0.00      0.00      0.00
  TU173               -0.00      0.00      0.00
  TU174               -0.00      0.00      0.00
  TU175               -0.00      0.00      0.00
  TU176               -0.00      0.00      0.00
  TU177              110.00      0.11      0.02
  TU178               -0.00      0.00      0.00
  TU179                0.00      0.00      0.00
  TU18                61.00      0.70      2.47
  TU180                0.00      0.00      0.00
  TU181                0.00      0.00      0.00
  TU182                0.00      0.00      0.00
  TU183                0.00      0.00      0.00
  TU184                0.00      0.00      0.00
  TU185               -0.00      0.00      0.00
  TU186               -0.00      0.00      0.00
  TU187               -0.00      0.00      0.00
  TU188               72.00      0.05      0.00
  TU189               72.00      0.05      0.00
  TU19                 0.00      0.00      0.00
  TU190               72.00      0.95      4.70
  TU191               -0.00      0.00      0.00
  TU192                0.00      0.00      0.00
  TU193                0.00      0.00      0.00
  TU194               -0.00      0.00      0.00
  TU195                0.00      0.00      0.00
  TU196                0.00      0.00      0.00
  TU197               -0.00      0.00      0.00
  TU198                0.00      0.00      0.00
  TU199                0.00      0.00      0.00
  TU2                  0.00      0.00      0.00
  TU20                61.00      0.45      0.84
  TU200               -0.00      0.00      0.00
  TU201                0.00      0.00      0.00
  TU203                0.00      0.00      0.00
  TU204              133.00      0.06      0.00
  TU205              133.00      0.06      0.00
  TU21                72.00      0.61      1.60
  TU22               133.00      0.07      0.01
  TU23               133.00      0.07      0.01
  TU24               133.00      0.07      0.01
  TU25               133.00      0.07      0.01
  TU26                72.00      0.07      0.01
  TU27                72.00      0.07      0.01
  TU28                72.00      0.07      0.01
  TU29                72.00      0.07      0.01
  TU3                  0.00      0.00      0.00
  TU30                 0.00      0.00      0.00
  TU31                -0.00      0.00      0.00
  TU32                 0.00      0.00      0.00
  TU33                 0.00      0.00      0.00
  TU34                 0.00      0.00      0.00
  TU35                 0.00      0.00      0.00
  TU36                 0.00      0.00      0.00
  TU37                 0.00      0.00      0.00
  TU38                 0.00      0.00      0.00
  TU39                -0.00      0.00      0.00
  TU4                207.00      0.29      0.15
  TU40                -0.00      0.00      0.00
  TU41                -0.00      0.00      0.00
  TU42                 0.00      0.00      0.00
  TU43                -0.00      0.00      0.00
  TU44                -0.00      0.00      0.00
  TU45                -0.00      0.00      0.00
  TU46                -0.00      0.00      0.00
  TU47                -0.00      0.00      0.00
  TU48                 0.00      0.00      0.00
  TU49                 0.00      0.00      0.00
  TU5                207.00      0.29      0.15
  TU50                 0.00      0.00      0.00
  TU51                 0.00      0.00      0.00
  TU52                 0.00      0.00      0.00
  TU53                 0.00      0.00      0.00
  TU54                 0.00      0.00      0.00
  TU55                 0.00      0.00      0.00
  TU56                 0.00      0.00      0.00
  TU57                 0.00      0.00      0.00
  TU58                 0.00      0.00      0.00
  TU59                 0.00      0.00      0.00
  TU6                 -0.00      0.00      0.00
  TU60                72.00      1.48     13.99
  TU61                 0.00      0.00      0.00
  TU62                72.00      0.38      0.53
  TU63                 0.00      0.00      0.00
  TU64                72.00      0.38      0.53
  TU65                 0.00      0.00      0.00
  TU66                72.00      0.24      0.17
  TU67                72.00      0.20      0.12
  TU68                72.00      0.20      0.12
  TU69                72.00      0.10      0.02
  TU7                  0.00      0.00      0.00
  TU70                72.00      0.10      0.02
  TU71                72.00      0.10      0.02
  TU72                 0.00      0.00      0.00
  TU73                 0.00      0.00      0.00
  TU74                 0.00      0.00      0.00
  TU75                 0.00      0.00      0.00
  TU76                 0.00      0.00      0.00
  TU77                 0.00      0.00      0.00
  TU78                 0.00      0.00      0.00
  TU79                 0.00      0.00      0.00
  TU8                 -0.00      0.00      0.00
  TU80                 0.00      0.00      0.00
  TU81                 0.00      0.00      0.00
  TU82                -0.00      0.00      0.00
  TU83                 0.00      0.00      0.00
  TU84                 0.00      0.00      0.00
  TU85                 0.00      0.00      0.00
  TU86                 0.00      0.00      0.00
  TU87                 0.00      0.00      0.00
  TU88                 0.00      0.00      0.00
  TU89                 0.00      0.00      0.00
  TU9                  0.00      0.00      0.00
  TU90                 0.00      0.00      0.00
  TU91                -0.00      0.00      0.00
  TU92                -0.00      0.00      0.00
  TU93                 0.00      0.00      0.00
  TU94                 0.00      0.00      0.00
  TU95                 0.00      0.00      0.00
  TU96                 0.00      0.00      0.00
  TU97                 0.00      0.00      0.00
  TU98                 0.00      0.00      0.00
  TU99                 0.00      0.00      0.00
  TU4000               0.00      0.00      0.00
   
  Analysis ended Fri Dec  1 09:58:23 2023
