  Page 1                                    Fri Dec  1 10:05:30 2023

  ******************************************************************
  *                           E P A N E T                          *
  *                   Hydraulic and Water Quality                  *
  *                   Analysis for Pipe Networks                   *
  *                         Version 2.2                            *
  ******************************************************************
  
  Analysis begun Fri Dec  1 10:05:30 2023

   
  Node Results:
  ----------------------------------------------
                     Demand      Head  Pressure
  Node                 m3/h         m         m
  ----------------------------------------------
  3661                 0.00    427.87     49.73
  482                  0.00    426.72     80.72
  661                  0.00    423.74     93.74
  6610                 0.00    423.04     -2.08
  6611                 0.00    421.16     86.16
  6612                 0.00    423.96     61.59
  6613                 0.00    420.08     65.08
  6615                 0.00    426.47     87.47
  6616                 0.00    425.69     64.69
  6617                 0.00    425.71     82.71
  6618                 0.00    426.79     78.79
  662                  0.00    426.70     98.70
  6620                 0.00    425.34    117.34
  6621                 0.00    425.34     97.34
  6622                 0.00    425.34     88.34
  6623                 0.00    425.34     74.34
  6624                 0.00    425.35     73.35
  6625                 0.00    424.02    112.02
  6626                 0.00    424.48    103.48
  6627                 0.00    421.17    100.17
  6628                 0.00    422.39     83.39
  6629                 0.00    424.84     84.84
  663                  0.00    425.74     84.74
  6630                 0.00    425.02     -0.10
  6632                 0.00    425.94     85.94
  6633                 0.00    427.98     65.34
  6634                 0.00    428.11     57.11
  6635                 0.00    427.96     75.96
  6636                 0.00    427.96     71.96
  6637                 0.00    427.65     60.65
  6639                 0.00    423.25     63.25
  664                  0.00    425.07     77.07
  6640                 0.00    423.14     63.14
  6641                 0.00    423.61     64.93
  6642                 0.00    423.60     67.60
  6643                 0.00    424.51     72.51
  6644                 0.00    424.80     72.80
  6645                 0.00    424.92     74.92
  6646                 0.00    423.68     76.66
  6648                 0.00    423.86     77.85
  6649                 0.00    424.73     85.73
  665                  0.00    424.73     79.73
  666                  0.00    425.41     85.41
  6665                 0.00    426.40     61.26
  6666                 0.00    427.18     59.52
  667                  0.00    424.77     72.77
  668                  0.00    423.73     93.73
  669                  0.00    424.61     79.61
  1                   74.00    427.31     97.31
  10                  74.00    424.03     72.03
  100                 48.00    423.59     68.59
  100B                78.00    422.70     64.70
  101                151.00    419.44     66.44
  103                 52.00    418.62     79.62
  104                157.00    418.46     79.46
  105                 82.00    420.06     65.06
  106                  0.00    420.08     65.08
  107                 81.00    426.15     87.15
  108                 58.00    425.65     90.09
  109                  0.00    426.29     89.29
  11B                117.00    424.49     81.49
  110                  0.00    426.77     80.77
  111                  0.00    426.66     88.68
  112                  0.00    426.71     84.71
  113                  0.00    426.51    103.51
  114                  0.00    426.16     78.16
  115                 49.00    425.87     79.87
  116                  0.00    426.05     81.05
  117                 89.00    425.58     82.58
  118                  0.00    425.71     86.71
  119                  0.00    425.71    102.90
  12                 134.00    423.51     93.17
  121                 62.00    426.28     76.28
  122                  0.00    426.05     79.05
  123                  0.00    426.05     80.05
  125                  0.00    426.26     75.26
  126                 69.00    426.14     78.14
  127                  0.00    426.14     82.81
  128                 64.00    425.61     63.61
  129                  0.00    424.57     68.57
  130                129.00    423.97     82.89
  130B                62.00    424.29     71.29
  132                 54.00    417.84     84.84
  134                 62.00    420.86     99.86
  135                 56.00    419.10    103.10
  137                 59.00    415.14    106.14
  139                 69.00    423.26     63.26
  14                   0.00    422.34     84.34
  140                  0.00    423.51     72.51
  141                  0.00    423.49     71.49
  142                  0.00    423.26     62.26
  143                 60.00    415.16     74.19
  144                 87.00    425.09     66.09
  146                  0.00    424.84     78.84
  147                 61.00    424.22    103.22
  148                 62.00    424.76     91.76
  149                  0.00    424.02    110.81
  15                 148.00    420.85     85.85
  150                 83.00    423.47    115.40
  151                  0.00    423.17    117.93
  152                 76.00    420.85    110.83
  153                  0.00    421.64    111.64
  154                  0.00    425.34    100.34
  157                  0.00    425.34    122.34
  158A                 0.00    425.34    104.34
  158B                 0.00    425.34    104.34
  16B                  0.00    422.49     88.49
  160                 66.00    427.59     60.59
  162                  0.00    427.40     59.40
  163                 89.00    426.89     52.89
  164                 59.00    426.89     67.23
  165                 63.00    426.40     65.10
  166                 92.00    426.40     65.39
  167                  0.00    426.40     55.76
  169                 54.00    426.70     60.20
  17A                  0.00    420.66     85.66
  170                  0.00    427.82     68.82
  17B                179.00    420.16     85.16
  171                  0.00    427.96     75.96
  172                  0.00    427.96     87.96
  18B                194.00    415.58     90.58
  19                   0.00    427.98     69.98
  2                    0.00    426.83    100.83
  20                  84.00    427.87     63.87
  2002                 0.00    424.61     74.61
  2003                 0.00    424.61     74.61
  21                  60.00    427.73     65.00
  22                  70.00    427.72     66.12
  222                  0.00    427.45     77.45
  24                   0.00    427.29     83.29
  25                   0.00    427.07     82.07
  26                  89.00    426.46     78.46
  27                   0.00    426.84     76.84
  28                  53.00    426.56     78.56
  29                   0.00    425.81     69.81
  3                   63.00    426.29     85.94
  30                   0.00    425.72     64.72
  3002                 0.00    427.87     41.87
  3004                 0.00    427.87     41.87
  3005                 0.00    427.87     41.87
  3008                 0.00    427.87     42.87
  3012                 0.00    427.87     57.14
  3013                 0.00    427.87     62.94
  3016               130.00    427.98     62.98
  3017                 0.00    428.38     46.38
  3018                 0.00    428.10     51.10
  3019                 0.00    427.87     58.48
  3020                 0.00    427.87     59.76
  3024                 0.00    427.87     62.93
  31                  49.00    425.45     67.66
  3152                 0.00    427.87     61.67
  32                   0.00    425.55     67.55
  34                  93.00    425.05     74.03
  35                   0.00    425.34     88.34
  36                   0.00    425.34     97.34
  39                   0.00    425.34    112.34
  41                   0.00    425.34    118.34
  46                   0.00    428.10     52.10
  47                   0.00    426.79     68.61
  48                   0.00    426.33     82.33
  49                  80.00    423.37     71.37
  5                    0.00    426.00     79.00
  52                  83.00    423.33     72.33
  53                   0.00    428.11     72.11
  54                   0.00    427.74     82.74
  55                   0.00    425.98     95.98
  56                  50.00    425.33     91.33
  58                 118.00    421.15     88.15
  59                 161.00    417.53     88.53
  6                    0.00    424.80     72.80
  60                   0.00    426.29     81.29
  61                   0.00    426.29     87.29
  62                   0.00    424.49     70.49
  64                  67.00    426.35     95.35
  65                  83.00    425.59     85.59
  66                  87.00    425.92     86.92
  67                 111.00    425.56     93.56
  68                   0.00    425.02     86.02
  69                  58.00    424.26     73.26
  7                   64.00    425.35     72.35
  70                 145.00    423.71     83.71
  71                  88.00    422.98     85.98
  72                  95.00    424.49     68.49
  73                 159.00    424.45     69.45
  77                 117.00    421.05     65.05
  78                   0.00    424.49     84.35
  79                  48.00    425.34     72.34
  8                   67.00    424.67     74.67
  80                  93.00    424.96     75.96
  81                   0.00    423.86     64.86
  82                 105.00    423.15     65.15
  85                  60.00    422.11     83.11
  86                   0.00    422.39     85.39
  87                 124.00    424.07     64.07
  88                   0.00    423.96     70.96
  89                   0.00    423.72     56.72
  90                   0.00    423.60     67.60
  91                 168.00    422.88     50.88
  92                  61.00    422.99     62.99
  91B                  0.00    423.04     63.04
  94                   0.00    424.73     85.73
  95                   0.00    424.73     81.73
  97                   0.00    424.73     93.73
  99                 143.00    421.16     71.16
  74                  76.00    422.26     63.55
  1074                 0.00    424.41     66.41
  11A                  0.00    424.73     81.73
  1011                 0.00    424.73     81.73
  0                -6505.00    429.00      0.00  Reservoir
   
   
  Link Results:
  ----------------------------------------------
                       Flow  Velocity  Headloss
  Link                 m3/h       m/s    /1000m
  ----------------------------------------------
  TU1                 61.00      0.67      2.21
  TU10                82.00      0.89      3.68
  TU100              462.00      1.02      1.86
  TU101              549.00      0.78      0.86
  TU102               83.00      1.48     12.69
  TU103              632.00      0.89      1.12
  TU104              699.00      0.99      1.34
  TU105             2734.00      1.19      0.95
  TU106             2734.00      1.19      0.95
  TU107                0.00      0.00      0.00
  TU108             2797.00      1.22      0.99
  TU109             3496.00      1.53      1.50
  TU11               233.00      1.07      3.10
  TU110             3496.00      1.53      1.50
  TU111              161.00      2.12     20.56
  TU112              279.00      2.04     13.51
  TU113              329.00      1.75      8.41
  TU114              329.00      1.75      8.41
  TU115             3899.00      1.38      1.10
  TU116             3899.00      1.38      1.10
  TU117               -0.00      0.00      0.00
  TU118                0.00      0.00      0.00
  TU119             3899.00      1.38      1.10
  TU12               157.00      1.79     13.90
  TU120             3899.00      1.38      1.10
  TU121               -0.00      0.00      0.00
  TU122                0.00      0.00      0.00
  TU123               -0.00      0.00      0.00
  TU124               83.00      0.95      4.32
  TU125              163.00      1.19      5.02
  TU126              163.00      0.75      1.61
  TU127              163.00      0.75      1.61
  TU128                0.00      0.00      0.00
  TU129                0.00      0.00      0.00
  TU13               209.00      1.53      7.92
  TU130               63.00      0.27      0.25
  TU131              155.00      0.67      1.30
  TU132               54.00      0.24      0.19
  TU133              209.00      0.91      2.25
  TU134               -0.00      0.00      0.00
  TU135              357.00      0.79      1.16
  TU136              423.00      0.94      1.58
  TU137              586.00      0.83      0.97
  TU138              586.00      0.83      0.97
  TU139              586.00      0.58      0.40
  TU14               442.00      0.98      1.71
  TU140              586.00      0.58      0.40
  TU141                0.00      0.00      0.00
  TU142              212.00      0.57      0.73
  TU143              168.00      0.73      1.51
  TU144               78.00      0.84      3.37
  TU145               61.00      0.42      0.74
  TU146              139.00      0.61      1.07
  TU147              307.00      0.83      1.42
  TU148               -0.00      0.00      0.00
  TU149               48.00      0.33      0.48
  TU15                -0.00      0.00      0.00
  TU150               48.00      0.33      0.48
  TU151              355.00      0.50      0.39
  TU152              143.00      1.63     11.70
  TU15301            698.00      0.99      1.34
  TU15302            622.00      0.88      1.08
  TU1074              76.00      1.00      5.18
  TU154              857.00      0.84      0.81
  TU155               74.00      1.24      8.97
  TU156              931.00      0.91      0.94
  TU157             1143.00      1.12      1.37
  TU158                0.00      0.00      0.00
  TU159             1143.00      1.12      1.37
  TU16              6505.00      1.17      0.55
  TU160               67.00      1.19      8.57
  TU161             1210.00      1.19      1.52
  TU162             1524.00      1.10      1.10
  TU163             1412.00      1.02      0.95
  TU164             1460.00      1.05      1.01
  TU166               -0.00      0.00      0.00
  TU167              105.00      1.38      9.36
  TU168              105.00      1.38      9.36
  TU169              105.00      0.88      3.17
  TU17                58.00      1.03      6.59
  TU170              198.00      0.91      2.30
  TU171             1214.00      0.88      0.72
  TU17201             -0.00      0.00      0.00
  TU17202              0.00      0.00      0.00
  TU1011A             -0.00      0.00      0.00
  TU173               -0.00      0.00      0.00
  TU174               -0.00      0.00      0.00
  TU175               -0.00      0.00      0.00
  TU176             1097.00      1.08      1.27
  TU177             1214.00      1.19      1.53
  TU178              963.00      0.95      1.00
  TU179              521.00      1.48      4.26
  TU18                58.00      0.66      2.25
  TU180              373.00      1.06      2.30
  TU181              194.00      1.63      9.75
  TU182              373.00      1.71      7.37
  TU183                0.00      0.00      0.00
  TU184                0.00      0.00      0.00
  TU185              269.00      0.59      0.69
  TU186              268.00      0.72      1.11
  TU187              357.00      0.79      1.16
  TU188             1537.00      1.11      1.12
  TU189             1537.00      1.11      1.12
  TU19                81.00      1.44     12.13
  TU190               76.00      1.00      5.18
  TU191                0.00      0.00      0.00
  TU192                0.00      0.00      0.00
  TU193               -0.00      0.00      0.00
  TU194               -0.00      0.00      0.00
  TU195                0.00      0.00      0.00
  TU196                0.00      0.00      0.00
  TU197               -0.00      0.00      0.00
  TU198                0.00      0.00      0.00
  TU199                0.00      0.00      0.00
  TU2                148.00      1.69     12.46
  TU20               139.00      1.02      3.75
  TU200               -0.00      0.00      0.00
  TU201                0.00      0.00      0.00
  TU203                0.00      0.00      0.00
  TU204             1890.00      0.83      0.48
  TU205             2020.00      0.88      0.54
  TU21                76.00      0.64      1.76
  TU22              1676.00      0.93      0.68
  TU23              1676.00      0.93      0.68
  TU24              1746.00      0.96      0.74
  TU25              1806.00      1.00      0.78
  TU26              1126.00      1.11      1.33
  TU27              1126.00      1.11      1.33
  TU28              1126.00      1.11      1.33
  TU29              1179.00      1.16      1.45
  TU3                  0.00      0.00      0.00
  TU30                 0.00      0.00      0.00
  TU31                -0.00      0.00      0.00
  TU32                89.00      1.02      4.91
  TU33                89.00      0.41      0.54
  TU34               138.00      0.63      1.19
  TU35                 0.00      0.00      0.00
  TU36                 0.00      0.00      0.00
  TU37               138.00      0.39      0.38
  TU38               138.00      0.39      0.38
  TU39                -0.00      0.00      0.00
  TU4                498.00      0.70      0.72
  TU40                69.00      0.50      1.05
  TU41               207.00      0.46      0.43
  TU42                89.00      0.62      1.46
  TU43               269.00      0.38      0.24
  TU44               269.00      0.38      0.23
  TU45               269.00      0.38      0.23
  TU46               358.00      0.51      0.40
  TU47                89.00      1.58     14.42
  TU48                 0.00      0.00      0.00
  TU49                 0.00      0.00      0.00
  TU5                498.00      0.70      0.72
  TU50                 0.00      0.00      0.00
  TU51                 0.00      0.00      0.00
  TU52                 0.00      0.00      0.00
  TU53                 0.00      0.00      0.00
  TU54                 0.00      0.00      0.00
  TU55                 0.00      0.00      0.00
  TU56                 0.00      0.00      0.00
  TU57                 0.00      0.00      0.00
  TU58                93.00      1.65     15.64
  TU59                93.00      0.26      0.18
  TU6                269.00      0.38      0.24
  TU60                76.00      1.57     15.45
  TU61                 0.00      0.00      0.00
  TU62               159.00      0.84      2.21
  TU63                 0.00      0.00      0.00
  TU64               159.00      0.84      2.21
  TU65                61.00      1.26     10.32
  TU66               220.00      0.73      1.27
  TU67               282.00      0.80      1.38
  TU68               282.00      0.80      1.38
  TU69               375.00      0.53      0.43
  TU7                117.00      1.97     20.82
  TU70               424.00      0.60      0.54
  TU71               424.00      0.60      0.54
  TU72               360.00      0.80      1.17
  TU73               489.00      1.08      2.06
  TU74               551.00      1.22      2.57
  TU75               551.00      1.22      2.57
  TU76               638.00      1.41      3.36
  TU77               702.00      1.55      4.01
  TU78                59.00      1.22      9.72
  TU79               115.00      1.51     11.06
  TU8                151.00      1.63     11.28
  TU80                62.00      1.28     10.64
  TU81               177.00      1.49      8.23
  TU82                60.00      1.07      7.01
  TU83               114.00      1.50     10.88
  TU84                 0.00      0.00      0.00
  TU85                69.00      0.50      1.05
  TU86                69.00      0.32      0.34
  TU87                69.00      0.37      0.49
  TU88               183.00      0.40      0.34
  TU89                60.00      1.07      7.01
  TU9                  0.00      0.00      0.00
  TU90                 0.00      0.00      0.00
  TU91                60.00      0.69      2.40
  TU92               205.00      0.94      2.45
  TU93               205.00      0.58      0.77
  TU94                88.00      1.00      4.81
  TU95               293.00      0.83      1.48
  TU96                 0.00      0.00      0.00
  TU97                58.00      1.03      6.59
  TU98                58.00      0.66      2.25
  TU99               351.00      0.78      1.12
  TU4000               0.00      0.00      0.00
   
  Analysis ended Fri Dec  1 10:05:30 2023
