  Page 1                                    Fri Dec  1 10:02:49 2023

  ******************************************************************
  *                           E P A N E T                          *
  *                   Hydraulic and Water Quality                  *
  *                   Analysis for Pipe Networks                   *
  *                         Version 2.2                            *
  ******************************************************************
  
  Analysis begun Fri Dec  1 10:02:49 2023

   
  Node Results:
  ----------------------------------------------
                     Demand      Head  Pressure
  Node                 m3/h         m         m
  ----------------------------------------------
  3661                 0.00    428.50     50.36
  482                  0.00    427.57     81.57
  661                  0.00    428.17     98.17
  6610                 0.00    425.44      0.32
  6611                 0.00    424.71     89.71
  6612                 0.00    425.87     63.50
  6613                 0.00    423.98     68.98
  6615                 0.00    427.44     88.44
  6616                 0.00    428.17     67.17
  6617                 0.00    426.38     83.38
  6618                 0.00    428.08     80.08
  662                  0.00    427.70     99.70
  6620                 0.00    428.15    120.15
  6621                 0.00    428.15    100.15
  6622                 0.00    428.15     91.15
  6623                 0.00    428.15     77.15
  6624                 0.00    428.15     76.15
  6625                 0.00    427.95    115.95
  6626                 0.00    428.06    107.06
  6627                 0.00    428.17    107.17
  6628                 0.00    427.05     88.05
  6629                 0.00    427.05     87.05
  663                  0.00    427.20     86.20
  6630                 0.00    427.17      2.05
  6632                 0.00    427.31     87.31
  6633                 0.00    428.39     65.75
  6634                 0.00    428.47     57.47
  6635                 0.00    428.07     76.07
  6636                 0.00    428.07     72.07
  6637                 0.00    427.81     60.81
  6639                 0.00    425.49     65.49
  664                  0.00    426.87     78.87
  6640                 0.00    425.44     65.44
  6641                 0.00    425.52     66.84
  6642                 0.00    425.38     69.38
  6643                 0.00    426.40     74.40
  6644                 0.00    426.60     74.60
  6645                 0.00    426.67     76.67
  6646                 0.00    426.87     79.85
  6648                 0.00    426.87     80.86
  6649                 0.00    426.64     87.64
  665                  0.00    426.64     81.64
  666                  0.00    427.17     87.17
  6665                 0.00    425.41     60.27
  6666                 0.00    427.16     59.50
  667                  0.00    426.58     74.58
  668                  0.00    428.17     98.17
  669                  0.00    427.05     82.05
  1                   72.00    428.02     98.02
  10                   0.00    426.40     74.40
  100                178.00    425.32     70.32
  100B                82.00    424.96     66.96
  101                 96.00    423.70     70.70
  103                 52.00    421.22     82.22
  104                159.00    421.05     82.05
  105                  0.00    423.98     68.98
  106                 55.00    423.91     68.91
  107                 85.00    427.08     88.08
  108                 60.00    426.56     91.00
  109                  0.00    427.24     90.24
  11B                107.00    426.47     83.47
  110                 72.00    428.02     82.02
  111                 58.00    427.81     89.83
  112                  0.00    427.92     85.92
  113                  0.00    427.59    104.59
  114                 62.00    426.89     78.89
  115                 53.00    426.51     80.51
  116                  0.00    426.68     81.68
  117                  0.00    426.38     83.38
  118                 78.00    425.30     86.30
  119                  0.00    425.30    102.49
  12                 138.00    425.81     95.47
  121                  0.00    427.25     77.25
  122                 71.00    422.36     75.36
  123                  0.00    426.07     80.07
  125                  0.00    427.22     76.22
  126                 66.00    427.11     79.11
  127                  0.00    427.11     83.78
  128                 66.00    428.17     66.17
  129                  0.00    428.17     72.17
  130                  0.00    428.17     87.09
  130B                 0.00    428.17     75.17
  132                  0.00    428.17     95.17
  134                  0.00    428.17    107.17
  135                  0.00    428.17    112.17
  137                  0.00    428.17    119.17
  139                  0.00    428.17     68.17
  14                  95.00    425.01     87.01
  140                  0.00    428.17     77.17
  141                  0.00    428.17     76.17
  142                  0.00    428.17     67.17
  143                  0.00    428.17     87.20
  144                  0.00    428.17     69.17
  146                  0.00    428.11     82.11
  147                  0.00    428.06    107.06
  148                  0.00    428.10     95.10
  149                  0.00    427.95    114.74
  15                 207.00    424.13     89.13
  150                  0.00    427.82    119.75
  151                  0.00    427.54    122.30
  152                 73.00    425.38    115.36
  153                  0.00    426.12    116.12
  154                  0.00    428.15    103.15
  157                  0.00    428.15    125.15
  158A                 0.00    428.15    107.15
  158B                 0.00    428.15    107.15
  16B                  0.00    425.17     91.17
  160                  0.00    427.76     60.76
  162                  0.00    427.47     59.47
  163                 73.00    426.95     52.95
  164                 54.00    426.64     66.98
  165                 60.00    425.54     64.24
  166                 86.00    425.55     64.54
  167                 94.00    425.26     54.62
  169                 74.00    426.26     59.76
  17A                  0.00    424.67     89.67
  170                  0.00    427.95     68.95
  17B                 85.00    424.64     89.64
  171                  0.00    428.07     76.07
  172                  0.00    428.07     88.07
  18B                  0.00    424.64     99.64
  19                   0.00    428.39     70.39
  2                    0.00    427.77    101.77
  20                   0.00    428.50     64.50
  2002                 0.00    427.05     77.05
  2003                 0.00    427.05     77.05
  21                  58.00    428.46     65.73
  22                   0.00    428.45     66.85
  222                  0.00    428.37     78.37
  24                   0.00    428.32     84.32
  25                   0.00    428.26     83.26
  26                  88.00    427.76     79.76
  27                   0.00    428.20     78.20
  28                  65.00    428.19     80.19
  29                   0.00    428.17     72.17
  3                    0.00    427.49     87.14
  30                   0.00    428.17     67.17
  3002                 0.00    428.50     42.50
  3004                 0.00    428.50     42.50
  3005                 0.00    428.50     42.50
  3008                 0.00    428.50     43.50
  3012                 0.00    428.50     57.77
  3013                 0.00    428.50     63.57
  3016                 0.00    428.53     63.53
  3017               145.00    428.63     46.63
  3018                66.00    427.96     50.96
  3019                 0.00    428.50     59.11
  3020                 0.00    428.50     60.39
  3024                 0.00    428.50     63.56
  31                   0.00    428.16     70.37
  3152                 0.00    428.50     62.30
  32                   0.00    428.16     70.16
  34                   0.00    428.15     77.13
  35                   0.00    428.15     91.15
  36                   0.00    428.15    100.15
  39                   0.00    428.15    115.15
  41                   0.00    428.15    121.15
  46                 186.00    428.18     52.18
  47                   0.00    426.41     68.23
  48                   0.00    427.47     83.47
  49                   0.00    426.69     74.69
  5                    0.00    427.34     80.34
  52                  78.00    426.66     75.66
  53                 155.00    424.85     68.85
  54                   0.00    428.26     83.26
  55                   0.00    426.64     96.64
  56                  54.00    425.96     91.96
  58                 116.00    421.69     88.69
  59                 166.00    417.86     88.86
  6                    0.00    426.60     74.60
  60                   0.00    427.49     82.49
  61                   0.00    427.49     88.49
  62                   0.00    426.47     72.47
  64                  83.00    427.51     96.51
  65                  89.00    426.92     86.92
  66                  85.00    427.31     88.31
  67                 122.00    427.19     95.19
  68                   0.00    427.17     88.17
  69                   0.00    427.17     76.17
  7                    0.00    427.02     74.02
  70                   0.00    427.05     87.05
  71                 125.00    423.50     86.50
  72                   0.00    426.47     70.47
  73                 170.00    426.35     71.35
  77                 126.00    422.53     66.53
  78                   0.00    426.47     86.33
  79                   0.00    427.02     74.02
  8                   68.00    426.42     76.42
  80                   0.00    426.87     77.87
  81                   0.00    426.87     67.87
  82                   0.00    426.87     68.87
  85                   0.00    427.05     88.05
  86                   0.00    427.05     90.05
  87                   0.00    426.02     66.02
  88                  43.00    423.25     70.25
  89                  85.00    425.58     58.58
  90                   0.00    425.38     69.38
  91                   0.00    425.49     53.49
  92                   0.00    425.44     65.44
  91B                  0.00    425.44     65.44
  94                   0.00    426.64     87.64
  95                   0.00    426.64     83.64
  97                   0.00    426.64     95.64
  99                 201.00    420.78     70.78
  74                   0.00    426.32     67.61
  1074                 0.00    426.32     68.32
  11A                  0.00    426.64     83.64
  1011                 0.00    426.64     83.64
  0                -4885.00    429.00      0.00  Reservoir
   
   
  Link Results:
  ----------------------------------------------
                       Flow  Velocity  Headloss
  Link                 m3/h       m/s    /1000m
  ----------------------------------------------
  TU1                 -0.00      0.00      0.00
  TU10                 0.00      0.00      0.00
  TU100              247.00      0.55      0.59
  TU101              332.00      0.47      0.35
  TU102               89.00      1.58     14.42
  TU103              421.00      0.60      0.53
  TU104              504.00      0.71      0.74
  TU105             1947.00      0.85      0.51
  TU106             1947.00      0.85      0.51
  TU107                0.00      0.00      0.00
  TU108             1947.00      0.85      0.51
  TU109             2451.00      1.07      0.78
  TU11               151.00      0.69      1.40
  TU110             2451.00      1.07      0.78
  TU111              166.00      2.18     21.76
  TU112              282.00      2.06     13.78
  TU113              336.00      1.79      8.74
  TU114              336.00      1.79      8.74
  TU115             2859.00      1.01      0.62
  TU116             2859.00      1.01      0.62
  TU117              155.00      1.67     11.84
  TU118                0.00      0.00      0.00
  TU119             2859.00      1.01      0.62
  TU12               159.00      1.82     14.23
  TU120             3014.00      1.07      0.68
  TU121                0.00      0.00      0.00
  TU122                0.00      0.00      0.00
  TU123               -0.00      0.00      0.00
  TU124               78.00      0.89      3.86
  TU125               78.00      0.57      1.31
  TU126               78.00      0.36      0.42
  TU127               78.00      0.36      0.42
  TU128               94.00      0.41      0.53
  TU129               94.00      0.41      0.53
  TU13               211.00      1.54      8.06
  TU130              154.00      0.67      1.29
  TU131              240.00      1.05      2.90
  TU132               74.00      0.32      0.34
  TU133              314.00      1.37      4.75
  TU134               -0.00      0.00      0.00
  TU135              441.00      0.97      1.70
  TU136              441.00      0.97      1.70
  TU137              519.00      0.73      0.78
  TU138              519.00      0.73      0.78
  TU139              519.00      0.51      0.32
  TU14               457.00      1.01      1.82
  TU140              771.00      0.76      0.66
  TU141                0.00      0.00      0.00
  TU142              126.00      0.34      0.28
  TU143               -0.00      0.00      0.00
  TU144               82.00      0.89      3.69
  TU145               -0.00      0.00      0.00
  TU146               82.00      0.36      0.41
  TU147               82.00      0.22      0.13
  TU148                0.00      0.00      0.00
  TU149              178.00      1.23      5.17
  TU15                -0.00      0.00      0.00
  TU150              178.00      1.23      5.17
  TU151              260.00      0.37      0.22
  TU152              201.00      2.29     21.95
  TU15301            589.00      0.83      0.98
  TU15302            589.00      0.83      0.98
  TU1074               0.00      0.00      0.00
  TU154              759.00      0.75      0.64
  TU155                0.00      0.00      0.00
  TU156              759.00      0.75      0.64
  TU157              885.00      0.87      0.85
  TU158                0.00      0.00      0.00
  TU159              885.00      0.87      0.85
  TU16              4885.00      0.88      0.32
  TU160               68.00      1.21      8.81
  TU161              953.00      0.94      0.98
  TU162              994.00      0.72      0.50
  TU163              994.00      0.72      0.50
  TU164              994.00      0.72      0.50
  TU166               -0.00      0.00      0.00
  TU167               -0.00      0.00      0.00
  TU168                0.00      0.00      0.00
  TU169                0.00      0.00      0.00
  TU17                60.00      1.07      7.01
  TU170                0.00      0.00      0.00
  TU171              994.00      0.72      0.50
  TU17201             -0.00      0.00      0.00
  TU17202              0.00      0.00      0.00
  TU1011A             -0.00      0.00      0.00
  TU173               -0.00      0.00      0.00
  TU174               -0.00      0.00      0.00
  TU175               -0.00      0.00      0.00
  TU176              887.00      0.87      0.86
  TU177              994.00      0.98      1.06
  TU178              749.00      0.74      0.63
  TU179              292.00      0.83      1.47
  TU18                60.00      0.69      2.40
  TU180               85.00      0.24      0.16
  TU181                0.00      0.00      0.00
  TU182               85.00      0.39      0.50
  TU183                0.00      0.00      0.00
  TU184                0.00      0.00      0.00
  TU185              330.00      0.73      1.00
  TU186              368.00      0.99      1.99
  TU187              441.00      0.97      1.70
  TU188              752.00      0.54      0.30
  TU189              752.00      0.54      0.30
  TU19                85.00      1.51     13.25
  TU190               73.00      0.96      4.81
  TU191                0.00      0.00      0.00
  TU192                0.00      0.00      0.00
  TU193                0.00      0.00      0.00
  TU194               -0.00      0.00      0.00
  TU195                0.00      0.00      0.00
  TU196                0.00      0.00      0.00
  TU197               -0.00      0.00      0.00
  TU198                0.00      0.00      0.00
  TU199                0.00      0.00      0.00
  TU2                207.00      2.36     23.18
  TU20               145.00      1.06      4.05
  TU200               -0.00      0.00      0.00
  TU201                0.00      0.00      0.00
  TU203               66.00      1.11      7.28
  TU204              955.00      0.42      0.14
  TU205              955.00      0.42      0.14
  TU21                73.00      0.61      1.64
  TU22               897.00      0.50      0.22
  TU23               897.00      0.50      0.22
  TU24               897.00      0.50      0.22
  TU25               955.00      0.53      0.24
  TU26               139.00      0.14      0.03
  TU27               139.00      0.14      0.03
  TU28               139.00      0.14      0.03
  TU29               204.00      0.20      0.06
  TU3                 43.00      0.72      3.34
  TU30                 0.00      0.00      0.00
  TU31                78.00      0.89      3.86
  TU32                 0.00      0.00      0.00
  TU33                78.00      0.36      0.42
  TU34               131.00      0.60      1.08
  TU35                71.00      1.26      9.53
  TU36                71.00      0.81      3.25
  TU37               202.00      0.57      0.75
  TU38               264.00      0.75      1.22
  TU39                -0.00      0.00      0.00
  TU4                546.00      0.77      0.85
  TU40                66.00      0.48      0.97
  TU41               330.00      0.73      1.00
  TU42                73.00      0.51      1.02
  TU43               388.00      0.55      0.46
  TU44               388.00      0.55      0.46
  TU45               460.00      0.65      0.62
  TU46               548.00      0.78      0.86
  TU47                88.00      1.57     14.13
  TU48                 0.00      0.00      0.00
  TU49                 0.00      0.00      0.00
  TU5                589.00      0.83      0.98
  TU50                 0.00      0.00      0.00
  TU51                 0.00      0.00      0.00
  TU52                 0.00      0.00      0.00
  TU53                 0.00      0.00      0.00
  TU54                 0.00      0.00      0.00
  TU55                 0.00      0.00      0.00
  TU56                -0.00      0.00      0.00
  TU57                 0.00      0.00      0.00
  TU58                 0.00      0.00      0.00
  TU59                 0.00      0.00      0.00
  TU6                330.00      0.47      0.34
  TU60                73.00      1.50     14.35
  TU61                 0.00      0.00      0.00
  TU62                73.00      0.39      0.54
  TU63                 0.00      0.00      0.00
  TU64                73.00      0.39      0.54
  TU65                 0.00      0.00      0.00
  TU66                73.00      0.24      0.17
  TU67                73.00      0.21      0.12
  TU68                73.00      0.21      0.12
  TU69                73.00      0.10      0.02
  TU7                126.00      2.12     23.88
  TU70                73.00      0.10      0.02
  TU71                73.00      0.10      0.02
  TU72                 0.00      0.00      0.00
  TU73                 0.00      0.00      0.00
  TU74                 0.00      0.00      0.00
  TU75                 0.00      0.00      0.00
  TU76                 0.00      0.00      0.00
  TU77                66.00      0.15      0.05
  TU78                 0.00      0.00      0.00
  TU79                 0.00      0.00      0.00
  TU8                 96.00      1.04      4.92
  TU80                 0.00      0.00      0.00
  TU81                 0.00      0.00      0.00
  TU82                 0.00      0.00      0.00
  TU83                 0.00      0.00      0.00
  TU84                 0.00      0.00      0.00
  TU85                 0.00      0.00      0.00
  TU86                 0.00      0.00      0.00
  TU87                 0.00      0.00      0.00
  TU88                 0.00      0.00      0.00
  TU89                 0.00      0.00      0.00
  TU9                 55.00      0.93      5.22
  TU90                 0.00      0.00      0.00
  TU91                -0.00      0.00      0.00
  TU92                -0.00      0.00      0.00
  TU93                 0.00      0.00      0.00
  TU94               125.00      1.43      9.13
  TU95               125.00      0.35      0.31
  TU96                 0.00      0.00      0.00
  TU97                 0.00      0.00      0.00
  TU98                 0.00      0.00      0.00
  TU99               125.00      0.28      0.17
  TU4000               0.00      0.00      0.00
   
  Analysis ended Fri Dec  1 10:02:49 2023
