  Page 1                                    Fri Dec  1 10:04:12 2023

  ******************************************************************
  *                           E P A N E T                          *
  *                   Hydraulic and Water Quality                  *
  *                   Analysis for Pipe Networks                   *
  *                         Version 2.2                            *
  ******************************************************************
  
  Analysis begun Fri Dec  1 10:04:12 2023

   
  Node Results:
  ----------------------------------------------
                     Demand      Head  Pressure
  Node                 m3/h         m         m
  ----------------------------------------------
  3661                 0.00    427.75     49.61
  482                  0.00    426.79     80.79
  661                  0.00    423.62     93.62
  6610                 0.00    423.91     -1.21
  6611                 0.00    423.33     88.33
  6612                 0.00    424.90     62.53
  6613                 0.00    420.51     65.51
  6615                 0.00    426.13     87.13
  6616                 0.00    425.09     64.09
  6617                 0.00    422.62     79.62
  6618                 0.00    426.20     78.20
  662                  0.00    427.13     99.13
  6620                 0.00    424.17    116.17
  6621                 0.00    424.48     96.48
  6622                 0.00    424.55     87.55
  6623                 0.00    424.62     73.62
  6624                 0.00    424.65     72.65
  6625                 0.00    423.23    111.23
  6626                 0.00    423.69    102.69
  6627                 0.00    421.11    100.11
  6628                 0.00    422.87     83.87
  6629                 0.00    425.32     85.32
  663                  0.00    426.37     85.37
  6630                 0.00    425.64      0.52
  6632                 0.00    426.64     86.64
  6633                 0.00    428.11     65.47
  6634                 0.00    428.21     57.21
  6635                 0.00    428.00     76.00
  6636                 0.00    428.00     72.00
  6637                 0.00    427.69     60.69
  6639                 0.00    424.13     64.13
  664                  0.00    425.90     77.90
  6640                 0.00    424.01     64.01
  6641                 0.00    424.51     65.83
  6642                 0.00    424.50     68.50
  6643                 0.00    425.35     73.35
  6644                 0.00    425.56     73.56
  6645                 0.00    425.67     75.67
  6646                 0.00    424.11     77.09
  6648                 0.00    424.36     78.35
  6649                 0.00    425.64     86.64
  665                  0.00    425.64     80.64
  666                  0.00    426.03     86.03
  6665                 0.00    426.41     61.27
  6666                 0.00    427.22     59.56
  667                  0.00    425.54     73.54
  668                  0.00    423.62     93.62
  669                  0.00    425.07     80.07
  1                   53.00    427.60     97.60
  10                   0.00    425.35     73.35
  100                 54.00    424.49     69.49
  100B                81.00    423.54     65.54
  101                149.00    419.88     66.88
  103                 46.00    420.50     81.50
  104                150.00    420.34     81.34
  105                 82.00    420.49     65.49
  106                 55.00    420.43     65.43
  107                 78.00    425.82     86.82
  108                 63.00    425.17     89.61
  109                  0.00    425.91     88.91
  11B                114.00    425.47     82.47
  110                 65.00    426.09     80.09
  111                  0.00    425.71     87.73
  112                  0.00    425.91     83.91
  113                  0.00    425.17    102.17
  114                  0.00    423.89     75.89
  115                 54.00    423.09     77.09
  116                  0.00    423.50     78.50
  117                 90.00    422.49     79.49
  118                 70.00    421.74     82.74
  119                  0.00    421.74     98.93
  12                  85.00    424.76     94.42
  121                 61.00    424.34     74.34
  122                 69.00    419.41     72.41
  123                  0.00    422.93     76.93
  125                  0.00    424.27     73.27
  126                 54.00    423.48     75.48
  127                143.00    421.71     78.38
  128                 68.00    425.03     63.03
  129                  0.00    424.22     68.22
  130                129.00    423.77     82.69
  130B                62.00    424.01     71.01
  132                 51.00    418.10     85.10
  134                 62.00    420.80     99.80
  135                 56.00    419.10    103.10
  137                 57.00    415.38    106.38
  139                  0.00    423.62     63.62
  14                   0.00    423.80     85.80
  140                  0.00    423.62     72.62
  141                  0.00    423.62     71.62
  142                  0.00    423.62     62.62
  143                 59.00    415.50     74.53
  144                 87.00    424.62     65.62
  146                  0.00    424.08     78.08
  147                 76.00    423.29    102.29
  148                 66.00    424.00     91.00
  149                  0.00    423.23    110.02
  15                 174.00    422.91     87.91
  150                 85.00    422.70    114.63
  151                  0.00    422.43    117.19
  152                 72.00    420.33    110.31
  153                  0.00    421.04    111.04
  154                  0.00    424.45     99.45
  157                  0.00    424.17    121.17
  158A                43.00    419.87     98.87
  158B                43.00    419.86     98.86
  16B                  0.00    423.98     89.98
  160                 65.00    427.64     60.64
  162                  0.00    427.43     59.43
  163                 85.00    426.95     52.95
  164                 59.00    426.92     67.26
  165                 63.00    426.41     65.11
  166                 94.00    426.41     65.40
  167                  0.00    426.41     55.77
  169                 58.00    426.71     60.21
  17A                  0.00    423.20     88.20
  170                  0.00    427.86     68.86
  17B                178.00    423.07     88.07
  171                  0.00    428.00     76.00
  172                  0.00    428.00     88.00
  18B                  0.00    423.07     98.07
  19                   0.00    428.11     70.11
  2                    0.00    427.23    101.23
  20                  84.00    427.75     63.75
  2002                 0.00    425.07     75.07
  2003                 0.00    425.07     75.07
  21                  65.00    427.56     64.83
  22                  73.00    427.54     65.94
  222                  0.00    427.19     77.19
  24                   0.00    426.96     82.96
  25                   0.00    426.65     81.65
  26                   0.00    426.20     78.20
  27                   0.00    426.34     76.34
  28                  54.00    426.03     78.03
  29                  56.00    425.22     69.22
  3                   69.00    426.80     86.45
  30                   0.00    425.12     64.12
  3002                 0.00    427.75     41.75
  3004                 0.00    427.75     41.75
  3005                 0.00    427.75     41.75
  3008                 0.00    427.75     42.75
  3012                 0.00    427.75     57.02
  3013                 0.00    427.75     62.82
  3016               131.00    427.90     62.90
  3017                 0.00    428.41     46.41
  3018                 0.00    428.14     51.14
  3019                 0.00    427.75     58.36
  3020                 0.00    427.75     59.64
  3024                 0.00    427.75     62.81
  31                  53.00    424.79     67.00
  3152                 0.00    427.75     61.55
  32                   0.00    424.92     66.92
  34                  54.00    424.52     73.50
  35                   0.00    424.55     87.55
  36                   0.00    424.48     96.48
  39                   0.00    424.34    111.34
  41                   0.00    424.07    117.07
  46                   0.00    428.14     52.14
  47                   0.00    426.80     68.62
  48                   0.00    426.41     82.41
  49                  76.00    423.55     71.55
  5                    0.00    426.58     79.58
  52                  84.00    423.52     72.52
  53                   0.00    428.21     72.21
  54                   0.00    427.92     82.92
  55                   0.00    426.43     96.43
  56                  50.00    425.87     91.87
  58                  95.00    422.29     89.29
  59                 161.00    418.68     89.68
  6                   61.00    425.35     73.35
  60                   0.00    426.80     81.80
  61                   0.00    426.80     87.80
  62                   0.00    425.26     71.26
  64                  59.00    426.90     95.90
  65                   0.00    426.64     86.64
  66                   0.00    426.63     87.63
  67                 106.00    426.21     94.21
  68                   0.00    425.64     86.64
  69                  58.00    424.88     73.88
  7                   62.00    426.09     73.09
  70                 154.00    424.12     84.12
  71                 119.00    422.08     85.08
  72                  97.00    425.26     69.26
  73                 171.00    425.30     70.30
  77                 114.00    421.98     65.98
  78                   0.00    425.26     85.12
  79                  61.00    426.08     73.08
  8                   70.00    425.40     75.40
  80                   0.00    425.85     76.85
  81                   0.00    424.36     65.36
  82                 124.00    423.40     65.40
  85                  58.00    422.61     83.61
  86                   0.00    422.87     85.87
  87                   0.00    425.03     65.03
  88                   0.00    424.90     71.90
  89                   0.00    424.64     57.64
  90                   0.00    424.50     68.50
  91                 180.00    423.70     51.70
  92                  60.00    423.87     63.87
  91B                  0.00    423.91     63.91
  94                   0.00    425.64     86.64
  95                   0.00    425.64     82.64
  97                   0.00    425.64     94.64
  99                 151.00    421.81     71.81
  74                  79.00    422.97     64.26
  1074                 0.00    425.27     67.27
  11A                  0.00    425.64     82.64
  1011                 0.00    425.64     82.64
  0                -6297.00    429.00      0.00  Reservoir
   
   
  Link Results:
  ----------------------------------------------
                       Flow  Velocity  Headloss
  Link                 m3/h       m/s    /1000m
  ----------------------------------------------
  TU1                 60.00      0.65      2.15
  TU10                82.00      0.89      3.69
  TU100              495.00      1.09      2.11
  TU101              495.00      0.70      0.71
  TU102               -0.00      0.00      0.00
  TU103              495.00      0.70      0.71
  TU104              554.00      0.78      0.88
  TU105             2398.00      1.05      0.75
  TU106             2398.00      1.05      0.75
  TU107                0.00      0.00      0.00
  TU108             2467.00      1.08      0.79
  TU109             3021.00      1.32      1.14
  TU11               286.00      1.31      4.51
  TU110             3021.00      1.32      1.14
  TU111              161.00      2.12     20.56
  TU112              256.00      1.87     11.52
  TU113              306.00      1.63      7.36
  TU114              306.00      1.63      7.36
  TU115             3380.00      1.20      0.84
  TU116             3380.00      1.20      0.84
  TU117               -0.00      0.00      0.00
  TU118                0.00      0.00      0.00
  TU119             3380.00      1.20      0.84
  TU12               150.00      1.71     12.77
  TU120             3380.00      1.20      0.84
  TU121               -0.00      0.00      0.00
  TU122                0.00      0.00      0.00
  TU123               -0.00      0.00      0.00
  TU124               84.00      0.96      4.41
  TU125              160.00      1.17      4.85
  TU126              160.00      0.73      1.56
  TU127              160.00      0.73      1.56
  TU128                0.00      0.00      0.00
  TU129                0.00      0.00      0.00
  TU13               196.00      1.43      7.04
  TU130               63.00      0.27      0.25
  TU131              157.00      0.68      1.34
  TU132               58.00      0.25      0.22
  TU133              215.00      0.94      2.37
  TU134               -0.00      0.00      0.00
  TU135              359.00      0.79      1.17
  TU136              424.00      0.94      1.59
  TU137              584.00      0.83      0.97
  TU138              584.00      0.83      0.97
  TU139              584.00      0.57      0.40
  TU14               482.00      1.07      2.01
  TU140              584.00      0.57      0.40
  TU141                0.00      0.00      0.00
  TU142              211.00      0.57      0.72
  TU143              180.00      0.78      1.71
  TU144               81.00      0.87      3.61
  TU145               60.00      0.42      0.72
  TU146              141.00      0.61      1.10
  TU147              321.00      0.87      1.55
  TU148                0.00      0.00      0.00
  TU149               54.00      0.37      0.59
  TU15                -0.00      0.00      0.00
  TU150               54.00      0.37      0.59
  TU151              375.00      0.53      0.43
  TU152              151.00      1.72     12.93
  TU15301            605.00      0.86      1.03
  TU15302            526.00      0.74      0.80
  TU1074              79.00      1.04      5.56
  TU154              776.00      0.76      0.67
  TU155                0.00      0.00      0.00
  TU156              776.00      0.76      0.67
  TU157              987.00      0.97      1.04
  TU158               61.00      1.09      7.22
  TU159             1048.00      1.03      1.17
  TU16              6297.00      1.14      0.52
  TU160               70.00      1.25      9.29
  TU161             1118.00      1.10      1.31
  TU162             1280.00      0.92      0.80
  TU163             1157.00      0.84      0.66
  TU164             1218.00      0.88      0.73
  TU166               -0.00      0.00      0.00
  TU167              124.00      1.63     12.70
  TU168              124.00      1.63     12.70
  TU169              124.00      1.04      4.29
  TU17                63.00      1.12      7.66
  TU170              124.00      0.57      0.98
  TU171             1033.00      0.75      0.54
  TU17201              0.00      0.00      0.00
  TU17202              0.00      0.00      0.00
  TU1011A             -0.00      0.00      0.00
  TU173               -0.00      0.00      0.00
  TU174               -0.00      0.00      0.00
  TU175               -0.00      0.00      0.00
  TU176              919.00      0.90      0.92
  TU177             1033.00      1.01      1.14
  TU178              834.00      0.82      0.77
  TU179              352.00      1.00      2.07
  TU18                63.00      0.72      2.62
  TU180              178.00      0.51      0.60
  TU181                0.00      0.00      0.00
  TU182              178.00      0.81      1.89
  TU183                0.00      0.00      0.00
  TU184                0.00      0.00      0.00
  TU185              541.00      1.20      2.48
  TU186              274.00      0.74      1.16
  TU187              359.00      0.79      1.17
  TU188             1839.00      1.33      1.55
  TU189             1839.00      1.33      1.55
  TU19                78.00      1.39     11.32
  TU190               72.00      0.95      4.70
  TU191                0.00      0.00      0.00
  TU192                0.00      0.00      0.00
  TU193                0.00      0.00      0.00
  TU194               -0.00      0.00      0.00
  TU195                0.00      0.00      0.00
  TU196                0.00      0.00      0.00
  TU197               -0.00      0.00      0.00
  TU198                0.00      0.00      0.00
  TU199                0.00      0.00      0.00
  TU2                174.00      1.99     16.80
  TU20               141.00      1.03      3.85
  TU200               -0.00      0.00      0.00
  TU201                0.00      0.00      0.00
  TU203                0.00      0.00      0.00
  TU204             2202.00      0.96      0.64
  TU205             2333.00      1.02      0.71
  TU21                72.00      0.61      1.60
  TU22              1980.00      1.09      0.93
  TU23              1980.00      1.09      0.93
  TU24              2053.00      1.13      0.99
  TU25              2118.00      1.17      1.05
  TU26              1123.00      1.10      1.32
  TU27              1123.00      1.10      1.32
  TU28              1179.00      1.16      1.45
  TU29              1233.00      1.21      1.57
  TU3                  0.00      0.00      0.00
  TU30                 0.00      0.00      0.00
  TU31                70.00      0.80      3.17
  TU32                90.00      1.03      5.01
  TU33               160.00      0.73      1.56
  TU34               214.00      0.98      2.65
  TU35                69.00      1.23      9.05
  TU36                69.00      0.79      3.09
  TU37               283.00      0.80      1.39
  TU38               283.00      0.80      1.39
  TU39               143.00      1.63     11.70
  TU4                526.00      0.74      0.80
  TU40               197.00      1.44      7.11
  TU41               480.00      1.06      1.99
  TU42                85.00      0.59      1.35
  TU43               541.00      0.77      0.84
  TU44               541.00      0.77      0.84
  TU45               606.00      0.86      1.03
  TU46               606.00      0.86      1.03
  TU47                -0.00      0.00      0.00
  TU48                86.00      1.13      6.49
  TU49                86.00      0.72      2.20
  TU5                526.00      0.74      0.80
  TU50                 0.00      0.00      0.00
  TU51                86.00      0.46      0.73
  TU52                86.00      0.28      0.23
  TU53                86.00      0.28      0.23
  TU54                 0.00      0.00      0.00
  TU55                86.00      0.28      0.23
  TU56                 0.00      0.00      0.00
  TU57                86.00      0.24      0.16
  TU58                54.00      0.96      5.79
  TU59               140.00      0.40      0.39
  TU6                541.00      0.77      0.84
  TU60                72.00      1.48     13.99
  TU61                 0.00      0.00      0.00
  TU62               157.00      0.83      2.16
  TU63                 0.00      0.00      0.00
  TU64               157.00      0.83      2.16
  TU65                76.00      1.57     15.45
  TU66               233.00      0.77      1.41
  TU67               299.00      0.85      1.53
  TU68               299.00      0.85      1.53
  TU69               439.00      0.62      0.57
  TU7                114.00      1.92     19.85
  TU70               492.00      0.70      0.71
  TU71               492.00      0.70      0.71
  TU72               285.00      0.63      0.77
  TU73               414.00      0.92      1.52
  TU74               476.00      1.05      1.96
  TU75               476.00      1.05      1.96
  TU76               563.00      1.24      2.67
  TU77               631.00      1.39      3.30
  TU78                57.00      1.17      9.12
  TU79               113.00      1.49     10.71
  TU8                149.00      1.61     11.01
  TU80                62.00      1.28     10.64
  TU81               175.00      1.47      8.06
  TU82                59.00      1.05      6.80
  TU83               110.00      1.45     10.19
  TU84                 0.00      0.00      0.00
  TU85                 0.00      0.00      0.00
  TU86                 0.00      0.00      0.00
  TU87                 0.00      0.00      0.00
  TU88               110.00      0.24      0.14
  TU89                58.00      1.03      6.59
  TU9                 55.00      0.93      5.22
  TU90                 0.00      0.00      0.00
  TU91                58.00      0.66      2.25
  TU92               212.00      0.97      2.61
  TU93               212.00      0.60      0.82
  TU94               119.00      1.36      8.35
  TU95               331.00      0.94      1.85
  TU96                 0.00      0.00      0.00
  TU97                58.00      1.03      6.59
  TU98                58.00      0.66      2.25
  TU99               389.00      0.86      1.35
  TU4000              43.00      0.57      1.85
   
  Analysis ended Fri Dec  1 10:04:12 2023
