  Page 1                                    Fri Dec  1 09:53:12 2023

  ******************************************************************
  *                           E P A N E T                          *
  *                   Hydraulic and Water Quality                  *
  *                   Analysis for Pipe Networks                   *
  *                         Version 2.2                            *
  ******************************************************************
  
  Analysis begun Fri Dec  1 09:53:12 2023

   
  Node Results:
  ----------------------------------------------
                     Demand      Head  Pressure
  Node                 m3/h         m         m
  ----------------------------------------------
  3661                 0.00    428.99     50.85
  482                  0.00    427.79     81.79
  661                  0.00    428.91     98.91
  6610                 0.00    428.84      3.72
  6611                 0.00    428.96     93.96
  6612                 0.00    428.93     66.56
  6613                 0.00    428.79     73.79
  6615                 0.00    428.98     89.98
  6616                 0.00    428.97     67.97
  6617                 0.00    428.97     85.97
  6618                 0.00    428.98     80.98
  662                  0.00    428.98    100.98
  6620                 0.00    428.97    120.97
  6621                 0.00    428.97    100.97
  6622                 0.00    428.97     91.97
  6623                 0.00    428.97     77.97
  6624                 0.00    428.97     76.97
  6625                 0.00    428.97    116.97
  6626                 0.00    428.97    107.97
  6627                 0.00    428.91    107.91
  6628                 0.00    428.98     89.98
  6629                 0.00    428.98     88.98
  663                  0.00    428.97     87.97
  6630                 0.00    428.98      3.86
  6632                 0.00    428.98     88.98
  6633                 0.00    428.99     66.35
  6634                 0.00    428.99     57.99
  6635                 0.00    428.90     76.90
  6636                 0.00    428.90     72.90
  6637                 0.00    428.83     61.83
  6639                 0.00    428.88     68.88
  664                  0.00    428.97     80.97
  6640                 0.00    428.84     68.84
  6641                 0.00    428.91     70.23
  6642                 0.00    428.91     72.91
  6643                 0.00    428.94     76.94
  6644                 0.00    428.94     76.94
  6645                 0.00    428.95     78.95
  6646                 0.00    428.97     81.95
  6648                 0.00    428.97     82.96
  6649                 0.00    428.97     89.97
  665                  0.00    428.97     83.97
  666                  0.00    428.98     88.98
  6665                 0.00    428.76     63.62
  6666                 0.00    428.81     61.15
  667                  0.00    428.94     76.94
  668                  0.00    428.91     98.91
  669                  0.00    428.98     83.98
  1                    0.00    428.99     98.99
  10                   0.00    428.94     76.94
  100                  0.00    428.91     73.91
  100B                77.00    428.42     70.42
  101                  0.00    428.79     75.79
  103                  0.00    428.95     89.95
  104                  0.00    428.95     89.95
  105                  0.00    428.79     73.79
  106                 54.00    428.72     73.72
  107                  0.00    428.98     89.98
  108                  0.00    428.98     93.42
  109                  0.00    428.98     91.98
  11B                  0.00    428.97     85.97
  110                  0.00    428.97     82.97
  111                 48.00    428.97     90.99
  112                  0.00    428.97     86.97
  113                  0.00    428.97    105.97
  114                  0.00    428.97     80.97
  115                  0.00    428.97     82.97
  116                  0.00    428.97     83.97
  117                  0.00    428.97     85.97
  118                  0.00    428.97     89.97
  119                  0.00    428.97    106.16
  12                   0.00    428.96     98.62
  121                  0.00    428.97     78.97
  122                  0.00    428.97     81.97
  123                  0.00    428.97     82.97
  125                  0.00    428.97     77.97
  126                  0.00    428.97     80.97
  127                  0.00    428.97     85.64
  128                  0.00    428.97     66.97
  129                  0.00    428.94     72.94
  130                 84.00    428.91     87.83
  130B                 0.00    428.93     75.93
  132                  0.00    428.91     95.91
  134                  0.00    428.91    107.91
  135                  0.00    428.91    112.91
  137                  0.00    428.91    119.91
  139                  0.00    428.91     68.91
  14                   0.00    428.95     90.95
  140                  0.00    428.91     77.91
  141                  0.00    428.91     76.91
  142                  0.00    428.91     67.91
  143                  0.00    428.91     87.94
  144                  0.00    428.95     69.95
  146                  0.00    428.97     82.97
  147                  0.00    428.97    107.97
  148                  0.00    428.97     95.97
  149                  0.00    428.97    115.76
  15                   0.00    428.96     93.96
  150                  0.00    428.97    120.90
  151                  0.00    428.97    123.73
  152                  0.00    428.97    118.95
  153                  0.00    428.97    118.97
  154                  0.00    428.97    103.97
  157                  0.00    428.97    125.97
  158A                 0.00    428.97    107.97
  158B                 0.00    428.97    107.97
  16B                  0.00    428.96     94.96
  160                  0.00    428.83     61.83
  162                  0.00    428.82     60.82
  163                  0.00    428.81     54.81
  164                  0.00    428.78     69.12
  165                  0.00    428.76     67.46
  166                  0.00    428.76     67.75
  167                  0.00    428.76     58.12
  169                 77.00    428.60     62.10
  17A                  0.00    428.96     93.96
  170                  0.00    428.87     69.87
  17B                  0.00    428.96     93.96
  171                  0.00    428.90     76.90
  172                  0.00    428.90     88.90
  18B                  0.00    428.96    103.96
  19                   0.00    428.99     70.99
  2                    0.00    428.98    102.98
  20                   0.00    428.99     64.99
  2002                 0.00    428.98     78.98
  2003                 0.00    428.98     78.98
  21                   0.00    428.99     66.26
  22                   0.00    428.99     67.39
  222                  0.00    428.98     78.98
  24                   0.00    428.98     84.98
  25                   0.00    428.98     83.98
  26                   0.00    428.98     80.98
  27                   0.00    428.98     78.98
  28                   0.00    428.97     80.97
  29                   0.00    428.97     72.97
  3                    0.00    428.98     88.63
  30                   0.00    428.97     67.97
  3002                 0.00    428.99     42.99
  3004                 0.00    428.99     42.99
  3005                 0.00    428.99     42.99
  3008                 0.00    428.99     43.99
  3012                 0.00    428.99     58.26
  3013                 0.00    428.99     64.06
  3016                 0.00    428.99     63.99
  3017                 0.00    428.99     46.99
  3018                 0.00    428.93     51.93
  3019                 0.00    428.99     59.60
  3020                 0.00    428.99     60.88
  3024                 0.00    428.99     64.05
  31                   0.00    428.97     71.18
  3152                 0.00    428.99     62.79
  32                   0.00    428.97     70.97
  34                   0.00    428.97     77.95
  35                   0.00    428.97     91.97
  36                   0.00    428.97    100.97
  39                   0.00    428.97    115.97
  41                   0.00    428.97    121.97
  46                   0.00    428.93     52.93
  47                   0.00    428.76     70.58
  48                   0.00    427.35     83.35
  49                  92.00    424.01     72.01
  5                    0.00    428.97     81.97
  52                  82.00    423.98     72.98
  53                   0.00    428.99     72.99
  54                   0.00    428.99     83.99
  55                   0.00    428.99     98.99
  56                   0.00    428.99     94.99
  58                   0.00    428.99     95.99
  59                   0.00    428.99     99.99
  6                    0.00    428.94     76.94
  60                   0.00    428.98     83.98
  61                   0.00    428.98     89.98
  62                  96.00    425.40     71.40
  64                   0.00    428.98     97.98
  65                   0.00    428.98     88.98
  66                   0.00    428.98     89.98
  67                   0.00    428.98     96.98
  68                   0.00    428.98     89.98
  69                   0.00    428.98     77.98
  7                    0.00    428.97     75.97
  70                   0.00    428.98     88.98
  71                   0.00    428.98     91.98
  72                   0.00    428.88     72.88
  73                   0.00    428.94     73.94
  77                   0.00    428.88     72.88
  78                   0.00    428.88     88.74
  79                   0.00    428.97     75.97
  8                    0.00    428.95     78.95
  80                   0.00    428.97     79.97
  81                   0.00    428.97     69.97
  82                   0.00    428.97     70.97
  85                   0.00    428.98     89.98
  86                   0.00    428.98     91.98
  87                   0.00    428.93     68.93
  88                   0.00    428.93     75.93
  89                   0.00    428.92     61.92
  90                   0.00    428.91     72.91
  91                   0.00    428.88     56.88
  92                   0.00    428.84     68.84
  91B                  0.00    428.84     68.84
  94                   0.00    428.97     89.97
  95                   0.00    428.97     85.97
  97                   0.00    428.97     97.97
  99                   0.00    428.92     78.92
  74                   0.00    428.94     70.23
  1074                 0.00    428.94     70.94
  11A                  0.00    428.97     85.97
  1011                 0.00    428.97     85.97
  0                 -610.00    429.00      0.00  Reservoir
   
   
  Link Results:
  ----------------------------------------------
                       Flow  Velocity  Headloss
  Link                 m3/h       m/s    /1000m
  ----------------------------------------------
  TU1                 -0.00      0.00      0.00
  TU10                 0.00      0.00      0.00
  TU100                0.00      0.00      0.00
  TU101                0.00      0.00      0.00
  TU102                0.00      0.00      0.00
  TU103                0.00      0.00      0.00
  TU104                0.00      0.00      0.00
  TU105              227.00      0.10      0.01
  TU106              227.00      0.10      0.01
  TU107                0.00      0.00      0.00
  TU108              227.00      0.10      0.01
  TU109              227.00      0.10      0.01
  TU11                54.00      0.25      0.22
  TU110              227.00      0.10      0.01
  TU111                0.00      0.00      0.00
  TU112               -0.00      0.00      0.00
  TU113                0.00      0.00      0.00
  TU114                0.00      0.00      0.00
  TU115              227.00      0.08      0.01
  TU116              227.00      0.08      0.01
  TU117                0.00      0.00      0.00
  TU118                0.00      0.00      0.00
  TU119              227.00      0.08      0.01
  TU12                 0.00      0.00      0.00
  TU120              227.00      0.08      0.01
  TU121                0.00      0.00      0.00
  TU122                0.00      0.00      0.00
  TU123               -0.00      0.00      0.00
  TU124               82.00      0.94      4.22
  TU125              174.00      1.27      5.66
  TU126              174.00      0.80      1.82
  TU127              174.00      0.80      1.82
  TU128                0.00      0.00      0.00
  TU129                0.00      0.00      0.00
  TU13                 0.00      0.00      0.00
  TU130               -0.00      0.00      0.00
  TU131               -0.00      0.00      0.00
  TU132               77.00      0.34      0.37
  TU133               77.00      0.34      0.37
  TU134               -0.00      0.00      0.00
  TU135               77.00      0.17      0.07
  TU136               77.00      0.17      0.07
  TU137              251.00      0.36      0.21
  TU138              251.00      0.36      0.21
  TU139              251.00      0.25      0.09
  TU14                54.00      0.12      0.04
  TU140              251.00      0.25      0.09
  TU141               96.00      1.61     14.46
  TU142               96.00      0.26      0.17
  TU143               -0.00      0.00      0.00
  TU144               77.00      0.83      3.29
  TU145               -0.00      0.00      0.00
  TU146               77.00      0.34      0.37
  TU147               77.00      0.21      0.12
  TU148               -0.00      0.00      0.00
  TU149               -0.00      0.00      0.00
  TU15                -0.00      0.00      0.00
  TU150               -0.00      0.00      0.00
  TU151               77.00      0.11      0.02
  TU152               -0.00      0.00      0.00
  TU15301             77.00      0.11      0.02
  TU15302             77.00      0.11      0.02
  TU1074               0.00      0.00      0.00
  TU154               77.00      0.08      0.01
  TU155                0.00      0.00      0.00
  TU156               77.00      0.08      0.01
  TU157              173.00      0.17      0.04
  TU158                0.00      0.00      0.00
  TU159              173.00      0.17      0.04
  TU16               610.00      0.11      0.01
  TU160                0.00      0.00      0.00
  TU161              173.00      0.17      0.04
  TU162               54.00      0.04      0.00
  TU163               54.00      0.04      0.00
  TU164               54.00      0.04      0.01
  TU166               -0.00      0.00      0.00
  TU167               -0.00      0.00      0.00
  TU168                0.00      0.00      0.00
  TU169                0.00      0.00      0.00
  TU17                -0.00      0.00      0.00
  TU170                0.00      0.00      0.00
  TU171               54.00      0.04      0.00
  TU17201             -0.00      0.00      0.00
  TU17202              0.00      0.00      0.00
  TU1011A             -0.00      0.00      0.00
  TU173               -0.00      0.00      0.00
  TU174               -0.00      0.00      0.00
  TU175               -0.00      0.00      0.00
  TU176               54.00      0.05      0.01
  TU177               54.00      0.05      0.01
  TU178               54.00      0.05      0.01
  TU179                0.00      0.00      0.00
  TU18                 0.00      0.00      0.00
  TU180                0.00      0.00      0.00
  TU181                0.00      0.00      0.00
  TU182                0.00      0.00      0.00
  TU183                0.00      0.00      0.00
  TU184                0.00      0.00      0.00
  TU185               -0.00      0.00      0.00
  TU186               77.00      0.21      0.12
  TU187               77.00      0.17      0.07
  TU188              132.00      0.10      0.01
  TU189              132.00      0.10      0.01
  TU19                 0.00      0.00      0.00
  TU190               -0.00      0.00      0.00
  TU191                0.00      0.00      0.00
  TU192                0.00      0.00      0.00
  TU193                0.00      0.00      0.00
  TU194               -0.00      0.00      0.00
  TU195                0.00      0.00      0.00
  TU196                0.00      0.00      0.00
  TU197                0.00      0.00      0.00
  TU198                0.00      0.00      0.00
  TU199                0.00      0.00      0.00
  TU2                  0.00      0.00      0.00
  TU20                 0.00      0.00      0.00
  TU200               -0.00      0.00      0.00
  TU201                0.00      0.00      0.00
  TU203                0.00      0.00      0.00
  TU204              132.00      0.06      0.00
  TU205              132.00      0.06      0.00
  TU21                -0.00      0.00      0.00
  TU22               132.00      0.07      0.01
  TU23               132.00      0.07      0.01
  TU24               132.00      0.07      0.01
  TU25               132.00      0.07      0.01
  TU26                84.00      0.08      0.01
  TU27                84.00      0.08      0.01
  TU28                84.00      0.08      0.01
  TU29                84.00      0.08      0.01
  TU3                  0.00      0.00      0.00
  TU30                 0.00      0.00      0.00
  TU31                -0.00      0.00      0.00
  TU32                 0.00      0.00      0.00
  TU33                 0.00      0.00      0.00
  TU34                 0.00      0.00      0.00
  TU35                 0.00      0.00      0.00
  TU36                 0.00      0.00      0.00
  TU37                 0.00      0.00      0.00
  TU38                 0.00      0.00      0.00
  TU39                -0.00      0.00      0.00
  TU4                 77.00      0.11      0.02
  TU40                -0.00      0.00      0.00
  TU41                -0.00      0.00      0.00
  TU42                 0.00      0.00      0.00
  TU43                48.00      0.07      0.01
  TU44                48.00      0.07      0.01
  TU45                48.00      0.07      0.01
  TU46                48.00      0.07      0.01
  TU47                -0.00      0.00      0.00
  TU48                 0.00      0.00      0.00
  TU49                 0.00      0.00      0.00
  TU5                 77.00      0.11      0.02
  TU50                 0.00      0.00      0.00
  TU51                 0.00      0.00      0.00
  TU52                 0.00      0.00      0.00
  TU53                 0.00      0.00      0.00
  TU54                 0.00      0.00      0.00
  TU55                 0.00      0.00      0.00
  TU56                 0.00      0.00      0.00
  TU57                 0.00      0.00      0.00
  TU58                 0.00      0.00      0.00
  TU59                 0.00      0.00      0.00
  TU6                 -0.00      0.00      0.00
  TU60                 0.00      0.00      0.00
  TU61                 0.00      0.00      0.00
  TU62                -0.00      0.00      0.00
  TU63                 0.00      0.00      0.00
  TU64                 0.00      0.00      0.00
  TU65                 0.00      0.00      0.00
  TU66                 0.00      0.00      0.00
  TU67                 0.00      0.00      0.00
  TU68                 0.00      0.00      0.00
  TU69                 0.00      0.00      0.00
  TU7                  0.00      0.00      0.00
  TU70                 0.00      0.00      0.00
  TU71                 0.00      0.00      0.00
  TU72                 0.00      0.00      0.00
  TU73                84.00      0.19      0.08
  TU74                84.00      0.19      0.08
  TU75                84.00      0.19      0.08
  TU76                84.00      0.19      0.08
  TU77                84.00      0.19      0.08
  TU78                 0.00      0.00      0.00
  TU79                 0.00      0.00      0.00
  TU8                  0.00      0.00      0.00
  TU80                 0.00      0.00      0.00
  TU81                 0.00      0.00      0.00
  TU82                -0.00      0.00      0.00
  TU83                 0.00      0.00      0.00
  TU84                 0.00      0.00      0.00
  TU85                 0.00      0.00      0.00
  TU86                 0.00      0.00      0.00
  TU87                 0.00      0.00      0.00
  TU88                 0.00      0.00      0.00
  TU89                 0.00      0.00      0.00
  TU9                 54.00      0.91      5.05
  TU90                 0.00      0.00      0.00
  TU91                -0.00      0.00      0.00
  TU92                -0.00      0.00      0.00
  TU93                 0.00      0.00      0.00
  TU94                 0.00      0.00      0.00
  TU95                 0.00      0.00      0.00
  TU96                 0.00      0.00      0.00
  TU97                 0.00      0.00      0.00
  TU98                 0.00      0.00      0.00
  TU99                 0.00      0.00      0.00
  TU4000               0.00      0.00      0.00
   
  Analysis ended Fri Dec  1 09:53:12 2023
