  Page 1                                    Fri Dec  1 09:55:56 2023

  ******************************************************************
  *                           E P A N E T                          *
  *                   Hydraulic and Water Quality                  *
  *                   Analysis for Pipe Networks                   *
  *                         Version 2.2                            *
  ******************************************************************
  
  Analysis begun Fri Dec  1 09:55:56 2023

   
  Node Results:
  ----------------------------------------------
                     Demand      Head  Pressure
  Node                 m3/h         m         m
  ----------------------------------------------
  3661                 0.00    428.90     50.76
  482                  0.00    428.96     82.96
  661                  0.00    427.84     97.84
  6610                 0.00    428.95      3.83
  6611                 0.00    428.96     93.96
  6612                 0.00    428.95     66.58
  6613                 0.00    428.96     73.96
  6615                 0.00    428.80     89.80
  6616                 0.00    428.32     67.32
  6617                 0.00    428.72     85.72
  6618                 0.00    428.72     80.72
  662                  0.00    428.96    100.96
  6620                 0.00    428.14    120.14
  6621                 0.00    428.14    100.14
  6622                 0.00    428.14     91.14
  6623                 0.00    428.14     77.14
  6624                 0.00    428.15     76.15
  6625                 0.00    427.44    115.44
  6626                 0.00    427.63    106.63
  6627                 0.00    427.65    106.65
  6628                 0.00    428.96     89.96
  6629                 0.00    428.96     88.96
  663                  0.00    428.96     87.96
  6630                 0.00    428.96      3.84
  6632                 0.00    428.96     88.96
  6633                 0.00    428.97     66.33
  6634                 0.00    428.97     57.97
  6635                 0.00    428.97     76.97
  6636                 0.00    428.97     72.97
  6637                 0.00    428.96     61.96
  6639                 0.00    428.95     68.95
  664                  0.00    428.96     80.96
  6640                 0.00    428.95     68.95
  6641                 0.00    428.95     70.27
  6642                 0.00    428.95     72.95
  6643                 0.00    428.95     76.95
  6644                 0.00    428.95     76.95
  6645                 0.00    428.95     78.95
  6646                 0.00    428.96     81.94
  6648                 0.00    428.96     82.95
  6649                 0.00    428.96     89.96
  665                  0.00    428.96     83.96
  666                  0.00    428.96     88.96
  6665                 0.00    428.96     63.82
  6666                 0.00    428.96     61.30
  667                  0.00    428.95     76.95
  668                  0.00    427.84     97.84
  669                  0.00    428.96     83.96
  1                   73.00    428.96     98.96
  10                   0.00    428.95     76.95
  100                  0.00    428.95     73.95
  100B                 0.00    428.95     70.95
  101                  0.00    428.96     75.96
  103                  0.00    428.96     89.96
  104                  0.00    428.96     89.96
  105                  0.00    428.96     73.96
  106                  0.00    428.96     73.96
  107                  0.00    428.80     89.80
  108                  0.00    428.80     93.24
  109                  0.00    428.80     91.80
  11B                  0.00    428.96     85.96
  110                  0.00    428.72     82.72
  111                  0.00    428.72     90.74
  112                  0.00    428.72     86.72
  113                  0.00    428.72    105.72
  114                  0.00    428.72     80.72
  115                  0.00    428.72     82.72
  116                  0.00    428.72     83.72
  117                  0.00    428.72     85.72
  118                  0.00    428.72     89.72
  119                  0.00    428.72    105.91
  12                   0.00    428.96     98.62
  121                  0.00    428.72     78.72
  122                  0.00    428.72     81.72
  123                  0.00    428.72     82.72
  125                  0.00    428.72     77.72
  126                  0.00    428.72     80.72
  127                  0.00    428.72     85.39
  128                  0.00    428.30     66.30
  129                  0.00    427.99     71.99
  130                116.00    427.86     86.78
  130B                65.00    427.92     74.92
  132                  0.00    426.93     93.93
  134                 42.00    427.50    106.50
  135                  0.00    427.65    111.65
  137                  0.00    427.65    118.65
  139                  0.00    427.84     67.84
  14                   0.00    428.96     90.96
  140                  0.00    427.84     76.84
  141                  0.00    427.84     75.84
  142                  0.00    427.84     66.84
  143                 41.00    425.58     84.61
  144                 86.00    428.13     69.13
  146                  0.00    427.83     81.83
  147                 66.00    427.32    106.32
  148                 57.00    427.78     94.78
  149                  0.00    427.44    114.23
  15                   0.00    428.96     93.96
  150                 95.00    427.23    119.16
  151                  0.00    427.23    121.99
  152                  0.00    427.23    117.21
  153                  0.00    427.23    117.23
  154                  0.00    428.14    103.14
  157                  0.00    428.14    125.14
  158A                 0.00    428.14    107.14
  158B                 0.00    428.14    107.14
  16B                  0.00    428.96     94.96
  160                 64.00    428.96     61.96
  162                  0.00    428.96     60.96
  163                  0.00    428.96     54.96
  164                  0.00    428.96     69.30
  165                  0.00    428.96     67.66
  166                  0.00    428.96     67.95
  167                  0.00    428.96     58.32
  169                  0.00    428.96     62.46
  17A                  0.00    428.96     93.96
  170                  0.00    428.96     69.96
  17B                  0.00    428.96     93.96
  171                  0.00    428.97     76.97
  172                  0.00    428.97     88.97
  18B                  0.00    428.96    103.96
  19                   0.00    428.97     70.97
  2                    0.00    428.96    102.96
  20                   0.00    428.90     64.90
  2002                 0.00    428.96     78.96
  2003                 0.00    428.96     78.96
  21                  65.00    428.88     66.15
  22                   0.00    428.87     67.27
  222                  0.00    428.83     78.83
  24                   0.00    428.80     84.80
  25                   0.00    428.76     83.76
  26                   0.00    428.72     80.72
  27                   0.00    428.72     78.72
  28                   0.00    428.62     80.62
  29                   0.00    428.37     72.37
  3                    0.00    428.96     88.61
  30                   0.00    428.33     67.33
  3002                 0.00    428.90     42.90
  3004                 0.00    428.90     42.90
  3005                 0.00    428.90     42.90
  3008                 0.00    428.90     43.90
  3012                 0.00    428.90     58.17
  3013                 0.00    428.90     63.97
  3016                 0.00    428.92     63.92
  3017                 0.00    428.97     46.97
  3018                 0.00    428.97     51.97
  3019                 0.00    428.90     59.51
  3020                 0.00    428.90     60.79
  3024                 0.00    428.90     63.96
  31                   0.00    428.21     70.42
  3152                 0.00    428.90     62.70
  32                   0.00    428.26     70.26
  34                  63.00    428.01     76.99
  35                   0.00    428.14     91.14
  36                   0.00    428.14    100.14
  39                   0.00    428.14    115.14
  41                   0.00    428.14    121.14
  46                   0.00    428.97     52.97
  47                   0.00    428.96     70.78
  48                   0.00    428.96     84.96
  49                   0.00    428.96     76.96
  5                    0.00    428.96     81.96
  52                   0.00    428.96     77.96
  53                   0.00    428.97     72.97
  54                   0.00    428.97     83.97
  55                   0.00    428.19     98.19
  56                   0.00    427.82     93.82
  58                  92.00    424.55     91.55
  59                 152.00    421.30     92.30
  6                    0.00    428.95     76.95
  60                   0.00    428.96     83.96
  61                   0.00    428.96     89.96
  62                   0.00    428.95     74.95
  64                   0.00    428.96     97.96
  65                   0.00    428.96     88.96
  66                   0.00    428.96     89.96
  67                   0.00    428.96     96.96
  68                   0.00    428.96     89.96
  69                   0.00    428.96     77.96
  7                    0.00    428.96     75.96
  70                   0.00    428.96     88.96
  71                   0.00    428.96     91.96
  72                   0.00    428.95     72.95
  73                   0.00    428.95     73.95
  77                   0.00    428.95     72.95
  78                   0.00    428.95     88.81
  79                   0.00    428.96     75.96
  8                   67.00    428.70     78.70
  80                   0.00    428.96     79.96
  81                   0.00    428.96     69.96
  82                   0.00    428.96     70.96
  85                   0.00    428.96     89.96
  86                   0.00    428.96     91.96
  87                   0.00    428.95     68.95
  88                   0.00    428.95     75.95
  89                   0.00    428.95     61.95
  90                   0.00    428.95     72.95
  91                   0.00    428.95     56.95
  92                   0.00    428.95     68.95
  91B                  0.00    428.95     68.95
  94                   0.00    428.96     89.96
  95                   0.00    428.96     85.96
  97                   0.00    428.96     97.96
  99                   0.00    428.95     78.95
  74                   0.00    428.95     70.24
  1074                 0.00    428.95     70.95
  11A                  0.00    428.96     85.96
  1011                 0.00    428.96     85.96
  0                -1144.00    429.00      0.00  Reservoir
   
   
  Link Results:
  ----------------------------------------------
                       Flow  Velocity  Headloss
  Link                 m3/h       m/s    /1000m
  ----------------------------------------------
  TU1                 -0.00      0.00      0.00
  TU10                 0.00      0.00      0.00
  TU100                0.00      0.00      0.00
  TU101                0.00      0.00      0.00
  TU102               -0.00      0.00      0.00
  TU103                0.00      0.00      0.00
  TU104                0.00      0.00      0.00
  TU105               67.00      0.03      0.00
  TU106               67.00      0.03      0.00
  TU107                0.00      0.00      0.00
  TU108               67.00      0.03      0.00
  TU109               67.00      0.03      0.00
  TU11                -0.00      0.00      0.00
  TU110               67.00      0.03      0.00
  TU111              152.00      2.00     18.49
  TU112              244.00      1.78     10.54
  TU113              244.00      1.30      4.85
  TU114              244.00      1.30      4.85
  TU115              384.00      0.14      0.02
  TU116              384.00      0.14      0.02
  TU117               -0.00      0.00      0.00
  TU118                0.00      0.00      0.00
  TU119              384.00      0.14      0.02
  TU12                 0.00      0.00      0.00
  TU120              384.00      0.14      0.02
  TU121               -0.00      0.00      0.00
  TU122                0.00      0.00      0.00
  TU123               -0.00      0.00      0.00
  TU124                0.00      0.00      0.00
  TU125               -0.00      0.00      0.00
  TU126               -0.00      0.00      0.00
  TU127               -0.00      0.00      0.00
  TU128                0.00      0.00      0.00
  TU129                0.00      0.00      0.00
  TU13                 0.00      0.00      0.00
  TU130               -0.00      0.00      0.00
  TU131               -0.00      0.00      0.00
  TU132                0.00      0.00      0.00
  TU133               -0.00      0.00      0.00
  TU134               -0.00      0.00      0.00
  TU135               -0.00      0.00      0.00
  TU136               64.00      0.14      0.05
  TU137               64.00      0.09      0.02
  TU138               64.00      0.09      0.02
  TU139               64.00      0.06      0.01
  TU14                -0.00      0.00      0.00
  TU140               64.00      0.06      0.01
  TU141                0.00      0.00      0.00
  TU142                0.00      0.00      0.00
  TU143               -0.00      0.00      0.00
  TU144               -0.00      0.00      0.00
  TU145               -0.00      0.00      0.00
  TU146               -0.00      0.00      0.00
  TU147               -0.00      0.00      0.00
  TU148               -0.00      0.00      0.00
  TU149               -0.00      0.00      0.00
  TU15                -0.00      0.00      0.00
  TU150               -0.00      0.00      0.00
  TU151               -0.00      0.00      0.00
  TU152               -0.00      0.00      0.00
  TU15301              0.00      0.00      0.00
  TU15302              0.00      0.00      0.00
  TU1074               0.00      0.00      0.00
  TU154               -0.00      0.00      0.00
  TU155                0.00      0.00      0.00
  TU156               -0.00      0.00      0.00
  TU157               -0.00      0.00      0.00
  TU158                0.00      0.00      0.00
  TU159               -0.00      0.00      0.00
  TU16              1144.00      0.21      0.02
  TU160               67.00      1.19      8.57
  TU161               67.00      0.07      0.01
  TU162                0.00      0.00      0.00
  TU163               -0.00      0.00      0.00
  TU164                0.00      0.00      0.00
  TU166               -0.00      0.00      0.00
  TU167               -0.00      0.00      0.00
  TU168                0.00      0.00      0.00
  TU169                0.00      0.00      0.00
  TU17                -0.00      0.00      0.00
  TU170                0.00      0.00      0.00
  TU171               -0.00      0.00      0.00
  TU17201             -0.00      0.00      0.00
  TU17202              0.00      0.00      0.00
  TU1011A             -0.00      0.00      0.00
  TU173               -0.00      0.00      0.00
  TU174               -0.00      0.00      0.00
  TU175               -0.00      0.00      0.00
  TU176               -0.00      0.00      0.00
  TU177               -0.00      0.00      0.00
  TU178               -0.00      0.00      0.00
  TU179                0.00      0.00      0.00
  TU18                 0.00      0.00      0.00
  TU180                0.00      0.00      0.00
  TU181                0.00      0.00      0.00
  TU182                0.00      0.00      0.00
  TU183                0.00      0.00      0.00
  TU184                0.00      0.00      0.00
  TU185               -0.00      0.00      0.00
  TU186               -0.00      0.00      0.00
  TU187               -0.00      0.00      0.00
  TU188              631.00      0.46      0.22
  TU189              631.00      0.46      0.22
  TU19                 0.00      0.00      0.00
  TU190               -0.00      0.00      0.00
  TU191                0.00      0.00      0.00
  TU192                0.00      0.00      0.00
  TU193                0.00      0.00      0.00
  TU194               -0.00      0.00      0.00
  TU195                0.00      0.00      0.00
  TU196                0.00      0.00      0.00
  TU197               -0.00      0.00      0.00
  TU198                0.00      0.00      0.00
  TU199                0.00      0.00      0.00
  TU2                  0.00      0.00      0.00
  TU20                 0.00      0.00      0.00
  TU200               -0.00      0.00      0.00
  TU201                0.00      0.00      0.00
  TU203                0.00      0.00      0.00
  TU204              696.00      0.30      0.08
  TU205              696.00      0.30      0.08
  TU21                -0.00      0.00      0.00
  TU22               631.00      0.35      0.11
  TU23               631.00      0.35      0.11
  TU24               631.00      0.35      0.11
  TU25               696.00      0.38      0.14
  TU26               631.00      0.62      0.46
  TU27               631.00      0.62      0.46
  TU28               631.00      0.62      0.46
  TU29               631.00      0.62      0.46
  TU3                  0.00      0.00      0.00
  TU30                 0.00      0.00      0.00
  TU31                 0.00      0.00      0.00
  TU32                 0.00      0.00      0.00
  TU33                 0.00      0.00      0.00
  TU34                 0.00      0.00      0.00
  TU35                 0.00      0.00      0.00
  TU36                 0.00      0.00      0.00
  TU37                 0.00      0.00      0.00
  TU38                 0.00      0.00      0.00
  TU39                -0.00      0.00      0.00
  TU4                 -0.00      0.00      0.00
  TU40                -0.00      0.00      0.00
  TU41                -0.00      0.00      0.00
  TU42                 0.00      0.00      0.00
  TU43                -0.00      0.00      0.00
  TU44                -0.00      0.00      0.00
  TU45                -0.00      0.00      0.00
  TU46                -0.00      0.00      0.00
  TU47                -0.00      0.00      0.00
  TU48                 0.00      0.00      0.00
  TU49                 0.00      0.00      0.00
  TU5                  0.00      0.00      0.00
  TU50                 0.00      0.00      0.00
  TU51                 0.00      0.00      0.00
  TU52                 0.00      0.00      0.00
  TU53                 0.00      0.00      0.00
  TU54                 0.00      0.00      0.00
  TU55                 0.00      0.00      0.00
  TU56                 0.00      0.00      0.00
  TU57                 0.00      0.00      0.00
  TU58                63.00      1.12      7.66
  TU59                63.00      0.18      0.09
  TU6                 -0.00      0.00      0.00
  TU60                -0.00      0.00      0.00
  TU61                 0.00      0.00      0.00
  TU62                95.00      0.50      0.87
  TU63                 0.00      0.00      0.00
  TU64                95.00      0.50      0.87
  TU65                66.00      1.36     11.93
  TU66               161.00      0.53      0.72
  TU67               218.00      0.62      0.86
  TU68               218.00      0.62      0.86
  TU69               281.00      0.40      0.25
  TU7                  0.00      0.00      0.00
  TU70               281.00      0.40      0.25
  TU71               281.00      0.40      0.25
  TU72                83.00      0.18      0.08
  TU73               199.00      0.44      0.40
  TU74               264.00      0.58      0.67
  TU75               264.00      0.58      0.67
  TU76               350.00      0.77      1.12
  TU77               350.00      0.77      1.12
  TU78                 0.00      0.00      0.00
  TU79                 0.00      0.00      0.00
  TU8                  0.00      0.00      0.00
  TU80                42.00      0.87      5.23
  TU81                42.00      0.35      0.60
  TU82                41.00      0.73      3.51
  TU83                41.00      0.54      1.69
  TU84                 0.00      0.00      0.00
  TU85                 0.00      0.00      0.00
  TU86                 0.00      0.00      0.00
  TU87                 0.00      0.00      0.00
  TU88                41.00      0.09      0.02
  TU89                 0.00      0.00      0.00
  TU9                  0.00      0.00      0.00
  TU90                 0.00      0.00      0.00
  TU91                -0.00      0.00      0.00
  TU92                -0.00      0.00      0.00
  TU93                 0.00      0.00      0.00
  TU94                 0.00      0.00      0.00
  TU95                 0.00      0.00      0.00
  TU96                 0.00      0.00      0.00
  TU97                 0.00      0.00      0.00
  TU98                 0.00      0.00      0.00
  TU99                 0.00      0.00      0.00
  TU4000               0.00      0.00      0.00
   
  Analysis ended Fri Dec  1 09:55:56 2023
