  Page 1                                    Fri Dec  1 09:55:57 2023

  ******************************************************************
  *                           E P A N E T                          *
  *                   Hydraulic and Water Quality                  *
  *                   Analysis for Pipe Networks                   *
  *                         Version 2.2                            *
  ******************************************************************
  
  Analysis begun Fri Dec  1 09:55:57 2023

   
  Node Results:
  ----------------------------------------------
                     Demand      Head  Pressure
  Node                 m3/h         m         m
  ----------------------------------------------
  3661                 0.00    428.85     50.71
  482                  0.00    428.92     82.92
  661                  0.00    427.61     97.61
  6610                 0.00    428.93      3.81
  6611                 0.00    428.85     93.85
  6612                 0.00    428.93     66.56
  6613                 0.00    428.39     73.39
  6615                 0.00    428.71     89.71
  6616                 0.00    428.19     67.19
  6617                 0.00    428.20     85.20
  6618                 0.00    428.58     80.58
  662                  0.00    428.95    100.95
  6620                 0.00    428.04    120.04
  6621                 0.00    428.04    100.04
  6622                 0.00    428.04     91.04
  6623                 0.00    428.04     77.04
  6624                 0.00    428.05     76.05
  6625                 0.00    427.51    115.51
  6626                 0.00    427.62    106.62
  6627                 0.00    427.28    106.28
  6628                 0.00    428.95     89.95
  6629                 0.00    428.95     88.95
  663                  0.00    428.94     87.94
  6630                 0.00    428.95      3.83
  6632                 0.00    428.95     88.95
  6633                 0.00    428.96     66.32
  6634                 0.00    428.96     57.96
  6635                 0.00    428.94     76.94
  6636                 0.00    428.94     72.94
  6637                 0.00    428.92     61.92
  6639                 0.00    428.93     68.93
  664                  0.00    428.93     80.93
  6640                 0.00    428.93     68.93
  6641                 0.00    428.93     70.25
  6642                 0.00    428.93     72.93
  6643                 0.00    428.93     76.93
  6644                 0.00    428.93     76.93
  6645                 0.00    428.93     78.93
  6646                 0.00    428.93     81.91
  6648                 0.00    428.93     82.92
  6649                 0.00    428.92     89.92
  665                  0.00    428.92     83.92
  666                  0.00    428.95     88.95
  6665                 0.00    428.79     63.65
  6666                 0.00    428.91     61.25
  667                  0.00    428.93     76.93
  668                  0.00    427.61     97.61
  669                  0.00    428.95     83.95
  1                    0.00    428.95     98.95
  10                   0.00    428.93     76.93
  100                  0.00    428.93     73.93
  100B                 0.00    428.93     70.93
  101                  0.00    428.39     75.39
  103                  0.00    428.83     89.83
  104                  0.00    428.83     89.83
  105                 95.00    428.36     73.36
  106                  0.00    428.39     73.39
  107                  0.00    428.71     89.71
  108                  0.00    428.71     93.15
  109                  0.00    428.71     91.71
  11B                  0.00    428.91     85.91
  110                  0.00    428.58     82.58
  111                  0.00    428.56     90.58
  112                  0.00    428.57     86.57
  113                  0.00    428.52    105.52
  114                  0.00    428.39     80.39
  115                  0.00    428.27     82.27
  116                  0.00    428.31     83.31
  117                  0.00    428.20     85.20
  118                 58.00    427.57     88.57
  119                  0.00    427.57    104.76
  12                   0.00    428.89     98.55
  121                  0.00    428.47     78.47
  122                 59.00    425.23     78.23
  123                  0.00    427.88     81.88
  125                  0.00    428.46     77.46
  126                  0.00    428.46     80.46
  127                  0.00    428.46     85.13
  128                  0.00    428.17     66.17
  129                  0.00    427.81     71.81
  130                115.00    427.64     86.56
  130B                67.00    427.72     74.72
  132                  0.00    426.05     93.05
  134                 57.00    427.02    106.02
  135                  0.00    427.28    111.28
  137                  0.00    427.28    118.28
  139                  0.00    427.61     67.61
  14                  52.00    428.83     90.83
  140                  0.00    427.61     76.61
  141                  0.00    427.61     75.61
  142                  0.00    427.61     66.61
  143                 55.00    423.76     82.79
  144                 85.00    427.97     68.97
  146                  0.00    427.78     81.78
  147                 65.00    427.32    106.32
  148                 62.00    427.74     94.74
  149                  0.00    427.51    114.30
  15                   0.00    428.85     93.85
  150                 71.00    427.39    119.32
  151                  0.00    427.39    122.15
  152                  0.00    427.39    117.37
  153                  0.00    427.39    117.39
  154                  0.00    428.04    103.04
  157                  0.00    428.04    125.04
  158A                 0.00    428.04    107.04
  158B                 0.00    428.04    107.04
  16B                  0.00    428.85     94.85
  160                 67.00    428.92     61.92
  162                  0.00    428.91     60.91
  163                  0.00    428.91     54.91
  164                  0.00    428.89     69.23
  165                  0.00    428.83     67.53
  166                  0.00    428.84     67.83
  167                 50.00    428.74     58.10
  169                  0.00    428.89     62.39
  17A                  0.00    428.85     93.85
  170                  0.00    428.93     69.93
  17B                  0.00    428.85     93.85
  171                  0.00    428.94     76.94
  172                  0.00    428.94     88.94
  18B                  0.00    428.85    103.85
  19                   0.00    428.96     70.96
  2                    0.00    428.95    102.95
  20                   0.00    428.85     64.85
  2002                 0.00    428.95     78.95
  2003                 0.00    428.95     78.95
  21                  66.00    428.81     66.08
  22                  55.00    428.81     67.21
  222                  0.00    428.75     78.75
  24                   0.00    428.71     84.71
  25                   0.00    428.65     83.65
  26                   0.00    428.58     80.58
  27                   0.00    428.59     78.59
  28                   0.00    428.50     80.50
  29                   0.00    428.24     72.24
  3                    0.00    428.94     88.59
  30                   0.00    428.20     67.20
  3002                 0.00    428.85     42.85
  3004                 0.00    428.85     42.85
  3005                 0.00    428.85     42.85
  3008                 0.00    428.85     43.85
  3012                 0.00    428.85     58.12
  3013                 0.00    428.85     63.92
  3016                 0.00    428.88     63.88
  3017                 0.00    428.96     46.96
  3018                 0.00    428.95     51.95
  3019                 0.00    428.85     59.46
  3020                 0.00    428.85     60.74
  3024                 0.00    428.85     63.91
  31                   0.00    428.10     70.31
  3152                 0.00    428.85     62.65
  32                   0.00    428.14     70.14
  34                  60.00    427.91     76.89
  35                   0.00    428.04     91.04
  36                   0.00    428.04    100.04
  39                   0.00    428.04    115.04
  41                   0.00    428.04    121.04
  46                   0.00    428.95     52.95
  47                   0.00    428.89     70.71
  48                   0.00    428.92     84.92
  49                   0.00    428.92     76.92
  5                    0.00    428.94     81.94
  52                   0.00    428.92     77.92
  53                   0.00    428.96     72.96
  54                   0.00    428.96     83.96
  55                   0.00    428.57     98.57
  56                   0.00    428.38     94.38
  58                   0.00    426.75     93.75
  59                 167.00    422.88     93.88
  6                    0.00    428.93     76.93
  60                   0.00    428.94     83.94
  61                   0.00    428.94     89.94
  62                   0.00    428.93     74.93
  64                   0.00    428.95     97.95
  65                   0.00    428.95     88.95
  66                   0.00    428.95     89.95
  67                   0.00    428.95     96.95
  68                   0.00    428.95     89.95
  69                   0.00    428.95     77.95
  7                    0.00    428.93     75.93
  70                   0.00    428.95     88.95
  71                   0.00    428.95     91.95
  72                   0.00    428.93     72.93
  73                   0.00    428.93     73.93
  77                   0.00    428.93     72.93
  78                   0.00    428.93     88.79
  79                   0.00    428.93     75.93
  8                   67.00    428.68     78.68
  80                   0.00    428.93     79.93
  81                   0.00    428.93     69.93
  82                   0.00    428.93     70.93
  85                   0.00    428.95     89.95
  86                   0.00    428.95     91.95
  87                   0.00    428.93     68.93
  88                   0.00    428.93     75.93
  89                   0.00    428.93     61.93
  90                   0.00    428.93     72.93
  91                   0.00    428.93     56.93
  92                   0.00    428.93     68.93
  91B                  0.00    428.93     68.93
  94                   0.00    428.92     89.92
  95                   0.00    428.92     85.92
  97                   0.00    428.92     97.92
  99                   0.00    428.93     78.93
  74                   0.00    428.93     70.22
  1074                 0.00    428.93     70.93
  11A                  0.00    428.92     85.92
  1011                 0.00    428.92     85.92
  0                -1373.00    429.00      0.00  Reservoir
   
   
  Link Results:
  ----------------------------------------------
                       Flow  Velocity  Headloss
  Link                 m3/h       m/s    /1000m
  ----------------------------------------------
  TU1                 -0.00      0.00      0.00
  TU10                95.00      1.03      4.82
  TU100                0.00      0.00      0.00
  TU101                0.00      0.00      0.00
  TU102                0.00      0.00      0.00
  TU103                0.00      0.00      0.00
  TU104                0.00      0.00      0.00
  TU105              214.00      0.09      0.01
  TU106              214.00      0.09      0.01
  TU107                0.00      0.00      0.00
  TU108              214.00      0.09      0.01
  TU109              214.00      0.09      0.01
  TU11                95.00      0.43      0.61
  TU110              214.00      0.09      0.01
  TU111              167.00      2.20     22.00
  TU112              167.00      1.22      5.25
  TU113              167.00      0.89      2.42
  TU114              167.00      0.89      2.42
  TU115              381.00      0.13      0.02
  TU116              381.00      0.13      0.02
  TU117               -0.00      0.00      0.00
  TU118                0.00      0.00      0.00
  TU119              381.00      0.13      0.02
  TU12                 0.00      0.00      0.00
  TU120              381.00      0.13      0.02
  TU121                0.00      0.00      0.00
  TU122                0.00      0.00      0.00
  TU123               -0.00      0.00      0.00
  TU124                0.00      0.00      0.00
  TU125               -0.00      0.00      0.00
  TU126               -0.00      0.00      0.00
  TU127               -0.00      0.00      0.00
  TU128               50.00      0.22      0.17
  TU129               50.00      0.22      0.17
  TU13                 0.00      0.00      0.00
  TU130               50.00      0.22      0.17
  TU131               50.00      0.22      0.17
  TU132                0.00      0.00      0.00
  TU133               50.00      0.22      0.17
  TU134               -0.00      0.00      0.00
  TU135               50.00      0.11      0.03
  TU136              117.00      0.26      0.15
  TU137              117.00      0.17      0.05
  TU138              117.00      0.17      0.05
  TU139              117.00      0.11      0.02
  TU14               147.00      0.32      0.23
  TU140              117.00      0.11      0.02
  TU141                0.00      0.00      0.00
  TU142                0.00      0.00      0.00
  TU143               -0.00      0.00      0.00
  TU144               -0.00      0.00      0.00
  TU145               -0.00      0.00      0.00
  TU146                0.00      0.00      0.00
  TU147               -0.00      0.00      0.00
  TU148               -0.00      0.00      0.00
  TU149               -0.00      0.00      0.00
  TU15                -0.00      0.00      0.00
  TU150               -0.00      0.00      0.00
  TU151               -0.00      0.00      0.00
  TU152               -0.00      0.00      0.00
  TU15301              0.00      0.00      0.00
  TU15302              0.00      0.00      0.00
  TU1074               0.00      0.00      0.00
  TU154               -0.00      0.00      0.00
  TU155                0.00      0.00      0.00
  TU156               -0.00      0.00      0.00
  TU157               -0.00      0.00      0.00
  TU158                0.00      0.00      0.00
  TU159               -0.00      0.00      0.00
  TU16              1373.00      0.25      0.03
  TU160               67.00      1.19      8.57
  TU161               67.00      0.07      0.01
  TU162              147.00      0.11      0.02
  TU163              147.00      0.11      0.02
  TU164              147.00      0.11      0.01
  TU166               -0.00      0.00      0.00
  TU167               -0.00      0.00      0.00
  TU168                0.00      0.00      0.00
  TU169                0.00      0.00      0.00
  TU17                -0.00      0.00      0.00
  TU170                0.00      0.00      0.00
  TU171              147.00      0.11      0.02
  TU17201             -0.00      0.00      0.00
  TU17202              0.00      0.00      0.00
  TU1011A             -0.00      0.00      0.00
  TU173               -0.00      0.00      0.00
  TU174               -0.00      0.00      0.00
  TU175               -0.00      0.00      0.00
  TU176              147.00      0.14      0.03
  TU177              147.00      0.14      0.03
  TU178              147.00      0.14      0.03
  TU179                0.00      0.00      0.00
  TU18                 0.00      0.00      0.00
  TU180                0.00      0.00      0.00
  TU181                0.00      0.00      0.00
  TU182                0.00      0.00      0.00
  TU183                0.00      0.00      0.00
  TU184                0.00      0.00      0.00
  TU185              117.00      0.26      0.15
  TU186               50.00      0.13      0.05
  TU187               50.00      0.11      0.03
  TU188              754.00      0.54      0.30
  TU189              754.00      0.54      0.30
  TU19                 0.00      0.00      0.00
  TU190               -0.00      0.00      0.00
  TU191               -0.00      0.00      0.00
  TU192                0.00      0.00      0.00
  TU193                0.00      0.00      0.00
  TU194               -0.00      0.00      0.00
  TU195                0.00      0.00      0.00
  TU196                0.00      0.00      0.00
  TU197               -0.00      0.00      0.00
  TU198                0.00      0.00      0.00
  TU199                0.00      0.00      0.00
  TU2                  0.00      0.00      0.00
  TU20                 0.00      0.00      0.00
  TU200               -0.00      0.00      0.00
  TU201                0.00      0.00      0.00
  TU203                0.00      0.00      0.00
  TU204              875.00      0.38      0.12
  TU205              875.00      0.38      0.12
  TU21                -0.00      0.00      0.00
  TU22               754.00      0.42      0.16
  TU23               754.00      0.42      0.16
  TU24               809.00      0.45      0.18
  TU25               875.00      0.48      0.21
  TU26               637.00      0.63      0.47
  TU27               637.00      0.63      0.47
  TU28               637.00      0.63      0.47
  TU29               637.00      0.63      0.47
  TU3                  0.00      0.00      0.00
  TU30                 0.00      0.00      0.00
  TU31                58.00      0.66      2.25
  TU32                 0.00      0.00      0.00
  TU33                58.00      0.27      0.25
  TU34                58.00      0.27      0.25
  TU35                59.00      1.05      6.80
  TU36                59.00      0.67      2.32
  TU37               117.00      0.33      0.28
  TU38               117.00      0.33      0.28
  TU39                -0.00      0.00      0.00
  TU4                 -0.00      0.00      0.00
  TU40                -0.00      0.00      0.00
  TU41               117.00      0.26      0.15
  TU42                 0.00      0.00      0.00
  TU43               117.00      0.17      0.05
  TU44               117.00      0.17      0.05
  TU45               117.00      0.17      0.05
  TU46               117.00      0.17      0.05
  TU47                -0.00      0.00      0.00
  TU48                 0.00      0.00      0.00
  TU49                 0.00      0.00      0.00
  TU5                  0.00      0.00      0.00
  TU50                 0.00      0.00      0.00
  TU51                 0.00      0.00      0.00
  TU52                 0.00      0.00      0.00
  TU53                 0.00      0.00      0.00
  TU54                 0.00      0.00      0.00
  TU55                 0.00      0.00      0.00
  TU56                 0.00      0.00      0.00
  TU57                 0.00      0.00      0.00
  TU58                60.00      1.07      7.01
  TU59                60.00      0.17      0.08
  TU6                117.00      0.17      0.05
  TU60                 0.00      0.00      0.00
  TU61                 0.00      0.00      0.00
  TU62                71.00      0.38      0.51
  TU63                 0.00      0.00      0.00
  TU64                71.00      0.38      0.51
  TU65                65.00      1.34     11.60
  TU66               136.00      0.45      0.53
  TU67               198.00      0.56      0.72
  TU68               198.00      0.56      0.72
  TU69               258.00      0.36      0.22
  TU7                  0.00      0.00      0.00
  TU70               258.00      0.36      0.22
  TU71               258.00      0.36      0.22
  TU72               112.00      0.25      0.14
  TU73               227.00      0.50      0.51
  TU74               294.00      0.65      0.81
  TU75               294.00      0.65      0.81
  TU76               379.00      0.84      1.29
  TU77               379.00      0.84      1.29
  TU78                 0.00      0.00      0.00
  TU79                 0.00      0.00      0.00
  TU8                  0.00      0.00      0.00
  TU80                57.00      1.17      9.12
  TU81                57.00      0.48      1.05
  TU82                55.00      0.98      5.98
  TU83                55.00      0.72      2.88
  TU84                 0.00      0.00      0.00
  TU85                 0.00      0.00      0.00
  TU86                 0.00      0.00      0.00
  TU87                 0.00      0.00      0.00
  TU88                55.00      0.12      0.04
  TU89                 0.00      0.00      0.00
  TU9                  0.00      0.00      0.00
  TU90                 0.00      0.00      0.00
  TU91                -0.00      0.00      0.00
  TU92                 0.00      0.00      0.00
  TU93                 0.00      0.00      0.00
  TU94                 0.00      0.00      0.00
  TU95                 0.00      0.00      0.00
  TU96                 0.00      0.00      0.00
  TU97                 0.00      0.00      0.00
  TU98                 0.00      0.00      0.00
  TU99                 0.00      0.00      0.00
  TU4000               0.00      0.00      0.00
   
  Analysis ended Fri Dec  1 09:55:57 2023
