  Page 1                                    Fri Dec  1 09:58:17 2023

  ******************************************************************
  *                           E P A N E T                          *
  *                   Hydraulic and Water Quality                  *
  *                   Analysis for Pipe Networks                   *
  *                         Version 2.2                            *
  ******************************************************************
  
  Analysis begun Fri Dec  1 09:58:17 2023

   
  Node Results:
  ----------------------------------------------
                     Demand      Head  Pressure
  Node                 m3/h         m         m
  ----------------------------------------------
  3661                 0.00    428.68     50.54
  482                  0.00    428.78     82.78
  661                  0.00    426.78     96.78
  6610                 0.00    427.06      1.94
  6611                 0.00    428.13     93.13
  6612                 0.00    428.20     65.83
  6613                 0.00    428.40     73.40
  6615                 0.00    428.46     89.46
  6616                 0.00    427.70     66.70
  6617                 0.00    427.83     84.83
  6618                 0.00    428.24     80.24
  662                  0.00    428.68    100.68
  6620                 0.00    427.54    119.54
  6621                 0.00    427.54     99.54
  6622                 0.00    427.54     90.54
  6623                 0.00    427.54     76.54
  6624                 0.00    427.55     75.55
  6625                 0.00    427.03    115.03
  6626                 0.00    427.13    106.13
  6627                 0.00    425.60    104.60
  6628                 0.00    427.68     88.68
  6629                 0.00    428.36     88.36
  663                  0.00    428.57     87.57
  6630                 0.00    428.54      3.42
  6632                 0.00    428.62     88.62
  6633                 0.00    428.82     66.18
  6634                 0.00    428.84     57.84
  6635                 0.00    428.82     76.82
  6636                 0.00    428.82     72.82
  6637                 0.00    428.78     61.78
  6639                 0.00    427.99     67.99
  664                  0.00    428.55     80.55
  6640                 0.00    427.80     67.80
  6641                 0.00    428.13     69.45
  6642                 0.00    428.13     72.13
  6643                 0.00    428.28     76.28
  6644                 0.00    428.35     76.35
  6645                 0.00    428.38     78.38
  6646                 0.00    428.55     81.53
  6648                 0.00    428.55     82.54
  6649                 0.00    428.53     89.53
  665                  0.00    428.53     83.53
  666                  0.00    428.54     88.54
  6665                 0.00    427.98     62.84
  6666                 0.00    428.63     60.97
  667                  0.00    428.34     76.34
  668                  0.00    426.78     96.78
  669                  0.00    428.22     83.22
  1                   55.00    428.73     98.73
  10                   0.00    428.28     76.28
  100                  0.00    428.13     73.13
  100B                 0.00    427.80     69.80
  101                  0.00    428.40     75.40
  103                  0.00    428.40     89.40
  104                  0.00    428.40     89.40
  105                  0.00    428.40     73.40
  106                  0.00    428.40     73.40
  107                  0.00    428.46     89.46
  108                  0.00    428.46     92.90
  109                  0.00    428.46     91.46
  11B                  0.00    428.52     85.52
  110                  0.00    428.23     82.23
  111                  0.00    428.20     90.22
  112                  0.00    428.21     86.21
  113                  0.00    428.16    105.16
  114                  0.00    428.05     80.05
  115                  0.00    427.95     81.95
  116                  0.00    428.01     83.01
  117                 75.00    427.74     84.74
  118                  0.00    427.83     88.83
  119                  0.00    427.83    105.02
  12                   0.00    428.47     98.13
  121                  0.00    428.09     78.09
  122                  0.00    428.01     81.01
  123                  0.00    428.01     82.01
  125                  0.00    428.08     77.08
  126                 60.00    427.99     79.99
  127                  0.00    427.99     84.66
  128                 60.00    427.65     65.65
  129                  0.00    427.13     71.13
  130                142.00    426.84     85.76
  130B                59.00    426.99     73.99
  132                 58.00    425.06     92.06
  134                  0.00    425.60    104.60
  135                 58.00    423.50    107.50
  137                 58.00    419.65    110.65
  139                  0.00    426.78     66.78
  14                   0.00    428.40     90.40
  140                  0.00    426.78     75.78
  141                  0.00    426.78     74.78
  142                  0.00    426.78     65.78
  143                  0.00    425.06     84.09
  144                 75.00    427.38     68.38
  146                  0.00    427.29     81.29
  147                 66.00    426.82    105.82
  148                 62.00    427.25     94.25
  149                  0.00    427.03    113.82
  15                   0.00    428.13     93.13
  150                  0.00    426.92    118.85
  151                  0.00    426.67    121.43
  152                 68.00    424.78    114.76
  153                  0.00    425.42    115.42
  154                  0.00    427.54    102.54
  157                  0.00    427.54    124.54
  158A                 0.00    427.54    106.54
  158B                 0.00    427.54    106.54
  16B                  0.00    428.40     94.40
  160                  0.00    428.76     61.76
  162                  0.00    428.70     60.70
  163                 45.00    428.54     54.54
  164                  0.00    428.52     68.86
  165                 64.00    428.09     66.79
  166                  0.00    428.10     67.09
  167                 87.00    427.84     57.20
  169                  0.00    428.46     61.96
  17A                  0.00    427.94     92.94
  170                  0.00    428.80     69.80
  17B                  0.00    427.75     92.75
  171                  0.00    428.82     76.82
  172                  0.00    428.82     88.82
  18B                220.00    421.97     96.97
  19                   0.00    428.82     70.82
  2                    0.00    428.69    102.69
  20                   0.00    428.68     64.68
  2002                 0.00    428.22     78.22
  2003                 0.00    428.22     78.22
  21                   0.00    428.63     65.90
  22                  76.00    428.62     67.02
  222                  0.00    428.52     78.52
  24                   0.00    428.46     84.46
  25                   0.00    428.36     83.36
  26                  91.00    427.89     79.89
  27                   0.00    428.26     78.26
  28                   0.00    428.13     80.13
  29                   0.00    427.76     71.76
  3                    0.00    428.63     88.28
  30                   0.00    427.71     66.71
  3002                 0.00    428.68     42.68
  3004                 0.00    428.68     42.68
  3005                 0.00    428.68     42.68
  3008                 0.00    428.68     43.68
  3012                 0.00    428.68     57.95
  3013                 0.00    428.68     63.75
  3016               137.00    428.72     63.72
  3017                 0.00    428.88     46.88
  3018                 0.00    428.84     51.84
  3019                 0.00    428.68     59.29
  3020                 0.00    428.68     60.57
  3024                 0.00    428.68     63.74
  31                   0.00    427.60     69.81
  3152                 0.00    428.68     62.48
  32                   0.00    427.64     69.64
  34                  63.00    427.40     76.38
  35                   0.00    427.54     90.54
  36                   0.00    427.54     99.54
  39                   0.00    427.54    114.54
  41                   0.00    427.54    120.54
  46                   0.00    428.84     52.84
  47                   0.00    428.46     70.28
  48                   0.00    428.78     84.78
  49                   0.00    428.78     76.78
  5                    0.00    428.60     81.60
  52                   0.00    428.78     77.78
  53                   0.00    428.84     72.84
  54                   0.00    428.79     83.79
  55                   0.00    427.76     97.76
  56                   0.00    427.29     93.29
  58                 110.00    423.13     90.13
  59                 168.00    419.21     90.21
  6                    0.00    428.35     76.35
  60                   0.00    428.63     83.63
  61                   0.00    428.63     89.63
  62                   0.00    428.26     74.26
  64                   0.00    428.65     97.65
  65                   0.00    428.62     88.62
  66                   0.00    428.62     89.62
  67                   0.00    428.57     96.57
  68                   0.00    428.54     89.54
  69                   0.00    428.54     77.54
  7                    0.00    428.56     75.56
  70                 155.00    427.68     87.68
  71                   0.00    428.36     91.36
  72                 106.00    428.26     72.26
  73                 170.00    428.26     73.26
  77                   0.00    428.26     72.26
  78                   0.00    428.26     88.12
  79                  50.00    428.56     75.56
  8                    0.00    428.38     78.38
  80                   0.00    428.55     79.55
  81                   0.00    428.55     69.55
  82                   0.00    428.55     70.55
  85                   0.00    427.68     88.68
  86                   0.00    427.68     90.68
  87                   0.00    428.22     68.22
  88                   0.00    428.20     75.20
  89                   0.00    428.16     61.16
  90                   0.00    428.13     72.13
  91                   0.00    427.99     55.99
  92                   0.00    427.06     67.06
  91B                183.00    426.71     66.71
  94                   0.00    428.53     89.53
  95                   0.00    428.53     85.53
  97                   0.00    428.53     97.53
  99                   0.00    428.16     78.16
  74                  88.00    425.44     66.73
  1074                 0.00    428.25     70.25
  11A                  0.00    428.53     85.53
  1011                 0.00    428.53     85.53
  0                -2709.00    429.00      0.00  Reservoir
   
   
  Link Results:
  ----------------------------------------------
                       Flow  Velocity  Headloss
  Link                 m3/h       m/s    /1000m
  ----------------------------------------------
  TU1                 -0.00      0.00      0.00
  TU10                 0.00      0.00      0.00
  TU100              155.00      0.34      0.25
  TU101              155.00      0.22      0.09
  TU102                0.00      0.00      0.00
  TU103              155.00      0.22      0.09
  TU104              155.00      0.22      0.09
  TU105              817.00      0.36      0.10
  TU106              817.00      0.36      0.10
  TU107                0.00      0.00      0.00
  TU108              817.00      0.36      0.10
  TU109              972.00      0.42      0.14
  TU11                -0.00      0.00      0.00
  TU110              972.00      0.42      0.14
  TU111              168.00      2.21     22.25
  TU112              278.00      2.03     13.42
  TU113              278.00      1.48      6.16
  TU114              278.00      1.48      6.16
  TU115             1305.00      0.46      0.15
  TU116             1305.00      0.46      0.15
  TU117                0.00      0.00      0.00
  TU118                0.00      0.00      0.00
  TU119             1305.00      0.46      0.15
  TU12                 0.00      0.00      0.00
  TU120             1305.00      0.46      0.15
  TU121                0.00      0.00      0.00
  TU122                0.00      0.00      0.00
  TU123               -0.00      0.00      0.00
  TU124                0.00      0.00      0.00
  TU125               -0.00      0.00      0.00
  TU126               -0.00      0.00      0.00
  TU127               -0.00      0.00      0.00
  TU128               87.00      0.38      0.46
  TU129               87.00      0.38      0.46
  TU13                 0.00      0.00      0.00
  TU130              151.00      0.66      1.24
  TU131              151.00      0.66      1.24
  TU132                0.00      0.00      0.00
  TU133              151.00      0.66      1.24
  TU134              183.00      1.98     16.08
  TU135              196.00      0.43      0.39
  TU136              196.00      0.43      0.39
  TU137              196.00      0.28      0.13
  TU138              196.00      0.28      0.13
  TU139              196.00      0.19      0.06
  TU14                -0.00      0.00      0.00
  TU140              196.00      0.19      0.06
  TU141                0.00      0.00      0.00
  TU142              106.00      0.29      0.21
  TU143               -0.00      0.00      0.00
  TU144               -0.00      0.00      0.00
  TU145              183.00      1.27      5.44
  TU146              183.00      0.80      1.77
  TU147              183.00      0.49      0.56
  TU148               -0.00      0.00      0.00
  TU149               -0.00      0.00      0.00
  TU15                -0.00      0.00      0.00
  TU150               -0.00      0.00      0.00
  TU151              183.00      0.26      0.12
  TU152               -0.00      0.00      0.00
  TU15301            271.00      0.38      0.24
  TU15302            183.00      0.26      0.12
  TU1074              88.00      1.16      6.77
  TU154              441.00      0.43      0.24
  TU155                0.00      0.00      0.00
  TU156              441.00      0.43      0.24
  TU157              547.00      0.54      0.35
  TU158                0.00      0.00      0.00
  TU159              547.00      0.54      0.35
  TU16              2709.00      0.49      0.11
  TU160                0.00      0.00      0.00
  TU161              547.00      0.54      0.35
  TU162              270.00      0.19      0.05
  TU163              220.00      0.16      0.03
  TU164              270.00      0.19      0.05
  TU166               -0.00      0.00      0.00
  TU167               -0.00      0.00      0.00
  TU168                0.00      0.00      0.00
  TU169                0.00      0.00      0.00
  TU17                -0.00      0.00      0.00
  TU170                0.00      0.00      0.00
  TU171              220.00      0.16      0.03
  TU17201             -0.00      0.00      0.00
  TU17202              0.00      0.00      0.00
  TU1011A             -0.00      0.00      0.00
  TU173               -0.00      0.00      0.00
  TU174               -0.00      0.00      0.00
  TU175               -0.00      0.00      0.00
  TU176              220.00      0.22      0.07
  TU177              220.00      0.22      0.07
  TU178              220.00      0.22      0.07
  TU179              220.00      0.62      0.88
  TU18                 0.00      0.00      0.00
  TU180              220.00      0.62      0.88
  TU181              220.00      1.85     12.30
  TU182              220.00      1.01      2.79
  TU183                0.00      0.00      0.00
  TU184                0.00      0.00      0.00
  TU185              135.00      0.30      0.20
  TU186              151.00      0.41      0.39
  TU187              196.00      0.43      0.39
  TU188              995.00      0.72      0.50
  TU189              995.00      0.72      0.50
  TU19                 0.00      0.00      0.00
  TU190               68.00      0.89      4.23
  TU191                0.00      0.00      0.00
  TU192                0.00      0.00      0.00
  TU193                0.00      0.00      0.00
  TU194               -0.00      0.00      0.00
  TU195                0.00      0.00      0.00
  TU196                0.00      0.00      0.00
  TU197                0.00      0.00      0.00
  TU198                0.00      0.00      0.00
  TU199                0.00      0.00      0.00
  TU2                  0.00      0.00      0.00
  TU20                 0.00      0.00      0.00
  TU200               -0.00      0.00      0.00
  TU201                0.00      0.00      0.00
  TU203                0.00      0.00      0.00
  TU204             1071.00      0.47      0.17
  TU205             1208.00      0.53      0.21
  TU21                68.00      0.57      1.44
  TU22               995.00      0.55      0.26
  TU23               995.00      0.55      0.26
  TU24              1071.00      0.59      0.30
  TU25              1071.00      0.59      0.30
  TU26               769.00      0.76      0.66
  TU27               769.00      0.76      0.66
  TU28               769.00      0.76      0.66
  TU29               769.00      0.76      0.66
  TU3                  0.00      0.00      0.00
  TU30                 0.00      0.00      0.00
  TU31                -0.00      0.00      0.00
  TU32                75.00      0.86      3.59
  TU33                75.00      0.34      0.40
  TU34                75.00      0.34      0.40
  TU35                 0.00      0.00      0.00
  TU36                 0.00      0.00      0.00
  TU37                75.00      0.21      0.13
  TU38                75.00      0.21      0.13
  TU39                -0.00      0.00      0.00
  TU4                183.00      0.26      0.12
  TU40                60.00      0.44      0.82
  TU41               135.00      0.30      0.20
  TU42                45.00      0.31      0.43
  TU43               135.00      0.19      0.07
  TU44               135.00      0.19      0.07
  TU45               135.00      0.19      0.07
  TU46               226.00      0.32      0.17
  TU47                91.00      1.62     15.02
  TU48                 0.00      0.00      0.00
  TU49                 0.00      0.00      0.00
  TU5                183.00      0.26      0.12
  TU50                 0.00      0.00      0.00
  TU51                 0.00      0.00      0.00
  TU52                 0.00      0.00      0.00
  TU53                 0.00      0.00      0.00
  TU54                 0.00      0.00      0.00
  TU55                 0.00      0.00      0.00
  TU56                -0.00      0.00      0.00
  TU57                 0.00      0.00      0.00
  TU58                63.00      1.12      7.66
  TU59                63.00      0.18      0.09
  TU6                135.00      0.19      0.07
  TU60                68.00      1.40     12.60
  TU61                 0.00      0.00      0.00
  TU62                68.00      0.36      0.48
  TU63                 0.00      0.00      0.00
  TU64                68.00      0.36      0.48
  TU65                66.00      1.36     11.93
  TU66               134.00      0.44      0.52
  TU67               196.00      0.56      0.71
  TU68               196.00      0.56      0.71
  TU69               259.00      0.37      0.22
  TU7                  0.00      0.00      0.00
  TU70               259.00      0.37      0.22
  TU71               259.00      0.37      0.22
  TU72               174.00      0.38      0.31
  TU73               316.00      0.70      0.93
  TU74               375.00      0.83      1.27
  TU75               375.00      0.83      1.27
  TU76               450.00      0.99      1.77
  TU77               510.00      1.13      2.23
  TU78                58.00      1.20      9.42
  TU79               116.00      1.53     11.23
  TU8                  0.00      0.00      0.00
  TU80                 0.00      0.00      0.00
  TU81               116.00      0.98      3.80
  TU82                 0.00      0.00      0.00
  TU83                58.00      0.76      3.17
  TU84                 0.00      0.00      0.00
  TU85                 0.00      0.00      0.00
  TU86                 0.00      0.00      0.00
  TU87                 0.00      0.00      0.00
  TU88                58.00      0.13      0.04
  TU89                 0.00      0.00      0.00
  TU9                  0.00      0.00      0.00
  TU90                 0.00      0.00      0.00
  TU91                -0.00      0.00      0.00
  TU92               155.00      0.71      1.47
  TU93               155.00      0.44      0.46
  TU94                 0.00      0.00      0.00
  TU95               155.00      0.44      0.46
  TU96                 0.00      0.00      0.00
  TU97                 0.00      0.00      0.00
  TU98                 0.00      0.00      0.00
  TU99               155.00      0.34      0.25
  TU4000               0.00      0.00      0.00
   
  Analysis ended Fri Dec  1 09:58:17 2023
