  Page 1                                    Fri Dec  1 10:09:53 2023

  ******************************************************************
  *                           E P A N E T                          *
  *                   Hydraulic and Water Quality                  *
  *                   Analysis for Pipe Networks                   *
  *                         Version 2.2                            *
  ******************************************************************
  
  Analysis begun Fri Dec  1 10:09:53 2023

   
  Node Results:
  ----------------------------------------------
                     Demand      Head  Pressure
  Node                 m3/h         m         m
  ----------------------------------------------
  3661                 0.00    428.97     50.83
  482                  0.00    428.99     82.99
  661                  0.00    428.87     98.87
  6610                 0.00    428.73      3.61
  6611                 0.00    428.81     93.81
  6612                 0.00    428.75     66.38
  6613                 0.00    428.81     73.81
  6615                 0.00    428.94     89.94
  6616                 0.00    428.87     67.87
  6617                 0.00    428.88     85.88
  6618                 0.00    428.92     80.92
  662                  0.00    428.94    100.94
  6620                 0.00    428.78    120.78
  6621                 0.00    428.78    100.78
  6622                 0.00    428.78     91.78
  6623                 0.00    428.78     77.78
  6624                 0.00    428.79     76.79
  6625                 0.00    428.61    116.61
  6626                 0.00    428.71    107.71
  6627                 0.00    428.87    107.87
  6628                 0.00    428.94     89.94
  6629                 0.00    428.94     88.94
  663                  0.00    428.88     87.88
  6630                 0.00    428.94      3.82
  6632                 0.00    428.94     88.94
  6633                 0.00    428.97     66.33
  6634                 0.00    428.98     57.98
  6635                 0.00    428.99     76.99
  6636                 0.00    428.99     72.99
  6637                 0.00    428.99     61.99
  6639                 0.00    428.73     68.73
  664                  0.00    428.86     80.86
  6640                 0.00    428.73     68.73
  6641                 0.00    428.73     70.05
  6642                 0.00    428.69     72.69
  6643                 0.00    428.80     76.80
  6644                 0.00    428.81     76.81
  6645                 0.00    428.82     78.82
  6646                 0.00    427.63     80.61
  6648                 0.00    427.80     81.79
  6649                 0.00    428.85     89.85
  665                  0.00    428.85     83.85
  666                  0.00    428.94     88.94
  6665                 0.00    428.99     63.85
  6666                 0.00    428.99     61.33
  667                  0.00    428.81     76.81
  668                  0.00    428.87     98.87
  669                  0.00    428.94     83.94
  1                    0.00    428.96     98.96
  10                   0.00    428.80     76.80
  100                 85.00    428.68     73.68
  100B                 0.00    428.73     70.73
  101                  0.00    428.81     75.81
  103                  0.00    428.81     89.81
  104                  0.00    428.81     89.81
  105                  0.00    428.81     73.81
  106                  0.00    428.81     73.81
  107                  0.00    428.94     89.94
  108                  0.00    428.94     93.38
  109                  0.00    428.94     91.94
  11B                  0.00    428.84     85.84
  110                  0.00    428.91     82.91
  111                 55.00    428.90     90.92
  112                  0.00    428.91     86.91
  113                  0.00    428.89    105.89
  114                  0.00    428.88     80.88
  115                  0.00    428.88     82.88
  116                  0.00    428.88     83.88
  117                  0.00    428.88     85.88
  118                  0.00    428.88     89.88
  119                  0.00    428.88    106.07
  12                 100.00    428.81     98.47
  121                 41.00    428.88     78.88
  122                  0.00    428.88     81.88
  123                  0.00    428.88     82.88
  125                  0.00    428.88     77.88
  126                  0.00    428.88     80.88
  127                  0.00    428.88     85.55
  128                  0.00    428.87     66.87
  129                  0.00    428.87     72.87
  130                  0.00    428.87     87.79
  130B                 0.00    428.87     75.87
  132                  0.00    428.87     95.87
  134                  0.00    428.87    107.87
  135                  0.00    428.87    112.87
  137                  0.00    428.87    119.87
  139                  0.00    428.87     68.87
  14                  56.00    428.81     90.81
  140                  0.00    428.87     77.87
  141                  0.00    428.87     76.87
  142                  0.00    428.87     67.87
  143                  0.00    428.87     87.90
  144                  0.00    428.87     69.87
  146                  0.00    428.75     82.75
  147                  0.00    428.71    107.71
  148                  0.00    428.75     95.75
  149                  0.00    428.61    115.40
  15                   0.00    428.81     93.81
  150                  0.00    428.50    120.43
  151                  0.00    428.25    123.01
  152                 68.00    426.36    116.34
  153                  0.00    427.00    117.00
  154                  0.00    428.78    103.78
  157                  0.00    428.78    125.78
  158A                 0.00    428.78    107.78
  158B                 0.00    428.78    107.78
  16B                  0.00    428.81     94.81
  160                  0.00    428.99     61.99
  162                  0.00    428.99     60.99
  163                  0.00    428.99     54.99
  164                  0.00    428.99     69.33
  165                  0.00    428.99     67.69
  166                  0.00    428.99     67.98
  167                  0.00    428.99     58.35
  169                  0.00    428.99     62.49
  17A                  0.00    428.81     93.81
  170                  0.00    428.99     69.99
  17B                  0.00    428.81     93.81
  171                  0.00    428.99     76.99
  172                  0.00    428.99     88.99
  18B                  0.00    428.81    103.81
  19                   0.00    428.97     70.97
  2                    0.00    428.94    102.94
  20                   0.00    428.97     64.97
  2002                 0.00    428.94     78.94
  2003                 0.00    428.94     78.94
  21                   0.00    428.96     66.23
  22                   0.00    428.96     67.36
  222                  0.00    428.95     78.95
  24                   0.00    428.94     84.94
  25                   0.00    428.93     83.93
  26                   0.00    428.92     80.92
  27                   0.00    428.92     78.92
  28                   0.00    428.91     80.91
  29                   0.00    428.88     72.88
  3                    0.00    428.91     88.56
  30                   0.00    428.87     67.87
  3002                 0.00    428.97     42.97
  3004                 0.00    428.97     42.97
  3005                 0.00    428.97     42.97
  3008                 0.00    428.97     43.97
  3012                 0.00    428.97     58.24
  3013                 0.00    428.97     64.04
  3016                 0.00    428.97     63.97
  3017                 0.00    428.99     46.99
  3018                 0.00    428.99     51.99
  3019                 0.00    428.97     59.58
  3020                 0.00    428.97     60.86
  3024                 0.00    428.97     64.03
  31                  53.00    428.81     71.02
  3152                 0.00    428.97     62.77
  32                   0.00    428.84     70.84
  34                  82.00    428.56     77.54
  35                   0.00    428.78     91.78
  36                   0.00    428.78    100.78
  39                   0.00    428.78    115.78
  41                   0.00    428.78    121.78
  46                   0.00    428.99     52.99
  47                   0.00    428.99     70.81
  48                   0.00    428.99     84.99
  49                   0.00    428.99     76.99
  5                    0.00    428.90     81.90
  52                   0.00    428.99     77.99
  53                   0.00    428.98     72.98
  54                   0.00    428.97     83.97
  55                   0.00    428.96     98.96
  56                   0.00    428.96     94.96
  58                   0.00    428.96     95.96
  59                   0.00    428.96     99.96
  6                    0.00    428.81     76.81
  60                   0.00    428.91     83.91
  61                   0.00    428.91     89.91
  62                 105.00    424.64     70.64
  64                   0.00    428.94     97.94
  65                   0.00    428.94     88.94
  66                   0.00    428.94     89.94
  67                   0.00    428.94     96.94
  68                   0.00    428.94     89.94
  69                   0.00    428.94     77.94
  7                    0.00    428.87     75.87
  70                   0.00    428.94     88.94
  71                   0.00    428.94     91.94
  72                   0.00    428.73     72.73
  73                   0.00    428.79     73.79
  77                   0.00    428.73     72.73
  78                   0.00    428.73     88.59
  79                   0.00    428.87     75.87
  8                    0.00    428.82     78.82
  80                   0.00    428.83     79.83
  81                   0.00    427.80     68.80
  82                 101.00    427.14     69.14
  85                   0.00    428.94     89.94
  86                   0.00    428.94     91.94
  87                 103.00    428.75     68.75
  88                   0.00    428.75     75.75
  89                   0.00    428.74     61.74
  90                   0.00    428.69     72.69
  91                   0.00    428.73     56.73
  92                   0.00    428.73     68.73
  91B                  0.00    428.73     68.73
  94                   0.00    428.85     89.85
  95                   0.00    428.85     85.85
  97                   0.00    428.85     97.85
  99                   0.00    428.74     78.74
  74                   0.00    428.79     70.08
  1074                 0.00    428.79     70.79
  11A                  0.00    428.85     85.85
  1011                 0.00    428.85     85.85
  0                 -849.00    429.00      0.00  Reservoir
   
   
  Link Results:
  ----------------------------------------------
                       Flow  Velocity  Headloss
  Link                 m3/h       m/s    /1000m
  ----------------------------------------------
  TU1                 -0.00      0.00      0.00
  TU10                 0.00      0.00      0.00
  TU100                0.00      0.00      0.00
  TU101                0.00      0.00      0.00
  TU102               -0.00      0.00      0.00
  TU103                0.00      0.00      0.00
  TU104                0.00      0.00      0.00
  TU105              550.00      0.24      0.05
  TU106              550.00      0.24      0.05
  TU107                0.00      0.00      0.00
  TU108              550.00      0.24      0.05
  TU109              550.00      0.24      0.05
  TU11                -0.00      0.00      0.00
  TU110              550.00      0.24      0.05
  TU111                0.00      0.00      0.00
  TU112               -0.00      0.00      0.00
  TU113                0.00      0.00      0.00
  TU114                0.00      0.00      0.00
  TU115              550.00      0.19      0.03
  TU116              550.00      0.19      0.03
  TU117               -0.00      0.00      0.00
  TU118                0.00      0.00      0.00
  TU119              550.00      0.19      0.03
  TU12                 0.00      0.00      0.00
  TU120              550.00      0.19      0.03
  TU121                0.00      0.00      0.00
  TU122                0.00      0.00      0.00
  TU123               -0.00      0.00      0.00
  TU124                0.00      0.00      0.00
  TU125               -0.00      0.00      0.00
  TU126               -0.00      0.00      0.00
  TU127               -0.00      0.00      0.00
  TU128                0.00      0.00      0.00
  TU129                0.00      0.00      0.00
  TU13                 0.00      0.00      0.00
  TU130               -0.00      0.00      0.00
  TU131               -0.00      0.00      0.00
  TU132                0.00      0.00      0.00
  TU133               -0.00      0.00      0.00
  TU134               -0.00      0.00      0.00
  TU135               -0.00      0.00      0.00
  TU136                0.00      0.00      0.00
  TU137                0.00      0.00      0.00
  TU138                0.00      0.00      0.00
  TU139                0.00      0.00      0.00
  TU14                56.00      0.12      0.04
  TU140                0.00      0.00      0.00
  TU141              105.00      1.77     17.05
  TU142              105.00      0.28      0.20
  TU143               -0.00      0.00      0.00
  TU144               -0.00      0.00      0.00
  TU145               -0.00      0.00      0.00
  TU146               -0.00      0.00      0.00
  TU147               -0.00      0.00      0.00
  TU148                0.00      0.00      0.00
  TU149               85.00      0.59      1.35
  TU15                -0.00      0.00      0.00
  TU150               85.00      0.59      1.35
  TU151               85.00      0.12      0.03
  TU152                0.00      0.00      0.00
  TU15301            188.00      0.27      0.12
  TU15302            188.00      0.27      0.12
  TU1074               0.00      0.00      0.00
  TU154              188.00      0.18      0.05
  TU155                0.00      0.00      0.00
  TU156              188.00      0.18      0.05
  TU157              293.00      0.29      0.11
  TU158                0.00      0.00      0.00
  TU159              293.00      0.29      0.11
  TU16               849.00      0.15      0.01
  TU160                0.00      0.00      0.00
  TU161              293.00      0.29      0.11
  TU162              257.00      0.19      0.04
  TU163              257.00      0.19      0.04
  TU164              257.00      0.19      0.04
  TU166               -0.00      0.00      0.00
  TU167              101.00      1.33      8.71
  TU168              101.00      1.33      8.71
  TU169              101.00      0.85      2.95
  TU17                 0.00      0.00      0.00
  TU170              101.00      0.46      0.68
  TU171              156.00      0.11      0.02
  TU17201             -0.00      0.00      0.00
  TU17202              0.00      0.00      0.00
  TU1011A             -0.00      0.00      0.00
  TU173               -0.00      0.00      0.00
  TU174               -0.00      0.00      0.00
  TU175               -0.00      0.00      0.00
  TU176              156.00      0.15      0.04
  TU177              156.00      0.15      0.04
  TU178               56.00      0.06      0.01
  TU179                0.00      0.00      0.00
  TU18                 0.00      0.00      0.00
  TU180                0.00      0.00      0.00
  TU181                0.00      0.00      0.00
  TU182                0.00      0.00      0.00
  TU183                0.00      0.00      0.00
  TU184                0.00      0.00      0.00
  TU185               41.00      0.09      0.02
  TU186               -0.00      0.00      0.00
  TU187               -0.00      0.00      0.00
  TU188              299.00      0.22      0.06
  TU189              299.00      0.22      0.06
  TU19                 0.00      0.00      0.00
  TU190               68.00      0.89      4.23
  TU191               -0.00      0.00      0.00
  TU192                0.00      0.00      0.00
  TU193                0.00      0.00      0.00
  TU194               -0.00      0.00      0.00
  TU195                0.00      0.00      0.00
  TU196                0.00      0.00      0.00
  TU197               -0.00      0.00      0.00
  TU198                0.00      0.00      0.00
  TU199                0.00      0.00      0.00
  TU2                  0.00      0.00      0.00
  TU20                 0.00      0.00      0.00
  TU200               -0.00      0.00      0.00
  TU201                0.00      0.00      0.00
  TU203                0.00      0.00      0.00
  TU204              299.00      0.13      0.02
  TU205              299.00      0.13      0.02
  TU21                68.00      0.57      1.44
  TU22               299.00      0.17      0.03
  TU23               299.00      0.17      0.03
  TU24               299.00      0.17      0.03
  TU25               299.00      0.17      0.03
  TU26               203.00      0.20      0.06
  TU27               203.00      0.20      0.06
  TU28               203.00      0.20      0.06
  TU29               203.00      0.20      0.06
  TU3                  0.00      0.00      0.00
  TU30                 0.00      0.00      0.00
  TU31                -0.00      0.00      0.00
  TU32                 0.00      0.00      0.00
  TU33                 0.00      0.00      0.00
  TU34                 0.00      0.00      0.00
  TU35                 0.00      0.00      0.00
  TU36                 0.00      0.00      0.00
  TU37                 0.00      0.00      0.00
  TU38                 0.00      0.00      0.00
  TU39                -0.00      0.00      0.00
  TU4                 85.00      0.12      0.03
  TU40                 0.00      0.00      0.00
  TU41                -0.00      0.00      0.00
  TU42                 0.00      0.00      0.00
  TU43                96.00      0.14      0.04
  TU44                96.00      0.14      0.04
  TU45                96.00      0.14      0.04
  TU46                96.00      0.14      0.04
  TU47                -0.00      0.00      0.00
  TU48                 0.00      0.00      0.00
  TU49                 0.00      0.00      0.00
  TU5                 85.00      0.12      0.03
  TU50                 0.00      0.00      0.00
  TU51                 0.00      0.00      0.00
  TU52                 0.00      0.00      0.00
  TU53                 0.00      0.00      0.00
  TU54                 0.00      0.00      0.00
  TU55                 0.00      0.00      0.00
  TU56                 0.00      0.00      0.00
  TU57                 0.00      0.00      0.00
  TU58                82.00      1.46     12.41
  TU59                82.00      0.23      0.15
  TU6                 41.00      0.06      0.01
  TU60                68.00      1.40     12.60
  TU61                 0.00      0.00      0.00
  TU62                68.00      0.36      0.48
  TU63                 0.00      0.00      0.00
  TU64                68.00      0.36      0.48
  TU65                 0.00      0.00      0.00
  TU66                68.00      0.22      0.15
  TU67                68.00      0.19      0.11
  TU68                68.00      0.19      0.11
  TU69               150.00      0.21      0.08
  TU7                  0.00      0.00      0.00
  TU70               203.00      0.29      0.14
  TU71               203.00      0.29      0.14
  TU72                 0.00      0.00      0.00
  TU73                 0.00      0.00      0.00
  TU74                 0.00      0.00      0.00
  TU75                 0.00      0.00      0.00
  TU76                 0.00      0.00      0.00
  TU77                 0.00      0.00      0.00
  TU78                 0.00      0.00      0.00
  TU79                 0.00      0.00      0.00
  TU8                  0.00      0.00      0.00
  TU80                 0.00      0.00      0.00
  TU81                 0.00      0.00      0.00
  TU82                 0.00      0.00      0.00
  TU83                 0.00      0.00      0.00
  TU84                 0.00      0.00      0.00
  TU85                 0.00      0.00      0.00
  TU86                 0.00      0.00      0.00
  TU87                 0.00      0.00      0.00
  TU88                 0.00      0.00      0.00
  TU89                 0.00      0.00      0.00
  TU9                  0.00      0.00      0.00
  TU90                 0.00      0.00      0.00
  TU91                -0.00      0.00      0.00
  TU92                -0.00      0.00      0.00
  TU93                 0.00      0.00      0.00
  TU94                 0.00      0.00      0.00
  TU95                 0.00      0.00      0.00
  TU96                 0.00      0.00      0.00
  TU97                 0.00      0.00      0.00
  TU98                 0.00      0.00      0.00
  TU99                 0.00      0.00      0.00
  TU4000               0.00      0.00      0.00
   
  Analysis ended Fri Dec  1 10:09:53 2023
