  Page 1                                    Fri Dec  1 09:49:50 2023

  ******************************************************************
  *                           E P A N E T                          *
  *                   Hydraulic and Water Quality                  *
  *                   Analysis for Pipe Networks                   *
  *                         Version 2.2                            *
  ******************************************************************
  
  Analysis begun Fri Dec  1 09:49:50 2023

   
  Node Results:
  ----------------------------------------------
                     Demand      Head  Pressure
  Node                 m3/h         m         m
  ----------------------------------------------
  3661                 0.00    428.68     50.54
  482                  0.00    426.97     80.97
  661                  0.00    427.92     97.92
  6610                 0.00    427.20      2.08
  6611                 0.00    426.72     91.72
  6612                 0.00    427.78     65.41
  6613                 0.00    425.85     70.85
  6615                 0.00    428.35     89.35
  6616                 0.00    427.96     66.96
  6617                 0.00    428.12     85.12
  6618                 0.00    428.31     80.31
  662                  0.00    428.44    100.44
  6620                 0.00    427.55    119.55
  6621                 0.00    427.55     99.55
  6622                 0.00    427.55     90.55
  6623                 0.00    427.55     76.55
  6624                 0.00    427.57     75.57
  6625                 0.00    424.87    112.87
  6626                 0.00    426.21    105.21
  6627                 0.00    427.58    106.58
  6628                 0.00    425.67     86.67
  6629                 0.00    427.96     87.96
  663                  0.00    428.17     87.17
  6630                 0.00    428.23      3.11
  6632                 0.00    428.35     88.35
  6633                 0.00    428.71     66.07
  6634                 0.00    428.74     57.74
  6635                 0.00    428.23     76.23
  6636                 0.00    428.23     72.23
  6637                 0.00    427.97     60.97
  6639                 0.00    427.57     67.57
  664                  0.00    427.90     79.90
  6640                 0.00    427.41     67.41
  6641                 0.00    427.69     69.01
  6642                 0.00    427.69     71.69
  6643                 0.00    427.97     75.97
  6644                 0.00    428.03     76.03
  6645                 0.00    428.05     78.05
  6646                 0.00    427.32     80.30
  6648                 0.00    427.32     81.31
  6649                 0.00    427.46     88.46
  665                  0.00    427.73     82.73
  666                  0.00    428.23     88.23
  6665                 0.00    426.82     61.68
  6666                 0.00    427.70     60.04
  667                  0.00    428.03     76.03
  668                  0.00    427.92     97.92
  669                  0.00    427.75     82.75
  1                  104.00    428.57     98.57
  10                  59.00    427.65     75.65
  100                  0.00    427.69     72.69
  100B                78.00    426.97     68.97
  101                  0.00    425.85     72.85
  103                 51.00    426.62     87.62
  104                  0.00    426.62     87.62
  105                 98.00    425.81     70.81
  106                 56.00    425.76     70.76
  107                  0.00    428.35     89.35
  108                 53.00    427.65     92.09
  109                  0.00    428.19     91.19
  11B                124.00    427.65     84.65
  110                 73.00    428.29     82.29
  111                 52.00    428.25     90.27
  112                  0.00    428.27     86.27
  113                  0.00    428.21    105.21
  114                  0.00    428.14     80.14
  115                  0.00    428.12     82.12
  116                  0.00    428.12     83.12
  117                  0.00    428.12     85.12
  118                  0.00    428.12     89.12
  119                  0.00    428.12    105.31
  12                   0.00    427.37     97.03
  121                 61.00    428.16     78.16
  122                 55.00    425.41     78.41
  123                  0.00    427.74     81.74
  125                  0.00    428.16     77.16
  126                  0.00    428.16     80.16
  127                  0.00    428.16     84.83
  128                 65.00    427.96     65.96
  129                  0.00    427.94     71.94
  130                  0.00    427.93     86.85
  130B                 0.00    427.94     74.94
  132                  0.00    427.92     94.92
  134                 59.00    427.29    106.29
  135                  0.00    427.58    111.58
  137                  0.00    427.58    118.58
  139                  0.00    427.92     67.92
  14                 130.00    426.91     88.91
  140                  0.00    427.92     76.92
  141                  0.00    427.92     75.92
  142                  0.00    427.92     66.92
  143                  0.00    427.92     86.95
  144                  0.00    427.95     68.95
  146                 88.00    426.72     80.72
  147                  0.00    426.21    105.21
  148                  0.00    426.64     93.64
  149                 56.00    424.66    111.45
  15                   0.00    426.72     91.72
  150                 55.00    423.83    115.76
  151                 97.00    422.51    117.27
  152                 74.00    420.31    110.29
  153                  0.00    421.06    111.06
  154                  0.00    427.55    102.55
  157                  0.00    427.55    124.55
  158A                 0.00    427.55    106.55
  158B                 0.00    427.55    106.55
  16B                  0.00    427.00     93.00
  160                 70.00    427.93     60.93
  162                 62.00    427.79     59.79
  163                  0.00    427.70     53.70
  164                  0.00    427.47     67.81
  165                 63.00    426.95     65.65
  166                  0.00    426.96     65.95
  167                 93.00    426.67     56.03
  169                 74.00    427.20     60.70
  17A                  0.00    426.53     91.53
  170                  0.00    428.11     69.11
  17B                  0.00    426.34     91.34
  171                  0.00    428.23     76.23
  172                  0.00    428.23     88.23
  18B                221.00    420.51     95.51
  19                   0.00    428.71     70.71
  2                    0.00    428.47    102.47
  20                   0.00    428.68     64.68
  2002                 0.00    427.75     77.75
  2003                 0.00    427.75     77.75
  21                   0.00    428.64     65.91
  22                   0.00    428.64     67.04
  222                  0.00    428.55     78.55
  24                   0.00    428.49     84.49
  25                   0.00    428.42     83.42
  26                   0.00    428.31     80.31
  27                   0.00    428.34     78.34
  28                   0.00    428.25     80.25
  29                  51.00    428.00     72.00
  3                    0.00    428.33     87.98
  30                   0.00    427.97     66.97
  3002                 0.00    428.68     42.68
  3004                 0.00    428.68     42.68
  3005                 0.00    428.68     42.68
  3008                 0.00    428.68     43.68
  3012                 0.00    428.68     57.95
  3013                 0.00    428.68     63.75
  3016                 0.00    428.71     63.71
  3017                 0.00    428.80     46.80
  3018                69.00    428.11     51.11
  3019                 0.00    428.68     59.29
  3020                 0.00    428.68     60.57
  3024                 0.00    428.68     63.74
  31                   0.00    427.71     69.92
  3152                 0.00    428.68     62.48
  32                   0.00    427.82     69.82
  34                  78.00    427.35     76.33
  35                   0.00    427.55     90.55
  36                   0.00    427.55     99.55
  39                   0.00    427.55    114.55
  41                   0.00    427.55    120.55
  46                 171.00    428.35     52.35
  47                   0.00    427.35     69.17
  48                   0.00    426.54     82.54
  49                  87.00    423.35     71.35
  5                    0.00    428.25     81.25
  52                  83.00    423.31     72.31
  53                 142.00    425.66     69.66
  54                   0.00    428.66     83.66
  55                   0.00    428.57     98.57
  56                   0.00    428.57     94.57
  58                   0.00    428.57     95.57
  59                   0.00    428.57     99.57
  6                    0.00    428.03     76.03
  60                   0.00    428.33     83.33
  61                   0.00    428.33     89.33
  62                   0.00    428.03     74.03
  64                   0.00    428.40     97.40
  65                   0.00    428.35     88.35
  66                   0.00    428.35     89.35
  67                   0.00    428.28     96.28
  68                   0.00    428.23     89.23
  69                   0.00    428.23     77.23
  7                    0.00    428.01     75.01
  70                 134.00    426.95     86.95
  71                   0.00    427.96     90.96
  72                   0.00    428.03     72.03
  73                   0.00    427.95     72.95
  77                   0.00    428.03     72.03
  78                   0.00    428.03     87.89
  79                  59.00    428.01     75.01
  8                    0.00    428.05     78.05
  80                   0.00    427.88     78.88
  81                  72.00    425.48     66.48
  82                   0.00    427.32     69.32
  85                  59.00    425.39     86.39
  86                   0.00    425.67     88.67
  87                 120.00    427.81     67.81
  88                   0.00    427.78     74.78
  89                  76.00    427.72     60.72
  90                   0.00    427.69     71.69
  91                   0.00    427.57     55.57
  92                   0.00    427.20     67.20
  91B                 91.00    427.11     67.11
  94                   0.00    427.46     88.46
  95                   0.00    426.85     83.85
  97                 129.00    420.94     89.94
  99                   0.00    427.72     77.72
  74                   0.00    427.94     69.23
  1074                 0.00    427.94     69.94
  11A                  0.00    426.44     83.44
  1011                 0.00    426.44     83.44
  0                -3492.00    429.00      0.00  Reservoir
   
   
  Link Results:
  ----------------------------------------------
                       Flow  Velocity  Headloss
  Link                 m3/h       m/s    /1000m
  ----------------------------------------------
  TU1                 -0.00      0.00      0.00
  TU10                98.00      1.06      5.10
  TU100              193.00      0.43      0.38
  TU101              193.00      0.27      0.13
  TU102                0.00      0.00      0.00
  TU103              193.00      0.27      0.13
  TU104              193.00      0.27      0.13
  TU105             1364.00      0.60      0.26
  TU106             1364.00      0.60      0.26
  TU107                0.00      0.00      0.00
  TU108             1364.00      0.60      0.26
  TU109             1557.00      0.68      0.34
  TU11               154.00      0.70      1.45
  TU110             1557.00      0.68      0.34
  TU111                0.00      0.00      0.00
  TU112               -0.00      0.00      0.00
  TU113                0.00      0.00      0.00
  TU114                0.00      0.00      0.00
  TU115             1661.00      0.59      0.23
  TU116             1661.00      0.59      0.23
  TU117              142.00      1.53     10.07
  TU118                0.00      0.00      0.00
  TU119             1661.00      0.59      0.23
  TU12                 0.00      0.00      0.00
  TU120             1803.00      0.64      0.26
  TU121                0.00      0.00      0.00
  TU122                0.00      0.00      0.00
  TU123               -0.00      0.00      0.00
  TU124               83.00      0.95      4.32
  TU125              170.00      1.24      5.42
  TU126              170.00      0.78      1.74
  TU127              170.00      0.78      1.74
  TU128               93.00      0.40      0.52
  TU129               93.00      0.40      0.52
  TU13                51.00      0.37      0.61
  TU130              156.00      0.68      1.32
  TU131              156.00      0.68      1.32
  TU132               74.00      0.32      0.34
  TU133              230.00      1.00      2.68
  TU134               91.00      0.98      4.46
  TU135              292.00      0.65      0.80
  TU136              362.00      0.80      1.19
  TU137              532.00      0.75      0.81
  TU138              532.00      0.75      0.81
  TU139              532.00      0.52      0.34
  TU14               335.00      0.74      1.03
  TU140              772.00      0.76      0.66
  TU141                0.00      0.00      0.00
  TU142                0.00      0.00      0.00
  TU143               -0.00      0.00      0.00
  TU144               78.00      0.84      3.37
  TU145               91.00      0.63      1.52
  TU146              169.00      0.74      1.53
  TU147              169.00      0.46      0.48
  TU148                0.00      0.00      0.00
  TU149               -0.00      0.00      0.00
  TU15                -0.00      0.00      0.00
  TU150               -0.00      0.00      0.00
  TU151              169.00      0.24      0.10
  TU152               -0.00      0.00      0.00
  TU15301            365.00      0.52      0.41
  TU15302            365.00      0.52      0.41
  TU1074               0.00      0.00      0.00
  TU154              365.00      0.36      0.17
  TU155               59.00      0.99      5.93
  TU156              424.00      0.42      0.22
  TU157              424.00      0.42      0.22
  TU158                0.00      0.00      0.00
  TU159              424.00      0.42      0.22
  TU16              3492.00      0.63      0.17
  TU160                0.00      0.00      0.00
  TU161              424.00      0.42      0.22
  TU162              940.00      0.68      0.45
  TU163              881.00      0.64      0.40
  TU164              940.00      0.68      0.45
  TU166               72.00      1.48     13.99
  TU167               -0.00      0.00      0.00
  TU168                0.00      0.00      0.00
  TU169               72.00      0.61      1.60
  TU17                53.00      0.94      5.59
  TU170               72.00      0.33      0.37
  TU171              809.00      0.58      0.34
  TU17201            129.00      1.70     13.66
  TU17202            129.00      1.70     13.66
  TU1011A             -0.00      0.00      0.00
  TU173              129.00      0.94      3.27
  TU174               -0.00      0.00      0.00
  TU175              129.00      0.59      1.05
  TU176              556.00      0.55      0.36
  TU177              680.00      0.67      0.53
  TU178              556.00      0.55      0.36
  TU179              221.00      0.63      0.88
  TU18                53.00      0.61      1.91
  TU180              221.00      0.63      0.88
  TU181              221.00      1.86     12.40
  TU182              221.00      1.01      2.81
  TU183                0.00      0.00      0.00
  TU184                0.00      0.00      0.00
  TU185              116.00      0.26      0.15
  TU186              230.00      0.62      0.84
  TU187              230.00      0.51      0.52
  TU188              864.00      0.62      0.39
  TU189              864.00      0.62      0.39
  TU19                 0.00      0.00      0.00
  TU190               74.00      0.97      4.94
  TU191                0.00      0.00      0.00
  TU192                0.00      0.00      0.00
  TU193                0.00      0.00      0.00
  TU194               -0.00      0.00      0.00
  TU195                0.00      0.00      0.00
  TU196                0.00      0.00      0.00
  TU197               -0.00      0.00      0.00
  TU198                0.00      0.00      0.00
  TU199                0.00      0.00      0.00
  TU2                  0.00      0.00      0.00
  TU20                53.00      0.39      0.65
  TU200               -0.00      0.00      0.00
  TU201                0.00      0.00      0.00
  TU203               69.00      1.16      7.90
  TU204              917.00      0.40      0.13
  TU205              917.00      0.40      0.13
  TU21               171.00      1.44      7.73
  TU22               917.00      0.51      0.23
  TU23               917.00      0.51      0.23
  TU24               917.00      0.51      0.23
  TU25               917.00      0.51      0.23
  TU26               572.00      0.56      0.38
  TU27               572.00      0.56      0.38
  TU28               623.00      0.61      0.45
  TU29               623.00      0.61      0.45
  TU3                  0.00      0.00      0.00
  TU30                 0.00      0.00      0.00
  TU31                -0.00      0.00      0.00
  TU32                 0.00      0.00      0.00
  TU33                 0.00      0.00      0.00
  TU34                 0.00      0.00      0.00
  TU35                55.00      0.98      5.98
  TU36                55.00      0.63      2.05
  TU37                55.00      0.16      0.07
  TU38                55.00      0.16      0.07
  TU39                -0.00      0.00      0.00
  TU4                245.00      0.35      0.20
  TU40                -0.00      0.00      0.00
  TU41                55.00      0.12      0.04
  TU42                 0.00      0.00      0.00
  TU43               168.00      0.24      0.10
  TU44               168.00      0.24      0.10
  TU45               241.00      0.34      0.19
  TU46               241.00      0.34      0.19
  TU47                -0.00      0.00      0.00
  TU48                 0.00      0.00      0.00
  TU49                 0.00      0.00      0.00
  TU5                245.00      0.35      0.20
  TU50                 0.00      0.00      0.00
  TU51                 0.00      0.00      0.00
  TU52                 0.00      0.00      0.00
  TU53                 0.00      0.00      0.00
  TU54                 0.00      0.00      0.00
  TU55                 0.00      0.00      0.00
  TU56                 0.00      0.00      0.00
  TU57                 0.00      0.00      0.00
  TU58                78.00      1.39     11.32
  TU59                78.00      0.22      0.13
  TU6                116.00      0.16      0.05
  TU60                74.00      1.53     14.71
  TU61                -0.00      0.00      0.00
  TU62               226.00      1.20      4.21
  TU63                56.00      1.15      8.83
  TU64               282.00      1.50      6.33
  TU65                 0.00      0.00      0.00
  TU66               282.00      0.93      2.00
  TU67               282.00      0.80      1.38
  TU68               370.00      1.05      2.27
  TU69               448.00      0.63      0.59
  TU7                  0.00      0.00      0.00
  TU70               448.00      0.63      0.59
  TU71               448.00      0.63      0.59
  TU72                59.00      0.13      0.05
  TU73                59.00      0.13      0.04
  TU74                59.00      0.13      0.05
  TU75                59.00      0.13      0.04
  TU76                59.00      0.13      0.04
  TU77               124.00      0.27      0.17
  TU78                 0.00      0.00      0.00
  TU79                 0.00      0.00      0.00
  TU8                  0.00      0.00      0.00
  TU80                59.00      1.22      9.71
  TU81                59.00      0.50      1.11
  TU82                 0.00      0.00      0.00
  TU83                 0.00      0.00      0.00
  TU84                 0.00      0.00      0.00
  TU85                 0.00      0.00      0.00
  TU86                 0.00      0.00      0.00
  TU87                 0.00      0.00      0.00
  TU88                 0.00      0.00      0.00
  TU89                59.00      1.05      6.80
  TU9                 56.00      0.94      5.40
  TU90                 0.00      0.00      0.00
  TU91                59.00      0.67      2.32
  TU92               193.00      0.88      2.19
  TU93               193.00      0.55      0.69
  TU94                 0.00      0.00      0.00
  TU95               193.00      0.55      0.69
  TU96                 0.00      0.00      0.00
  TU97                 0.00      0.00      0.00
  TU98                 0.00      0.00      0.00
  TU99               193.00      0.43      0.38
  TU4000               0.00      0.00      0.00
   
  Analysis ended Fri Dec  1 09:49:50 2023
