  Page 1                                    Fri Dec  1 10:01:28 2023

  ******************************************************************
  *                           E P A N E T                          *
  *                   Hydraulic and Water Quality                  *
  *                   Analysis for Pipe Networks                   *
  *                         Version 2.2                            *
  ******************************************************************
  
  Analysis begun Fri Dec  1 10:01:28 2023

   
  Node Results:
  ----------------------------------------------
                     Demand      Head  Pressure
  Node                 m3/h         m         m
  ----------------------------------------------
  3661                 0.00    428.95     50.81
  482                  0.00    428.94     82.94
  661                  0.00    428.93     98.93
  6610                 0.00    426.62      1.50
  6611                 0.00    426.23     91.23
  6612                 0.00    427.95     65.58
  6613                 0.00    426.66     71.66
  6615                 0.00    428.94     89.94
  6616                 0.00    428.93     67.93
  6617                 0.00    428.94     85.94
  6618                 0.00    428.94     80.94
  662                  0.00    428.62    100.62
  6620                 0.00    428.91    120.91
  6621                 0.00    428.91    100.91
  6622                 0.00    428.91     91.91
  6623                 0.00    428.91     77.91
  6624                 0.00    428.92     76.92
  6625                 0.00    428.92    116.92
  6626                 0.00    428.92    107.92
  6627                 0.00    428.93    107.93
  6628                 0.00    427.16     88.16
  6629                 0.00    428.56     88.56
  663                  0.00    428.31     87.31
  6630                 0.00    428.60      3.48
  6632                 0.00    428.61     88.61
  6633                 0.00    428.88     66.24
  6634                 0.00    428.90     57.90
  6635                 0.00    428.94     76.94
  6636                 0.00    428.94     72.94
  6637                 0.00    428.94     61.94
  6639                 0.00    427.70     67.70
  664                  0.00    428.02     80.02
  6640                 0.00    427.49     67.49
  6641                 0.00    427.86     69.18
  6642                 0.00    427.86     71.86
  6643                 0.00    428.07     76.07
  6644                 0.00    428.11     76.11
  6645                 0.00    428.14     78.14
  6646                 0.00    427.99     80.97
  6648                 0.00    427.99     81.98
  6649                 0.00    427.74     88.74
  665                  0.00    427.86     82.86
  666                  0.00    428.60     88.60
  6665                 0.00    428.80     63.66
  6666                 0.00    428.92     61.26
  667                  0.00    428.10     76.10
  668                  0.00    428.93     98.93
  669                  0.00    428.54     83.54
  1                    0.00    428.75     98.75
  10                   0.00    428.07     76.07
  100                  0.00    427.86     72.86
  100B                 0.00    427.49     69.49
  101                  0.00    426.66     73.66
  103                  0.00    427.09     88.09
  104                  0.00    427.09     88.09
  105                 93.00    426.64     71.64
  106                  0.00    426.66     71.66
  107                  0.00    428.94     89.94
  108                  0.00    428.94     93.38
  109                  0.00    428.94     91.94
  11B                 99.00    427.77     84.77
  110                  0.00    428.94     82.94
  111                  0.00    428.94     90.96
  112                  0.00    428.94     86.94
  113                  0.00    428.94    105.94
  114                  0.00    428.94     80.94
  115                  0.00    428.94     82.94
  116                  0.00    428.94     83.94
  117                  0.00    428.94     85.94
  118                  0.00    428.94     89.94
  119                  0.00    428.94    106.13
  12                 123.00    427.41     97.07
  121                  0.00    428.94     78.94
  122                  0.00    428.94     81.94
  123                  0.00    428.94     82.94
  125                  0.00    428.94     77.94
  126                  0.00    428.94     80.94
  127                  0.00    428.94     85.61
  128                  0.00    428.93     66.93
  129                  0.00    428.93     72.93
  130                  0.00    428.93     87.85
  130B                 0.00    428.93     75.93
  132                  0.00    428.93     95.93
  134                  0.00    428.93    107.93
  135                  0.00    428.93    112.93
  137                  0.00    428.93    119.93
  139                  0.00    428.93     68.93
  14                   0.00    427.09     89.09
  140                  0.00    428.93     77.93
  141                  0.00    428.93     76.93
  142                  0.00    428.93     67.93
  143                  0.00    428.93     87.96
  144                  0.00    428.93     69.93
  146                  0.00    428.92     82.92
  147                  0.00    428.92    107.92
  148                  0.00    428.92     95.92
  149                  0.00    428.92    115.71
  15                 201.00    425.68     90.68
  150                  0.00    428.92    120.85
  151                  0.00    428.92    123.68
  152                  0.00    428.92    118.90
  153                  0.00    428.92    118.92
  154                  0.00    428.91    103.91
  157                  0.00    428.91    125.91
  158A                 0.00    428.91    107.91
  158B                 0.00    428.91    107.91
  16B                  0.00    427.10     93.10
  160                  0.00    428.93     61.93
  162                  0.00    428.92     60.92
  163                  0.00    428.92     54.92
  164                  0.00    428.89     69.23
  165                 63.00    428.80     67.50
  166                  0.00    428.81     67.80
  167                  0.00    428.80     58.16
  169                  0.00    428.88     62.38
  17A                  0.00    426.05     91.05
  170                  0.00    428.94     69.94
  17B                  0.00    425.87     90.87
  171                  0.00    428.94     76.94
  172                  0.00    428.94     88.94
  18B                213.00    420.43     95.43
  19                   0.00    428.88     70.88
  2                    0.00    428.65    102.65
  20                   0.00    428.95     64.95
  2002                 0.00    428.54     78.54
  2003                 0.00    428.54     78.54
  21                   0.00    428.95     66.22
  22                   0.00    428.95     67.35
  222                  0.00    428.95     78.95
  24                   0.00    428.94     84.94
  25                   0.00    428.94     83.94
  26                   0.00    428.94     80.94
  27                   0.00    428.94     78.94
  28                   0.00    428.94     80.94
  29                   0.00    428.94     72.94
  3                    0.00    428.49     88.14
  30                   0.00    428.93     67.93
  3002                 0.00    428.95     42.95
  3004                 0.00    428.95     42.95
  3005                 0.00    428.95     42.95
  3008                 0.00    428.95     43.95
  3012                 0.00    428.95     58.22
  3013                 0.00    428.95     64.02
  3016                 0.00    428.95     63.95
  3017                 0.00    428.95     46.95
  3018                 0.00    428.94     51.94
  3019                 0.00    428.95     59.56
  3020                 0.00    428.95     60.84
  3024                 0.00    428.95     64.01
  31                   0.00    428.92     71.13
  3152                 0.00    428.95     62.75
  32                   0.00    428.93     70.93
  34                  75.00    428.72     77.70
  35                   0.00    428.91     91.91
  36                   0.00    428.91    100.91
  39                   0.00    428.91    115.91
  41                   0.00    428.91    121.91
  46                   0.00    428.94     52.94
  47                   0.00    428.88     70.70
  48                   0.00    428.94     84.94
  49                   0.00    428.94     76.94
  5                    0.00    428.40     81.40
  52                   0.00    428.94     77.94
  53                   0.00    428.90     72.90
  54                   0.00    428.83     83.83
  55                   0.00    428.75     98.75
  56                   0.00    428.75     94.75
  58                   0.00    428.75     95.75
  59                   0.00    428.75     99.75
  6                    0.00    428.11     76.11
  60                   0.00    428.49     83.49
  61                   0.00    428.49     89.49
  62                 100.00    424.05     70.05
  64                   0.00    428.62     97.62
  65                   0.00    428.61     88.61
  66                   0.00    428.61     89.61
  67                   0.00    428.60     96.60
  68                   0.00    428.60     89.60
  69                   0.00    428.60     77.60
  7                    0.00    428.14     75.14
  70                   0.00    428.44     88.44
  71                   0.00    428.56     91.56
  72                   0.00    427.79     71.79
  73                   0.00    428.06     73.06
  77                 125.00    423.91     67.91
  78                   0.00    427.79     87.65
  79                  60.00    428.14     75.14
  8                    0.00    428.14     78.14
  80                  95.00    427.99     78.99
  81                   0.00    427.99     68.99
  82                   0.00    427.99     69.99
  85                  59.00    426.89     87.89
  86                   0.00    427.16     90.16
  87                  97.00    427.97     67.97
  88                   0.00    427.95     74.95
  89                   0.00    427.90     60.90
  90                   0.00    427.86     71.86
  91                   0.00    427.70     55.70
  92                   0.00    426.62     66.62
  91B                199.00    426.21     66.21
  94                   0.00    427.74     88.74
  95                   0.00    427.49     84.49
  97                   0.00    427.32     96.32
  99                   0.00    427.90     77.90
  74                   0.00    428.05     69.34
  1074                 0.00    428.05     70.05
  11A                 80.00    427.24     84.24
  1011                 0.00    427.32     84.32
  0                -1682.00    429.00      0.00  Reservoir
   
   
  Link Results:
  ----------------------------------------------
                       Flow  Velocity  Headloss
  Link                 m3/h       m/s    /1000m
  ----------------------------------------------
  TU1                 -0.00      0.00      0.00
  TU10                93.00      1.00      4.64
  TU100               59.00      0.13      0.04
  TU101               59.00      0.08      0.02
  TU102                0.00      0.00      0.00
  TU103               59.00      0.08      0.02
  TU104               59.00      0.08      0.02
  TU105             1485.00      0.65      0.31
  TU106             1485.00      0.65      0.31
  TU107                0.00      0.00      0.00
  TU108             1485.00      0.65      0.31
  TU109             1544.00      0.67      0.33
  TU11                93.00      0.43      0.58
  TU110             1544.00      0.67      0.33
  TU111               -0.00      0.00      0.00
  TU112               -0.00      0.00      0.00
  TU113                0.00      0.00      0.00
  TU114                0.00      0.00      0.00
  TU115             1544.00      0.55      0.20
  TU116             1544.00      0.55      0.20
  TU117               -0.00      0.00      0.00
  TU118                0.00      0.00      0.00
  TU119             1544.00      0.55      0.20
  TU12                 0.00      0.00      0.00
  TU120             1544.00      0.55      0.20
  TU121               -0.00      0.00      0.00
  TU122                0.00      0.00      0.00
  TU123               -0.00      0.00      0.00
  TU124                0.00      0.00      0.00
  TU125               -0.00      0.00      0.00
  TU126               -0.00      0.00      0.00
  TU127               -0.00      0.00      0.00
  TU128                0.00      0.00      0.00
  TU129                0.00      0.00      0.00
  TU13                 0.00      0.00      0.00
  TU130               63.00      0.27      0.25
  TU131               63.00      0.27      0.26
  TU132                0.00      0.00      0.00
  TU133               63.00      0.27      0.26
  TU134              199.00      2.15     18.78
  TU135               63.00      0.14      0.05
  TU136               63.00      0.14      0.05
  TU137               63.00      0.09      0.02
  TU138               63.00      0.09      0.02
  TU139               63.00      0.06      0.01
  TU14                93.00      0.21      0.10
  TU140               63.00      0.06      0.01
  TU141              100.00      1.68     15.59
  TU142              225.00      0.61      0.81
  TU143               -0.00      0.00      0.00
  TU144               -0.00      0.00      0.00
  TU145              199.00      1.38      6.35
  TU146              199.00      0.87      2.06
  TU147              199.00      0.54      0.65
  TU148                0.00      0.00      0.00
  TU149               -0.00      0.00      0.00
  TU15                -0.00      0.00      0.00
  TU150               -0.00      0.00      0.00
  TU151              199.00      0.28      0.14
  TU152               -0.00      0.00      0.00
  TU15301            296.00      0.42      0.28
  TU15302            296.00      0.42      0.28
  TU1074               0.00      0.00      0.00
  TU154              296.00      0.29      0.12
  TU155               -0.00      0.00      0.00
  TU156              296.00      0.29      0.12
  TU157              521.00      0.51      0.32
  TU158                0.00      0.00      0.00
  TU159              521.00      0.51      0.32
  TU16              1682.00      0.30      0.05
  TU160                0.00      0.00      0.00
  TU161              521.00      0.51      0.32
  TU162              964.00      0.70      0.47
  TU163              904.00      0.65      0.42
  TU164              964.00      0.70      0.47
  TU166               -0.00      0.00      0.00
  TU167               -0.00      0.00      0.00
  TU168                0.00      0.00      0.00
  TU169                0.00      0.00      0.00
  TU17                 0.00      0.00      0.00
  TU170               95.00      0.43      0.61
  TU171              809.00      0.58      0.34
  TU17201             80.00      1.05      5.69
  TU17202              0.00      0.00      0.00
  TU1011A             80.00      1.05      5.69
  TU173               80.00      0.58      1.37
  TU174               -0.00      0.00      0.00
  TU175               80.00      0.37      0.44
  TU176              630.00      0.62      0.46
  TU177              729.00      0.72      0.60
  TU178              507.00      0.50      0.31
  TU179              414.00      1.18      2.79
  TU18                 0.00      0.00      0.00
  TU180              213.00      0.60      0.83
  TU181              213.00      1.79     11.58
  TU182              213.00      0.97      2.63
  TU183                0.00      0.00      0.00
  TU184                0.00      0.00      0.00
  TU185               -0.00      0.00      0.00
  TU186               63.00      0.17      0.08
  TU187               63.00      0.14      0.05
  TU188               75.00      0.05      0.00
  TU189               75.00      0.05      0.00
  TU19                 0.00      0.00      0.00
  TU190               -0.00      0.00      0.00
  TU191                0.00      0.00      0.00
  TU192                0.00      0.00      0.00
  TU193                0.00      0.00      0.00
  TU194               -0.00      0.00      0.00
  TU195                0.00      0.00      0.00
  TU196                0.00      0.00      0.00
  TU197               -0.00      0.00      0.00
  TU198                0.00      0.00      0.00
  TU199                0.00      0.00      0.00
  TU2                201.00      2.29     21.95
  TU20                 0.00      0.00      0.00
  TU200               -0.00      0.00      0.00
  TU201                0.00      0.00      0.00
  TU203                0.00      0.00      0.00
  TU204               75.00      0.03      0.00
  TU205               75.00      0.03      0.00
  TU21                -0.00      0.00      0.00
  TU22                75.00      0.04      0.00
  TU23                75.00      0.04      0.00
  TU24                75.00      0.04      0.00
  TU25                75.00      0.04      0.00
  TU26                75.00      0.07      0.01
  TU27                75.00      0.07      0.01
  TU28                75.00      0.07      0.01
  TU29                75.00      0.07      0.01
  TU3                  0.00      0.00      0.00
  TU30                 0.00      0.00      0.00
  TU31                -0.00      0.00      0.00
  TU32                 0.00      0.00      0.00
  TU33                 0.00      0.00      0.00
  TU34                 0.00      0.00      0.00
  TU35                 0.00      0.00      0.00
  TU36                 0.00      0.00      0.00
  TU37                 0.00      0.00      0.00
  TU38                 0.00      0.00      0.00
  TU39                -0.00      0.00      0.00
  TU4                199.00      0.28      0.14
  TU40                 0.00      0.00      0.00
  TU41                -0.00      0.00      0.00
  TU42                 0.00      0.00      0.00
  TU43                -0.00      0.00      0.00
  TU44                -0.00      0.00      0.00
  TU45                -0.00      0.00      0.00
  TU46                -0.00      0.00      0.00
  TU47                -0.00      0.00      0.00
  TU48                 0.00      0.00      0.00
  TU49                 0.00      0.00      0.00
  TU5                199.00      0.28      0.14
  TU50                 0.00      0.00      0.00
  TU51                 0.00      0.00      0.00
  TU52                 0.00      0.00      0.00
  TU53                 0.00      0.00      0.00
  TU54                 0.00      0.00      0.00
  TU55                 0.00      0.00      0.00
  TU56                 0.00      0.00      0.00
  TU57                 0.00      0.00      0.00
  TU58                75.00      1.33     10.54
  TU59                75.00      0.21      0.13
  TU6                 -0.00      0.00      0.00
  TU60                -0.00      0.00      0.00
  TU61                 0.00      0.00      0.00
  TU62                -0.00      0.00      0.00
  TU63                 0.00      0.00      0.00
  TU64                 0.00      0.00      0.00
  TU65                 0.00      0.00      0.00
  TU66                 0.00      0.00      0.00
  TU67                 0.00      0.00      0.00
  TU68                 0.00      0.00      0.00
  TU69                75.00      0.11      0.02
  TU7                125.00      2.10     23.53
  TU70                75.00      0.11      0.02
  TU71                75.00      0.11      0.02
  TU72                 0.00      0.00      0.00
  TU73                 0.00      0.00      0.00
  TU74                 0.00      0.00      0.00
  TU75                 0.00      0.00      0.00
  TU76                 0.00      0.00      0.00
  TU77                 0.00      0.00      0.00
  TU78                 0.00      0.00      0.00
  TU79                 0.00      0.00      0.00
  TU8                  0.00      0.00      0.00
  TU80                 0.00      0.00      0.00
  TU81                 0.00      0.00      0.00
  TU82                 0.00      0.00      0.00
  TU83                 0.00      0.00      0.00
  TU84                 0.00      0.00      0.00
  TU85                 0.00      0.00      0.00
  TU86                 0.00      0.00      0.00
  TU87                 0.00      0.00      0.00
  TU88                 0.00      0.00      0.00
  TU89                59.00      1.05      6.80
  TU9                  0.00      0.00      0.00
  TU90                 0.00      0.00      0.00
  TU91                59.00      0.67      2.32
  TU92                59.00      0.27      0.26
  TU93                59.00      0.17      0.08
  TU94                 0.00      0.00      0.00
  TU95                59.00      0.17      0.08
  TU96                 0.00      0.00      0.00
  TU97                 0.00      0.00      0.00
  TU98                 0.00      0.00      0.00
  TU99                59.00      0.13      0.04
  TU4000               0.00      0.00      0.00
   
  Analysis ended Fri Dec  1 10:01:28 2023
