  Page 1                                    Fri Dec  1 10:04:16 2023

  ******************************************************************
  *                           E P A N E T                          *
  *                   Hydraulic and Water Quality                  *
  *                   Analysis for Pipe Networks                   *
  *                         Version 2.2                            *
  ******************************************************************
  
  Analysis begun Fri Dec  1 10:04:16 2023

   
  Node Results:
  ----------------------------------------------
                     Demand      Head  Pressure
  Node                 m3/h         m         m
  ----------------------------------------------
  3661                 0.00    428.73     50.59
  482                  0.00    428.84     82.84
  661                  0.00    427.11     97.11
  6610                 0.00    427.42      2.30
  6611                 0.00    424.83     89.83
  6612                 0.00    427.75     65.38
  6613                 0.00    422.87     67.87
  6615                 0.00    428.52     89.52
  6616                 0.00    427.88     66.88
  6617                 0.00    427.02     84.02
  6618                 0.00    428.29     80.29
  662                  0.00    428.42    100.42
  6620                 0.00    427.76    119.76
  6621                 0.00    427.76     99.76
  6622                 0.00    427.76     90.76
  6623                 0.00    427.76     76.76
  6624                 0.00    427.76     75.76
  6625                 0.00    427.22    115.22
  6626                 0.00    427.35    106.35
  6627                 0.00    425.81    104.81
  6628                 0.00    426.75     87.75
  6629                 0.00    428.15     88.15
  663                  0.00    428.06     87.06
  6630                 0.00    428.30      3.18
  6632                 0.00    428.38     88.38
  6633                 0.00    428.76     66.12
  6634                 0.00    428.79     57.79
  6635                 0.00    428.85     76.85
  6636                 0.00    428.85     72.85
  6637                 0.00    428.84     61.84
  6639                 0.00    427.58     67.58
  664                  0.00    427.62     79.62
  6640                 0.00    427.48     67.48
  6641                 0.00    427.65     68.97
  6642                 0.00    427.65     71.65
  6643                 0.00    427.88     75.88
  6644                 0.00    427.91     75.91
  6645                 0.00    427.93     77.93
  6646                 0.00    426.46     79.44
  6648                 0.00    426.63     80.62
  6649                 0.00    427.37     88.37
  665                  0.00    427.37     82.37
  666                  0.00    428.30     88.30
  6665                 0.00    428.52     63.38
  6666                 0.00    428.81     61.15
  667                  0.00    427.91     75.91
  668                  0.00    427.11     97.11
  669                  0.00    428.13     83.13
  1                   64.00    428.60     98.60
  10                   0.00    427.88     75.88
  100                  0.00    427.65     72.65
  100B                82.00    427.01     69.01
  101                156.00    422.19     69.19
  103                  0.00    425.71     86.71
  104                  0.00    425.71     86.71
  105                108.00    422.83     67.83
  106                  0.00    422.87     67.87
  107                  0.00    428.52     89.52
  108                  0.00    428.52     92.96
  109                  0.00    428.52     91.52
  11B                146.00    427.19     84.19
  110                  0.00    428.26     82.26
  111                  0.00    428.14     90.16
  112                  0.00    428.20     86.20
  113                  0.00    427.97    104.97
  114                  0.00    427.53     79.53
  115                  0.00    427.26     81.26
  116                  0.00    427.39     82.39
  117                  0.00    427.02     84.02
  118                 72.00    424.93     85.93
  119                 40.00    422.17     99.36
  12                  89.00    426.53     96.19
  121                  0.00    427.70     77.70
  122                 51.00    425.03     78.03
  123                  0.00    427.06     81.06
  125                  0.00    427.67     76.67
  126                  0.00    427.31     79.31
  127                128.00    425.87     82.54
  128                  0.00    427.85     65.85
  129                  0.00    427.38     71.38
  130                164.00    427.14     86.06
  130B                59.00    427.26     74.26
  132                  0.00    427.11     94.11
  134                 62.00    425.50    104.50
  135                 60.00    425.18    109.18
  137                  0.00    425.18    116.18
  139                  0.00    427.11     67.11
  14                  92.00    425.71     87.71
  140                  0.00    427.11     76.11
  141                  0.00    427.11     75.11
  142                  0.00    427.11     66.11
  143                  0.00    427.11     86.14
  144                 86.00    427.60     68.60
  146                  0.00    427.50     81.50
  147                 59.00    427.10    106.10
  148                 57.00    427.47     94.47
  149                  0.00    427.22    114.01
  15                 211.00    424.23     89.23
  150                  0.00    427.07    119.00
  151                  0.00    426.75    121.51
  152                 78.00    424.33    114.31
  153                  0.00    425.15    115.15
  154                  0.00    427.76    102.76
  157                  0.00    427.76    124.76
  158A                 0.00    427.76    106.76
  158B                 0.00    427.76    106.76
  16B                  0.00    425.81     91.81
  160                  0.00    428.84     61.84
  162                  0.00    428.82     60.82
  163                  0.00    428.81     54.81
  164                  0.00    428.77     69.11
  165                  0.00    428.63     67.33
  166                  0.00    428.63     67.62
  167                 83.00    428.40     57.76
  169                  0.00    428.75     62.25
  17A                  0.00    424.62     89.62
  170                  0.00    428.84     69.84
  17B                  0.00    424.41     89.41
  171                  0.00    428.85     76.85
  172                  0.00    428.85     88.85
  18B                231.00    418.09     93.09
  19                   0.00    428.76     70.76
  2                    0.00    428.46    102.46
  20                   0.00    428.73     64.73
  2002                 0.00    428.13     78.13
  2003                 0.00    428.13     78.13
  21                   0.00    428.68     65.95
  22                   0.00    428.68     67.08
  222                  0.00    428.58     78.58
  24                   0.00    428.52     84.52
  25                   0.00    428.42     83.42
  26                   0.00    428.29     80.29
  27                   0.00    428.33     78.33
  28                   0.00    428.22     80.22
  29                   0.00    427.93     71.93
  3                    0.00    428.27     87.92
  30                   0.00    427.89     66.89
  3002                 0.00    428.73     42.73
  3004                 0.00    428.73     42.73
  3005                 0.00    428.73     42.73
  3008                 0.00    428.73     43.73
  3012                 0.00    428.73     58.00
  3013                 0.00    428.73     63.80
  3016                 0.00    428.76     63.76
  3017                 0.00    428.86     46.86
  3018                 0.00    428.85     51.85
  3019                 0.00    428.73     59.34
  3020                 0.00    428.73     60.62
  3024                 0.00    428.73     63.79
  31                  53.00    427.80     70.01
  3152                 0.00    428.73     62.53
  32                   0.00    427.83     69.83
  34                   0.00    427.76     76.74
  35                   0.00    427.76     90.76
  36                   0.00    427.76     99.76
  39                   0.00    427.76    114.76
  41                   0.00    427.76    120.76
  46                   0.00    428.85     52.85
  47                   0.00    428.75     70.57
  48                   0.00    428.84     84.84
  49                   0.00    428.84     76.84
  5                    0.00    428.16     81.16
  52                   0.00    428.84     77.84
  53                   0.00    428.79     72.79
  54                   0.00    428.70     83.70
  55                   0.00    428.60     98.60
  56                   0.00    428.60     94.60
  58                   0.00    428.60     95.60
  59                   0.00    428.60     99.60
  6                   59.00    427.71     75.71
  60                   0.00    428.27     83.27
  61                   0.00    428.27     89.27
  62                 107.00    423.59     69.59
  64                   0.00    428.40     97.40
  65                   0.00    428.38     88.38
  66                   0.00    428.38     89.38
  67                   0.00    428.33     96.33
  68                   0.00    428.30     89.30
  69                   0.00    428.30     77.30
  7                    0.00    427.81     74.81
  70                   0.00    428.03     88.03
  71                  82.00    426.51     89.51
  72                   0.00    427.82     71.82
  73                   0.00    427.87     72.87
  77                   0.00    427.82     71.82
  78                   0.00    427.82     87.68
  79                  60.00    427.80     74.80
  8                    0.00    427.93     77.93
  80                   0.00    427.59     78.59
  81                   0.00    426.63     67.63
  82                  98.00    426.00     68.00
  85                  59.00    426.48     87.48
  86                   0.00    426.75     89.75
  87                   0.00    427.79     67.79
  88                   0.00    427.75     74.75
  89                   0.00    427.67     60.67
  90                   0.00    427.65     71.65
  91                   0.00    427.58     55.58
  92                  46.00    427.39     67.39
  91B                  0.00    427.42     67.42
  94                   0.00    427.37     88.37
  95                   0.00    427.37     84.37
  97                   0.00    427.37     96.37
  99                 145.00    425.04     75.04
  74                   0.00    427.86     69.15
  1074                 0.00    427.86     69.86
  11A                  0.00    427.37     84.37
  1011                 0.00    427.37     84.37
  0                -2887.00    429.00      0.00  Reservoir
   
   
  Link Results:
  ----------------------------------------------
                       Flow  Velocity  Headloss
  Link                 m3/h       m/s    /1000m
  ----------------------------------------------
  TU1                 46.00      0.50      1.33
  TU10               108.00      1.17      6.10
  TU100              141.00      0.31      0.21
  TU101              141.00      0.20      0.07
  TU102                0.00      0.00      0.00
  TU103              141.00      0.20      0.07
  TU104              141.00      0.20      0.07
  TU105             1630.00      0.71      0.37
  TU106             1630.00      0.71      0.37
  TU107                0.00      0.00      0.00
  TU108             1630.00      0.71      0.37
  TU109             1771.00      0.77      0.43
  TU11               264.00      1.21      3.90
  TU110             1771.00      0.77      0.43
  TU111                0.00      0.00      0.00
  TU112               -0.00      0.00      0.00
  TU113                0.00      0.00      0.00
  TU114                0.00      0.00      0.00
  TU115             1835.00      0.65      0.27
  TU116             1835.00      0.65      0.27
  TU117               -0.00      0.00      0.00
  TU118                0.00      0.00      0.00
  TU119             1835.00      0.65      0.27
  TU12                 0.00      0.00      0.00
  TU120             1835.00      0.65      0.27
  TU121                0.00      0.00      0.00
  TU122                0.00      0.00      0.00
  TU123               -0.00      0.00      0.00
  TU124                0.00      0.00      0.00
  TU125               -0.00      0.00      0.00
  TU126               -0.00      0.00      0.00
  TU127               -0.00      0.00      0.00
  TU128               83.00      0.36      0.42
  TU129               83.00      0.36      0.42
  TU13                 0.00      0.00      0.00
  TU130               83.00      0.36      0.42
  TU131               83.00      0.36      0.42
  TU132                0.00      0.00      0.00
  TU133               83.00      0.36      0.42
  TU134               -0.00      0.00      0.00
  TU135               83.00      0.18      0.08
  TU136               83.00      0.18      0.08
  TU137               83.00      0.12      0.03
  TU138               83.00      0.12      0.03
  TU139               83.00      0.08      0.01
  TU14               356.00      0.79      1.15
  TU140               83.00      0.08      0.01
  TU141              107.00      1.80     17.66
  TU142              107.00      0.29      0.21
  TU143               -0.00      0.00      0.00
  TU144               82.00      0.89      3.69
  TU145               46.00      0.32      0.45
  TU146              128.00      0.56      0.92
  TU147              128.00      0.35      0.29
  TU148               -0.00      0.00      0.00
  TU149               -0.00      0.00      0.00
  TU15                -0.00      0.00      0.00
  TU150               -0.00      0.00      0.00
  TU151              128.00      0.18      0.06
  TU152              145.00      1.66     12.00
  TU15301            273.00      0.39      0.24
  TU15302            273.00      0.39      0.24
  TU1074               0.00      0.00      0.00
  TU154              273.00      0.27      0.10
  TU155                0.00      0.00      0.00
  TU156              273.00      0.27      0.10
  TU157              380.00      0.37      0.18
  TU158               59.00      1.05      6.80
  TU159              439.00      0.43      0.24
  TU16              2887.00      0.52      0.12
  TU160                0.00      0.00      0.00
  TU161              439.00      0.43      0.24
  TU162             1191.00      0.86      0.70
  TU163             1131.00      0.82      0.63
  TU164             1191.00      0.86      0.70
  TU166               -0.00      0.00      0.00
  TU167               98.00      1.29      8.24
  TU168               98.00      1.29      8.24
  TU169               98.00      0.82      2.79
  TU17                 0.00      0.00      0.00
  TU170               98.00      0.45      0.64
  TU171             1033.00      0.75      0.54
  TU17201              0.00      0.00      0.00
  TU17202              0.00      0.00      0.00
  TU1011A             -0.00      0.00      0.00
  TU173               -0.00      0.00      0.00
  TU174               -0.00      0.00      0.00
  TU175               -0.00      0.00      0.00
  TU176              887.00      0.87      0.86
  TU177             1033.00      1.01      1.14
  TU178              798.00      0.78      0.71
  TU179              442.00      1.25      3.14
  TU18                 0.00      0.00      0.00
  TU180              231.00      0.66      0.96
  TU181              231.00      1.94     13.46
  TU182              231.00      1.06      3.05
  TU183                0.00      0.00      0.00
  TU184                0.00      0.00      0.00
  TU185              291.00      0.64      0.80
  TU186               83.00      0.22      0.13
  TU187               83.00      0.18      0.08
  TU188              969.00      0.70      0.48
  TU189              969.00      0.70      0.48
  TU19                 0.00      0.00      0.00
  TU190               78.00      1.03      5.43
  TU191               -0.00      0.00      0.00
  TU192                0.00      0.00      0.00
  TU193                0.00      0.00      0.00
  TU194               -0.00      0.00      0.00
  TU195                0.00      0.00      0.00
  TU196                0.00      0.00      0.00
  TU197               -0.00      0.00      0.00
  TU198                0.00      0.00      0.00
  TU199                0.00      0.00      0.00
  TU2                211.00      2.41     24.02
  TU20                 0.00      0.00      0.00
  TU200               -0.00      0.00      0.00
  TU201                0.00      0.00      0.00
  TU203                0.00      0.00      0.00
  TU204              969.00      0.42      0.14
  TU205              969.00      0.42      0.14
  TU21                78.00      0.66      1.84
  TU22               969.00      0.54      0.25
  TU23               969.00      0.54      0.25
  TU24               969.00      0.54      0.25
  TU25               969.00      0.54      0.25
  TU26               678.00      0.67      0.52
  TU27               678.00      0.67      0.52
  TU28               678.00      0.67      0.52
  TU29               678.00      0.67      0.52
  TU3                  0.00      0.00      0.00
  TU30                40.00      0.82      4.79
  TU31               112.00      1.28      7.47
  TU32                 0.00      0.00      0.00
  TU33               112.00      0.51      0.82
  TU34               112.00      0.51      0.82
  TU35                51.00      0.91      5.21
  TU36                51.00      0.58      1.79
  TU37               163.00      0.46      0.51
  TU38               163.00      0.46      0.51
  TU39               128.00      1.46      9.54
  TU4                273.00      0.39      0.24
  TU40               128.00      0.94      3.23
  TU41               291.00      0.64      0.80
  TU42                 0.00      0.00      0.00
  TU43               291.00      0.41      0.27
  TU44               291.00      0.41      0.27
  TU45               291.00      0.41      0.27
  TU46               291.00      0.41      0.27
  TU47                -0.00      0.00      0.00
  TU48                 0.00      0.00      0.00
  TU49                 0.00      0.00      0.00
  TU5                273.00      0.39      0.24
  TU50                 0.00      0.00      0.00
  TU51                 0.00      0.00      0.00
  TU52                 0.00      0.00      0.00
  TU53                 0.00      0.00      0.00
  TU54                 0.00      0.00      0.00
  TU55                 0.00      0.00      0.00
  TU56                 0.00      0.00      0.00
  TU57                 0.00      0.00      0.00
  TU58                 0.00      0.00      0.00
  TU59                 0.00      0.00      0.00
  TU6                291.00      0.41      0.27
  TU60                78.00      1.61     16.20
  TU61                 0.00      0.00      0.00
  TU62                78.00      0.41      0.61
  TU63                 0.00      0.00      0.00
  TU64                78.00      0.41      0.61
  TU65                59.00      1.22      9.72
  TU66               137.00      0.45      0.54
  TU67               194.00      0.55      0.70
  TU68               194.00      0.55      0.70
  TU69               194.00      0.27      0.13
  TU7                  0.00      0.00      0.00
  TU70               247.00      0.35      0.20
  TU71               247.00      0.35      0.20
  TU72               122.00      0.27      0.17
  TU73               286.00      0.63      0.77
  TU74               345.00      0.76      1.09
  TU75               345.00      0.76      1.09
  TU76               431.00      0.95      1.63
  TU77               431.00      0.95      1.64
  TU78                 0.00      0.00      0.00
  TU79                60.00      0.79      3.37
  TU8                156.00      1.68     11.98
  TU80                62.00      1.28     10.64
  TU81               122.00      1.03      4.16
  TU82                -0.00      0.00      0.00
  TU83                 0.00      0.00      0.00
  TU84                 0.00      0.00      0.00
  TU85                 0.00      0.00      0.00
  TU86                 0.00      0.00      0.00
  TU87                 0.00      0.00      0.00
  TU88                 0.00      0.00      0.00
  TU89                59.00      1.05      6.80
  TU9                  0.00      0.00      0.00
  TU90                 0.00      0.00      0.00
  TU91                59.00      0.67      2.32
  TU92                59.00      0.27      0.26
  TU93                59.00      0.17      0.08
  TU94                82.00      0.94      4.23
  TU95               141.00      0.40      0.39
  TU96                 0.00      0.00      0.00
  TU97                 0.00      0.00      0.00
  TU98                 0.00      0.00      0.00
  TU99               141.00      0.31      0.21
  TU4000               0.00      0.00      0.00
   
  Analysis ended Fri Dec  1 10:04:16 2023
