  Page 1                                    Fri Dec  1 10:09:35 2023

  ******************************************************************
  *                           E P A N E T                          *
  *                   Hydraulic and Water Quality                  *
  *                   Analysis for Pipe Networks                   *
  *                         Version 2.2                            *
  ******************************************************************
  
  Analysis begun Fri Dec  1 10:09:36 2023

   
  Node Results:
  ----------------------------------------------
                     Demand      Head  Pressure
  Node                 m3/h         m         m
  ----------------------------------------------
  3661                 0.00    428.52     50.38
  482                  0.00    428.24     82.24
  661                  0.00    427.54     97.54
  6610                 0.00    425.65      0.53
  6611                 0.00    426.29     91.29
  6612                 0.00    426.50     64.13
  6613                 0.00    426.99     71.99
  6615                 0.00    427.54     88.54
  6616                 0.00    427.96     66.96
  6617                 0.00    425.83     82.83
  6618                 0.00    428.09     80.09
  662                  0.00    428.04    100.04
  6620                 0.00    427.93    119.93
  6621                 0.00    427.93     99.93
  6622                 0.00    427.93     90.93
  6623                 0.00    427.93     76.93
  6624                 0.00    427.93     75.93
  6625                 0.00    427.71    115.71
  6626                 0.00    427.84    106.84
  6627                 0.00    426.14    105.14
  6628                 0.00    426.98     87.98
  6629                 0.00    427.45     87.45
  663                  0.00    427.66     86.66
  6630                 0.00    427.57      2.45
  6632                 0.00    427.72     87.72
  6633                 0.00    428.53     65.89
  6634                 0.00    428.58     57.58
  6635                 0.00    428.36     76.36
  6636                 0.00    428.36     72.36
  6637                 0.00    428.24     61.24
  6639                 0.00    426.01     66.01
  664                  0.00    427.49     79.49
  6640                 0.00    425.86     65.86
  6641                 0.00    426.13     67.45
  6642                 0.00    426.02     70.02
  6643                 0.00    426.93     74.93
  6644                 0.00    427.06     75.06
  6645                 0.00    427.14     77.14
  6646                 0.00    426.95     79.93
  6648                 0.00    426.95     80.94
  6649                 0.00    427.41     88.41
  665                  0.00    427.41     82.41
  666                  0.00    427.57     87.57
  6665                 0.00    427.56     62.42
  6666                 0.00    427.93     60.27
  667                  0.00    427.04     75.04
  668                  0.00    427.53     97.53
  669                  0.00    427.35     82.35
  1                   67.00    428.27     98.27
  10                  66.00    426.54     74.54
  100                164.00    425.96     70.96
  100B                79.00    425.41     67.41
  101                  0.00    426.99     73.99
  103                  0.00    426.99     87.99
  104                  0.00    426.99     87.99
  105                  0.00    426.99     71.99
  106                  0.00    426.99     71.99
  107                 76.00    427.25     88.25
  108                 58.00    426.71     91.15
  109                  0.00    427.35     90.35
  11B                 96.00    427.35     84.35
  110                  0.00    428.04     82.04
  111                 59.00    427.83     89.85
  112                  0.00    427.94     85.94
  113                  0.00    427.62    104.62
  114                  0.00    426.93     78.93
  115                 55.00    426.22     80.22
  116                  0.00    426.59     81.59
  117                 76.00    425.73     82.73
  118                 70.00    424.94     85.94
  119                  0.00    424.94    102.13
  12                  83.00    427.16     96.82
  121                 65.00    427.28     77.28
  122                 62.00    423.22     76.22
  123                  0.00    426.12     80.12
  125                  0.00    427.26     76.26
  126                  0.00    427.26     79.26
  127                  0.00    427.26     83.93
  128                  0.00    427.96     65.96
  129                  0.00    427.77     71.77
  130                  0.00    427.64     86.56
  130B                 0.00    427.72     74.72
  132                 43.00    426.54     93.54
  134                  0.00    426.14    105.14
  135                 67.00    423.66    107.66
  137                 60.00    419.57    110.57
  139                 58.00    427.19     67.19
  14                   0.00    426.99     88.99
  140                  0.00    427.38     76.38
  141                  0.00    427.36     75.36
  142                  0.00    427.19     66.19
  143                  0.00    426.54     85.57
  144                  0.00    427.88     68.88
  146                  0.00    427.88     81.88
  147                  0.00    427.84    106.84
  148                  0.00    427.88     94.88
  149                  0.00    427.71    114.50
  15                 188.00    425.80     90.80
  150                  0.00    427.57    119.50
  151                  0.00    427.27    122.03
  152                 76.00    424.95    114.93
  153                  0.00    425.74    115.74
  154                  0.00    427.93    102.93
  157                  0.00    427.93    124.93
  158A                 0.00    427.93    106.93
  158B                 0.00    427.93    106.93
  16B                  0.00    426.99     92.99
  160                 68.00    428.20     61.20
  162                  0.00    428.07     60.07
  163                 83.00    427.67     53.67
  164                 57.00    427.76     68.10
  165                  0.00    427.56     66.26
  166                 91.00    427.56     66.55
  167                  0.00    427.56     56.92
  169                 53.00    427.62     61.12
  17A                  0.00    426.15     91.15
  170                  0.00    428.30     69.30
  17B                180.00    426.02     91.02
  171                  0.00    428.36     76.36
  172                  0.00    428.36     88.36
  18B                  0.00    426.02    101.02
  19                   0.00    428.53     70.53
  2                    0.00    428.09    102.09
  20                  91.00    428.52     64.52
  2002                 0.00    427.35     77.35
  2003                 0.00    427.35     77.35
  21                  62.00    428.47     65.74
  22                   0.00    428.46     66.86
  222                  0.00    428.36     78.36
  24                   0.00    428.30     84.30
  25                   0.00    428.23     83.23
  26                   0.00    428.09     80.09
  27                   0.00    428.15     78.15
  28                  53.00    428.10     80.10
  29                  55.00    427.98     71.98
  3                    0.00    427.88     87.53
  30                   0.00    427.97     66.97
  3002                 0.00    428.52     42.52
  3004                 0.00    428.52     42.52
  3005                 0.00    428.52     42.52
  3008                 0.00    428.52     43.52
  3012                 0.00    428.52     57.79
  3013                 0.00    428.52     63.59
  3016                 0.00    428.56     63.56
  3017               136.00    428.70     46.70
  3018                64.00    428.21     51.21
  3019                 0.00    428.52     59.13
  3020                 0.00    428.52     60.41
  3024                 0.00    428.52     63.58
  31                  53.00    427.94     70.15
  3152                 0.00    428.52     62.32
  32                   0.00    427.95     69.95
  34                   0.00    427.93     76.91
  35                   0.00    427.93     90.93
  36                   0.00    427.93     99.93
  39                   0.00    427.93    114.93
  41                   0.00    427.93    120.93
  46                 181.00    428.42     52.42
  47                   0.00    427.70     69.52
  48                   0.00    428.24     84.24
  49                   0.00    428.24     76.24
  5                    0.00    427.77     80.77
  52                   0.00    428.24     77.24
  53                 149.00    425.22     69.22
  54                   0.00    428.44     83.44
  55                   0.00    427.64     97.64
  56                   0.00    427.33     93.33
  58                  55.00    424.63     91.63
  59                 165.00    420.84     91.84
  6                   61.00    426.85     74.85
  60                   0.00    427.88     82.88
  61                   0.00    427.88     88.88
  62                 107.00    422.49     68.49
  64                   0.00    427.91     96.91
  65                  84.00    427.37     87.37
  66                  78.00    427.71     88.71
  67                 120.00    427.60     95.60
  68                   0.00    427.57     88.57
  69                   0.00    427.57     76.57
  7                    0.00    427.57     74.57
  70                 127.00    426.98     86.98
  71                   0.00    427.45     90.45
  72                   0.00    426.72     70.72
  73                   0.00    426.90     71.90
  77                 120.00    423.12     67.12
  78                   0.00    426.72     86.58
  79                   0.00    427.56     74.56
  8                   67.00    426.89     76.89
  80                  95.00    427.41     78.41
  81                  65.00    425.42     66.42
  82                   0.00    426.95     68.95
  85                   0.00    426.98     87.98
  86                   0.00    426.98     89.98
  87                   0.00    426.63     66.63
  88                   0.00    426.50     73.50
  89                   0.00    426.23     59.23
  90                   0.00    426.02     70.02
  91                   0.00    426.01     54.01
  92                   0.00    425.65     65.65
  91B                 90.00    425.56     65.56
  94                   0.00    427.41     88.41
  95                   0.00    427.41     84.41
  97                   0.00    427.41     96.41
  99                 198.00    421.56     71.56
  74                   0.00    426.88     68.17
  1074                 0.00    426.88     68.88
  11A                  0.00    427.41     84.41
  1011                 0.00    427.41     84.41
  0                -4376.00    429.00      0.00  Reservoir
   
   
  Link Results:
  ----------------------------------------------
                       Flow  Velocity  Headloss
  Link                 m3/h       m/s    /1000m
  ----------------------------------------------
  TU1                 -0.00      0.00      0.00
  TU10                 0.00      0.00      0.00
  TU100              247.00      0.55      0.59
  TU101              325.00      0.46      0.33
  TU102               84.00      1.49     12.97
  TU103              409.00      0.58      0.50
  TU104              409.00      0.58      0.50
  TU105             1659.00      0.72      0.38
  TU106             1659.00      0.72      0.38
  TU107                0.00      0.00      0.00
  TU108             1659.00      0.72      0.38
  TU109             2068.00      0.90      0.57
  TU11                -0.00      0.00      0.00
  TU110             2068.00      0.90      0.57
  TU111              165.00      2.17     21.52
  TU112              220.00      1.61      8.71
  TU113              220.00      1.17      4.01
  TU114              220.00      1.17      4.01
  TU115             2355.00      0.83      0.43
  TU116             2355.00      0.83      0.43
  TU117              149.00      1.61     11.01
  TU118                0.00      0.00      0.00
  TU119             2355.00      0.83      0.43
  TU12                 0.00      0.00      0.00
  TU120             2504.00      0.89      0.48
  TU121                0.00      0.00      0.00
  TU122                0.00      0.00      0.00
  TU123               -0.00      0.00      0.00
  TU124                0.00      0.00      0.00
  TU125               -0.00      0.00      0.00
  TU126               -0.00      0.00      0.00
  TU127               -0.00      0.00      0.00
  TU128                0.00      0.00      0.00
  TU129                0.00      0.00      0.00
  TU13                -0.00      0.00      0.00
  TU130                0.00      0.00      0.00
  TU131               91.00      0.40      0.50
  TU132               53.00      0.23      0.19
  TU133              144.00      0.63      1.14
  TU134               90.00      0.97      4.37
  TU135              284.00      0.63      0.76
  TU136              352.00      0.78      1.13
  TU137              352.00      0.50      0.38
  TU138              352.00      0.50      0.38
  TU139              352.00      0.35      0.16
  TU14                -0.00      0.00      0.00
  TU140              597.00      0.59      0.42
  TU141              107.00      1.80     17.66
  TU142              227.00      0.61      0.82
  TU143               -0.00      0.00      0.00
  TU144               79.00      0.85      3.45
  TU145               90.00      0.62      1.49
  TU146              169.00      0.74      1.53
  TU147              169.00      0.46      0.48
  TU148               -0.00      0.00      0.00
  TU149              164.00      1.14      4.45
  TU15                -0.00      0.00      0.00
  TU150              164.00      1.14      4.45
  TU151              333.00      0.47      0.35
  TU152              198.00      2.26     21.34
  TU15301            531.00      0.75      0.81
  TU15302            531.00      0.75      0.81
  TU1074               0.00      0.00      0.00
  TU154              531.00      0.52      0.34
  TU155               66.00      1.11      7.28
  TU156              597.00      0.59      0.42
  TU157              824.00      0.81      0.75
  TU158               61.00      1.09      7.22
  TU159              885.00      0.87      0.85
  TU16              4376.00      0.79      0.26
  TU160               67.00      1.19      8.57
  TU161              952.00      0.94      0.98
  TU162              707.00      0.51      0.27
  TU163              707.00      0.51      0.27
  TU164              707.00      0.51      0.27
  TU166               65.00      1.34     11.60
  TU167               -0.00      0.00      0.00
  TU168                0.00      0.00      0.00
  TU169               65.00      0.55      1.33
  TU17                58.00      1.03      6.59
  TU170              160.00      0.73      1.56
  TU171              547.00      0.39      0.17
  TU17201             -0.00      0.00      0.00
  TU17202              0.00      0.00      0.00
  TU1011A             -0.00      0.00      0.00
  TU173               -0.00      0.00      0.00
  TU174               -0.00      0.00      0.00
  TU175               -0.00      0.00      0.00
  TU176              451.00      0.44      0.25
  TU177              547.00      0.54      0.35
  TU178              368.00      0.36      0.17
  TU179              368.00      1.04      2.24
  TU18                58.00      0.66      2.25
  TU180              180.00      0.51      0.61
  TU181                0.00      0.00      0.00
  TU182              180.00      0.82      1.93
  TU183                0.00      0.00      0.00
  TU184                0.00      0.00      0.00
  TU185              328.00      0.73      0.99
  TU186              201.00      0.54      0.66
  TU187              284.00      0.63      0.76
  TU188              852.00      0.61      0.38
  TU189              852.00      0.61      0.38
  TU19                76.00      1.35     10.79
  TU190               76.00      1.00      5.18
  TU191                0.00      0.00      0.00
  TU192                0.00      0.00      0.00
  TU193                0.00      0.00      0.00
  TU194               -0.00      0.00      0.00
  TU195                0.00      0.00      0.00
  TU196                0.00      0.00      0.00
  TU197                0.00      0.00      0.00
  TU198                0.00      0.00      0.00
  TU199                0.00      0.00      0.00
  TU2                188.00      2.15     19.39
  TU20               134.00      0.98      3.51
  TU200               -0.00      0.00      0.00
  TU201                0.00      0.00      0.00
  TU203               64.00      1.08      6.88
  TU204             1139.00      0.50      0.19
  TU205             1139.00      0.50      0.19
  TU21                76.00      0.64      1.76
  TU22               986.00      0.54      0.26
  TU23               986.00      0.54      0.26
  TU24               986.00      0.54      0.26
  TU25              1048.00      0.58      0.29
  TU26               357.00      0.35      0.16
  TU27               357.00      0.35      0.16
  TU28               412.00      0.40      0.21
  TU29               465.00      0.46      0.26
  TU3                  0.00      0.00      0.00
  TU30                 0.00      0.00      0.00
  TU31                70.00      0.80      3.17
  TU32                76.00      0.87      3.68
  TU33               146.00      0.67      1.32
  TU34               201.00      0.92      2.36
  TU35                62.00      1.10      7.44
  TU36                62.00      0.71      2.54
  TU37               263.00      0.75      1.21
  TU38               263.00      0.75      1.21
  TU39                -0.00      0.00      0.00
  TU4                531.00      0.75      0.81
  TU40                 0.00      0.00      0.00
  TU41               263.00      0.58      0.66
  TU42                83.00      0.57      1.29
  TU43               387.00      0.55      0.46
  TU44               387.00      0.55      0.46
  TU45               387.00      0.55      0.46
  TU46               387.00      0.55      0.46
  TU47                 0.00      0.00      0.00
  TU48                 0.00      0.00      0.00
  TU49                 0.00      0.00      0.00
  TU5                531.00      0.75      0.81
  TU50                 0.00      0.00      0.00
  TU51                 0.00      0.00      0.00
  TU52                 0.00      0.00      0.00
  TU53                 0.00      0.00      0.00
  TU54                 0.00      0.00      0.00
  TU55                 0.00      0.00      0.00
  TU56                 0.00      0.00      0.00
  TU57                 0.00      0.00      0.00
  TU58                 0.00      0.00      0.00
  TU59                 0.00      0.00      0.00
  TU6                328.00      0.46      0.34
  TU60                76.00      1.57     15.45
  TU61                 0.00      0.00      0.00
  TU62                76.00      0.40      0.58
  TU63                 0.00      0.00      0.00
  TU64                76.00      0.40      0.58
  TU65                 0.00      0.00      0.00
  TU66                76.00      0.25      0.19
  TU67                76.00      0.22      0.13
  TU68                76.00      0.22      0.13
  TU69                76.00      0.11      0.02
  TU7                120.00      2.02     21.82
  TU70               129.00      0.18      0.06
  TU71               129.00      0.18      0.06
  TU72               228.00      0.50      0.51
  TU73               228.00      0.50      0.51
  TU74               228.00      0.50      0.51
  TU75               228.00      0.50      0.51
  TU76               228.00      0.50      0.51
  TU77               228.00      0.50      0.51
  TU78                60.00      1.24     10.02
  TU79               127.00      1.67     13.27
  TU8                  0.00      0.00      0.00
  TU80                 0.00      0.00      0.00
  TU81               127.00      1.07      4.48
  TU82                 0.00      0.00      0.00
  TU83                43.00      0.57      1.85
  TU84                 0.00      0.00      0.00
  TU85                58.00      0.42      0.77
  TU86                58.00      0.27      0.25
  TU87                58.00      0.31      0.36
  TU88               101.00      0.22      0.12
  TU89                 0.00      0.00      0.00
  TU9                  0.00      0.00      0.00
  TU90                 0.00      0.00      0.00
  TU91                -0.00      0.00      0.00
  TU92               127.00      0.58      1.02
  TU93               127.00      0.36      0.32
  TU94                 0.00      0.00      0.00
  TU95               127.00      0.36      0.32
  TU96                 0.00      0.00      0.00
  TU97                 0.00      0.00      0.00
  TU98                 0.00      0.00      0.00
  TU99               127.00      0.28      0.18
  TU4000               0.00      0.00      0.00
   
  Analysis ended Fri Dec  1 10:09:36 2023
