  Page 1                                    Fri Dec  1 09:49:32 2023

  ******************************************************************
  *                           E P A N E T                          *
  *                   Hydraulic and Water Quality                  *
  *                   Analysis for Pipe Networks                   *
  *                         Version 2.2                            *
  ******************************************************************
  
  Analysis begun Fri Dec  1 09:49:32 2023

   
  Node Results:
  ----------------------------------------------
                     Demand      Head  Pressure
  Node                 m3/h         m         m
  ----------------------------------------------
  3661                 0.00    428.93     50.79
  482                  0.00    427.82     81.82
  661                  0.00    428.85     98.85
  6610                 0.00    428.52      3.40
  6611                 0.00    428.87     93.87
  6612                 0.00    428.82     66.45
  6613                 0.00    428.87     73.87
  6615                 0.00    428.74     89.74
  6616                 0.00    428.85     67.85
  6617                 0.00    428.60     85.60
  6618                 0.00    428.88     80.88
  662                  0.00    428.90    100.90
  6620                 0.00    428.82    120.82
  6621                 0.00    428.82    100.82
  6622                 0.00    428.82     91.82
  6623                 0.00    428.82     77.82
  6624                 0.00    428.82     76.82
  6625                 0.00    428.48    116.48
  6626                 0.00    428.67    107.67
  6627                 0.00    428.85    107.85
  6628                 0.00    428.86     89.86
  6629                 0.00    428.86     88.86
  663                  0.00    428.87     87.87
  6630                 0.00    428.86      3.74
  6632                 0.00    428.86     88.86
  6633                 0.00    428.93     66.29
  6634                 0.00    428.94     57.94
  6635                 0.00    428.74     76.74
  6636                 0.00    428.74     72.74
  6637                 0.00    428.67     61.67
  6639                 0.00    428.76     68.76
  664                  0.00    428.87     80.87
  6640                 0.00    428.71     68.71
  6641                 0.00    428.80     70.12
  6642                 0.00    428.80     72.80
  6643                 0.00    428.83     76.83
  6644                 0.00    428.84     76.84
  6645                 0.00    428.84     78.84
  6646                 0.00    427.85     80.83
  6648                 0.00    428.00     81.99
  6649                 0.00    428.87     89.87
  665                  0.00    428.87     83.87
  666                  0.00    428.86     88.86
  6665                 0.00    428.62     63.48
  6666                 0.00    428.65     60.99
  667                  0.00    428.84     76.84
  668                  0.00    428.85     98.85
  669                  0.00    428.86     83.86
  1                   99.00    428.91     98.91
  10                   0.00    428.83     76.83
  100                  0.00    428.80     73.80
  100B                 0.00    428.71     70.71
  101                  0.00    428.87     75.87
  103                  0.00    428.87     89.87
  104                  0.00    428.87     89.87
  105                  0.00    428.87     73.87
  106                  0.00    428.87     73.87
  107                  0.00    428.74     89.74
  108                 56.00    427.96     92.40
  109                  0.00    428.56     91.56
  11B                  0.00    428.87     85.87
  110                  0.00    428.88     82.88
  111                  0.00    428.87     90.89
  112                  0.00    428.87     86.87
  113                  0.00    428.85    105.85
  114                  0.00    428.80     80.80
  115                  0.00    428.71     82.71
  116                  0.00    428.76     83.76
  117                  0.00    428.60     85.60
  118                 72.00    427.66     88.66
  119                  0.00    427.66    104.85
  12                   0.00    428.87     98.53
  121                  0.00    428.83     78.83
  122                  0.00    428.76     81.76
  123                  0.00    428.76     82.76
  125                  0.00    428.83     77.83
  126                  0.00    428.83     80.83
  127                  0.00    428.83     85.50
  128                 66.00    428.85     66.85
  129                  0.00    428.85     72.85
  130                  0.00    428.85     87.77
  130B                 0.00    428.85     75.85
  132                  0.00    428.85     95.85
  134                  0.00    428.85    107.85
  135                  0.00    428.85    112.85
  137                  0.00    428.85    119.85
  139                  0.00    428.85     68.85
  14                   0.00    428.87     90.87
  140                  0.00    428.85     77.85
  141                  0.00    428.85     76.85
  142                  0.00    428.85     67.85
  143                  0.00    428.85     87.88
  144                  0.00    428.85     69.85
  146                  0.00    428.75     82.75
  147                  0.00    428.67    107.67
  148                  0.00    428.74     95.74
  149                  0.00    428.48    115.27
  15                   0.00    428.87     93.87
  150                 97.00    428.26    120.19
  151                  0.00    428.26    123.02
  152                  0.00    428.26    118.24
  153                  0.00    428.26    118.26
  154                  0.00    428.82    103.82
  157                  0.00    428.82    125.82
  158A                 0.00    428.82    107.82
  158B                 0.00    428.82    107.82
  16B                  0.00    428.87     94.87
  160                  0.00    428.67     61.67
  162                  0.00    428.66     60.66
  163                  0.00    428.65     54.65
  164                  0.00    428.63     68.97
  165                  0.00    428.62     67.32
  166                  0.00    428.62     67.61
  167                  0.00    428.62     57.98
  169                 59.00    428.53     62.03
  17A                  0.00    428.87     93.87
  170                 85.00    428.70     69.70
  17B                  0.00    428.87     93.87
  171                  0.00    428.74     76.74
  172                  0.00    428.74     88.74
  18B                  0.00    428.87    103.87
  19                   0.00    428.93     70.93
  2                    0.00    428.90    102.90
  20                   0.00    428.93     64.93
  2002                 0.00    428.86     78.86
  2003                 0.00    428.86     78.86
  21                   0.00    428.92     66.19
  22                   0.00    428.92     67.32
  222                 72.00    428.90     78.90
  24                   0.00    428.90     84.90
  25                   0.00    428.89     83.89
  26                   0.00    428.88     80.88
  27                   0.00    428.88     78.88
  28                   0.00    428.87     80.87
  29                   0.00    428.85     72.85
  3                    0.00    428.89     88.54
  30                   0.00    428.85     67.85
  3002                 0.00    428.93     42.93
  3004                 0.00    428.93     42.93
  3005                 0.00    428.93     42.93
  3008                 0.00    428.93     43.93
  3012                 0.00    428.93     58.20
  3013                 0.00    428.93     64.00
  3016                 0.00    428.93     63.93
  3017               138.00    428.95     46.95
  3018                 0.00    428.78     51.78
  3019                 0.00    428.93     59.54
  3020                 0.00    428.93     60.82
  3024                 0.00    428.93     63.99
  31                   0.00    428.83     71.04
  3152                 0.00    428.93     62.73
  32                   0.00    428.84     70.84
  34                   0.00    428.82     77.80
  35                   0.00    428.82     91.82
  36                   0.00    428.82    100.82
  39                   0.00    428.82    115.82
  41                   0.00    428.82    121.82
  46                 151.00    428.78     52.78
  47                   0.00    428.62     70.44
  48                   0.00    427.47     83.47
  49                  71.00    424.77     72.77
  5                    0.00    428.88     81.88
  52                  84.00    424.73     73.73
  53                 115.00    426.84     70.84
  54                   0.00    428.93     83.93
  55                   0.00    428.91     98.91
  56                   0.00    428.91     94.91
  58                   0.00    428.91     95.91
  59                   0.00    428.91     99.91
  6                    0.00    428.84     76.84
  60                   0.00    428.89     83.89
  61                   0.00    428.89     89.89
  62                 110.00    424.29     70.29
  64                  79.00    428.87     97.87
  65                  81.00    428.53     88.53
  66                   0.00    428.86     89.86
  67                   0.00    428.86     96.86
  68                   0.00    428.86     89.86
  69                   0.00    428.86     77.86
  7                    0.00    428.87     75.87
  70                   0.00    428.86     88.86
  71                   0.00    428.86     91.86
  72                   0.00    428.75     72.75
  73                   0.00    428.83     73.83
  77                   0.00    428.75     72.75
  78                   0.00    428.75     88.61
  79                  46.00    428.87     75.87
  8                    0.00    428.84     78.84
  80                   0.00    428.84     79.84
  81                   0.00    428.00     69.00
  82                  91.00    427.45     69.45
  85                   0.00    428.86     89.86
  86                   0.00    428.86     91.86
  87                   0.00    428.82     68.82
  88                   0.00    428.82     75.82
  89                   0.00    428.81     61.81
  90                   0.00    428.80     72.80
  91                   0.00    428.76     56.76
  92                   0.00    428.52     68.52
  91B                 88.00    428.43     68.43
  94                   0.00    428.87     89.87
  95                   0.00    428.87     85.87
  97                   0.00    428.87     97.87
  99                   0.00    428.81     78.81
  74                   0.00    428.83     70.12
  1074                 0.00    428.83     70.83
  11A                  0.00    428.87     85.87
  1011                 0.00    428.87     85.87
  0                -1660.00    429.00      0.00  Reservoir
   
   
  Link Results:
  ----------------------------------------------
                       Flow  Velocity  Headloss
  Link                 m3/h       m/s    /1000m
  ----------------------------------------------
  TU1                 -0.00      0.00      0.00
  TU10                 0.00      0.00      0.00
  TU100                0.00      0.00      0.00
  TU101               -0.00      0.00      0.00
  TU102               81.00      1.44     12.13
  TU103               81.00      0.11      0.03
  TU104              160.00      0.23      0.09
  TU105              335.00      0.15      0.02
  TU106              335.00      0.15      0.02
  TU107                0.00      0.00      0.00
  TU108              335.00      0.15      0.02
  TU109              495.00      0.22      0.04
  TU11                -0.00      0.00      0.00
  TU110              495.00      0.22      0.04
  TU111                0.00      0.00      0.00
  TU112               -0.00      0.00      0.00
  TU113                0.00      0.00      0.00
  TU114                0.00      0.00      0.00
  TU115              594.00      0.21      0.03
  TU116              594.00      0.21      0.03
  TU117              115.00      1.24      6.84
  TU118                0.00      0.00      0.00
  TU119              594.00      0.21      0.04
  TU12                 0.00      0.00      0.00
  TU120              709.00      0.25      0.05
  TU121                0.00      0.00      0.00
  TU122                0.00      0.00      0.00
  TU123               -0.00      0.00      0.00
  TU124               84.00      0.96      4.42
  TU125              155.00      1.13      4.58
  TU126              155.00      0.71      1.47
  TU127              155.00      0.71      1.47
  TU128                0.00      0.00      0.00
  TU129                0.00      0.00      0.00
  TU13                 0.00      0.00      0.00
  TU130                0.00      0.00      0.00
  TU131               -0.00      0.00      0.00
  TU132               59.00      0.26      0.23
  TU133               59.00      0.26      0.23
  TU134               88.00      0.95      4.19
  TU135               59.00      0.13      0.04
  TU136               59.00      0.13      0.05
  TU137              214.00      0.30      0.16
  TU138              299.00      0.42      0.28
  TU139              299.00      0.29      0.12
  TU14                -0.00      0.00      0.00
  TU140              450.00      0.44      0.25
  TU141              110.00      1.85     18.58
  TU142              110.00      0.30      0.22
  TU143               -0.00      0.00      0.00
  TU144               -0.00      0.00      0.00
  TU145               88.00      0.61      1.43
  TU146               88.00      0.38      0.47
  TU147               88.00      0.24      0.15
  TU148               -0.00      0.00      0.00
  TU149               -0.00      0.00      0.00
  TU15                -0.00      0.00      0.00
  TU150               -0.00      0.00      0.00
  TU151               88.00      0.12      0.03
  TU152               -0.00      0.00      0.00
  TU15301             88.00      0.12      0.03
  TU15302             88.00      0.12      0.03
  TU1074               0.00      0.00      0.00
  TU154               88.00      0.09      0.01
  TU155                0.00      0.00      0.00
  TU156               88.00      0.09      0.01
  TU157              198.00      0.19      0.06
  TU158                0.00      0.00      0.00
  TU159              198.00      0.19      0.06
  TU16              1660.00      0.30      0.04
  TU160                0.00      0.00      0.00
  TU161              198.00      0.19      0.06
  TU162              137.00      0.10      0.01
  TU163               91.00      0.07      0.01
  TU164              137.00      0.10      0.01
  TU166               -0.00      0.00      0.00
  TU167               91.00      1.20      7.20
  TU168               91.00      1.20      7.20
  TU169               91.00      0.77      2.44
  TU17                56.00      1.00      6.18
  TU170               91.00      0.42      0.56
  TU171               -0.00      0.00      0.00
  TU17201             -0.00      0.00      0.00
  TU17202              0.00      0.00      0.00
  TU1011A             -0.00      0.00      0.00
  TU173               -0.00      0.00      0.00
  TU174               -0.00      0.00      0.00
  TU175               -0.00      0.00      0.00
  TU176               -0.00      0.00      0.00
  TU177               -0.00      0.00      0.00
  TU178               -0.00      0.00      0.00
  TU179                0.00      0.00      0.00
  TU18                56.00      0.64      2.11
  TU180                0.00      0.00      0.00
  TU181                0.00      0.00      0.00
  TU182                0.00      0.00      0.00
  TU183                0.00      0.00      0.00
  TU184                0.00      0.00      0.00
  TU185               72.00      0.16      0.06
  TU186               59.00      0.16      0.07
  TU187               59.00      0.13      0.04
  TU188              235.00      0.17      0.04
  TU189              235.00      0.17      0.04
  TU19                 0.00      0.00      0.00
  TU190               -0.00      0.00      0.00
  TU191               -0.00      0.00      0.00
  TU192                0.00      0.00      0.00
  TU193                0.00      0.00      0.00
  TU194               -0.00      0.00      0.00
  TU195                0.00      0.00      0.00
  TU196                0.00      0.00      0.00
  TU197               -0.00      0.00      0.00
  TU198                0.00      0.00      0.00
  TU199                0.00      0.00      0.00
  TU2                  0.00      0.00      0.00
  TU20                56.00      0.41      0.72
  TU200               -0.00      0.00      0.00
  TU201                0.00      0.00      0.00
  TU203                0.00      0.00      0.00
  TU204              363.00      0.16      0.02
  TU205              363.00      0.16      0.02
  TU21                -0.00      0.00      0.00
  TU22               291.00      0.16      0.03
  TU23               363.00      0.20      0.04
  TU24               363.00      0.20      0.04
  TU25               363.00      0.20      0.04
  TU26               163.00      0.16      0.04
  TU27               163.00      0.16      0.04
  TU28               163.00      0.16      0.04
  TU29               163.00      0.16      0.04
  TU3                  0.00      0.00      0.00
  TU30                 0.00      0.00      0.00
  TU31                72.00      0.82      3.33
  TU32                 0.00      0.00      0.00
  TU33                72.00      0.33      0.37
  TU34                72.00      0.33      0.37
  TU35                 0.00      0.00      0.00
  TU36                 0.00      0.00      0.00
  TU37                72.00      0.20      0.12
  TU38                72.00      0.20      0.12
  TU39                -0.00      0.00      0.00
  TU4                 88.00      0.12      0.03
  TU40                -0.00      0.00      0.00
  TU41                72.00      0.16      0.06
  TU42                 0.00      0.00      0.00
  TU43                72.00      0.10      0.02
  TU44                72.00      0.10      0.02
  TU45                72.00      0.10      0.02
  TU46                72.00      0.10      0.02
  TU47                -0.00      0.00      0.00
  TU48                 0.00      0.00      0.00
  TU49                 0.00      0.00      0.00
  TU5                 88.00      0.12      0.03
  TU50                 0.00      0.00      0.00
  TU51                 0.00      0.00      0.00
  TU52                 0.00      0.00      0.00
  TU53                 0.00      0.00      0.00
  TU54                 0.00      0.00      0.00
  TU55                 0.00      0.00      0.00
  TU56                 0.00      0.00      0.00
  TU57                 0.00      0.00      0.00
  TU58                 0.00      0.00      0.00
  TU59                 0.00      0.00      0.00
  TU6                 72.00      0.10      0.02
  TU60                 0.00      0.00      0.00
  TU61                 0.00      0.00      0.00
  TU62                97.00      0.52      0.90
  TU63                 0.00      0.00      0.00
  TU64                97.00      0.52      0.90
  TU65                 0.00      0.00      0.00
  TU66                97.00      0.32      0.29
  TU67                97.00      0.28      0.20
  TU68                97.00      0.28      0.20
  TU69                97.00      0.14      0.04
  TU7                  0.00      0.00      0.00
  TU70                97.00      0.14      0.04
  TU71                97.00      0.14      0.04
  TU72                 0.00      0.00      0.00
  TU73                 0.00      0.00      0.00
  TU74                 0.00      0.00      0.00
  TU75                 0.00      0.00      0.00
  TU76                 0.00      0.00      0.00
  TU77                66.00      0.15      0.05
  TU78                 0.00      0.00      0.00
  TU79                 0.00      0.00      0.00
  TU8                  0.00      0.00      0.00
  TU80                 0.00      0.00      0.00
  TU81                 0.00      0.00      0.00
  TU82                 0.00      0.00      0.00
  TU83                 0.00      0.00      0.00
  TU84                 0.00      0.00      0.00
  TU85                 0.00      0.00      0.00
  TU86                 0.00      0.00      0.00
  TU87                 0.00      0.00      0.00
  TU88                 0.00      0.00      0.00
  TU89                 0.00      0.00      0.00
  TU9                  0.00      0.00      0.00
  TU90                 0.00      0.00      0.00
  TU91                -0.00      0.00      0.00
  TU92                -0.00      0.00      0.00
  TU93                 0.00      0.00      0.00
  TU94                 0.00      0.00      0.00
  TU95                 0.00      0.00      0.00
  TU96                 0.00      0.00      0.00
  TU97                 0.00      0.00      0.00
  TU98                 0.00      0.00      0.00
  TU99                 0.00      0.00      0.00
  TU4000               0.00      0.00      0.00
   
  Analysis ended Fri Dec  1 09:49:32 2023
