  Page 1                                    Fri Dec  1 10:09:01 2023

  ******************************************************************
  *                           E P A N E T                          *
  *                   Hydraulic and Water Quality                  *
  *                   Analysis for Pipe Networks                   *
  *                         Version 2.2                            *
  ******************************************************************
  
  Analysis begun Fri Dec  1 10:09:01 2023

   
  Node Results:
  ----------------------------------------------
                     Demand      Head  Pressure
  Node                 m3/h         m         m
  ----------------------------------------------
  3661                 0.00    428.67     50.53
  482                  0.00    428.45     82.45
  661                  0.00    428.46     98.46
  6610                 0.00    427.09      1.97
  6611                 0.00    424.60     89.60
  6612                 0.00    427.16     64.79
  6613                 0.00    424.25     69.25
  6615                 0.00    427.75     88.75
  6616                 0.00    428.46     67.46
  6617                 0.00    427.04     84.04
  6618                 0.00    428.43     80.43
  662                  0.00    427.97     99.97
  6620                 0.00    428.44    120.44
  6621                 0.00    428.44    100.44
  6622                 0.00    428.44     91.44
  6623                 0.00    428.44     77.44
  6624                 0.00    428.44     76.44
  6625                 0.00    428.14    116.14
  6626                 0.00    428.31    107.31
  6627                 0.00    428.46    107.46
  6628                 0.00    427.40     88.40
  6629                 0.00    427.40     87.40
  663                  0.00    427.51     86.51
  6630                 0.00    427.13      2.01
  6632                 0.00    427.63     87.63
  6633                 0.00    428.57     65.93
  6634                 0.00    428.64     57.64
  6635                 0.00    428.59     76.59
  6636                 0.00    428.59     72.59
  6637                 0.00    428.45     61.45
  6639                 0.00    427.09     67.09
  664                  0.00    427.02     79.02
  6640                 0.00    427.09     67.09
  6641                 0.00    427.09     68.41
  6642                 0.00    427.09     71.09
  6643                 0.00    427.25     75.25
  6644                 0.00    427.29     75.29
  6645                 0.00    427.32     77.32
  6646                 0.00    425.70     78.68
  6648                 0.00    425.87     79.86
  6649                 0.00    426.66     87.66
  665                  0.00    426.76     81.76
  666                  0.00    427.47     87.47
  6665                 0.00    427.45     62.31
  6666                 0.00    428.11     60.45
  667                  0.00    427.29     75.29
  668                  0.00    428.46     98.46
  669                  0.00    427.40     82.40
  1                   74.00    428.25     98.25
  10                  63.00    426.90     74.90
  100                  0.00    427.09     72.09
  100B                 0.00    427.09     69.09
  101                152.00    423.60     70.60
  103                 51.00    421.70     82.70
  104                154.00    421.53     82.53
  105                  0.00    424.25     69.25
  106                  0.00    424.25     69.25
  107                 83.00    427.41     88.41
  108                 55.00    427.00     91.44
  109                  0.00    427.58     90.58
  11B                118.00    426.61     83.61
  110                  0.00    428.39     82.39
  111                  0.00    428.22     90.24
  112                  0.00    428.31     86.31
  113                  0.00    427.98    104.98
  114                  0.00    427.48     79.48
  115                 59.00    427.18     81.18
  116                  0.00    427.38     82.38
  117                 82.00    426.93     83.93
  118                  0.00    427.04     88.04
  119                  0.00    427.04    104.23
  12                  84.00    426.02     95.68
  121                 65.00    427.62     77.62
  122                  0.00    427.38     80.38
  123                  0.00    427.38     81.38
  125                  0.00    427.59     76.59
  126                  0.00    427.17     79.17
  127                139.00    425.50     82.17
  128                  0.00    428.46     66.46
  129                  0.00    428.46     72.46
  130                  0.00    428.46     87.38
  130B                 0.00    428.46     75.46
  132                  0.00    428.46     95.46
  134                  0.00    428.46    107.46
  135                  0.00    428.46    112.46
  137                  0.00    428.46    119.46
  139                  0.00    428.46     68.46
  14                   0.00    425.28     87.28
  140                  0.00    428.46     77.46
  141                  0.00    428.46     76.46
  142                  0.00    428.46     67.46
  143                  0.00    428.46     87.49
  144                  0.00    428.46     69.46
  146                  0.00    428.37     82.37
  147                  0.00    428.31    107.31
  148                  0.00    428.36     95.36
  149                  0.00    428.14    114.93
  15                 215.00    423.98     88.98
  150                 91.00    427.94    119.87
  151                  0.00    427.94    122.70
  152                  0.00    427.94    117.92
  153                  0.00    427.94    117.94
  154                  0.00    428.44    103.44
  157                  0.00    428.44    125.44
  158A                 0.00    428.44    107.44
  158B                 0.00    428.44    107.44
  16B                  0.00    425.38     91.38
  160                 67.00    428.41     61.41
  162                  0.00    428.27     60.27
  163                 89.00    427.81     53.81
  164                  0.00    427.92     68.26
  165                 59.00    427.45     66.15
  166                 88.00    427.46     66.45
  167                  0.00    427.45     56.81
  169                 66.00    427.69     61.19
  17A                  0.00    424.47     89.47
  170                  0.00    428.52     69.52
  17B                176.00    424.35     89.35
  171                  0.00    428.59     76.59
  172                  0.00    428.59     88.59
  18B                  0.00    424.35     99.35
  19                   0.00    428.57     70.57
  2                    0.00    428.03    102.03
  20                  82.00    428.67     64.67
  2002                 0.00    427.40     77.40
  2003                 0.00    427.40     77.40
  21                   0.00    428.64     65.91
  22                  54.00    428.64     67.04
  222                  0.00    428.59     78.59
  24                   0.00    428.56     84.56
  25                   0.00    428.52     83.52
  26                  46.00    428.33     80.33
  27                   0.00    428.49     78.49
  28                   0.00    428.48     80.48
  29                  60.00    428.46     72.46
  3                   52.00    427.77     87.42
  30                   0.00    428.46     67.46
  3002                 0.00    428.67     42.67
  3004                 0.00    428.67     42.67
  3005                 0.00    428.67     42.67
  3008                 0.00    428.67     43.67
  3012                 0.00    428.67     57.94
  3013                 0.00    428.67     63.74
  3016                 0.00    428.69     63.69
  3017                 0.00    428.77     46.77
  3018                 0.00    428.65     51.65
  3019                 0.00    428.67     59.28
  3020                 0.00    428.67     60.56
  3024                 0.00    428.67     63.73
  31                   0.00    428.45     70.66
  3152                 0.00    428.67     62.47
  32                   0.00    428.45     70.45
  34                   0.00    428.44     77.42
  35                   0.00    428.44     91.44
  36                   0.00    428.44    100.44
  39                   0.00    428.44    115.44
  41                   0.00    428.44    121.44
  46                   0.00    428.65     52.65
  47                   0.00    427.81     69.63
  48                   0.00    428.45     84.45
  49                   0.00    428.45     76.45
  5                    0.00    427.63     80.63
  52                   0.00    428.45     77.45
  53                   0.00    428.64     72.64
  54                   0.00    428.46     83.46
  55                   0.00    427.33     97.33
  56                   0.00    426.88     92.88
  58                 104.00    422.97     89.97
  59                 165.00    419.18     90.18
  6                   56.00    427.11     75.11
  60                   0.00    427.77     82.77
  61                   0.00    427.77     88.77
  62                   0.00    427.18     73.18
  64                   0.00    427.83     96.83
  65                  86.00    427.26     87.26
  66                  86.00    427.62     88.62
  67                 108.00    427.50     95.50
  68                   0.00    427.13     88.13
  69                  54.00    426.46     75.46
  7                   58.00    427.23     74.23
  70                   0.00    427.40     87.40
  71                  90.00    425.46     88.46
  72                   0.00    427.18     71.18
  73                   0.00    427.25     72.25
  77                 124.00    423.36     67.36
  78                   0.00    427.18     87.04
  79                   0.00    427.22     74.22
  8                   66.00    427.08     77.08
  80                  88.00    426.92     77.92
  81                   0.00    425.87     66.87
  82                 102.00    425.20     67.20
  85                   0.00    427.40     88.40
  86                   0.00    427.40     90.40
  87                   0.00    427.18     67.18
  88                   0.00    427.16     74.16
  89                  91.00    427.09     60.09
  90                   0.00    427.09     71.09
  91                   0.00    427.09     55.09
  92                   0.00    427.09     67.09
  91B                  0.00    427.09     67.09
  94                   0.00    426.66     87.66
  95                   0.00    426.42     83.42
  97                   0.00    426.26     95.26
  99                 148.00    424.36     74.36
  74                   0.00    427.24     68.53
  1074                 0.00    427.24     69.24
  11A                 77.00    426.18     83.18
  1011                 0.00    426.26     83.26
  0                -3827.00    429.00      0.00  Reservoir
   
   
  Link Results:
  ----------------------------------------------
                       Flow  Velocity  Headloss
  Link                 m3/h       m/s    /1000m
  ----------------------------------------------
  TU1                 -0.00      0.00      0.00
  TU10                 0.00      0.00      0.00
  TU100              252.00      0.56      0.61
  TU101              338.00      0.48      0.36
  TU102               86.00      1.53     13.54
  TU103              424.00      0.60      0.54
  TU104              424.00      0.60      0.54
  TU105             1823.00      0.80      0.45
  TU106             1823.00      0.80      0.45
  TU107                0.00      0.00      0.00
  TU108             1875.00      0.82      0.47
  TU109             2299.00      1.00      0.69
  TU11               152.00      0.70      1.42
  TU110             2299.00      1.00      0.69
  TU111              165.00      2.17     21.52
  TU112              269.00      1.97     12.63
  TU113              269.00      1.43      5.80
  TU114              269.00      1.43      5.80
  TU115             2642.00      0.93      0.53
  TU116             2642.00      0.93      0.53
  TU117               -0.00      0.00      0.00
  TU118                0.00      0.00      0.00
  TU119             2642.00      0.93      0.53
  TU12               154.00      1.76     13.41
  TU120             2642.00      0.93      0.53
  TU121                0.00      0.00      0.00
  TU122                0.00      0.00      0.00
  TU123                0.00      0.00      0.00
  TU124                0.00      0.00      0.00
  TU125               -0.00      0.00      0.00
  TU126               -0.00      0.00      0.00
  TU127               -0.00      0.00      0.00
  TU128                0.00      0.00      0.00
  TU129                0.00      0.00      0.00
  TU13               205.00      1.50      7.65
  TU130               59.00      0.26      0.22
  TU131              147.00      0.64      1.18
  TU132               66.00      0.29      0.28
  TU133              213.00      0.93      2.33
  TU134               -0.00      0.00      0.00
  TU135              302.00      0.67      0.85
  TU136              369.00      0.82      1.23
  TU137              369.00      0.52      0.42
  TU138              369.00      0.52      0.42
  TU139              369.00      0.36      0.17
  TU14               357.00      0.79      1.16
  TU140              369.00      0.36      0.17
  TU141                0.00      0.00      0.00
  TU142              124.00      0.33      0.27
  TU143               -0.00      0.00      0.00
  TU144               -0.00      0.00      0.00
  TU145               -0.00      0.00      0.00
  TU146               -0.00      0.00      0.00
  TU147               -0.00      0.00      0.00
  TU148               -0.00      0.00      0.00
  TU149               -0.00      0.00      0.00
  TU15                -0.00      0.00      0.00
  TU150               -0.00      0.00      0.00
  TU151               -0.00      0.00      0.00
  TU152              148.00      1.69     12.46
  TU15301            239.00      0.34      0.19
  TU15302            239.00      0.34      0.19
  TU1074               0.00      0.00      0.00
  TU154              239.00      0.23      0.08
  TU155               63.00      1.06      6.69
  TU156              302.00      0.30      0.12
  TU157              426.00      0.42      0.22
  TU158               56.00      1.00      6.18
  TU159              482.00      0.47      0.28
  TU16              3827.00      0.69      0.21
  TU160               66.00      1.17      8.34
  TU161              548.00      0.54      0.36
  TU162             1275.00      0.92      0.79
  TU163             1217.00      0.88      0.73
  TU164             1217.00      0.88      0.73
  TU166               -0.00      0.00      0.00
  TU167              102.00      1.34      8.87
  TU168              102.00      1.34      8.87
  TU169              102.00      0.86      3.00
  TU17                55.00      0.98      5.98
  TU170              190.00      0.87      2.13
  TU171             1027.00      0.74      0.53
  TU17201             77.00      1.01      5.31
  TU17202              0.00      0.00      0.00
  TU1011A             77.00      1.01      5.31
  TU173               77.00      0.56      1.28
  TU174               -0.00      0.00      0.00
  TU175               77.00      0.35      0.41
  TU176              832.00      0.82      0.76
  TU177              950.00      0.93      0.97
  TU178              748.00      0.73      0.63
  TU179              391.00      1.11      2.51
  TU18                55.00      0.63      2.05
  TU180              176.00      0.50      0.58
  TU181                0.00      0.00      0.00
  TU182              176.00      0.81      1.85
  TU183                0.00      0.00      0.00
  TU184                0.00      0.00      0.00
  TU185              345.00      0.76      1.09
  TU186              213.00      0.57      0.73
  TU187              302.00      0.67      0.85
  TU188              542.00      0.39      0.17
  TU189              542.00      0.39      0.17
  TU19                83.00      1.48     12.69
  TU190               -0.00      0.00      0.00
  TU191               -0.00      0.00      0.00
  TU192                0.00      0.00      0.00
  TU193                0.00      0.00      0.00
  TU194               -0.00      0.00      0.00
  TU195                0.00      0.00      0.00
  TU196                0.00      0.00      0.00
  TU197               -0.00      0.00      0.00
  TU198                0.00      0.00      0.00
  TU199                0.00      0.00      0.00
  TU2                215.00      2.45     24.87
  TU20               138.00      1.01      3.70
  TU200               -0.00      0.00      0.00
  TU201                0.00      0.00      0.00
  TU203                0.00      0.00      0.00
  TU204              816.00      0.36      0.10
  TU205              816.00      0.36      0.10
  TU21                -0.00      0.00      0.00
  TU22               680.00      0.38      0.13
  TU23               680.00      0.38      0.13
  TU24               734.00      0.41      0.15
  TU25               734.00      0.41      0.15
  TU26                91.00      0.09      0.01
  TU27                91.00      0.09      0.01
  TU28               151.00      0.15      0.03
  TU29               151.00      0.15      0.03
  TU3                  0.00      0.00      0.00
  TU30                 0.00      0.00      0.00
  TU31                -0.00      0.00      0.00
  TU32                82.00      0.94      4.22
  TU33                82.00      0.38      0.46
  TU34               141.00      0.65      1.24
  TU35                 0.00      0.00      0.00
  TU36                 0.00      0.00      0.00
  TU37               141.00      0.40      0.39
  TU38               141.00      0.40      0.39
  TU39               139.00      1.59     11.10
  TU4                239.00      0.34      0.19
  TU40               139.00      1.02      3.75
  TU41               280.00      0.62      0.74
  TU42                89.00      0.62      1.46
  TU43               345.00      0.49      0.37
  TU44               345.00      0.49      0.37
  TU45               345.00      0.49      0.37
  TU46               391.00      0.55      0.46
  TU47                46.00      0.82      4.32
  TU48                 0.00      0.00      0.00
  TU49                 0.00      0.00      0.00
  TU5                239.00      0.34      0.19
  TU50                 0.00      0.00      0.00
  TU51                 0.00      0.00      0.00
  TU52                 0.00      0.00      0.00
  TU53                 0.00      0.00      0.00
  TU54                 0.00      0.00      0.00
  TU55                 0.00      0.00      0.00
  TU56                 0.00      0.00      0.00
  TU57                 0.00      0.00      0.00
  TU58                 0.00      0.00      0.00
  TU59                 0.00      0.00      0.00
  TU6                345.00      0.49      0.37
  TU60                -0.00      0.00      0.00
  TU61                 0.00      0.00      0.00
  TU62                91.00      0.48      0.80
  TU63                 0.00      0.00      0.00
  TU64                91.00      0.48      0.80
  TU65                 0.00      0.00      0.00
  TU66                91.00      0.30      0.26
  TU67                91.00      0.26      0.18
  TU68                91.00      0.26      0.18
  TU69                91.00      0.13      0.03
  TU7                124.00      2.09     23.18
  TU70                91.00      0.13      0.03
  TU71                91.00      0.13      0.03
  TU72                 0.00      0.00      0.00
  TU73                 0.00      0.00      0.00
  TU74                 0.00      0.00      0.00
  TU75                 0.00      0.00      0.00
  TU76                 0.00      0.00      0.00
  TU77                 0.00      0.00      0.00
  TU78                 0.00      0.00      0.00
  TU79                 0.00      0.00      0.00
  TU8                152.00      1.64     11.42
  TU80                 0.00      0.00      0.00
  TU81                 0.00      0.00      0.00
  TU82                 0.00      0.00      0.00
  TU83                 0.00      0.00      0.00
  TU84                 0.00      0.00      0.00
  TU85                 0.00      0.00      0.00
  TU86                 0.00      0.00      0.00
  TU87                 0.00      0.00      0.00
  TU88                 0.00      0.00      0.00
  TU89                 0.00      0.00      0.00
  TU9                  0.00      0.00      0.00
  TU90                 0.00      0.00      0.00
  TU91                -0.00      0.00      0.00
  TU92                 0.00      0.00      0.00
  TU93                 0.00      0.00      0.00
  TU94                90.00      1.03      5.01
  TU95                90.00      0.26      0.17
  TU96                 0.00      0.00      0.00
  TU97                54.00      0.96      5.79
  TU98                54.00      0.62      1.98
  TU99               144.00      0.32      0.22
  TU4000               0.00      0.00      0.00
   
  Analysis ended Fri Dec  1 10:09:01 2023
