  Page 1                                    Fri Dec  1 10:05:36 2023

  ******************************************************************
  *                           E P A N E T                          *
  *                   Hydraulic and Water Quality                  *
  *                   Analysis for Pipe Networks                   *
  *                         Version 2.2                            *
  ******************************************************************
  
  Analysis begun Fri Dec  1 10:05:36 2023

   
  Node Results:
  ----------------------------------------------
                     Demand      Head  Pressure
  Node                 m3/h         m         m
  ----------------------------------------------
  3661                 0.00    428.92     50.78
  482                  0.00    428.95     82.95
  661                  0.00    428.13     98.13
  6610                 0.00    427.59      2.47
  6611                 0.00    428.24     93.24
  6612                 0.00    427.87     65.50
  6613                 0.00    426.15     71.15
  6615                 0.00    428.88     89.88
  6616                 0.00    428.65     67.65
  6617                 0.00    428.84     85.84
  6618                 0.00    428.84     80.84
  662                  0.00    428.76    100.76
  6620                 0.00    428.64    120.64
  6621                 0.00    428.64    100.64
  6622                 0.00    428.64     91.64
  6623                 0.00    428.64     77.64
  6624                 0.00    428.64     76.64
  6625                 0.00    428.64    116.64
  6626                 0.00    428.64    107.64
  6627                 0.00    427.77    106.77
  6628                 0.00    427.26     88.26
  6629                 0.00    428.70     88.70
  663                  0.00    428.58     87.58
  6630                 0.00    428.73      3.61
  6632                 0.00    428.75     88.75
  6633                 0.00    428.91     66.27
  6634                 0.00    428.92     57.92
  6635                 0.00    428.95     76.95
  6636                 0.00    428.95     72.95
  6637                 0.00    428.95     61.95
  6639                 0.00    427.63     67.63
  664                  0.00    428.48     80.48
  6640                 0.00    427.59     67.59
  6641                 0.00    427.66     68.98
  6642                 0.00    427.55     71.55
  6643                 0.00    428.22     76.22
  6644                 0.00    428.32     76.32
  6645                 0.00    428.35     78.35
  6646                 0.00    428.45     81.43
  6648                 0.00    428.45     82.44
  6649                 0.00    428.44     89.44
  665                  0.00    428.44     83.44
  666                  0.00    428.73     88.73
  6665                 0.00    428.95     63.81
  6666                 0.00    428.95     61.29
  667                  0.00    428.31     76.31
  668                  0.00    428.13     98.13
  669                  0.00    428.67     83.67
  1                    0.00    428.84     98.84
  10                   0.00    428.22     76.22
  100                159.00    427.50     72.50
  100B                81.00    427.12     69.12
  101                 72.00    425.98     72.98
  103                  0.00    428.20     89.20
  104                  0.00    428.20     89.20
  105                 95.00    426.12     71.12
  106                 54.00    426.07     71.07
  107                  0.00    428.88     89.88
  108                  0.00    428.88     93.32
  109                  0.00    428.88     91.88
  11B                 99.00    428.41     85.41
  110                  0.00    428.84     82.84
  111                  0.00    428.84     90.86
  112                  0.00    428.84     86.84
  113                  0.00    428.84    105.84
  114                  0.00    428.84     80.84
  115                  0.00    428.84     82.84
  116                  0.00    428.84     83.84
  117                  0.00    428.84     85.84
  118                  0.00    428.84     89.84
  119                  0.00    428.84    106.03
  12                  84.00    428.31     97.97
  121                  0.00    428.84     78.84
  122                  0.00    428.84     81.84
  123                  0.00    428.84     82.84
  125                  0.00    428.84     77.84
  126                  0.00    428.84     80.84
  127                  0.00    428.84     85.51
  128                  0.00    428.62     66.62
  129                  0.00    428.29     72.29
  130                160.00    428.14     87.06
  130B                58.00    428.21     75.21
  132                  0.00    428.13     95.13
  134                 60.00    427.48    106.48
  135                  0.00    427.77    111.77
  137                  0.00    427.77    118.77
  139                  0.00    428.13     68.13
  14                   0.00    428.20     90.20
  140                  0.00    428.13     77.13
  141                  0.00    428.13     76.13
  142                  0.00    428.13     67.13
  143                  0.00    428.13     87.16
  144                 85.00    428.44     69.44
  146                  0.00    428.64     82.64
  147                  0.00    428.64    107.64
  148                  0.00    428.64     95.64
  149                  0.00    428.64    115.43
  15                   0.00    428.24     93.24
  150                  0.00    428.64    120.57
  151                  0.00    428.64    123.40
  152                  0.00    428.64    118.62
  153                  0.00    428.64    118.64
  154                  0.00    428.64    103.64
  157                  0.00    428.64    125.64
  158A                 0.00    428.64    107.64
  158B                 0.00    428.64    107.64
  16B                  0.00    428.24     94.24
  160                  0.00    428.95     61.95
  162                  0.00    428.95     60.95
  163                  0.00    428.95     54.95
  164                  0.00    428.95     69.29
  165                  0.00    428.95     67.65
  166                  0.00    428.95     67.94
  167                  0.00    428.95     58.31
  169                  0.00    428.95     62.45
  17A                  0.00    428.24     93.24
  170                  0.00    428.95     69.95
  17B                  0.00    428.24     93.24
  171                  0.00    428.95     76.95
  172                  0.00    428.95     88.95
  18B                  0.00    428.24    103.24
  19                   0.00    428.91     70.91
  2                    0.00    428.77    102.77
  20                   0.00    428.92     64.92
  2002                 0.00    428.67     78.67
  2003                 0.00    428.67     78.67
  21                   0.00    428.91     66.18
  22                   0.00    428.91     67.31
  222                  0.00    428.89     78.89
  24                   0.00    428.88     84.88
  25                   0.00    428.86     83.86
  26                   0.00    428.84     80.84
  27                   0.00    428.84     78.84
  28                   0.00    428.79     80.79
  29                   0.00    428.67     72.67
  3                    0.00    428.68     88.33
  30                   0.00    428.65     67.65
  3002                 0.00    428.92     42.92
  3004                 0.00    428.92     42.92
  3005                 0.00    428.92     42.92
  3008                 0.00    428.92     43.92
  3012                 0.00    428.92     58.19
  3013                 0.00    428.92     63.99
  3016                 0.00    428.93     63.93
  3017                 0.00    428.95     46.95
  3018                 0.00    428.95     51.95
  3019                 0.00    428.92     59.53
  3020                 0.00    428.92     60.81
  3024                 0.00    428.92     63.98
  31                  60.00    428.64     70.85
  3152                 0.00    428.92     62.72
  32                   0.00    428.64     70.64
  34                   0.00    428.64     77.62
  35                   0.00    428.64     91.64
  36                   0.00    428.64    100.64
  39                   0.00    428.64    115.64
  41                   0.00    428.64    121.64
  46                   0.00    428.95     52.95
  47                   0.00    428.95     70.77
  48                   0.00    428.95     84.95
  49                   0.00    428.95     76.95
  5                    0.00    428.63     81.63
  52                   0.00    428.95     77.95
  53                   0.00    428.92     72.92
  54                   0.00    428.88     83.88
  55                   0.00    428.84     98.84
  56                   0.00    428.84     94.84
  58                   0.00    428.84     95.84
  59                   0.00    428.84     99.84
  6                    0.00    428.32     76.32
  60                   0.00    428.68     83.68
  61                   0.00    428.68     89.68
  62                  91.00    425.10     71.10
  64                   0.00    428.75     97.75
  65                   0.00    428.75     88.75
  66                   0.00    428.75     89.75
  67                   0.00    428.74     96.74
  68                   0.00    428.73     89.73
  69                   0.00    428.73     77.73
  7                    0.00    428.53     75.53
  70                   0.00    428.58     88.58
  71                   0.00    428.70     91.70
  72                   0.00    428.25     72.25
  73                   0.00    428.20     73.20
  77                   0.00    428.25     72.25
  78                   0.00    428.25     88.11
  79                   0.00    428.53     75.53
  8                    0.00    428.35     78.35
  80                 102.00    428.45     79.45
  81                   0.00    428.45     69.45
  82                   0.00    428.45     70.45
  85                  60.00    426.98     87.98
  86                   0.00    427.26     90.26
  87                 117.00    427.94     67.94
  88                   0.00    427.87     74.87
  89                   0.00    427.72     60.72
  90                   0.00    427.55     71.55
  91                   0.00    427.63     55.63
  92                   0.00    427.59     67.59
  91B                  0.00    427.59     67.59
  94                   0.00    428.44     89.44
  95                   0.00    428.44     85.44
  97                   0.00    428.44     97.44
  99                 151.00    424.89     74.89
  74                   0.00    428.18     69.47
  1074                 0.00    428.18     70.18
  11A                  0.00    428.44     85.44
  1011                 0.00    428.44     85.44
  0                -1588.00    429.00      0.00  Reservoir
   
   
  Link Results:
  ----------------------------------------------
                       Flow  Velocity  Headloss
  Link                 m3/h       m/s    /1000m
  ----------------------------------------------
  TU1                 -0.00      0.00      0.00
  TU10                95.00      1.03      4.82
  TU100               60.00      0.13      0.05
  TU101               60.00      0.08      0.02
  TU102                0.00      0.00      0.00
  TU103               60.00      0.08      0.02
  TU104               60.00      0.08      0.02
  TU105             1105.00      0.48      0.18
  TU106             1105.00      0.48      0.18
  TU107                0.00      0.00      0.00
  TU108             1105.00      0.48      0.18
  TU109             1165.00      0.51      0.20
  TU11               221.00      1.01      2.81
  TU110             1165.00      0.51      0.20
  TU111                0.00      0.00      0.00
  TU112               -0.00      0.00      0.00
  TU113                0.00      0.00      0.00
  TU114                0.00      0.00      0.00
  TU115             1165.00      0.41      0.12
  TU116             1165.00      0.41      0.12
  TU117               -0.00      0.00      0.00
  TU118                0.00      0.00      0.00
  TU119             1165.00      0.41      0.12
  TU12                 0.00      0.00      0.00
  TU120             1165.00      0.41      0.12
  TU121                0.00      0.00      0.00
  TU122                0.00      0.00      0.00
  TU123               -0.00      0.00      0.00
  TU124                0.00      0.00      0.00
  TU125               -0.00      0.00      0.00
  TU126               -0.00      0.00      0.00
  TU127               -0.00      0.00      0.00
  TU128                0.00      0.00      0.00
  TU129                0.00      0.00      0.00
  TU13                 0.00      0.00      0.00
  TU130               -0.00      0.00      0.00
  TU131               -0.00      0.00      0.00
  TU132                0.00      0.00      0.00
  TU133               -0.00      0.00      0.00
  TU134               -0.00      0.00      0.00
  TU135               -0.00      0.00      0.00
  TU136                0.00      0.00      0.00
  TU137                0.00      0.00      0.00
  TU138                0.00      0.00      0.00
  TU139                0.00      0.00      0.00
  TU14               221.00      0.49      0.48
  TU140                0.00      0.00      0.00
  TU141               91.00      1.53     13.11
  TU142               91.00      0.25      0.16
  TU143               -0.00      0.00      0.00
  TU144               81.00      0.87      3.61
  TU145               -0.00      0.00      0.00
  TU146               81.00      0.35      0.40
  TU147               81.00      0.22      0.13
  TU148               -0.00      0.00      0.00
  TU149              159.00      1.10      4.21
  TU15                -0.00      0.00      0.00
  TU150              159.00      1.10      4.21
  TU151              240.00      0.34      0.19
  TU152              151.00      1.72     12.93
  TU15301            508.00      0.72      0.75
  TU15302            508.00      0.72      0.75
  TU1074               0.00      0.00      0.00
  TU154              508.00      0.50      0.31
  TU155                0.00      0.00      0.00
  TU156              508.00      0.50      0.31
  TU157              599.00      0.59      0.42
  TU158                0.00      0.00      0.00
  TU159              599.00      0.59      0.42
  TU16              1588.00      0.29      0.04
  TU160                0.00      0.00      0.00
  TU161              599.00      0.59      0.42
  TU162              506.00      0.37      0.15
  TU163              506.00      0.37      0.15
  TU164              506.00      0.37      0.14
  TU166               -0.00      0.00      0.00
  TU167               -0.00      0.00      0.00
  TU168                0.00      0.00      0.00
  TU169                0.00      0.00      0.00
  TU17                -0.00      0.00      0.00
  TU170              102.00      0.47      0.69
  TU171              404.00      0.29      0.10
  TU17201             -0.00      0.00      0.00
  TU17202              0.00      0.00      0.00
  TU1011A             -0.00      0.00      0.00
  TU173               -0.00      0.00      0.00
  TU174               -0.00      0.00      0.00
  TU175               -0.00      0.00      0.00
  TU176              305.00      0.30      0.12
  TU177              404.00      0.40      0.20
  TU178              221.00      0.22      0.07
  TU179                0.00      0.00      0.00
  TU18                 0.00      0.00      0.00
  TU180                0.00      0.00      0.00
  TU181                0.00      0.00      0.00
  TU182                0.00      0.00      0.00
  TU183                0.00      0.00      0.00
  TU184                0.00      0.00      0.00
  TU185               -0.00      0.00      0.00
  TU186               -0.00      0.00      0.00
  TU187               -0.00      0.00      0.00
  TU188              423.00      0.31      0.11
  TU189              423.00      0.31      0.11
  TU19                 0.00      0.00      0.00
  TU190               -0.00      0.00      0.00
  TU191                0.00      0.00      0.00
  TU192                0.00      0.00      0.00
  TU193                0.00      0.00      0.00
  TU194               -0.00      0.00      0.00
  TU195                0.00      0.00      0.00
  TU196                0.00      0.00      0.00
  TU197                0.00      0.00      0.00
  TU198                0.00      0.00      0.00
  TU199                0.00      0.00      0.00
  TU2                  0.00      0.00      0.00
  TU20                 0.00      0.00      0.00
  TU200               -0.00      0.00      0.00
  TU201                0.00      0.00      0.00
  TU203                0.00      0.00      0.00
  TU204              423.00      0.18      0.03
  TU205              423.00      0.18      0.03
  TU21                -0.00      0.00      0.00
  TU22               423.00      0.23      0.06
  TU23               423.00      0.23      0.06
  TU24               423.00      0.23      0.05
  TU25               423.00      0.23      0.06
  TU26               423.00      0.42      0.22
  TU27               423.00      0.42      0.22
  TU28               423.00      0.42      0.22
  TU29               423.00      0.42      0.22
  TU3                  0.00      0.00      0.00
  TU30                 0.00      0.00      0.00
  TU31                -0.00      0.00      0.00
  TU32                 0.00      0.00      0.00
  TU33                 0.00      0.00      0.00
  TU34                 0.00      0.00      0.00
  TU35                 0.00      0.00      0.00
  TU36                 0.00      0.00      0.00
  TU37                 0.00      0.00      0.00
  TU38                 0.00      0.00      0.00
  TU39                -0.00      0.00      0.00
  TU4                391.00      0.55      0.46
  TU40                -0.00      0.00      0.00
  TU41                -0.00      0.00      0.00
  TU42                 0.00      0.00      0.00
  TU43                -0.00      0.00      0.00
  TU44                -0.00      0.00      0.00
  TU45                -0.00      0.00      0.00
  TU46                -0.00      0.00      0.00
  TU47                -0.00      0.00      0.00
  TU48                 0.00      0.00      0.00
  TU49                 0.00      0.00      0.00
  TU5                391.00      0.55      0.46
  TU50                 0.00      0.00      0.00
  TU51                 0.00      0.00      0.00
  TU52                 0.00      0.00      0.00
  TU53                 0.00      0.00      0.00
  TU54                 0.00      0.00      0.00
  TU55                 0.00      0.00      0.00
  TU56                 0.00      0.00      0.00
  TU57                 0.00      0.00      0.00
  TU58                 0.00      0.00      0.00
  TU59                 0.00      0.00      0.00
  TU6                 -0.00      0.00      0.00
  TU60                -0.00      0.00      0.00
  TU61                 0.00      0.00      0.00
  TU62                -0.00      0.00      0.00
  TU63                 0.00      0.00      0.00
  TU64                 0.00      0.00      0.00
  TU65                 0.00      0.00      0.00
  TU66                 0.00      0.00      0.00
  TU67                 0.00      0.00      0.00
  TU68                 0.00      0.00      0.00
  TU69                 0.00      0.00      0.00
  TU7                  0.00      0.00      0.00
  TU70                60.00      0.08      0.02
  TU71                60.00      0.08      0.02
  TU72                60.00      0.13      0.05
  TU73               220.00      0.49      0.48
  TU74               278.00      0.61      0.73
  TU75               278.00      0.61      0.73
  TU76               363.00      0.80      1.19
  TU77               363.00      0.80      1.19
  TU78                 0.00      0.00      0.00
  TU79                 0.00      0.00      0.00
  TU8                 72.00      0.78      2.91
  TU80                60.00      1.24     10.02
  TU81                60.00      0.50      1.15
  TU82                -0.00      0.00      0.00
  TU83                 0.00      0.00      0.00
  TU84                 0.00      0.00      0.00
  TU85                 0.00      0.00      0.00
  TU86                 0.00      0.00      0.00
  TU87                 0.00      0.00      0.00
  TU88                 0.00      0.00      0.00
  TU89                60.00      1.07      7.01
  TU9                 54.00      0.91      5.05
  TU90                 0.00      0.00      0.00
  TU91                60.00      0.69      2.40
  TU92                60.00      0.27      0.27
  TU93                60.00      0.17      0.08
  TU94                 0.00      0.00      0.00
  TU95                60.00      0.17      0.08
  TU96                 0.00      0.00      0.00
  TU97                 0.00      0.00      0.00
  TU98                 0.00      0.00      0.00
  TU99                60.00      0.13      0.05
  TU4000               0.00      0.00      0.00
   
  Analysis ended Fri Dec  1 10:05:36 2023
