  Page 1                                    Fri Dec  1 09:51:55 2023

  ******************************************************************
  *                           E P A N E T                          *
  *                   Hydraulic and Water Quality                  *
  *                   Analysis for Pipe Networks                   *
  *                         Version 2.2                            *
  ******************************************************************
  
  Analysis begun Fri Dec  1 09:51:55 2023

   
  Node Results:
  ----------------------------------------------
                     Demand      Head  Pressure
  Node                 m3/h         m         m
  ----------------------------------------------
  3661                 0.00    428.76     50.62
  482                  0.00    427.83     81.83
  661                  0.00    428.47     98.47
  6610                 0.00    427.44      2.32
  6611                 0.00    427.39     92.39
  6612                 0.00    427.56     65.19
  6613                 0.00    427.33     72.33
  6615                 0.00    428.53     89.53
  6616                 0.00    428.51     67.51
  6617                 0.00    428.47     85.47
  6618                 0.00    428.63     80.63
  662                  0.00    428.41    100.41
  6620                 0.00    427.59    119.59
  6621                 0.00    428.12    100.12
  6622                 0.00    428.24     91.24
  6623                 0.00    428.36     77.36
  6624                 0.00    428.41     76.41
  6625                 0.00    428.41    116.41
  6626                 0.00    428.41    107.41
  6627                 0.00    428.11    107.11
  6628                 0.00    427.09     88.09
  6629                 0.00    427.78     87.78
  663                  0.00    428.17     87.17
  6630                 0.00    427.96      2.84
  6632                 0.00    428.14     88.14
  6633                 0.00    428.71     66.07
  6634                 0.00    428.74     57.74
  6635                 0.00    428.36     76.36
  6636                 0.00    428.36     72.36
  6637                 0.00    428.18     61.18
  6639                 0.00    427.48     67.48
  664                  0.00    428.06     80.06
  6640                 0.00    427.44     67.44
  6641                 0.00    427.52     68.84
  6642                 0.00    427.52     71.52
  6643                 0.00    427.69     75.69
  6644                 0.00    427.82     75.82
  6645                 0.00    427.87     77.87
  6646                 0.00    427.56     80.54
  6648                 0.00    427.56     81.55
  6649                 0.00    427.95     88.95
  665                  0.00    427.99     82.99
  666                  0.00    427.96     87.96
  6665                 0.00    426.66     61.52
  6666                 0.00    427.76     60.10
  667                  0.00    427.80     75.80
  668                  0.00    428.47     98.47
  669                  0.00    427.64     82.64
  1                   75.00    428.56     98.56
  10                  66.00    427.30     75.30
  100                  0.00    427.52     72.52
  100B                81.00    426.97     68.97
  101                  0.00    427.33     74.33
  103                  0.00    427.62     88.62
  104                  0.00    427.62     88.62
  105                 75.00    427.31     72.31
  106                  0.00    427.33     72.33
  107                  0.00    428.53     89.53
  108                 57.00    427.73     92.17
  109                  0.00    428.35     91.35
  11B                 84.00    427.95     84.95
  110                  0.00    428.63     82.63
  111                  0.00    428.60     90.62
  112                  0.00    428.62     86.62
  113                  0.00    428.57    105.57
  114                  0.00    428.49     80.49
  115                  0.00    428.47     82.47
  116                  0.00    428.47     83.47
  117                  0.00    428.47     85.47
  118                  0.00    428.47     89.47
  119                  0.00    428.47    105.66
  12                   0.00    427.82     97.48
  121                  0.00    428.51     78.51
  122                 56.00    425.67     78.67
  123                  0.00    428.07     82.07
  125                  0.00    428.51     77.51
  126                 65.00    428.40     80.40
  127                  0.00    428.40     85.07
  128                 66.00    428.51     66.51
  129                  0.00    428.49     72.49
  130                  0.00    428.48     87.40
  130B                 0.00    428.49     75.49
  132                  0.00    428.47     95.47
  134                 60.00    427.82    106.82
  135                  0.00    428.11    112.11
  137                  0.00    428.11    119.11
  139                  0.00    428.47     68.47
  14                  85.00    427.62     89.62
  140                  0.00    428.47     77.47
  141                  0.00    428.47     76.47
  142                  0.00    428.47     67.47
  143                  0.00    428.47     87.50
  144                  0.00    428.50     69.50
  146                  0.00    428.41     82.41
  147                  0.00    428.41    107.41
  148                  0.00    428.41     95.41
  149                  0.00    428.41    115.20
  15                   0.00    427.39     92.39
  150                  0.00    428.41    120.34
  151                  0.00    428.41    123.17
  152                  0.00    428.41    118.39
  153                  0.00    428.41    118.41
  154                  0.00    428.06    103.06
  157                  0.00    427.59    124.59
  158A                58.00    420.15     99.15
  158B                58.00    420.14     99.14
  16B                  0.00    427.64     93.64
  160                  0.00    428.14     61.14
  162                  0.00    427.96     59.96
  163                 85.00    427.48     53.48
  164                  0.00    427.48     67.82
  165                  0.00    426.79     65.49
  166                 90.00    426.79     65.78
  167                 94.00    426.50     55.86
  169                 76.00    427.17     60.67
  17A                  0.00    427.22     92.22
  170                  0.00    428.28     69.28
  17B                  0.00    427.05     92.05
  171                  0.00    428.36     76.36
  172                  0.00    428.36     88.36
  18B                209.00    421.79     96.79
  19                   0.00    428.71     70.71
  2                    0.00    428.44    102.44
  20                   0.00    428.76     64.76
  2002                 0.00    427.64     77.64
  2003                 0.00    427.64     77.64
  21                  66.00    428.74     66.01
  22                   0.00    428.74     67.14
  222                  0.00    428.71     78.71
  24                   0.00    428.69     84.69
  25                   0.00    428.67     83.67
  26                   0.00    428.63     80.63
  27                   0.00    428.64     78.64
  28                   0.00    428.61     80.61
  29                   0.00    428.53     72.53
  3                    0.00    428.31     87.96
  30                   0.00    428.51     67.51
  3002                 0.00    428.76     42.76
  3004                 0.00    428.76     42.76
  3005                 0.00    428.76     42.76
  3008                 0.00    428.76     43.76
  3012                 0.00    428.76     58.03
  3013                 0.00    428.76     63.83
  3016                 0.00    428.78     63.78
  3017               139.00    428.82     46.82
  3018                68.00    428.22     51.22
  3019                 0.00    428.76     59.37
  3020                 0.00    428.76     60.65
  3024                 0.00    428.76     63.82
  31                  44.00    428.44     70.65
  3152                 0.00    428.76     62.56
  32                   0.00    428.47     70.47
  34                  60.00    428.24     77.22
  35                   0.00    428.24     91.24
  36                   0.00    428.12    100.12
  39                   0.00    427.89    114.89
  41                   0.00    427.42    120.42
  46                 182.00    428.45     52.45
  47                   0.00    427.32     69.14
  48                   0.00    427.68     83.68
  49                  95.00    426.58     74.58
  5                    0.00    428.24     81.24
  52                   0.00    426.58     75.58
  53                 151.00    425.29     69.29
  54                   0.00    428.66     83.66
  55                   0.00    428.50     98.50
  56                  57.00    428.48     94.48
  58                   0.00    428.48     95.48
  59                   0.00    428.48     99.48
  6                    0.00    427.82     75.82
  60                   0.00    428.31     83.31
  61                   0.00    428.31     89.31
  62                   0.00    427.73     73.73
  64                   0.00    428.29     97.29
  65                  96.00    427.69     87.69
  66                   0.00    428.14     89.14
  67                 119.00    427.99     95.99
  68                   0.00    427.96     88.96
  69                   0.00    427.96     76.96
  7                    0.00    428.11     75.11
  70                 156.00    427.09     87.09
  71                   0.00    427.78     90.78
  72                 105.00    427.73     71.73
  73                 182.00    427.66     72.66
  77                   0.00    427.73     71.73
  78                   0.00    427.73     87.59
  79                   0.00    428.11     75.11
  8                    0.00    427.87     77.87
  80                   0.00    428.04     79.04
  81                  67.00    425.94     66.94
  82                   0.00    427.56     69.56
  85                   0.00    427.09     88.09
  86                   0.00    427.09     90.09
  87                 120.00    427.57     67.57
  88                   0.00    427.56     74.56
  89                  83.00    427.52     60.52
  90                   0.00    427.52     71.52
  91                   0.00    427.48     55.48
  92                   0.00    427.44     67.44
  91B                  0.00    427.44     67.44
  94                   0.00    427.95     88.95
  95                   0.00    427.86     84.86
  97                   0.00    427.80     96.80
  99                   0.00    427.52     77.52
  74                  72.00    425.70     66.99
  1074                 0.00    427.65     69.65
  11A                 45.00    427.77     84.77
  1011                 0.00    427.80     84.80
  0                -3347.00    429.00      0.00  Reservoir
   
   
  Link Results:
  ----------------------------------------------
                       Flow  Velocity  Headloss
  Link                 m3/h       m/s    /1000m
  ----------------------------------------------
  TU1                 -0.00      0.00      0.00
  TU10                75.00      0.81      3.13
  TU100              275.00      0.61      0.72
  TU101              275.00      0.39      0.24
  TU102               96.00      1.71     16.58
  TU103              371.00      0.52      0.42
  TU104              371.00      0.52      0.42
  TU105             1274.00      0.56      0.23
  TU106             1274.00      0.56      0.23
  TU107                0.00      0.00      0.00
  TU108             1274.00      0.56      0.23
  TU109             1645.00      0.72      0.37
  TU11                75.00      0.34      0.40
  TU110             1645.00      0.72      0.37
  TU111                0.00      0.00      0.00
  TU112               -0.00      0.00      0.00
  TU113               57.00      0.30      0.35
  TU114               57.00      0.30      0.35
  TU115             1777.00      0.63      0.26
  TU116             1777.00      0.63      0.26
  TU117              151.00      1.63     11.28
  TU118                0.00      0.00      0.00
  TU119             1777.00      0.63      0.26
  TU12                 0.00      0.00      0.00
  TU120             1928.00      0.68      0.30
  TU121                0.00      0.00      0.00
  TU122                0.00      0.00      0.00
  TU123               -0.00      0.00      0.00
  TU124                0.00      0.00      0.00
  TU125               95.00      0.69      1.87
  TU126               95.00      0.43      0.61
  TU127               95.00      0.43      0.61
  TU128               94.00      0.41      0.53
  TU129               94.00      0.41      0.53
  TU13                 0.00      0.00      0.00
  TU130               94.00      0.41      0.53
  TU131              184.00      0.80      1.78
  TU132               76.00      0.33      0.36
  TU133              260.00      1.13      3.36
  TU134               -0.00      0.00      0.00
  TU135              345.00      0.76      1.09
  TU136              345.00      0.76      1.09
  TU137              440.00      0.62      0.58
  TU138              440.00      0.62      0.58
  TU139              440.00      0.43      0.24
  TU14               160.00      0.35      0.27
  TU140              690.00      0.68      0.54
  TU141                0.00      0.00      0.00
  TU142              105.00      0.28      0.20
  TU143               -0.00      0.00      0.00
  TU144               81.00      0.87      3.61
  TU145               -0.00      0.00      0.00
  TU146               81.00      0.35      0.40
  TU147               81.00      0.22      0.13
  TU148               -0.00      0.00      0.00
  TU149               -0.00      0.00      0.00
  TU15                -0.00      0.00      0.00
  TU150               -0.00      0.00      0.00
  TU151               81.00      0.11      0.03
  TU152                0.00      0.00      0.00
  TU15301            356.00      0.50      0.39
  TU15302            284.00      0.40      0.26
  TU1074              72.00      0.95      4.70
  TU154              538.00      0.53      0.34
  TU155               66.00      1.11      7.28
  TU156              604.00      0.59      0.42
  TU157              709.00      0.70      0.57
  TU158                0.00      0.00      0.00
  TU159              709.00      0.70      0.57
  TU16              3347.00      0.60      0.16
  TU160                0.00      0.00      0.00
  TU161              709.00      0.70      0.57
  TU162              565.00      0.41      0.18
  TU163              565.00      0.41      0.18
  TU164              565.00      0.41      0.17
  TU166               67.00      1.38     12.26
  TU167               -0.00      0.00      0.00
  TU168                0.00      0.00      0.00
  TU169               67.00      0.56      1.40
  TU17                57.00      1.01      6.38
  TU170               67.00      0.31      0.32
  TU171              498.00      0.36      0.14
  TU17201             45.00      0.59      2.00
  TU17202              0.00      0.00      0.00
  TU1011A             45.00      0.59      2.00
  TU173               45.00      0.33      0.49
  TU174               -0.00      0.00      0.00
  TU175               45.00      0.21      0.16
  TU176              369.00      0.36      0.17
  TU177              453.00      0.45      0.25
  TU178              369.00      0.36      0.17
  TU179              209.00      0.59      0.80
  TU18                57.00      0.65      2.18
  TU180              209.00      0.59      0.80
  TU181              209.00      1.76     11.19
  TU182              209.00      0.96      2.54
  TU183                0.00      0.00      0.00
  TU184                0.00      0.00      0.00
  TU185              121.00      0.27      0.16
  TU186              260.00      0.70      1.05
  TU187              345.00      0.76      1.09
  TU188              467.00      0.34      0.13
  TU189              467.00      0.34      0.13
  TU19                 0.00      0.00      0.00
  TU190               -0.00      0.00      0.00
  TU191               -0.00      0.00      0.00
  TU192                0.00      0.00      0.00
  TU193                0.00      0.00      0.00
  TU194               -0.00      0.00      0.00
  TU195                0.00      0.00      0.00
  TU196                0.00      0.00      0.00
  TU197               -0.00      0.00      0.00
  TU198                0.00      0.00      0.00
  TU199                0.00      0.00      0.00
  TU2                  0.00      0.00      0.00
  TU20                57.00      0.42      0.74
  TU200               -0.00      0.00      0.00
  TU201                0.00      0.00      0.00
  TU203               68.00      1.14      7.69
  TU204              590.00      0.26      0.06
  TU205              590.00      0.26      0.06
  TU21                -0.00      0.00      0.00
  TU22               524.00      0.29      0.08
  TU23               524.00      0.29      0.08
  TU24               524.00      0.29      0.08
  TU25               590.00      0.33      0.10
  TU26               346.00      0.34      0.15
  TU27               346.00      0.34      0.15
  TU28               346.00      0.34      0.15
  TU29               346.00      0.34      0.15
  TU3                  0.00      0.00      0.00
  TU30                 0.00      0.00      0.00
  TU31                -0.00      0.00      0.00
  TU32                 0.00      0.00      0.00
  TU33                 0.00      0.00      0.00
  TU34                 0.00      0.00      0.00
  TU35                56.00      1.00      6.18
  TU36                56.00      0.64      2.11
  TU37                56.00      0.16      0.07
  TU38                56.00      0.16      0.07
  TU39                -0.00      0.00      0.00
  TU4                164.00      0.23      0.10
  TU40                65.00      0.47      0.94
  TU41               121.00      0.27      0.16
  TU42                85.00      0.59      1.35
  TU43               121.00      0.17      0.06
  TU44               121.00      0.17      0.06
  TU45               121.00      0.17      0.06
  TU46               121.00      0.17      0.06
  TU47                -0.00      0.00      0.00
  TU48               116.00      1.53     11.23
  TU49               116.00      0.98      3.80
  TU5                164.00      0.23      0.10
  TU50                 0.00      0.00      0.00
  TU51               116.00      0.62      1.25
  TU52               116.00      0.38      0.40
  TU53               116.00      0.38      0.40
  TU54                 0.00      0.00      0.00
  TU55               116.00      0.38      0.40
  TU56                 0.00      0.00      0.00
  TU57               116.00      0.33      0.28
  TU58                60.00      1.07      7.01
  TU59               176.00      0.50      0.58
  TU6                121.00      0.17      0.06
  TU60                -0.00      0.00      0.00
  TU61                 0.00      0.00      0.00
  TU62                -0.00      0.00      0.00
  TU63                 0.00      0.00      0.00
  TU64                 0.00      0.00      0.00
  TU65                 0.00      0.00      0.00
  TU66                 0.00      0.00      0.00
  TU67                 0.00      0.00      0.00
  TU68                 0.00      0.00      0.00
  TU69               176.00      0.25      0.11
  TU7                  0.00      0.00      0.00
  TU70               220.00      0.31      0.16
  TU71               220.00      0.31      0.16
  TU72                60.00      0.13      0.05
  TU73                60.00      0.13      0.05
  TU74                60.00      0.13      0.05
  TU75                60.00      0.13      0.05
  TU76                60.00      0.13      0.05
  TU77               126.00      0.28      0.17
  TU78                 0.00      0.00      0.00
  TU79                 0.00      0.00      0.00
  TU8                  0.00      0.00      0.00
  TU80                60.00      1.24     10.02
  TU81                60.00      0.50      1.15
  TU82                 0.00      0.00      0.00
  TU83                 0.00      0.00      0.00
  TU84                 0.00      0.00      0.00
  TU85                 0.00      0.00      0.00
  TU86                 0.00      0.00      0.00
  TU87                 0.00      0.00      0.00
  TU88                 0.00      0.00      0.00
  TU89                 0.00      0.00      0.00
  TU9                  0.00      0.00      0.00
  TU90                 0.00      0.00      0.00
  TU91                -0.00      0.00      0.00
  TU92               156.00      0.71      1.49
  TU93               156.00      0.44      0.47
  TU94                 0.00      0.00      0.00
  TU95               156.00      0.44      0.47
  TU96                 0.00      0.00      0.00
  TU97                 0.00      0.00      0.00
  TU98                 0.00      0.00      0.00
  TU99               156.00      0.34      0.26
  TU4000              58.00      0.76      3.17
   
  Analysis ended Fri Dec  1 09:51:55 2023
