  Page 1                                    Fri Dec  1 10:06:08 2023

  ******************************************************************
  *                           E P A N E T                          *
  *                   Hydraulic and Water Quality                  *
  *                   Analysis for Pipe Networks                   *
  *                         Version 2.2                            *
  ******************************************************************
  
  Analysis begun Fri Dec  1 10:06:08 2023

   
  Node Results:
  ----------------------------------------------
                     Demand      Head  Pressure
  Node                 m3/h         m         m
  ----------------------------------------------
  3661                 0.00    428.83     50.69
  482                  0.00    428.83     82.83
  661                  0.00    427.76     97.76
  6610                 0.00    426.90      1.78
  6611                 0.00    426.68     91.68
  6612                 0.00    427.71     65.34
  6613                 0.00    424.34     69.34
  6615                 0.00    428.71     89.71
  6616                 0.00    428.28     67.28
  6617                 0.00    428.59     85.59
  6618                 0.00    428.60     80.60
  662                  0.00    428.58    100.58
  6620                 0.00    428.20    120.20
  6621                 0.00    428.20    100.20
  6622                 0.00    428.20     91.20
  6623                 0.00    428.20     77.20
  6624                 0.00    428.20     76.20
  6625                 0.00    427.83    115.83
  6626                 0.00    427.96    106.96
  6627                 0.00    427.39    106.39
  6628                 0.00    427.13     88.13
  6629                 0.00    428.53     88.53
  663                  0.00    428.30     87.30
  6630                 0.00    428.56      3.44
  6632                 0.00    428.57     88.57
  6633                 0.00    428.83     66.19
  6634                 0.00    428.85     57.85
  6635                 0.00    428.86     76.86
  6636                 0.00    428.86     72.86
  6637                 0.00    428.83     61.83
  6639                 0.00    427.42     67.42
  664                  0.00    428.06     80.06
  6640                 0.00    427.24     67.24
  6641                 0.00    427.56     68.88
  6642                 0.00    427.56     71.56
  6643                 0.00    427.99     75.99
  6644                 0.00    428.07     76.07
  6645                 0.00    428.10     78.10
  6646                 0.00    428.06     81.04
  6648                 0.00    428.06     82.05
  6649                 0.00    427.90     88.90
  665                  0.00    427.90     82.90
  666                  0.00    428.56     88.56
  6665                 0.00    428.70     63.56
  6666                 0.00    428.77     61.11
  667                  0.00    428.06     76.06
  668                  0.00    427.76     97.76
  669                  0.00    428.50     83.50
  1                   49.00    428.71     98.71
  10                   0.00    427.99     75.99
  100                  0.00    427.56     72.56
  100B                64.00    426.93     68.93
  101                146.00    423.74     70.74
  103                  0.00    426.50     87.50
  104                 54.00    426.48     87.48
  105                 99.00    424.31     69.31
  106                  0.00    424.34     69.34
  107                  0.00    428.71     89.71
  108                  0.00    428.71     93.15
  109                  0.00    428.71     91.71
  11B                123.00    427.78     84.78
  110                 65.00    428.60     82.60
  111                 56.00    428.59     90.61
  112                  0.00    428.59     86.59
  113                  0.00    428.59    105.59
  114                  0.00    428.59     80.59
  115                  0.00    428.59     82.59
  116                  0.00    428.59     83.59
  117                  0.00    428.59     85.59
  118                  0.00    428.59     89.59
  119                  0.00    428.59    105.78
  12                  81.00    427.37     97.03
  121                  0.00    428.59     78.59
  122                  0.00    428.59     81.59
  123                  0.00    428.59     82.59
  125                  0.00    428.59     77.59
  126                  0.00    428.59     80.59
  127                  0.00    428.59     85.26
  128                  0.00    428.26     66.26
  129                  0.00    427.92     71.92
  130                160.00    427.76     86.68
  130B                58.00    427.84     74.84
  132                  0.00    427.76     94.76
  134                 61.00    427.09    106.09
  135                  0.00    427.39    111.39
  137                  0.00    427.39    118.39
  139                  0.00    427.76     67.76
  14                  91.00    426.82     88.82
  140                  0.00    427.76     76.76
  141                  0.00    427.76     75.76
  142                  0.00    427.76     66.76
  143                  0.00    427.76     86.79
  144                 86.00    428.07     69.07
  146                  0.00    428.03     82.03
  147                  0.00    427.96    106.96
  148                 72.00    428.01     95.01
  149                  0.00    427.83    114.62
  15                   0.00    426.68     91.68
  150                  0.00    427.68    119.61
  151                  0.00    427.35    122.11
  152                 79.00    424.87    114.85
  153                  0.00    425.71    115.71
  154                  0.00    428.20    103.20
  157                  0.00    428.20    125.20
  158A                 0.00    428.20    107.20
  158B                 0.00    428.20    107.20
  16B                  0.00    426.94     92.94
  160                 51.00    428.82     61.82
  162                  0.00    428.79     60.79
  163                 69.00    428.58     54.58
  164                  0.00    428.75     69.09
  165                 46.00    428.70     67.40
  166                  0.00    428.70     67.69
  167                  0.00    428.70     58.06
  169                  0.00    428.75     62.25
  17A                  0.00    426.50     91.50
  170                  0.00    428.84     69.84
  17B                  0.00    426.32     91.32
  171                  0.00    428.86     76.86
  172                  0.00    428.86     88.86
  18B                214.00    420.83     95.83
  19                   0.00    428.83     70.83
  2                    0.00    428.61    102.61
  20                   0.00    428.83     64.83
  2002                 0.00    428.50     78.50
  2003                 0.00    428.50     78.50
  21                   0.00    428.80     66.07
  22                   0.00    428.80     67.20
  222                  0.00    428.75     78.75
  24                   0.00    428.71     84.71
  25                   0.00    428.66     83.66
  26                   0.00    428.60     80.60
  27                   0.00    428.61     78.61
  28                   0.00    428.53     80.53
  29                   0.00    428.32     72.32
  3                    0.00    428.46     88.11
  30                   0.00    428.29     67.29
  3002                 0.00    428.83     42.83
  3004                 0.00    428.83     42.83
  3005                 0.00    428.83     42.83
  3008                 0.00    428.83     43.83
  3012                 0.00    428.83     58.10
  3013                 0.00    428.83     63.90
  3016                 0.00    428.84     63.84
  3017                 0.00    428.90     46.90
  3018                 0.00    428.87     51.87
  3019                 0.00    428.83     59.44
  3020                 0.00    428.83     60.72
  3024                 0.00    428.83     63.89
  31                  59.00    428.22     70.43
  3152                 0.00    428.83     62.63
  32                   0.00    428.24     70.24
  34                   0.00    428.20     77.18
  35                   0.00    428.20     91.20
  36                   0.00    428.20    100.20
  39                   0.00    428.20    115.20
  41                   0.00    428.20    121.20
  46                   0.00    428.87     52.87
  47                   0.00    428.75     70.57
  48                   0.00    428.83     84.83
  49                   0.00    428.83     76.83
  5                    0.00    428.38     81.38
  52                   0.00    428.83     77.83
  53                   0.00    428.85     72.85
  54                   0.00    428.79     83.79
  55                   0.00    428.71     98.71
  56                   0.00    428.71     94.71
  58                   0.00    428.71     95.71
  59                   0.00    428.71     99.71
  6                    0.00    428.07     76.07
  60                   0.00    428.46     83.46
  61                   0.00    428.46     89.46
  62                 100.00    424.25     70.25
  64                   0.00    428.58     97.58
  65                   0.00    428.57     88.57
  66                   0.00    428.57     89.57
  67                   0.00    428.57     96.57
  68                   0.00    428.56     89.56
  69                   0.00    428.56     77.56
  7                    0.00    428.16     75.16
  70                   0.00    428.41     88.41
  71                   0.00    428.53     91.53
  72                   0.00    427.99     71.99
  73                   0.00    427.97     72.97
  77                   0.00    427.99     71.99
  78                   0.00    427.99     87.85
  79                  63.00    428.16     75.16
  8                    0.00    428.10     78.10
  80                   0.00    428.06     79.06
  81                   0.00    428.06     69.06
  82                   0.00    428.06     70.06
  85                  59.00    426.86     87.86
  86                   0.00    427.13     90.13
  87                 123.00    427.76     67.76
  88                   0.00    427.71     74.71
  89                   0.00    427.60     60.60
  90                   0.00    427.56     71.56
  91                   0.00    427.42     55.42
  92                   0.00    426.90     66.90
  91B                119.00    426.74     66.74
  94                   0.00    427.90     88.90
  95                   0.00    427.90     84.90
  97                   0.00    427.90     96.90
  99                 150.00    424.80     74.80
  74                   0.00    427.95     69.24
  1074                 0.00    427.95     69.95
  11A                  0.00    427.90     84.90
  1011                 0.00    427.90     84.90
  0                -2397.00    429.00      0.00  Reservoir
   
   
  Link Results:
  ----------------------------------------------
                       Flow  Velocity  Headloss
  Link                 m3/h       m/s    /1000m
  ----------------------------------------------
  TU1                 -0.00      0.00      0.00
  TU10                99.00      1.07      5.20
  TU100               59.00      0.13      0.04
  TU101               59.00      0.08      0.02
  TU102                0.00      0.00      0.00
  TU103               59.00      0.08      0.02
  TU104               59.00      0.08      0.02
  TU105             1427.00      0.62      0.29
  TU106             1427.00      0.62      0.29
  TU107                0.00      0.00      0.00
  TU108             1427.00      0.62      0.29
  TU109             1486.00      0.65      0.31
  TU11               245.00      1.12      3.40
  TU110             1486.00      0.65      0.31
  TU111                0.00      0.00      0.00
  TU112               -0.00      0.00      0.00
  TU113                0.00      0.00      0.00
  TU114                0.00      0.00      0.00
  TU115             1535.00      0.54      0.20
  TU116             1535.00      0.54      0.20
  TU117               -0.00      0.00      0.00
  TU118                0.00      0.00      0.00
  TU119             1535.00      0.54      0.20
  TU12                54.00      0.62      1.98
  TU120             1535.00      0.54      0.20
  TU121                0.00      0.00      0.00
  TU122                0.00      0.00      0.00
  TU123               -0.00      0.00      0.00
  TU124                0.00      0.00      0.00
  TU125               -0.00      0.00      0.00
  TU126               -0.00      0.00      0.00
  TU127               -0.00      0.00      0.00
  TU128                0.00      0.00      0.00
  TU129                0.00      0.00      0.00
  TU13                54.00      0.39      0.68
  TU130               46.00      0.20      0.15
  TU131               46.00      0.20      0.15
  TU132                0.00      0.00      0.00
  TU133               46.00      0.20      0.15
  TU134              119.00      1.28      7.28
  TU135              115.00      0.25      0.15
  TU136              166.00      0.37      0.29
  TU137              166.00      0.23      0.10
  TU138              166.00      0.23      0.10
  TU139              166.00      0.16      0.04
  TU14               390.00      0.86      1.36
  TU140              166.00      0.16      0.04
  TU141              100.00      1.68     15.59
  TU142              100.00      0.27      0.19
  TU143               -0.00      0.00      0.00
  TU144               64.00      0.69      2.35
  TU145              119.00      0.82      2.48
  TU146              183.00      0.80      1.77
  TU147              183.00      0.49      0.56
  TU148               -0.00      0.00      0.00
  TU149               -0.00      0.00      0.00
  TU15                -0.00      0.00      0.00
  TU150               -0.00      0.00      0.00
  TU151              183.00      0.26      0.12
  TU152              150.00      1.71     12.78
  TU15301            456.00      0.65      0.61
  TU15302            456.00      0.65      0.61
  TU1074               0.00      0.00      0.00
  TU154              456.00      0.45      0.25
  TU155                0.00      0.00      0.00
  TU156              456.00      0.45      0.25
  TU157              556.00      0.55      0.37
  TU158                0.00      0.00      0.00
  TU159              556.00      0.55      0.36
  TU16              2397.00      0.43      0.09
  TU160                0.00      0.00      0.00
  TU161              556.00      0.55      0.36
  TU162              871.00      0.63      0.39
  TU163              808.00      0.58      0.34
  TU164              871.00      0.63      0.39
  TU166               -0.00      0.00      0.00
  TU167               -0.00      0.00      0.00
  TU168                0.00      0.00      0.00
  TU169                0.00      0.00      0.00
  TU17                -0.00      0.00      0.00
  TU170                0.00      0.00      0.00
  TU171              808.00      0.58      0.34
  TU17201             -0.00      0.00      0.00
  TU17202              0.00      0.00      0.00
  TU1011A             -0.00      0.00      0.00
  TU173               -0.00      0.00      0.00
  TU174               -0.00      0.00      0.00
  TU175               -0.00      0.00      0.00
  TU176              685.00      0.67      0.53
  TU177              808.00      0.79      0.72
  TU178              604.00      0.59      0.42
  TU179              214.00      0.61      0.83
  TU18                 0.00      0.00      0.00
  TU180              214.00      0.61      0.83
  TU181              214.00      1.80     11.68
  TU182              214.00      0.98      2.65
  TU183                0.00      0.00      0.00
  TU184                0.00      0.00      0.00
  TU185               -0.00      0.00      0.00
  TU186               46.00      0.12      0.05
  TU187              115.00      0.25      0.15
  TU188              696.00      0.50      0.26
  TU189              696.00      0.50      0.26
  TU19                 0.00      0.00      0.00
  TU190               79.00      1.04      5.56
  TU191                0.00      0.00      0.00
  TU192                0.00      0.00      0.00
  TU193                0.00      0.00      0.00
  TU194               -0.00      0.00      0.00
  TU195                0.00      0.00      0.00
  TU196                0.00      0.00      0.00
  TU197               -0.00      0.00      0.00
  TU198                0.00      0.00      0.00
  TU199                0.00      0.00      0.00
  TU2                  0.00      0.00      0.00
  TU20                 0.00      0.00      0.00
  TU200               -0.00      0.00      0.00
  TU201                0.00      0.00      0.00
  TU203                0.00      0.00      0.00
  TU204              696.00      0.30      0.08
  TU205              696.00      0.30      0.08
  TU21                79.00      0.66      1.89
  TU22               696.00      0.38      0.14
  TU23               696.00      0.38      0.14
  TU24               696.00      0.38      0.14
  TU25               696.00      0.38      0.14
  TU26               575.00      0.56      0.39
  TU27               575.00      0.56      0.39
  TU28               575.00      0.56      0.39
  TU29               575.00      0.56      0.39
  TU3                  0.00      0.00      0.00
  TU30                 0.00      0.00      0.00
  TU31                -0.00      0.00      0.00
  TU32                 0.00      0.00      0.00
  TU33                 0.00      0.00      0.00
  TU34                 0.00      0.00      0.00
  TU35                -0.00      0.00      0.00
  TU36                 0.00      0.00      0.00
  TU37                -0.00      0.00      0.00
  TU38                 0.00      0.00      0.00
  TU39                -0.00      0.00      0.00
  TU4                333.00      0.47      0.35
  TU40                -0.00      0.00      0.00
  TU41                -0.00      0.00      0.00
  TU42                69.00      0.48      0.92
  TU43                56.00      0.08      0.01
  TU44                56.00      0.08      0.01
  TU45               121.00      0.17      0.06
  TU46               121.00      0.17      0.06
  TU47                 0.00      0.00      0.00
  TU48                 0.00      0.00      0.00
  TU49                 0.00      0.00      0.00
  TU5                333.00      0.47      0.35
  TU50                 0.00      0.00      0.00
  TU51                 0.00      0.00      0.00
  TU52                 0.00      0.00      0.00
  TU53                 0.00      0.00      0.00
  TU54                 0.00      0.00      0.00
  TU55                 0.00      0.00      0.00
  TU56                 0.00      0.00      0.00
  TU57                 0.00      0.00      0.00
  TU58                 0.00      0.00      0.00
  TU59                 0.00      0.00      0.00
  TU6                 -0.00      0.00      0.00
  TU60                79.00      1.63     16.58
  TU61                 0.00      0.00      0.00
  TU62                79.00      0.42      0.62
  TU63                 0.00      0.00      0.00
  TU64                79.00      0.42      0.62
  TU65                 0.00      0.00      0.00
  TU66                79.00      0.26      0.20
  TU67               151.00      0.43      0.44
  TU68               151.00      0.43      0.44
  TU69               151.00      0.21      0.08
  TU7                  0.00      0.00      0.00
  TU70               210.00      0.30      0.15
  TU71               210.00      0.30      0.15
  TU72                61.00      0.13      0.05
  TU73               221.00      0.49      0.48
  TU74               279.00      0.62      0.74
  TU75               279.00      0.62      0.74
  TU76               365.00      0.81      1.21
  TU77               365.00      0.81      1.20
  TU78                 0.00      0.00      0.00
  TU79                 0.00      0.00      0.00
  TU8                146.00      1.58     10.60
  TU80                61.00      1.26     10.33
  TU81                61.00      0.51      1.18
  TU82                 0.00      0.00      0.00
  TU83                 0.00      0.00      0.00
  TU84                 0.00      0.00      0.00
  TU85                 0.00      0.00      0.00
  TU86                 0.00      0.00      0.00
  TU87                 0.00      0.00      0.00
  TU88                 0.00      0.00      0.00
  TU89                59.00      1.05      6.80
  TU9                  0.00      0.00      0.00
  TU90                 0.00      0.00      0.00
  TU91                59.00      0.67      2.32
  TU92                59.00      0.27      0.26
  TU93                59.00      0.17      0.08
  TU94                 0.00      0.00      0.00
  TU95                59.00      0.17      0.08
  TU96                 0.00      0.00      0.00
  TU97                 0.00      0.00      0.00
  TU98                 0.00      0.00      0.00
  TU99                59.00      0.13      0.04
  TU4000               0.00      0.00      0.00
   
  Analysis ended Fri Dec  1 10:06:08 2023
