  Page 1                                    Fri Dec  1 10:05:27 2023

  ******************************************************************
  *                           E P A N E T                          *
  *                   Hydraulic and Water Quality                  *
  *                   Analysis for Pipe Networks                   *
  *                         Version 2.2                            *
  ******************************************************************
  
  Analysis begun Fri Dec  1 10:05:27 2023

   
  Node Results:
  ----------------------------------------------
                     Demand      Head  Pressure
  Node                 m3/h         m         m
  ----------------------------------------------
  3661                 0.00    428.88     50.74
  482                  0.00    428.91     82.91
  661                  0.00    428.13     98.13
  6610                 0.00    426.94      1.82
  6611                 0.00    427.50     92.50
  6612                 0.00    427.55     65.18
  6613                 0.00    427.17     72.17
  6615                 0.00    428.82     89.82
  6616                 0.00    428.49     67.49
  6617                 0.00    428.76     85.76
  6618                 0.00    428.76     80.76
  662                  0.00    428.58    100.58
  6620                 0.00    428.39    120.39
  6621                 0.00    428.39    100.39
  6622                 0.00    428.39     91.39
  6623                 0.00    428.39     77.39
  6624                 0.00    428.40     76.40
  6625                 0.00    428.23    116.23
  6626                 0.00    428.23    107.23
  6627                 0.00    427.94    106.94
  6628                 0.00    426.00     87.00
  6629                 0.00    428.02     88.02
  663                  0.00    428.36     87.36
  6630                 0.00    428.24      3.12
  6632                 0.00    428.43     88.43
  6633                 0.00    428.85     66.21
  6634                 0.00    428.87     57.87
  6635                 0.00    428.92     76.92
  6636                 0.00    428.92     72.92
  6637                 0.00    428.91     61.91
  6639                 0.00    427.16     67.16
  664                  0.00    428.21     80.21
  6640                 0.00    427.05     67.05
  6641                 0.00    427.25     68.57
  6642                 0.00    427.13     71.13
  6643                 0.00    428.00     76.00
  6644                 0.00    428.12     76.12
  6645                 0.00    428.15     78.15
  6646                 0.00    426.32     79.30
  6648                 0.00    426.59     80.58
  6649                 0.00    428.08     89.08
  665                  0.00    428.14     83.14
  666                  0.00    428.24     88.24
  6665                 0.00    428.88     63.74
  6666                 0.00    428.90     61.24
  667                  0.00    428.11     76.11
  668                  0.00    428.13     98.13
  669                  0.00    427.84     82.84
  1                    0.00    428.72     98.72
  10                   0.00    428.00     76.00
  100                170.00    427.07     72.07
  100B                82.00    426.57     68.57
  101                112.00    426.80     73.80
  103                  0.00    427.77     88.77
  104                  0.00    427.77     88.77
  105                  0.00    427.17     72.17
  106                  0.00    427.17     72.17
  107                  0.00    428.82     89.82
  108                  0.00    428.82     93.26
  109                  0.00    428.82     91.82
  11B                 47.00    428.10     85.10
  110                  0.00    428.76     82.76
  111                  0.00    428.76     90.78
  112                  0.00    428.76     86.76
  113                  0.00    428.76    105.76
  114                  0.00    428.76     80.76
  115                  0.00    428.76     82.76
  116                  0.00    428.76     83.76
  117                  0.00    428.76     85.76
  118                  0.00    428.76     89.76
  119                  0.00    428.76    105.95
  12                  83.00    427.93     97.59
  121                  0.00    428.76     78.76
  122                  0.00    428.76     81.76
  123                  0.00    428.76     82.76
  125                  0.00    428.76     77.76
  126                  0.00    428.76     80.76
  127                  0.00    428.76     85.43
  128                  0.00    428.47     66.47
  129                  0.00    428.23     72.23
  130                116.00    428.14     87.06
  130B                68.00    428.18     75.18
  132                  0.00    428.13     95.13
  134                 42.00    427.79    106.79
  135                  0.00    427.94    111.94
  137                  0.00    427.94    118.94
  139                  0.00    428.13     68.13
  14                   0.00    427.77     89.77
  140                  0.00    428.13     77.13
  141                  0.00    428.13     76.13
  142                  0.00    428.13     67.13
  143                  0.00    428.13     87.16
  144                 86.00    428.33     69.33
  146                  0.00    428.27     82.27
  147                 64.00    427.93    106.93
  148                 67.00    428.26     95.26
  149                  0.00    428.23    115.02
  15                 224.00    426.83     91.83
  150                  0.00    428.23    120.16
  151                  0.00    428.23    122.99
  152                  0.00    428.23    118.21
  153                  0.00    428.23    118.23
  154                  0.00    428.39    103.39
  157                  0.00    428.39    125.39
  158A                 0.00    428.39    107.39
  158B                 0.00    428.39    107.39
  16B                  0.00    427.78     93.78
  160                  0.00    428.91     61.91
  162                  0.00    428.91     60.91
  163                  0.00    428.90     54.90
  164                  0.00    428.89     69.23
  165                  0.00    428.88     67.58
  166                  0.00    428.88     67.87
  167                  0.00    428.88     58.24
  169                 47.00    428.82     62.32
  17A                  0.00    427.50     92.50
  170                  0.00    428.91     69.91
  17B                  0.00    427.50     92.50
  171                  0.00    428.92     76.92
  172                  0.00    428.92     88.92
  18B                  0.00    427.50    102.50
  19                   0.00    428.85     70.85
  2                    0.00    428.61    102.61
  20                   0.00    428.88     64.88
  2002                 0.00    427.84     77.84
  2003                 0.00    427.84     77.84
  21                   0.00    428.86     66.13
  22                   0.00    428.86     67.26
  222                  0.00    428.83     78.83
  24                   0.00    428.82     84.82
  25                   0.00    428.79     83.79
  26                   0.00    428.76     80.76
  27                   0.00    428.76     78.76
  28                   0.00    428.69     80.69
  29                   0.00    428.52     72.52
  3                   65.00    428.49     88.14
  30                   0.00    428.50     67.50
  3002                 0.00    428.88     42.88
  3004                 0.00    428.88     42.88
  3005                 0.00    428.88     42.88
  3008                 0.00    428.88     43.88
  3012                 0.00    428.88     58.15
  3013                 0.00    428.88     63.95
  3016                 0.00    428.89     63.89
  3017                 0.00    428.92     46.92
  3018                 0.00    428.92     51.92
  3019                 0.00    428.88     59.49
  3020                 0.00    428.88     60.77
  3024                 0.00    428.88     63.94
  31                   0.00    428.43     70.64
  3152                 0.00    428.88     62.68
  32                   0.00    428.46     70.46
  34                  66.00    428.24     77.22
  35                   0.00    428.39     91.39
  36                   0.00    428.39    100.39
  39                   0.00    428.39    115.39
  41                   0.00    428.39    121.39
  46                   0.00    428.92     52.92
  47                   0.00    428.88     70.70
  48                   0.00    428.91     84.91
  49                   0.00    428.91     76.91
  5                    0.00    428.42     81.42
  52                   0.00    428.91     77.91
  53                   0.00    428.87     72.87
  54                   0.00    428.80     83.80
  55                   0.00    428.72     98.72
  56                   0.00    428.72     94.72
  58                   0.00    428.72     95.72
  59                   0.00    428.72     99.72
  6                    0.00    428.12     76.12
  60                   0.00    428.49     83.49
  61                   0.00    428.49     89.49
  62                   0.00    428.11     74.11
  64                   0.00    428.52     97.52
  65                   0.00    428.43     88.43
  66                   0.00    428.42     89.42
  67                 102.00    428.28     96.28
  68                   0.00    428.24     89.24
  69                   0.00    428.24     77.24
  7                    0.00    428.28     75.28
  70                 119.00    427.17     87.17
  71                   0.00    428.02     91.02
  72                   0.00    428.11     72.11
  73                   0.00    427.97     72.97
  77                   0.00    428.11     72.11
  78                   0.00    428.11     87.97
  79                   0.00    428.28     75.28
  8                    0.00    428.15     78.15
  80                   0.00    428.16     79.16
  81                   0.00    426.59     67.59
  82                 128.00    425.56     67.56
  85                  56.00    425.75     86.75
  86                   0.00    426.00     89.00
  87                 117.00    427.65     67.65
  88                   0.00    427.55     74.55
  89                   0.00    427.35     60.35
  90                   0.00    427.13     71.13
  91                   0.00    427.16     55.16
  92                  62.00    426.89     66.89
  91B                  0.00    426.94     66.94
  94                   0.00    428.08     89.08
  95                   0.00    427.96     84.96
  97                   0.00    427.88     96.88
  99                 146.00    424.68     74.68
  74                   0.00    427.94     69.23
  1074                 0.00    427.94     69.94
  11A                 53.00    427.84     84.84
  1011                 0.00    427.88     84.88
  0                -2122.00    429.00      0.00  Reservoir
   
   
  Link Results:
  ----------------------------------------------
                       Flow  Velocity  Headloss
  Link                 m3/h       m/s    /1000m
  ----------------------------------------------
  TU1                 62.00      0.68      2.28
  TU10                 0.00      0.00      0.00
  TU100              277.00      0.61      0.73
  TU101              277.00      0.39      0.25
  TU102                0.00      0.00      0.00
  TU103              277.00      0.39      0.25
  TU104              277.00      0.39      0.25
  TU105             1224.00      0.53      0.22
  TU106             1224.00      0.53      0.22
  TU107                0.00      0.00      0.00
  TU108             1289.00      0.56      0.24
  TU109             1566.00      0.68      0.34
  TU11               112.00      0.51      0.82
  TU110             1566.00      0.68      0.34
  TU111                0.00      0.00      0.00
  TU112               -0.00      0.00      0.00
  TU113                0.00      0.00      0.00
  TU114                0.00      0.00      0.00
  TU115             1566.00      0.55      0.20
  TU116             1566.00      0.55      0.20
  TU117               -0.00      0.00      0.00
  TU118                0.00      0.00      0.00
  TU119             1566.00      0.55      0.20
  TU12                 0.00      0.00      0.00
  TU120             1566.00      0.55      0.20
  TU121                0.00      0.00      0.00
  TU122                0.00      0.00      0.00
  TU123               -0.00      0.00      0.00
  TU124                0.00      0.00      0.00
  TU125               -0.00      0.00      0.00
  TU126               -0.00      0.00      0.00
  TU127               -0.00      0.00      0.00
  TU128                0.00      0.00      0.00
  TU129                0.00      0.00      0.00
  TU13                 0.00      0.00      0.00
  TU130                0.00      0.00      0.00
  TU131               -0.00      0.00      0.00
  TU132               47.00      0.20      0.15
  TU133               47.00      0.20      0.15
  TU134               -0.00      0.00      0.00
  TU135               47.00      0.10      0.03
  TU136               47.00      0.10      0.03
  TU137               47.00      0.07      0.01
  TU138               47.00      0.07      0.01
  TU139               47.00      0.05      0.00
  TU14               112.00      0.25      0.14
  TU140               47.00      0.05      0.00
  TU141                0.00      0.00      0.00
  TU142                0.00      0.00      0.00
  TU143               -0.00      0.00      0.00
  TU144               82.00      0.89      3.69
  TU145               62.00      0.43      0.76
  TU146              144.00      0.63      1.14
  TU147              144.00      0.39      0.36
  TU148                0.00      0.00      0.00
  TU149              170.00      1.18      4.75
  TU15                -0.00      0.00      0.00
  TU150              170.00      1.18      4.76
  TU151              314.00      0.44      0.31
  TU152              146.00      1.67     12.15
  TU15301            577.00      0.82      0.95
  TU15302            577.00      0.82      0.94
  TU1074               0.00      0.00      0.00
  TU154              577.00      0.57      0.39
  TU155                0.00      0.00      0.00
  TU156              577.00      0.57      0.39
  TU157              577.00      0.57      0.39
  TU158                0.00      0.00      0.00
  TU159              577.00      0.57      0.39
  TU16              2122.00      0.38      0.07
  TU160                0.00      0.00      0.00
  TU161              577.00      0.57      0.39
  TU162              647.00      0.47      0.23
  TU163              647.00      0.47      0.23
  TU164              647.00      0.47      0.23
  TU166               -0.00      0.00      0.00
  TU167              128.00      1.68     13.46
  TU168              128.00      1.68     13.46
  TU169              128.00      1.08      4.54
  TU17                -0.00      0.00      0.00
  TU170              128.00      0.59      1.04
  TU171              519.00      0.37      0.15
  TU17201             53.00      0.70      2.69
  TU17202              0.00      0.00      0.00
  TU1011A             53.00      0.70      2.69
  TU173               53.00      0.39      0.65
  TU174               -0.00      0.00      0.00
  TU175               53.00      0.24      0.21
  TU176              419.00      0.41      0.22
  TU177              466.00      0.46      0.26
  TU178              336.00      0.33      0.15
  TU179              224.00      0.64      0.91
  TU18                 0.00      0.00      0.00
  TU180                0.00      0.00      0.00
  TU181                0.00      0.00      0.00
  TU182                0.00      0.00      0.00
  TU183                0.00      0.00      0.00
  TU184                0.00      0.00      0.00
  TU185               -0.00      0.00      0.00
  TU186               47.00      0.13      0.05
  TU187               47.00      0.10      0.03
  TU188              509.00      0.37      0.15
  TU189              509.00      0.37      0.15
  TU19                 0.00      0.00      0.00
  TU190               -0.00      0.00      0.00
  TU191                0.00      0.00      0.00
  TU192                0.00      0.00      0.00
  TU193                0.00      0.00      0.00
  TU194               -0.00      0.00      0.00
  TU195                0.00      0.00      0.00
  TU196                0.00      0.00      0.00
  TU197               -0.00      0.00      0.00
  TU198                0.00      0.00      0.00
  TU199                0.00      0.00      0.00
  TU2                224.00      2.56     26.84
  TU20                 0.00      0.00      0.00
  TU200               -0.00      0.00      0.00
  TU201                0.00      0.00      0.00
  TU203                0.00      0.00      0.00
  TU204              509.00      0.22      0.04
  TU205              509.00      0.22      0.04
  TU21                -0.00      0.00      0.00
  TU22               509.00      0.28      0.08
  TU23               509.00      0.28      0.08
  TU24               509.00      0.28      0.08
  TU25               509.00      0.28      0.08
  TU26               509.00      0.50      0.31
  TU27               509.00      0.50      0.31
  TU28               509.00      0.50      0.31
  TU29               509.00      0.50      0.31
  TU3                  0.00      0.00      0.00
  TU30                 0.00      0.00      0.00
  TU31                -0.00      0.00      0.00
  TU32                 0.00      0.00      0.00
  TU33                 0.00      0.00      0.00
  TU34                 0.00      0.00      0.00
  TU35                 0.00      0.00      0.00
  TU36                 0.00      0.00      0.00
  TU37                 0.00      0.00      0.00
  TU38                 0.00      0.00      0.00
  TU39                -0.00      0.00      0.00
  TU4                460.00      0.65      0.62
  TU40                 0.00      0.00      0.00
  TU41                -0.00      0.00      0.00
  TU42                 0.00      0.00      0.00
  TU43                -0.00      0.00      0.00
  TU44                -0.00      0.00      0.00
  TU45                -0.00      0.00      0.00
  TU46                -0.00      0.00      0.00
  TU47                 0.00      0.00      0.00
  TU48                 0.00      0.00      0.00
  TU49                 0.00      0.00      0.00
  TU5                460.00      0.65      0.62
  TU50                 0.00      0.00      0.00
  TU51                 0.00      0.00      0.00
  TU52                 0.00      0.00      0.00
  TU53                 0.00      0.00      0.00
  TU54                 0.00      0.00      0.00
  TU55                 0.00      0.00      0.00
  TU56                 0.00      0.00      0.00
  TU57                 0.00      0.00      0.00
  TU58                66.00      1.17      8.34
  TU59                66.00      0.19      0.10
  TU6                 -0.00      0.00      0.00
  TU60                -0.00      0.00      0.00
  TU61                 0.00      0.00      0.00
  TU62                -0.00      0.00      0.00
  TU63                 0.00      0.00      0.00
  TU64                 0.00      0.00      0.00
  TU65                64.00      1.32     11.27
  TU66                64.00      0.21      0.14
  TU67               131.00      0.37      0.34
  TU68               131.00      0.37      0.34
  TU69               197.00      0.28      0.13
  TU7                  0.00      0.00      0.00
  TU70               197.00      0.28      0.13
  TU71               197.00      0.28      0.13
  TU72                42.00      0.09      0.02
  TU73               158.00      0.35      0.26
  TU74               226.00      0.50      0.50
  TU75               226.00      0.50      0.50
  TU76               312.00      0.69      0.90
  TU77               312.00      0.69      0.90
  TU78                 0.00      0.00      0.00
  TU79                 0.00      0.00      0.00
  TU8                112.00      1.21      6.52
  TU80                42.00      0.87      5.23
  TU81                42.00      0.35      0.60
  TU82                 0.00      0.00      0.00
  TU83                 0.00      0.00      0.00
  TU84                 0.00      0.00      0.00
  TU85                 0.00      0.00      0.00
  TU86                 0.00      0.00      0.00
  TU87                 0.00      0.00      0.00
  TU88                 0.00      0.00      0.00
  TU89                56.00      1.00      6.18
  TU9                  0.00      0.00      0.00
  TU90                 0.00      0.00      0.00
  TU91                56.00      0.64      2.11
  TU92               175.00      0.80      1.84
  TU93               175.00      0.50      0.58
  TU94                 0.00      0.00      0.00
  TU95               175.00      0.50      0.58
  TU96                 0.00      0.00      0.00
  TU97                 0.00      0.00      0.00
  TU98                 0.00      0.00      0.00
  TU99               175.00      0.39      0.32
  TU4000               0.00      0.00      0.00
   
  Analysis ended Fri Dec  1 10:05:27 2023
