  Page 1                                    Fri Dec  1 10:00:50 2023

  ******************************************************************
  *                           E P A N E T                          *
  *                   Hydraulic and Water Quality                  *
  *                   Analysis for Pipe Networks                   *
  *                         Version 2.2                            *
  ******************************************************************
  
  Analysis begun Fri Dec  1 10:00:50 2023

   
  Node Results:
  ----------------------------------------------
                     Demand      Head  Pressure
  Node                 m3/h         m         m
  ----------------------------------------------
  3661                 0.00    427.89     49.75
  482                  0.00    426.64     80.64
  661                  0.00    424.53     94.53
  6610                 0.00    425.83      0.71
  6611                 0.00    422.99     87.99
  6612                 0.00    425.96     63.59
  6613                 0.00    422.26     67.26
  6615                 0.00    427.10     88.10
  6616                 0.00    425.75     64.75
  6617                 0.00    424.36     81.36
  6618                 0.00    426.68     78.68
  662                  0.00    427.30     99.30
  6620                 0.00    425.39    117.39
  6621                 0.00    425.39     97.39
  6622                 0.00    425.39     88.39
  6623                 0.00    425.39     74.39
  6624                 0.00    425.40     73.40
  6625                 0.00    423.76    111.76
  6626                 0.00    424.33    103.33
  6627                 0.00    424.20    103.20
  6628                 0.00    425.94     86.94
  6629                 0.00    426.59     86.59
  663                  0.00    426.63     85.63
  6630                 0.00    426.76      1.64
  6632                 0.00    426.93     86.93
  6633                 0.00    428.14     65.50
  6634                 0.00    428.23     57.23
  6635                 0.00    427.79     75.79
  6636                 0.00    427.79     71.79
  6637                 0.00    427.47     60.47
  6639                 0.00    425.87     65.87
  664                  0.00    426.05     78.05
  6640                 0.00    425.83     65.83
  6641                 0.00    425.90     67.22
  6642                 0.00    425.89     69.89
  6643                 0.00    426.04     74.04
  6644                 0.00    426.14     74.14
  6645                 0.00    426.20     76.20
  6646                 0.00    426.03     79.01
  6648                 0.00    426.03     80.02
  6649                 0.00    425.60     86.60
  665                  0.00    425.71     80.71
  666                  0.00    426.76     86.76
  6665                 0.00    425.20     60.06
  6666                 0.00    426.83     59.17
  667                  0.00    426.12     74.12
  668                  0.00    424.51     94.51
  669                  0.00    426.45     81.45
  1                   71.00    427.69     97.69
  10                  66.00    425.65     73.65
  100                 47.00    425.88     70.88
  100B                82.00    425.35     67.35
  101                122.00    421.83     68.83
  103                 51.00    419.63     80.63
  104                166.00    419.45     80.45
  105                  0.00    422.26     67.26
  106                 54.00    422.19     67.19
  107                  0.00    427.10     88.10
  108                 64.00    426.11     90.55
  109                  0.00    426.87     89.87
  11B                120.00    425.50     82.50
  110                 73.00    426.61     80.61
  111                 52.00    426.40     88.42
  112                  0.00    426.51     84.51
  113                  0.00    426.17    103.17
  114                 61.00    425.42     77.42
  115                 56.00    424.80     78.80
  116                  0.00    425.20     80.20
  117                 87.00    424.24     81.24
  118                 67.00    423.55     84.55
  119                  0.00    423.55    100.74
  12                 131.00    424.66     94.32
  121                  0.00    425.81     75.81
  122                  0.00    425.20     78.20
  123                  0.00    425.20     79.20
  125                  0.00    425.77     74.77
  126                 70.00    425.65     77.65
  127                  0.00    425.65     82.32
  128                 70.00    425.70     63.70
  129                  0.00    425.01     69.01
  130                123.00    424.64     83.56
  130B                64.00    424.83     71.83
  132                 57.00    418.05     85.05
  134                  0.00    424.20    103.20
  135                 57.00    423.62    107.62
  137                  0.00    423.62    114.62
  139                 68.00    424.06     64.06
  14                  92.00    423.61     85.61
  140                  0.00    424.30     73.30
  141                  0.00    424.29     72.29
  142                  0.00    424.06     63.06
  143                 63.00    415.11     74.14
  144                 86.00    425.34     66.34
  146                  0.00    424.76     78.76
  147                 65.00    424.03    103.03
  148                 74.00    424.67     91.67
  149                  0.00    423.76    110.55
  15                 214.00    422.38     87.38
  150                103.00    423.09    115.02
  151                  0.00    422.80    117.56
  152                 75.00    420.53    110.51
  153                  0.00    421.30    111.30
  154                  0.00    425.39    100.39
  157                  0.00    425.39    122.39
  158A                 0.00    425.39    104.39
  158B                 0.00    425.39    104.39
  16B                  0.00    423.79     89.79
  160                  0.00    427.42     60.42
  162                  0.00    427.13     59.13
  163                 89.00    426.53     52.53
  164                 54.00    426.36     66.70
  165                 63.00    425.30     64.00
  166                 93.00    425.31     64.30
  167                 83.00    425.07     54.43
  169                 54.00    426.08     59.58
  17A                  0.00    422.86     87.86
  170                  0.00    427.65     68.65
  17B                182.00    422.72     87.72
  171                  0.00    427.79     75.79
  172                  0.00    427.79     87.79
  18B                  0.00    422.72     97.72
  19                   0.00    428.14     70.14
  2                    0.00    427.38    101.38
  20                  86.00    427.89     63.89
  2002                 0.00    426.45     76.45
  2003                 0.00    426.45     76.45
  21                  65.00    427.75     65.02
  22                  76.00    427.73     66.13
  222                  0.00    427.46     77.46
  24                   0.00    427.30     83.30
  25                   0.00    427.05     82.05
  26                  85.00    426.38     78.38
  27                   0.00    426.80     76.80
  28                   0.00    426.55     78.55
  29                  60.00    425.86     69.86
  3                    0.00    427.02     86.67
  30                   0.00    425.78     64.78
  3002                 0.00    427.89     41.89
  3004                 0.00    427.89     41.89
  3005                 0.00    427.89     41.89
  3008                 0.00    427.89     42.89
  3012                 0.00    427.89     57.16
  3013                 0.00    427.89     62.96
  3016               135.00    428.01     63.01
  3017               148.00    428.42     46.42
  3018                72.00    427.68     50.68
  3019                 0.00    427.89     58.50
  3020                 0.00    427.89     59.78
  3024                 0.00    427.89     62.95
  31                  49.00    425.51     67.72
  3152                 0.00    427.89     61.69
  32                   0.00    425.61     67.61
  34                  70.00    425.22     74.20
  35                   0.00    425.39     88.39
  36                   0.00    425.39     97.39
  39                   0.00    425.39    112.39
  41                   0.00    425.39    118.39
  46                 137.00    427.94     51.94
  47                   0.00    426.16     67.98
  48                   0.00    426.29     82.29
  49                  78.00    423.62     71.62
  5                    0.00    426.81     79.81
  52                  76.00    423.59     72.59
  53                 108.00    426.36     70.36
  54                   0.00    427.98     82.98
  55                   0.00    426.32     96.32
  56                  54.00    425.66     91.66
  58                 119.00    421.44     88.44
  59                 161.00    417.82     88.82
  6                   61.00    425.92     73.92
  60                   0.00    427.02     82.02
  61                   0.00    427.02     88.02
  62                   0.00    425.81     71.81
  64                  59.00    427.12     96.12
  65                  71.00    426.67     86.67
  66                  87.00    426.92     87.92
  67                 111.00    426.79     94.79
  68                   0.00    426.76     87.76
  69                   0.00    426.76     75.76
  7                   59.00    426.29     73.29
  70                 151.00    425.94     85.94
  71                   0.00    426.59     89.59
  72                  98.00    425.81     69.81
  73                 178.00    426.02     71.02
  77                 124.00    421.99     65.99
  78                   0.00    425.81     85.67
  79                  57.00    426.28     73.28
  8                   67.00    425.95     75.95
  80                  84.00    426.03     77.03
  81                   0.00    426.03     67.03
  82                   0.00    426.03     68.03
  85                   0.00    425.94     86.94
  86                   0.00    425.94     88.94
  87                   0.00    425.98     65.98
  88                   0.00    425.96     72.96
  89                   0.00    425.92     58.92
  90                   0.00    425.89     69.89
  91                   0.00    425.87     53.87
  92                   0.00    425.83     65.83
  91B                  0.00    425.83     65.83
  94                   0.00    425.60     86.60
  95                   0.00    425.35     82.35
  97                   0.00    425.18     94.18
  99                  52.00    425.52     75.52
  74                  82.00    423.54     64.83
  1074                 0.00    426.01     68.01
  11A                 79.00    425.10     82.10
  1011                 0.00    425.18     82.18
  0                -6268.00    429.00      0.00  Reservoir
   
   
  Link Results:
  ----------------------------------------------
                       Flow  Velocity  Headloss
  Link                 m3/h       m/s    /1000m
  ----------------------------------------------
  TU1                 -0.00      0.00      0.00
  TU10                 0.00      0.00      0.00
  TU100              262.00      0.58      0.66
  TU101              349.00      0.49      0.38
  TU102               71.00      1.26      9.53
  TU103              420.00      0.59      0.53
  TU104              479.00      0.68      0.67
  TU105             2268.00      0.99      0.67
  TU106             2268.00      0.99      0.67
  TU107                0.00      0.00      0.00
  TU108             2268.00      0.99      0.67
  TU109             2747.00      1.20      0.96
  TU11               176.00      0.81      1.85
  TU110             2747.00      1.20      0.96
  TU111              161.00      2.12     20.56
  TU112              280.00      2.05     13.60
  TU113              334.00      1.77      8.65
  TU114              334.00      1.77      8.65
  TU115             3152.00      1.11      0.74
  TU116             3152.00      1.11      0.74
  TU117              108.00      1.17      6.10
  TU118                0.00      0.00      0.00
  TU119             3152.00      1.11      0.74
  TU12               166.00      1.90     15.40
  TU120             3260.00      1.15      0.79
  TU121                0.00      0.00      0.00
  TU122                0.00      0.00      0.00
  TU123               -0.00      0.00      0.00
  TU124               76.00      0.87      3.68
  TU125              154.00      1.13      4.52
  TU126              154.00      0.70      1.45
  TU127              154.00      0.70      1.45
  TU128               83.00      0.36      0.42
  TU129               83.00      0.36      0.42
  TU13               217.00      1.59      8.49
  TU130              146.00      0.64      1.18
  TU131              239.00      1.04      2.88
  TU132               54.00      0.24      0.19
  TU133              293.00      1.28      4.18
  TU134               -0.00      0.00      0.00
  TU135              436.00      0.96      1.67
  TU136              436.00      0.96      1.67
  TU137              590.00      0.83      0.98
  TU138              590.00      0.83      0.98
  TU139              590.00      0.58      0.41
  TU14               485.00      1.07      2.03
  TU140              799.00      0.78      0.71
  TU141                0.00      0.00      0.00
  TU142              222.00      0.60      0.79
  TU143               -0.00      0.00      0.00
  TU144               82.00      0.89      3.69
  TU145               -0.00      0.00      0.00
  TU146               82.00      0.36      0.41
  TU147               82.00      0.22      0.13
  TU148                0.00      0.00      0.00
  TU149               47.00      0.33      0.46
  TU15                -0.00      0.00      0.00
  TU150               47.00      0.33      0.46
  TU151              129.00      0.18      0.06
  TU152               52.00      0.59      1.85
  TU15301            263.00      0.37      0.23
  TU15302            181.00      0.26      0.11
  TU1074              82.00      1.08      5.95
  TU154              441.00      0.43      0.24
  TU155               66.00      1.11      7.28
  TU156              507.00      0.50      0.31
  TU157              729.00      0.72      0.60
  TU158               61.00      1.09      7.22
  TU159              790.00      0.78      0.69
  TU16              6268.00      1.13      0.51
  TU160               67.00      1.19      8.57
  TU161              857.00      0.84      0.81
  TU162             1411.00      1.02      0.95
  TU163             1295.00      0.93      0.81
  TU164             1352.00      0.98      0.88
  TU166               -0.00      0.00      0.00
  TU167               -0.00      0.00      0.00
  TU168                0.00      0.00      0.00
  TU169                0.00      0.00      0.00
  TU17                64.00      1.14      7.88
  TU170               84.00      0.38      0.49
  TU171             1211.00      0.87      0.72
  TU17201             79.00      1.04      5.56
  TU17202              0.00      0.00      0.00
  TU1011A             79.00      1.04      5.56
  TU173               79.00      0.58      1.34
  TU174               -0.00      0.00      0.00
  TU175               79.00      0.36      0.43
  TU176             1012.00      0.99      1.09
  TU177             1132.00      1.11      1.34
  TU178              881.00      0.87      0.85
  TU179              396.00      1.12      2.57
  TU18                64.00      0.73      2.69
  TU180              182.00      0.52      0.62
  TU181                0.00      0.00      0.00
  TU182              182.00      0.83      1.97
  TU183                0.00      0.00      0.00
  TU184                0.00      0.00      0.00
  TU185              341.00      0.75      1.06
  TU186              347.00      0.94      1.78
  TU187              436.00      0.96      1.67
  TU188             1635.00      1.18      1.25
  TU189             1635.00      1.18      1.25
  TU19                -0.00      0.00      0.00
  TU190               75.00      0.99      5.06
  TU191               -0.00      0.00      0.00
  TU192                0.00      0.00      0.00
  TU193                0.00      0.00      0.00
  TU194               -0.00      0.00      0.00
  TU195                0.00      0.00      0.00
  TU196                0.00      0.00      0.00
  TU197               -0.00      0.00      0.00
  TU198                0.00      0.00      0.00
  TU199                0.00      0.00      0.00
  TU2                214.00      2.44     24.65
  TU20                64.00      0.47      0.92
  TU200               -0.00      0.00      0.00
  TU201                0.00      0.00      0.00
  TU203               72.00      1.21      8.53
  TU204             1926.00      0.84      0.50
  TU205             2061.00      0.90      0.56
  TU21                75.00      0.63      1.72
  TU22              1699.00      0.94      0.70
  TU23              1699.00      0.94      0.70
  TU24              1775.00      0.98      0.76
  TU25              1840.00      1.02      0.81
  TU26              1024.00      1.01      1.12
  TU27              1024.00      1.01      1.12
  TU28              1084.00      1.06      1.24
  TU29              1084.00      1.06      1.24
  TU3                  0.00      0.00      0.00
  TU30                 0.00      0.00      0.00
  TU31                67.00      0.76      2.93
  TU32                87.00      0.99      4.71
  TU33               154.00      0.70      1.45
  TU34               210.00      0.96      2.56
  TU35                -0.00      0.00      0.00
  TU36                 0.00      0.00      0.00
  TU37               210.00      0.60      0.81
  TU38               271.00      0.77      1.28
  TU39                -0.00      0.00      0.00
  TU4                181.00      0.26      0.11
  TU40                70.00      0.51      1.08
  TU41               341.00      0.75      1.06
  TU42                89.00      0.62      1.46
  TU43               393.00      0.56      0.47
  TU44               393.00      0.56      0.47
  TU45               466.00      0.66      0.64
  TU46               551.00      0.78      0.87
  TU47                85.00      1.51     13.25
  TU48                 0.00      0.00      0.00
  TU49                 0.00      0.00      0.00
  TU5                181.00      0.26      0.11
  TU50                 0.00      0.00      0.00
  TU51                 0.00      0.00      0.00
  TU52                 0.00      0.00      0.00
  TU53                 0.00      0.00      0.00
  TU54                 0.00      0.00      0.00
  TU55                 0.00      0.00      0.00
  TU56                 0.00      0.00      0.00
  TU57                 0.00      0.00      0.00
  TU58                70.00      1.25      9.29
  TU59                70.00      0.20      0.11
  TU6                341.00      0.48      0.36
  TU60                75.00      1.55     15.07
  TU61                 0.00      0.00      0.00
  TU62               178.00      0.95      2.72
  TU63                 0.00      0.00      0.00
  TU64               178.00      0.95      2.72
  TU65                65.00      1.34     11.60
  TU66               243.00      0.80      1.52
  TU67               317.00      0.90      1.71
  TU68               317.00      0.90      1.71
  TU69               387.00      0.55      0.46
  TU7                124.00      2.09     23.18
  TU70               436.00      0.62      0.57
  TU71               436.00      0.62      0.57
  TU72               245.00      0.54      0.58
  TU73               368.00      0.81      1.22
  TU74               432.00      0.95      1.64
  TU75               432.00      0.95      1.64
  TU76               518.00      1.15      2.29
  TU77               588.00      1.30      2.89
  TU78                 0.00      0.00      0.00
  TU79                57.00      0.75      3.07
  TU8                122.00      1.32      7.62
  TU80                 0.00      0.00      0.00
  TU81                57.00      0.48      1.05
  TU82                63.00      1.12      7.66
  TU83               120.00      1.58     11.96
  TU84                 0.00      0.00      0.00
  TU85                68.00      0.50      1.02
  TU86                68.00      0.31      0.33
  TU87                68.00      0.36      0.48
  TU88               188.00      0.42      0.36
  TU89                 0.00      0.00      0.00
  TU9                 54.00      0.91      5.05
  TU90                 0.00      0.00      0.00
  TU91                -0.00      0.00      0.00
  TU92               151.00      0.69      1.40
  TU93               151.00      0.43      0.44
  TU94                 0.00      0.00      0.00
  TU95               151.00      0.43      0.44
  TU96                 0.00      0.00      0.00
  TU97                 0.00      0.00      0.00
  TU98                 0.00      0.00      0.00
  TU99               151.00      0.33      0.24
  TU4000               0.00      0.00      0.00
   
  Analysis ended Fri Dec  1 10:00:50 2023
