  Page 1                                    Fri Dec  1 10:12:10 2023

  ******************************************************************
  *                           E P A N E T                          *
  *                   Hydraulic and Water Quality                  *
  *                   Analysis for Pipe Networks                   *
  *                         Version 2.2                            *
  ******************************************************************
  
  Analysis begun Fri Dec  1 10:12:10 2023

   
  Node Results:
  ----------------------------------------------
                     Demand      Head  Pressure
  Node                 m3/h         m         m
  ----------------------------------------------
  3661                 0.00    428.91     50.77
  482                  0.00    428.93     82.93
  661                  0.00    428.89     98.89
  6610                 0.00    428.47      3.35
  6611                 0.00    427.97     92.97
  6612                 0.00    428.47     66.10
  6613                 0.00    427.99     72.99
  6615                 0.00    428.90     89.90
  6616                 0.00    428.89     67.89
  6617                 0.00    428.75     85.75
  6618                 0.00    428.89     80.89
  662                  0.00    428.73    100.73
  6620                 0.00    428.89    120.89
  6621                 0.00    428.89    100.89
  6622                 0.00    428.89     91.89
  6623                 0.00    428.89     77.89
  6624                 0.00    428.89     76.89
  6625                 0.00    428.89    116.89
  6626                 0.00    428.89    107.89
  6627                 0.00    428.89    107.89
  6628                 0.00    427.75     88.75
  6629                 0.00    428.42     88.42
  663                  0.00    428.62     87.62
  6630                 0.00    428.60      3.48
  6632                 0.00    428.68     88.68
  6633                 0.00    428.89     66.25
  6634                 0.00    428.90     57.90
  6635                 0.00    428.93     76.93
  6636                 0.00    428.93     72.93
  6637                 0.00    428.93     61.93
  6639                 0.00    428.47     68.47
  664                  0.00    428.53     80.53
  6640                 0.00    428.47     68.47
  6641                 0.00    428.47     69.79
  6642                 0.00    428.47     72.47
  6643                 0.00    428.49     76.49
  6644                 0.00    428.51     76.51
  6645                 0.00    428.52     78.52
  6646                 0.00    428.53     81.51
  6648                 0.00    428.53     82.52
  6649                 0.00    428.47     89.47
  665                  0.00    428.47     83.47
  666                  0.00    428.60     88.60
  6665                 0.00    428.89     63.75
  6666                 0.00    428.91     61.25
  667                  0.00    428.51     76.51
  668                  0.00    428.89     98.89
  669                  0.00    428.28     83.28
  1                    0.00    428.80     98.80
  10                   0.00    428.49     76.49
  100                  0.00    428.47     73.47
  100B                 0.00    428.47     70.47
  101                  0.00    427.99     74.99
  103                  0.00    428.14     89.14
  104                  0.00    428.14     89.14
  105                  0.00    427.99     72.99
  106                 53.00    427.92     72.92
  107                  0.00    428.90     89.90
  108                  0.00    428.90     93.34
  109                  0.00    428.90     91.90
  11B                 83.00    428.43     85.43
  110                  0.00    428.89     82.89
  111                  0.00    428.88     90.90
  112                  0.00    428.89     86.89
  113                  0.00    428.87    105.87
  114                  0.00    428.83     80.83
  115                 65.00    428.75     82.75
  116                  0.00    428.80     83.80
  117                  0.00    428.75     85.75
  118                  0.00    428.75     89.75
  119                  0.00    428.75    105.94
  12                 100.00    428.28     97.94
  121                  0.00    428.85     78.85
  122                  0.00    428.80     81.80
  123                  0.00    428.80     82.80
  125                  0.00    428.85     77.85
  126                  0.00    428.85     80.85
  127                  0.00    428.85     85.52
  128                  0.00    428.89     66.89
  129                  0.00    428.89     72.89
  130                  0.00    428.89     87.81
  130B                 0.00    428.89     75.89
  132                  0.00    428.89     95.89
  134                  0.00    428.89    107.89
  135                  0.00    428.89    112.89
  137                  0.00    428.89    119.89
  139                  0.00    428.89     68.89
  14                  66.00    428.14     90.14
  140                  0.00    428.89     77.89
  141                  0.00    428.89     76.89
  142                  0.00    428.89     67.89
  143                  0.00    428.89     87.92
  144                  0.00    428.89     69.89
  146                  0.00    428.89     82.89
  147                  0.00    428.89    107.89
  148                  0.00    428.89     95.89
  149                  0.00    428.89    115.68
  15                   0.00    427.97     92.97
  150                  0.00    428.89    120.82
  151                  0.00    428.89    123.65
  152                  0.00    428.89    118.87
  153                  0.00    428.89    118.89
  154                  0.00    428.89    103.89
  157                  0.00    428.89    125.89
  158A                 0.00    428.89    107.89
  158B                 0.00    428.89    107.89
  16B                  0.00    428.16     94.16
  160                  0.00    428.93     61.93
  162                  0.00    428.92     60.92
  163                  0.00    428.91     54.91
  164                 59.00    428.89     69.23
  165                  0.00    428.89     67.59
  166                  0.00    428.89     67.88
  167                  0.00    428.89     58.25
  169                  0.00    428.89     62.39
  17A                  0.00    427.85     92.85
  170                  0.00    428.93     69.93
  17B                177.00    427.72     92.72
  171                  0.00    428.93     76.93
  172                  0.00    428.93     88.93
  18B                  0.00    427.72    102.72
  19                   0.00    428.89     70.89
  2                    0.00    428.75    102.75
  20                  84.00    428.91     64.91
  2002                 0.00    428.28     78.28
  2003                 0.00    428.28     78.28
  21                   0.00    428.91     66.18
  22                  55.00    428.91     67.31
  222                 68.00    428.90     78.90
  24                   0.00    428.90     84.90
  25                   0.00    428.90     83.90
  26                   0.00    428.89     80.89
  27                   0.00    428.90     78.90
  28                   0.00    428.89     80.89
  29                   0.00    428.89     72.89
  3                    0.00    428.69     88.34
  30                   0.00    428.89     67.89
  3002                 0.00    428.91     42.91
  3004                 0.00    428.91     42.91
  3005                 0.00    428.91     42.91
  3008                 0.00    428.91     43.91
  3012                 0.00    428.91     58.18
  3013                 0.00    428.91     63.98
  3016               118.00    428.92     63.92
  3017                 0.00    428.94     46.94
  3018                 0.00    428.94     51.94
  3019                 0.00    428.91     59.52
  3020                 0.00    428.91     60.80
  3024                 0.00    428.91     63.97
  31                  55.00    428.89     71.10
  3152                 0.00    428.91     62.71
  32                   0.00    428.89     70.89
  34                   0.00    428.89     77.87
  35                   0.00    428.89     91.89
  36                   0.00    428.89    100.89
  39                   0.00    428.89    115.89
  41                   0.00    428.89    121.89
  46                   0.00    428.94     52.94
  47                   0.00    428.89     70.71
  48                   0.00    428.93     84.93
  49                   0.00    428.93     76.93
  5                    0.00    428.65     81.65
  52                   0.00    428.93     77.93
  53                   0.00    428.90     72.90
  54                   0.00    428.85     83.85
  55                   0.00    427.70     97.70
  56                   0.00    427.16     93.16
  58                 132.00    422.46     89.46
  59                 165.00    418.67     89.67
  6                   59.00    428.30     76.30
  60                   0.00    428.69     83.69
  61                   0.00    428.69     89.69
  62                   0.00    428.48     74.48
  64                   0.00    428.71     97.71
  65                   0.00    428.68     88.68
  66                   0.00    428.68     89.68
  67                   0.00    428.63     96.63
  68                   0.00    428.60     89.60
  69                   0.00    428.60     77.60
  7                    0.00    428.57     75.57
  70                 154.00    427.75     87.75
  71                   0.00    428.42     91.42
  72                  52.00    428.48     72.48
  73                  46.00    428.48     73.48
  77                   0.00    428.48     72.48
  78                   0.00    428.48     88.34
  79                   0.00    428.57     75.57
  8                   65.00    428.28     78.28
  80                   0.00    428.53     79.53
  81                   0.00    428.53     69.53
  82                   0.00    428.53     70.53
  85                   0.00    427.75     88.75
  86                   0.00    427.75     90.75
  87                 116.00    428.47     68.47
  88                   0.00    428.47     75.47
  89                   0.00    428.47     61.47
  90                   0.00    428.47     72.47
  91                   0.00    428.47     56.47
  92                   0.00    428.47     68.47
  91B                  0.00    428.47     68.47
  94                   0.00    428.47     89.47
  95                   0.00    428.47     85.47
  97                   0.00    428.47     97.47
  99                   0.00    428.47     78.47
  74                  46.00    427.62     68.91
  1074                 0.00    428.48     70.48
  11A                  0.00    428.47     85.47
  1011                 0.00    428.47     85.47
  0                -1818.00    429.00      0.00  Reservoir
   
   
  Link Results:
  ----------------------------------------------
                       Flow  Velocity  Headloss
  Link                 m3/h       m/s    /1000m
  ----------------------------------------------
  TU1                 -0.00      0.00      0.00
  TU10                 0.00      0.00      0.00
  TU100              154.00      0.34      0.25
  TU101              154.00      0.22      0.09
  TU102               -0.00      0.00      0.00
  TU103              154.00      0.22      0.09
  TU104              154.00      0.22      0.09
  TU105              863.00      0.38      0.11
  TU106              863.00      0.38      0.11
  TU107                0.00      0.00      0.00
  TU108              863.00      0.38      0.11
  TU109             1017.00      0.44      0.15
  TU11                53.00      0.24      0.21
  TU110             1017.00      0.44      0.15
  TU111              165.00      2.17     21.52
  TU112              297.00      2.17     15.17
  TU113              297.00      1.58      6.96
  TU114              297.00      1.58      6.96
  TU115             1314.00      0.46      0.15
  TU116             1314.00      0.46      0.15
  TU117               -0.00      0.00      0.00
  TU118                0.00      0.00      0.00
  TU119             1314.00      0.46      0.15
  TU12                 0.00      0.00      0.00
  TU120             1314.00      0.46      0.15
  TU121               -0.00      0.00      0.00
  TU122                0.00      0.00      0.00
  TU123                0.00      0.00      0.00
  TU124                0.00      0.00      0.00
  TU125               -0.00      0.00      0.00
  TU126               -0.00      0.00      0.00
  TU127               -0.00      0.00      0.00
  TU128                0.00      0.00      0.00
  TU129                0.00      0.00      0.00
  TU13                 0.00      0.00      0.00
  TU130                0.00      0.00      0.00
  TU131               -0.00      0.00      0.00
  TU132                0.00      0.00      0.00
  TU133               -0.00      0.00      0.00
  TU134               -0.00      0.00      0.00
  TU135               59.00      0.13      0.04
  TU136               59.00      0.13      0.05
  TU137               59.00      0.08      0.02
  TU138               59.00      0.08      0.02
  TU139               59.00      0.06      0.01
  TU14               119.00      0.26      0.16
  TU140               59.00      0.06      0.01
  TU141                0.00      0.00      0.00
  TU142               52.00      0.14      0.06
  TU143               -0.00      0.00      0.00
  TU144               -0.00      0.00      0.00
  TU145               -0.00      0.00      0.00
  TU146                0.00      0.00      0.00
  TU147               -0.00      0.00      0.00
  TU148               -0.00      0.00      0.00
  TU149               -0.00      0.00      0.00
  TU15                -0.00      0.00      0.00
  TU150               -0.00      0.00      0.00
  TU151               -0.00      0.00      0.00
  TU152               -0.00      0.00      0.00
  TU15301            162.00      0.23      0.09
  TU15302            116.00      0.16      0.05
  TU1074              46.00      0.60      2.08
  TU154              208.00      0.20      0.06
  TU155                0.00      0.00      0.00
  TU156              208.00      0.20      0.06
  TU157              260.00      0.26      0.09
  TU158               59.00      1.05      6.80
  TU159              319.00      0.31      0.13
  TU16              1818.00      0.33      0.05
  TU160               65.00      1.16      8.11
  TU161              384.00      0.38      0.19
  TU162              479.00      0.35      0.13
  TU163              479.00      0.35      0.13
  TU164              479.00      0.35      0.13
  TU166               -0.00      0.00      0.00
  TU167               -0.00      0.00      0.00
  TU168                0.00      0.00      0.00
  TU169                0.00      0.00      0.00
  TU17                -0.00      0.00      0.00
  TU170                0.00      0.00      0.00
  TU171              479.00      0.35      0.13
  TU17201              0.00      0.00      0.00
  TU17202              0.00      0.00      0.00
  TU1011A             -0.00      0.00      0.00
  TU173               -0.00      0.00      0.00
  TU174               -0.00      0.00      0.00
  TU175               -0.00      0.00      0.00
  TU176              396.00      0.39      0.20
  TU177              479.00      0.47      0.28
  TU178              296.00      0.29      0.12
  TU179              177.00      0.50      0.59
  TU18                 0.00      0.00      0.00
  TU180              177.00      0.50      0.59
  TU181                0.00      0.00      0.00
  TU182              177.00      0.81      1.87
  TU183                0.00      0.00      0.00
  TU184                0.00      0.00      0.00
  TU185               65.00      0.14      0.05
  TU186               59.00      0.16      0.07
  TU187               59.00      0.13      0.04
  TU188              120.00      0.09      0.01
  TU189              120.00      0.09      0.01
  TU19                 0.00      0.00      0.00
  TU190               -0.00      0.00      0.00
  TU191                0.00      0.00      0.00
  TU192                0.00      0.00      0.00
  TU193               -0.00      0.00      0.00
  TU194               -0.00      0.00      0.00
  TU195                0.00      0.00      0.00
  TU196                0.00      0.00      0.00
  TU197               -0.00      0.00      0.00
  TU198                0.00      0.00      0.00
  TU199                0.00      0.00      0.00
  TU2                  0.00      0.00      0.00
  TU20                 0.00      0.00      0.00
  TU200               -0.00      0.00      0.00
  TU201                0.00      0.00      0.00
  TU203                0.00      0.00      0.00
  TU204              327.00      0.14      0.02
  TU205              445.00      0.19      0.03
  TU21                -0.00      0.00      0.00
  TU22               120.00      0.07      0.01
  TU23               188.00      0.10      0.01
  TU24               243.00      0.13      0.02
  TU25               243.00      0.13      0.02
  TU26                55.00      0.05      0.00
  TU27                55.00      0.05      0.01
  TU28                55.00      0.05      0.01
  TU29                55.00      0.05      0.01
  TU3                  0.00      0.00      0.00
  TU30                 0.00      0.00      0.00
  TU31                -0.00      0.00      0.00
  TU32                 0.00      0.00      0.00
  TU33                 0.00      0.00      0.00
  TU34                65.00      0.30      0.31
  TU35                 0.00      0.00      0.00
  TU36                 0.00      0.00      0.00
  TU37                65.00      0.18      0.10
  TU38                65.00      0.18      0.10
  TU39                -0.00      0.00      0.00
  TU4                 -0.00      0.00      0.00
  TU40                 0.00      0.00      0.00
  TU41                65.00      0.14      0.05
  TU42                 0.00      0.00      0.00
  TU43                65.00      0.09      0.02
  TU44                65.00      0.09      0.02
  TU45                65.00      0.09      0.02
  TU46                65.00      0.09      0.02
  TU47                -0.00      0.00      0.00
  TU48                 0.00      0.00      0.00
  TU49                 0.00      0.00      0.00
  TU5                  0.00      0.00      0.00
  TU50                 0.00      0.00      0.00
  TU51                 0.00      0.00      0.00
  TU52                 0.00      0.00      0.00
  TU53                 0.00      0.00      0.00
  TU54                 0.00      0.00      0.00
  TU55                 0.00      0.00      0.00
  TU56                 0.00      0.00      0.00
  TU57                 0.00      0.00      0.00
  TU58                 0.00      0.00      0.00
  TU59                 0.00      0.00      0.00
  TU6                 65.00      0.09      0.02
  TU60                -0.00      0.00      0.00
  TU61                 0.00      0.00      0.00
  TU62                -0.00      0.00      0.00
  TU63                 0.00      0.00      0.00
  TU64                 0.00      0.00      0.00
  TU65                 0.00      0.00      0.00
  TU66                 0.00      0.00      0.00
  TU67                -0.00      0.00      0.00
  TU68                 0.00      0.00      0.00
  TU69                 0.00      0.00      0.00
  TU7                  0.00      0.00      0.00
  TU70                55.00      0.08      0.01
  TU71                55.00      0.08      0.01
  TU72                 0.00      0.00      0.00
  TU73                 0.00      0.00      0.00
  TU74                 0.00      0.00      0.00
  TU75                 0.00      0.00      0.00
  TU76                 0.00      0.00      0.00
  TU77                 0.00      0.00      0.00
  TU78                 0.00      0.00      0.00
  TU79                 0.00      0.00      0.00
  TU8                  0.00      0.00      0.00
  TU80                 0.00      0.00      0.00
  TU81                 0.00      0.00      0.00
  TU82                 0.00      0.00      0.00
  TU83                 0.00      0.00      0.00
  TU84                 0.00      0.00      0.00
  TU85                 0.00      0.00      0.00
  TU86                 0.00      0.00      0.00
  TU87                 0.00      0.00      0.00
  TU88                 0.00      0.00      0.00
  TU89                 0.00      0.00      0.00
  TU9                 53.00      0.89      4.88
  TU90                 0.00      0.00      0.00
  TU91                -0.00      0.00      0.00
  TU92               154.00      0.70      1.45
  TU93               154.00      0.44      0.46
  TU94                 0.00      0.00      0.00
  TU95               154.00      0.44      0.46
  TU96                 0.00      0.00      0.00
  TU97                 0.00      0.00      0.00
  TU98                 0.00      0.00      0.00
  TU99               154.00      0.34      0.25
  TU4000               0.00      0.00      0.00
   
  Analysis ended Fri Dec  1 10:12:10 2023
