  Page 1                                    Fri Dec  1 09:49:20 2023

  ******************************************************************
  *                           E P A N E T                          *
  *                   Hydraulic and Water Quality                  *
  *                   Analysis for Pipe Networks                   *
  *                         Version 2.2                            *
  ******************************************************************
  
  Analysis begun Fri Dec  1 09:49:20 2023

   
  Node Results:
  ----------------------------------------------
                     Demand      Head  Pressure
  Node                 m3/h         m         m
  ----------------------------------------------
  3661                 0.00    428.86     50.72
  482                  0.00    428.46     82.46
  661                  0.00    428.61     98.61
  6610                 0.00    427.39      2.27
  6611                 0.00    425.42     90.42
  6612                 0.00    427.72     65.35
  6613                 0.00    425.98     70.98
  6615                 0.00    428.65     89.65
  6616                 0.00    428.74     67.74
  6617                 0.00    428.52     85.52
  6618                 0.00    428.80     80.80
  662                  0.00    428.38    100.38
  6620                 0.00    428.72    120.72
  6621                 0.00    428.72    100.72
  6622                 0.00    428.72     91.72
  6623                 0.00    428.72     77.72
  6624                 0.00    428.72     76.72
  6625                 0.00    428.51    116.51
  6626                 0.00    428.63    107.63
  6627                 0.00    427.40    106.40
  6628                 0.00    427.43     88.43
  6629                 0.00    428.02     88.02
  663                  0.00    428.03     87.03
  6630                 0.00    428.18      3.06
  6632                 0.00    428.25     88.25
  6633                 0.00    428.77     66.13
  6634                 0.00    428.81     57.81
  6635                 0.00    428.81     76.81
  6636                 0.00    428.81     72.81
  6637                 0.00    428.75     61.75
  6639                 0.00    427.64     67.64
  664                  0.00    427.66     79.66
  6640                 0.00    427.59     67.59
  6641                 0.00    427.68     69.00
  6642                 0.00    427.68     71.68
  6643                 0.00    427.78     75.78
  6644                 0.00    427.81     75.81
  6645                 0.00    427.84     77.84
  6646                 0.00    427.13     80.11
  6648                 0.00    427.13     81.12
  6649                 0.00    427.11     88.11
  665                  0.00    427.42     82.42
  666                  0.00    428.18     88.18
  6665                 0.00    428.53     63.39
  6666                 0.00    428.69     61.03
  667                  0.00    427.80     75.80
  668                  0.00    428.61     98.61
  669                  0.00    427.90     82.90
  1                  103.00    428.58     98.58
  10                  67.00    427.38     75.38
  100                  0.00    427.68     72.68
  100B                 0.00    427.59     69.59
  101                  0.00    425.98     72.98
  103                  0.00    423.93     84.93
  104                164.00    423.75     84.75
  105                 80.00    425.96     70.96
  106                  0.00    425.98     70.98
  107                  0.00    428.65     89.65
  108                 59.00    427.80     92.24
  109                  0.00    428.46     91.46
  11B                188.00    427.29     84.29
  110                  0.00    428.80     82.80
  111                  0.00    428.79     90.81
  112                  0.00    428.79     86.79
  113                  0.00    428.77    105.77
  114                  0.00    428.72     80.72
  115                  0.00    428.63     82.63
  116                  0.00    428.69     83.69
  117                 71.00    428.44     85.44
  118                  0.00    428.52     89.52
  119                  0.00    428.52    105.71
  12                   0.00    426.89     96.55
  121                  0.00    428.75     78.75
  122                  0.00    428.69     81.69
  123                  0.00    428.69     82.69
  125                  0.00    428.75     77.75
  126                  0.00    428.75     80.75
  127                  0.00    428.75     85.42
  128                  0.00    428.73     66.73
  129                  0.00    428.68     72.68
  130                  0.00    428.64     87.56
  130B                 0.00    428.66     75.66
  132                  0.00    428.61     95.61
  134                 57.00    427.14    106.14
  135                 60.00    426.77    110.77
  137                  0.00    426.77    117.77
  139                  0.00    428.61     68.61
  14                   0.00    426.31     88.31
  140                  0.00    428.61     77.61
  141                  0.00    428.61     76.61
  142                  0.00    428.61     67.61
  143                  0.00    428.61     87.64
  144                  0.00    428.71     69.71
  146                  0.00    428.67     82.67
  147                  0.00    428.63    107.63
  148                  0.00    428.67     95.67
  149                  0.00    428.51    115.30
  15                 223.00    424.76     89.76
  150                 75.00    428.37    120.30
  151                  0.00    428.37    123.13
  152                  0.00    428.37    118.35
  153                  0.00    428.37    118.37
  154                  0.00    428.72    103.72
  157                  0.00    428.72    125.72
  158A                 0.00    428.72    107.72
  158B                 0.00    428.72    107.72
  16B                  0.00    426.36     92.36
  160                  0.00    428.75     61.75
  162                 64.00    428.71     60.71
  163                  0.00    428.69     54.69
  164                  0.00    428.66     69.00
  165                  0.00    428.53     67.23
  166                 79.00    428.53     67.52
  167                  0.00    428.53     57.89
  169                  0.00    428.64     62.14
  17A                  0.00    425.25     90.25
  170                  0.00    428.78     69.78
  17B                  0.00    425.08     90.08
  171                  0.00    428.81     76.81
  172                  0.00    428.81     88.81
  18B                208.00    419.87     94.87
  19                   0.00    428.77     70.77
  2                    0.00    428.42    102.42
  20                   0.00    428.86     64.86
  2002                 0.00    427.90     77.90
  2003                 0.00    427.90     77.90
  21                   0.00    428.85     66.12
  22                   0.00    428.85     67.25
  222                  0.00    428.84     78.84
  24                   0.00    428.83     84.83
  25                   0.00    428.81     83.81
  26                   0.00    428.80     80.80
  27                   0.00    428.80     78.80
  28                   0.00    428.79     80.79
  29                  50.00    428.74     72.74
  3                    0.00    428.23     87.88
  30                   0.00    428.74     67.74
  3002                 0.00    428.86     42.86
  3004                 0.00    428.86     42.86
  3005                 0.00    428.86     42.86
  3008                 0.00    428.86     43.86
  3012                 0.00    428.86     58.13
  3013                 0.00    428.86     63.93
  3016                 0.00    428.87     63.87
  3017                 0.00    428.89     46.89
  3018                 0.00    428.84     51.84
  3019                 0.00    428.86     59.47
  3020                 0.00    428.86     60.75
  3024                 0.00    428.86     63.92
  31                   0.00    428.73     70.94
  3152                 0.00    428.86     62.66
  32                   0.00    428.73     70.73
  34                   0.00    428.72     77.70
  35                   0.00    428.72     91.72
  36                   0.00    428.72    100.72
  39                   0.00    428.72    115.72
  41                   0.00    428.72    121.72
  46                   0.00    428.84     52.84
  47                   0.00    428.64     70.46
  48                   0.00    428.34     84.34
  49                   0.00    427.42     75.42
  5                    0.00    428.13     81.13
  52                  86.00    427.38     76.38
  53                   0.00    428.81     72.81
  54                   0.00    428.70     83.70
  55                   0.00    428.58     98.58
  56                   0.00    428.58     94.58
  58                   0.00    428.58     95.58
  59                   0.00    428.58     99.58
  6                    0.00    427.81     75.81
  60                   0.00    428.23     83.23
  61                   0.00    428.23     89.23
  62                 141.00    420.22     66.22
  64                  56.00    428.32     97.32
  65                   0.00    428.25     88.25
  66                  80.00    428.25     89.25
  67                   0.00    428.21     96.21
  68                   0.00    428.18     89.18
  69                   0.00    428.18     77.18
  7                    0.00    427.82     74.82
  70                 144.00    427.43     87.43
  71                   0.00    428.02     91.02
  72                   0.00    427.28     71.28
  73                   0.00    427.78     72.78
  77                 157.00    421.35     65.35
  78                   0.00    427.28     87.14
  79                   0.00    427.82     74.82
  8                    0.00    427.84     77.84
  80                   0.00    427.64     78.64
  81                  69.00    425.42     66.42
  82                   0.00    427.13     69.13
  85                   0.00    427.43     88.43
  86                   0.00    427.43     90.43
  87                   0.00    427.74     67.74
  88                   0.00    427.72     74.72
  89                  85.00    427.69     60.69
  90                   0.00    427.68     71.68
  91                   0.00    427.64     55.64
  92                   0.00    427.39     67.39
  91B                 90.00    427.29     67.29
  94                   0.00    427.11     88.11
  95                   0.00    426.44     83.44
  97                 136.00    419.94     88.94
  99                   0.00    427.69     77.69
  74                   0.00    427.77     69.06
  1074                 0.00    427.77     69.77
  11A                  0.00    425.99     82.99
  1011                 0.00    425.99     82.99
  0                -2592.00    429.00      0.00  Reservoir
   
   
  Link Results:
  ----------------------------------------------
                       Flow  Velocity  Headloss
  Link                 m3/h       m/s    /1000m
  ----------------------------------------------
  TU1                 -0.00      0.00      0.00
  TU10                80.00      0.86      3.53
  TU100              144.00      0.32      0.22
  TU101              224.00      0.32      0.17
  TU102                0.00      0.00      0.00
  TU103              224.00      0.32      0.17
  TU104              280.00      0.40      0.25
  TU105             1608.00      0.70      0.36
  TU106             1608.00      0.70      0.36
  TU107                0.00      0.00      0.00
  TU108             1608.00      0.70      0.36
  TU109             1888.00      0.82      0.48
  TU11                80.00      0.37      0.44
  TU110             1888.00      0.82      0.48
  TU111                0.00      0.00      0.00
  TU112               -0.00      0.00      0.00
  TU113                0.00      0.00      0.00
  TU114                0.00      0.00      0.00
  TU115             1991.00      0.70      0.32
  TU116             1991.00      0.70      0.32
  TU117                0.00      0.00      0.00
  TU118                0.00      0.00      0.00
  TU119             1991.00      0.70      0.32
  TU12               164.00      1.87     15.06
  TU120             1991.00      0.70      0.32
  TU121                0.00      0.00      0.00
  TU122                0.00      0.00      0.00
  TU123               -0.00      0.00      0.00
  TU124               86.00      0.98      4.61
  TU125               86.00      0.63      1.56
  TU126               86.00      0.39      0.51
  TU127               86.00      0.39      0.51
  TU128                0.00      0.00      0.00
  TU129                0.00      0.00      0.00
  TU13               164.00      1.20      5.08
  TU130               -0.00      0.00      0.00
  TU131               79.00      0.34      0.39
  TU132                0.00      0.00      0.00
  TU133               79.00      0.34      0.39
  TU134               90.00      0.97      4.37
  TU135              143.00      0.32      0.22
  TU136              143.00      0.32      0.22
  TU137              229.00      0.32      0.18
  TU138              229.00      0.32      0.18
  TU139              229.00      0.22      0.07
  TU14               244.00      0.54      0.58
  TU140              229.00      0.22      0.07
  TU141              141.00      2.37     29.40
  TU142              298.00      0.80      1.35
  TU143               -0.00      0.00      0.00
  TU144               -0.00      0.00      0.00
  TU145               90.00      0.62      1.49
  TU146               90.00      0.39      0.49
  TU147               90.00      0.24      0.15
  TU148                0.00      0.00      0.00
  TU149               -0.00      0.00      0.00
  TU15                -0.00      0.00      0.00
  TU150               -0.00      0.00      0.00
  TU151               90.00      0.13      0.03
  TU152               -0.00      0.00      0.00
  TU15301            175.00      0.25      0.11
  TU15302            175.00      0.25      0.11
  TU1074               0.00      0.00      0.00
  TU154              175.00      0.17      0.05
  TU155               67.00      1.13      7.48
  TU156              242.00      0.24      0.08
  TU157              540.00      0.53      0.35
  TU158                0.00      0.00      0.00
  TU159              540.00      0.53      0.35
  TU16              2592.00      0.47      0.10
  TU160                0.00      0.00      0.00
  TU161              540.00      0.53      0.35
  TU162             1068.00      0.77      0.57
  TU163             1068.00      0.77      0.57
  TU164             1068.00      0.77      0.57
  TU166               69.00      1.42     12.94
  TU167               -0.00      0.00      0.00
  TU168                0.00      0.00      0.00
  TU169               69.00      0.58      1.48
  TU17                59.00      1.05      6.80
  TU170               69.00      0.32      0.34
  TU171              999.00      0.72      0.51
  TU17201            136.00      1.79     15.06
  TU17202            136.00      1.79     15.06
  TU1011A             -0.00      0.00      0.00
  TU173              136.00      0.99      3.60
  TU174               -0.00      0.00      0.00
  TU175              136.00      0.62      1.16
  TU176              675.00      0.66      0.52
  TU177              863.00      0.85      0.82
  TU178              675.00      0.66      0.52
  TU179              431.00      1.22      3.00
  TU18                59.00      0.67      2.32
  TU180              208.00      0.59      0.79
  TU181              208.00      1.75     11.09
  TU182              208.00      0.95      2.52
  TU183                0.00      0.00      0.00
  TU184                0.00      0.00      0.00
  TU185               71.00      0.16      0.06
  TU186               79.00      0.21      0.12
  TU187               79.00      0.17      0.08
  TU188              313.00      0.23      0.06
  TU189              313.00      0.23      0.06
  TU19                 0.00      0.00      0.00
  TU190               -0.00      0.00      0.00
  TU191                0.00      0.00      0.00
  TU192                0.00      0.00      0.00
  TU193                0.00      0.00      0.00
  TU194               -0.00      0.00      0.00
  TU195                0.00      0.00      0.00
  TU196                0.00      0.00      0.00
  TU197               -0.00      0.00      0.00
  TU198                0.00      0.00      0.00
  TU199                0.00      0.00      0.00
  TU2                223.00      2.55     26.62
  TU20                59.00      0.43      0.79
  TU200               -0.00      0.00      0.00
  TU201                0.00      0.00      0.00
  TU203                0.00      0.00      0.00
  TU204              372.00      0.16      0.02
  TU205              372.00      0.16      0.02
  TU21                -0.00      0.00      0.00
  TU22               372.00      0.21      0.04
  TU23               372.00      0.21      0.04
  TU24               372.00      0.21      0.04
  TU25               372.00      0.21      0.04
  TU26               192.00      0.19      0.05
  TU27               192.00      0.19      0.05
  TU28               242.00      0.24      0.08
  TU29               242.00      0.24      0.08
  TU3                  0.00      0.00      0.00
  TU30                 0.00      0.00      0.00
  TU31                -0.00      0.00      0.00
  TU32                71.00      0.81      3.25
  TU33                71.00      0.32      0.36
  TU34                71.00      0.32      0.36
  TU35                 0.00      0.00      0.00
  TU36                 0.00      0.00      0.00
  TU37                71.00      0.20      0.11
  TU38                71.00      0.20      0.11
  TU39                -0.00      0.00      0.00
  TU4                175.00      0.25      0.11
  TU40                 0.00      0.00      0.00
  TU41                71.00      0.16      0.06
  TU42                 0.00      0.00      0.00
  TU43                71.00      0.10      0.02
  TU44                71.00      0.10      0.02
  TU45                71.00      0.10      0.02
  TU46                71.00      0.10      0.02
  TU47                 0.00      0.00      0.00
  TU48                 0.00      0.00      0.00
  TU49                 0.00      0.00      0.00
  TU5                175.00      0.25      0.11
  TU50                 0.00      0.00      0.00
  TU51                 0.00      0.00      0.00
  TU52                 0.00      0.00      0.00
  TU53                 0.00      0.00      0.00
  TU54                 0.00      0.00      0.00
  TU55                 0.00      0.00      0.00
  TU56                 0.00      0.00      0.00
  TU57                 0.00      0.00      0.00
  TU58                 0.00      0.00      0.00
  TU59                 0.00      0.00      0.00
  TU6                 71.00      0.10      0.02
  TU60                 0.00      0.00      0.00
  TU61                 0.00      0.00      0.00
  TU62                75.00      0.40      0.57
  TU63                 0.00      0.00      0.00
  TU64                75.00      0.40      0.57
  TU65                 0.00      0.00      0.00
  TU66                75.00      0.25      0.18
  TU67                75.00      0.21      0.13
  TU68                75.00      0.21      0.13
  TU69                75.00      0.11      0.02
  TU7                157.00      2.64     35.90
  TU70                75.00      0.11      0.02
  TU71                75.00      0.11      0.02
  TU72               117.00      0.26      0.15
  TU73               117.00      0.26      0.15
  TU74               117.00      0.26      0.15
  TU75               117.00      0.26      0.15
  TU76               117.00      0.26      0.15
  TU77               117.00      0.26      0.15
  TU78                 0.00      0.00      0.00
  TU79                60.00      0.79      3.37
  TU8                  0.00      0.00      0.00
  TU80                57.00      1.17      9.12
  TU81               117.00      0.98      3.86
  TU82                 0.00      0.00      0.00
  TU83                 0.00      0.00      0.00
  TU84                 0.00      0.00      0.00
  TU85                 0.00      0.00      0.00
  TU86                 0.00      0.00      0.00
  TU87                 0.00      0.00      0.00
  TU88                 0.00      0.00      0.00
  TU89                 0.00      0.00      0.00
  TU9                  0.00      0.00      0.00
  TU90                 0.00      0.00      0.00
  TU91                -0.00      0.00      0.00
  TU92               144.00      0.66      1.29
  TU93               144.00      0.41      0.41
  TU94                 0.00      0.00      0.00
  TU95               144.00      0.41      0.41
  TU96                 0.00      0.00      0.00
  TU97                 0.00      0.00      0.00
  TU98                 0.00      0.00      0.00
  TU99               144.00      0.32      0.22
  TU4000               0.00      0.00      0.00
   
  Analysis ended Fri Dec  1 09:49:20 2023
