  Page 1                                    Fri Dec  1 09:50:19 2023

  ******************************************************************
  *                           E P A N E T                          *
  *                   Hydraulic and Water Quality                  *
  *                   Analysis for Pipe Networks                   *
  *                         Version 2.2                            *
  ******************************************************************
  
  Analysis begun Fri Dec  1 09:50:19 2023

   
  Node Results:
  ----------------------------------------------
                     Demand      Head  Pressure
  Node                 m3/h         m         m
  ----------------------------------------------
  3661                 0.00    428.98     50.84
  482                  0.00    428.99     82.99
  661                  0.00    428.90     98.90
  6610                 0.00    428.96      3.84
  6611                 0.00    428.95     93.95
  6612                 0.00    428.96     66.59
  6613                 0.00    428.78     73.78
  6615                 0.00    428.96     89.96
  6616                 0.00    428.93     67.93
  6617                 0.00    428.36     85.36
  6618                 0.00    428.94     80.94
  662                  0.00    428.97    100.97
  6620                 0.00    428.93    120.93
  6621                 0.00    428.93    100.93
  6622                 0.00    428.93     91.93
  6623                 0.00    428.93     77.93
  6624                 0.00    428.93     76.93
  6625                 0.00    428.93    116.93
  6626                 0.00    428.93    107.93
  6627                 0.00    428.61    107.61
  6628                 0.00    428.15     89.15
  6629                 0.00    428.71     88.71
  663                  0.00    428.97     87.97
  6630                 0.00    428.86      3.74
  6632                 0.00    428.93     88.93
  6633                 0.00    428.99     66.35
  6634                 0.00    428.99     57.99
  6635                 0.00    428.99     76.99
  6636                 0.00    428.99     72.99
  6637                 0.00    428.99     61.99
  6639                 0.00    428.96     68.96
  664                  0.00    428.97     80.97
  6640                 0.00    428.96     68.96
  6641                 0.00    428.96     70.28
  6642                 0.00    428.96     72.96
  6643                 0.00    428.96     76.96
  6644                 0.00    428.96     76.96
  6645                 0.00    428.96     78.96
  6646                 0.00    428.97     81.95
  6648                 0.00    428.97     82.96
  6649                 0.00    428.96     89.96
  665                  0.00    428.96     83.96
  666                  0.00    428.86     88.86
  6665                 0.00    428.99     63.85
  6666                 0.00    428.99     61.33
  667                  0.00    428.96     76.96
  668                  0.00    428.90     98.90
  669                  0.00    428.59     83.59
  1                    0.00    428.98     98.98
  10                   0.00    428.96     76.96
  100                  0.00    428.96     73.96
  100B                 0.00    428.96     70.96
  101                  0.00    428.78     75.78
  103                  0.00    428.95     89.95
  104                  0.00    428.95     89.95
  105                  0.00    428.78     73.78
  106                 55.00    428.71     73.71
  107                  0.00    428.96     89.96
  108                  0.00    428.96     93.40
  109                  0.00    428.96     91.96
  11B                  0.00    428.96     85.96
  110                  0.00    428.93     82.93
  111                  0.00    428.90     90.92
  112                  0.00    428.91     86.91
  113                  0.00    428.85    105.85
  114                  0.00    428.68     80.68
  115                  0.00    428.50     82.50
  116                  0.00    428.57     83.57
  117                  0.00    428.36     85.36
  118                 83.00    427.15     88.15
  119                  0.00    427.15    104.34
  12                   0.00    428.96     98.62
  121                  0.00    428.78     78.78
  122                 54.00    425.95     78.95
  123                  0.00    428.20     82.20
  125                  0.00    428.78     77.78
  126                  0.00    428.78     80.78
  127                  0.00    428.78     85.45
  128                  0.00    428.93     66.93
  129                  0.00    428.92     72.92
  130                  0.00    428.91     87.83
  130B                 0.00    428.91     75.91
  132                  0.00    428.90     95.90
  134                 53.00    428.38    107.38
  135                  0.00    428.61    112.61
  137                  0.00    428.61    119.61
  139                  0.00    428.90     68.90
  14                   0.00    428.95     90.95
  140                  0.00    428.90     77.90
  141                  0.00    428.90     76.90
  142                  0.00    428.90     67.90
  143                  0.00    428.90     87.93
  144                  0.00    428.92     69.92
  146                  0.00    428.93     82.93
  147                  0.00    428.93    107.93
  148                  0.00    428.93     95.93
  149                  0.00    428.93    115.72
  15                   0.00    428.95     93.95
  150                  0.00    428.93    120.86
  151                  0.00    428.93    123.69
  152                  0.00    428.93    118.91
  153                  0.00    428.93    118.93
  154                  0.00    428.93    103.93
  157                  0.00    428.93    125.93
  158A                 0.00    428.93    107.93
  158B                 0.00    428.93    107.93
  16B                  0.00    428.95     94.95
  160                  0.00    428.99     61.99
  162                  0.00    428.99     60.99
  163                  0.00    428.99     54.99
  164                  0.00    428.99     69.33
  165                  0.00    428.99     67.69
  166                  0.00    428.99     67.98
  167                  0.00    428.99     58.35
  169                  0.00    428.99     62.49
  17A                  0.00    428.95     93.95
  170                  0.00    428.99     69.99
  17B                  0.00    428.95     93.95
  171                  0.00    428.99     76.99
  172                  0.00    428.99     88.99
  18B                  0.00    428.95    103.95
  19                   0.00    428.99     70.99
  2                    0.00    428.97    102.97
  20                   0.00    428.98     64.98
  2002                 0.00    428.59     78.59
  2003                 0.00    428.59     78.59
  21                   0.00    428.98     66.25
  22                   0.00    428.98     67.38
  222                  0.00    428.97     78.97
  24                   0.00    428.96     84.96
  25                   0.00    428.95     83.95
  26                   0.00    428.94     80.94
  27                   0.00    428.95     78.95
  28                   0.00    428.94     80.94
  29                  62.00    428.93     72.93
  3                    0.00    428.97     88.62
  30                   0.00    428.93     67.93
  3002                 0.00    428.98     42.98
  3004                 0.00    428.98     42.98
  3005                 0.00    428.98     42.98
  3008                 0.00    428.98     43.98
  3012                 0.00    428.98     58.25
  3013                 0.00    428.98     64.05
  3016                 0.00    428.98     63.98
  3017                 0.00    428.99     46.99
  3018                 0.00    428.99     51.99
  3019                 0.00    428.98     59.59
  3020                 0.00    428.98     60.87
  3024                 0.00    428.98     64.04
  31                   0.00    428.93     71.14
  3152                 0.00    428.98     62.78
  32                   0.00    428.93     70.93
  34                   0.00    428.93     77.91
  35                   0.00    428.93     91.93
  36                   0.00    428.93    100.93
  39                   0.00    428.93    115.93
  41                   0.00    428.93    121.93
  46                   0.00    428.99     52.99
  47                   0.00    428.99     70.81
  48                   0.00    428.99     84.99
  49                   0.00    428.99     76.99
  5                    0.00    428.97     81.97
  52                   0.00    428.99     77.99
  53                   0.00    428.99     72.99
  54                   0.00    428.99     83.99
  55                   0.00    428.98     98.98
  56                   0.00    428.98     94.98
  58                   0.00    428.98     95.98
  59                   0.00    428.98     99.98
  6                   60.00    428.75     76.75
  60                   0.00    426.83     81.83
  61                  76.00    425.80     86.80
  62                   0.00    428.96     74.96
  64                   0.00    428.95     97.95
  65                   0.00    428.93     88.93
  66                   0.00    428.93     89.93
  67                   0.00    428.89     96.89
  68                   0.00    428.86     89.86
  69                   0.00    428.86     77.86
  7                    0.00    428.97     75.97
  70                 139.00    428.15     88.15
  71                   0.00    428.71     91.71
  72                   0.00    428.96     72.96
  73                   0.00    428.96     73.96
  77                   0.00    428.96     72.96
  78                   0.00    428.96     88.82
  79                   0.00    428.97     75.97
  8                    0.00    428.96     78.96
  80                   0.00    428.97     79.97
  81                   0.00    428.97     69.97
  82                   0.00    428.97     70.97
  85                   0.00    428.15     89.15
  86                   0.00    428.15     91.15
  87                   0.00    428.96     68.96
  88                   0.00    428.96     75.96
  89                   0.00    428.96     61.96
  90                   0.00    428.96     72.96
  91                   0.00    428.96     56.96
  92                   0.00    428.96     68.96
  91B                  0.00    428.96     68.96
  94                   0.00    428.96     89.96
  95                   0.00    428.96     85.96
  97                   0.00    428.96     97.96
  99                   0.00    428.96     78.96
  74                   0.00    428.96     70.25
  1074                 0.00    428.96     70.96
  11A                  0.00    428.96     85.96
  1011                 0.00    428.96     85.96
  0                 -582.00    429.00      0.00  Reservoir
   
   
  Link Results:
  ----------------------------------------------
                       Flow  Velocity  Headloss
  Link                 m3/h       m/s    /1000m
  ----------------------------------------------
  TU1                 -0.00      0.00      0.00
  TU10                 0.00      0.00      0.00
  TU100              139.00      0.31      0.21
  TU101              139.00      0.20      0.07
  TU102                0.00      0.00      0.00
  TU103              139.00      0.20      0.07
  TU104              139.00      0.20      0.07
  TU105              115.00      0.05      0.00
  TU106              115.00      0.05      0.00
  TU107                0.00      0.00      0.00
  TU108              191.00      0.08      0.01
  TU109              330.00      0.14      0.02
  TU11                55.00      0.25      0.23
  TU110              330.00      0.14      0.02
  TU111                0.00      0.00      0.00
  TU112               -0.00      0.00      0.00
  TU113                0.00      0.00      0.00
  TU114                0.00      0.00      0.00
  TU115              330.00      0.12      0.01
  TU116              330.00      0.12      0.01
  TU117               -0.00      0.00      0.00
  TU118                0.00      0.00      0.00
  TU119              330.00      0.12      0.01
  TU12                 0.00      0.00      0.00
  TU120              330.00      0.12      0.01
  TU121                0.00      0.00      0.00
  TU122                0.00      0.00      0.00
  TU123               -0.00      0.00      0.00
  TU124                0.00      0.00      0.00
  TU125               -0.00      0.00      0.00
  TU126               -0.00      0.00      0.00
  TU127               -0.00      0.00      0.00
  TU128                0.00      0.00      0.00
  TU129                0.00      0.00      0.00
  TU13                 0.00      0.00      0.00
  TU130               -0.00      0.00      0.00
  TU131               -0.00      0.00      0.00
  TU132                0.00      0.00      0.00
  TU133               -0.00      0.00      0.00
  TU134               -0.00      0.00      0.00
  TU135               -0.00      0.00      0.00
  TU136                0.00      0.00      0.00
  TU137                0.00      0.00      0.00
  TU138                0.00      0.00      0.00
  TU139                0.00      0.00      0.00
  TU14                55.00      0.12      0.04
  TU140                0.00      0.00      0.00
  TU141                0.00      0.00      0.00
  TU142                0.00      0.00      0.00
  TU143               -0.00      0.00      0.00
  TU144               -0.00      0.00      0.00
  TU145               -0.00      0.00      0.00
  TU146               -0.00      0.00      0.00
  TU147               -0.00      0.00      0.00
  TU148               -0.00      0.00      0.00
  TU149               -0.00      0.00      0.00
  TU15                -0.00      0.00      0.00
  TU150               -0.00      0.00      0.00
  TU151               -0.00      0.00      0.00
  TU152               -0.00      0.00      0.00
  TU15301              0.00      0.00      0.00
  TU15302              0.00      0.00      0.00
  TU1074               0.00      0.00      0.00
  TU154               -0.00      0.00      0.00
  TU155               -0.00      0.00      0.00
  TU156               -0.00      0.00      0.00
  TU157                0.00      0.00      0.00
  TU158               60.00      1.07      7.01
  TU159               60.00      0.06      0.01
  TU16               582.00      0.11      0.01
  TU160                0.00      0.00      0.00
  TU161               60.00      0.06      0.01
  TU162               55.00      0.04      0.00
  TU163               55.00      0.04      0.00
  TU164               55.00      0.04      0.01
  TU166               -0.00      0.00      0.00
  TU167               -0.00      0.00      0.00
  TU168                0.00      0.00      0.00
  TU169                0.00      0.00      0.00
  TU17                -0.00      0.00      0.00
  TU170                0.00      0.00      0.00
  TU171               55.00      0.04      0.00
  TU17201             -0.00      0.00      0.00
  TU17202              0.00      0.00      0.00
  TU1011A             -0.00      0.00      0.00
  TU173               -0.00      0.00      0.00
  TU174               -0.00      0.00      0.00
  TU175               -0.00      0.00      0.00
  TU176               55.00      0.05      0.01
  TU177               55.00      0.05      0.01
  TU178               55.00      0.05      0.01
  TU179                0.00      0.00      0.00
  TU18                 0.00      0.00      0.00
  TU180                0.00      0.00      0.00
  TU181                0.00      0.00      0.00
  TU182                0.00      0.00      0.00
  TU183               76.00      0.87      3.68
  TU184                0.00      0.00      0.00
  TU185              137.00      0.30      0.20
  TU186               -0.00      0.00      0.00
  TU187               -0.00      0.00      0.00
  TU188              252.00      0.18      0.04
  TU189              252.00      0.18      0.04
  TU19                 0.00      0.00      0.00
  TU190               -0.00      0.00      0.00
  TU191               76.00      1.35     10.79
  TU192                0.00      0.00      0.00
  TU193                0.00      0.00      0.00
  TU194               -0.00      0.00      0.00
  TU195                0.00      0.00      0.00
  TU196                0.00      0.00      0.00
  TU197               -0.00      0.00      0.00
  TU198                0.00      0.00      0.00
  TU199                0.00      0.00      0.00
  TU2                  0.00      0.00      0.00
  TU20                 0.00      0.00      0.00
  TU200               -0.00      0.00      0.00
  TU201                0.00      0.00      0.00
  TU203                0.00      0.00      0.00
  TU204              252.00      0.11      0.01
  TU205              252.00      0.11      0.01
  TU21                -0.00      0.00      0.00
  TU22               252.00      0.14      0.02
  TU23               252.00      0.14      0.02
  TU24               252.00      0.14      0.02
  TU25               252.00      0.14      0.02
  TU26                53.00      0.05      0.00
  TU27                53.00      0.05      0.01
  TU28               115.00      0.11      0.02
  TU29               115.00      0.11      0.02
  TU3                  0.00      0.00      0.00
  TU30                 0.00      0.00      0.00
  TU31                83.00      0.95      4.32
  TU32                 0.00      0.00      0.00
  TU33                83.00      0.38      0.47
  TU34                83.00      0.38      0.47
  TU35                54.00      0.96      5.79
  TU36                54.00      0.62      1.98
  TU37               137.00      0.39      0.37
  TU38               137.00      0.39      0.37
  TU39                -0.00      0.00      0.00
  TU4                 -0.00      0.00      0.00
  TU40                 0.00      0.00      0.00
  TU41               137.00      0.30      0.20
  TU42                 0.00      0.00      0.00
  TU43               137.00      0.19      0.07
  TU44               137.00      0.19      0.07
  TU45               137.00      0.19      0.07
  TU46               137.00      0.19      0.07
  TU47                -0.00      0.00      0.00
  TU48                 0.00      0.00      0.00
  TU49                 0.00      0.00      0.00
  TU5                  0.00      0.00      0.00
  TU50                 0.00      0.00      0.00
  TU51                 0.00      0.00      0.00
  TU52                 0.00      0.00      0.00
  TU53                 0.00      0.00      0.00
  TU54                 0.00      0.00      0.00
  TU55                 0.00      0.00      0.00
  TU56                -0.00      0.00      0.00
  TU57                 0.00      0.00      0.00
  TU58                 0.00      0.00      0.00
  TU59                 0.00      0.00      0.00
  TU6                137.00      0.19      0.07
  TU60                -0.00      0.00      0.00
  TU61                 0.00      0.00      0.00
  TU62                -0.00      0.00      0.00
  TU63                 0.00      0.00      0.00
  TU64                 0.00      0.00      0.00
  TU65                 0.00      0.00      0.00
  TU66                 0.00      0.00      0.00
  TU67                 0.00      0.00      0.00
  TU68                 0.00      0.00      0.00
  TU69                 0.00      0.00      0.00
  TU7                  0.00      0.00      0.00
  TU70                 0.00      0.00      0.00
  TU71                 0.00      0.00      0.00
  TU72                53.00      0.12      0.04
  TU73                53.00      0.12      0.04
  TU74                53.00      0.12      0.04
  TU75                53.00      0.12      0.04
  TU76                53.00      0.12      0.04
  TU77                53.00      0.12      0.04
  TU78                 0.00      0.00      0.00
  TU79                 0.00      0.00      0.00
  TU8                  0.00      0.00      0.00
  TU80                53.00      1.09      7.99
  TU81                53.00      0.45      0.92
  TU82                 0.00      0.00      0.00
  TU83                 0.00      0.00      0.00
  TU84                 0.00      0.00      0.00
  TU85                 0.00      0.00      0.00
  TU86                 0.00      0.00      0.00
  TU87                 0.00      0.00      0.00
  TU88                 0.00      0.00      0.00
  TU89                 0.00      0.00      0.00
  TU9                 55.00      0.93      5.22
  TU90                 0.00      0.00      0.00
  TU91                -0.00      0.00      0.00
  TU92               139.00      0.64      1.21
  TU93               139.00      0.39      0.38
  TU94                 0.00      0.00      0.00
  TU95               139.00      0.39      0.38
  TU96                 0.00      0.00      0.00
  TU97                 0.00      0.00      0.00
  TU98                 0.00      0.00      0.00
  TU99               139.00      0.31      0.21
  TU4000               0.00      0.00      0.00
   
  Analysis ended Fri Dec  1 09:50:19 2023
