  Page 1                                    Fri Dec  1 09:55:23 2023

  ******************************************************************
  *                           E P A N E T                          *
  *                   Hydraulic and Water Quality                  *
  *                   Analysis for Pipe Networks                   *
  *                         Version 2.2                            *
  ******************************************************************
  
  Analysis begun Fri Dec  1 09:55:23 2023

   
  Node Results:
  ----------------------------------------------
                     Demand      Head  Pressure
  Node                 m3/h         m         m
  ----------------------------------------------
  3661                 0.00    428.92     50.78
  482                  0.00    428.85     82.85
  661                  0.00    428.76     98.76
  6610                 0.00    426.13      1.01
  6611                 0.00    428.82     93.82
  6612                 0.00    428.20     65.83
  6613                 0.00    428.82     73.82
  6615                 0.00    428.88     89.88
  6616                 0.00    428.79     67.79
  6617                 0.00    427.51     84.51
  6618                 0.00    428.82     80.82
  662                  0.00    428.90    100.90
  6620                 0.00    428.77    120.77
  6621                 0.00    428.77    100.77
  6622                 0.00    428.77     91.77
  6623                 0.00    428.77     77.77
  6624                 0.00    428.78     76.78
  6625                 0.00    428.78    116.78
  6626                 0.00    428.78    107.78
  6627                 0.00    428.43    107.43
  6628                 0.00    428.90     89.90
  6629                 0.00    428.90     88.90
  663                  0.00    428.83     87.83
  6630                 0.00    428.90      3.78
  6632                 0.00    428.90     88.90
  6633                 0.00    428.95     66.31
  6634                 0.00    428.95     57.95
  6635                 0.00    428.89     76.89
  6636                 0.00    428.89     72.89
  6637                 0.00    428.85     61.85
  6639                 0.00    427.61     67.61
  664                  0.00    428.82     80.82
  6640                 0.00    427.32     67.32
  6641                 0.00    427.83     69.15
  6642                 0.00    427.73     71.73
  6643                 0.00    428.56     76.56
  6644                 0.00    428.65     76.65
  6645                 0.00    428.68     78.68
  6646                 0.00    428.79     81.77
  6648                 0.00    428.79     82.78
  6649                 0.00    428.76     89.76
  665                  0.00    428.82     83.82
  666                  0.00    428.90     88.90
  6665                 0.00    427.95     62.81
  6666                 0.00    428.71     61.05
  667                  0.00    428.64     76.64
  668                  0.00    428.76     98.76
  669                  0.00    428.90     83.90
  1                    0.00    428.92     98.92
  10                   0.00    428.56     76.56
  100                155.00    427.68     72.68
  100B                 0.00    427.32     69.32
  101                  0.00    428.82     75.82
  103                  0.00    428.82     89.82
  104                  0.00    428.82     89.82
  105                  0.00    428.82     73.82
  106                  0.00    428.82     73.82
  107                  0.00    428.88     89.88
  108                  0.00    428.88     93.32
  109                  0.00    428.88     91.88
  11B                  0.00    428.82     85.82
  110                  0.00    428.80     82.80
  111                  0.00    428.73     90.75
  112                  0.00    428.77     86.77
  113                  0.00    428.63    105.63
  114                  0.00    428.33     80.33
  115                  0.00    427.96     81.96
  116                  0.00    428.20     83.20
  117                 82.00    427.40     84.40
  118                 75.00    426.51     87.51
  119                  0.00    426.51    103.70
  12                   0.00    428.82     98.48
  121                  0.00    428.48     78.48
  122                  0.00    428.20     81.20
  123                  0.00    428.20     82.20
  125                  0.00    428.46     77.46
  126                 58.00    428.37     80.37
  127                  0.00    428.37     85.04
  128                 65.00    428.79     66.79
  129                  0.00    428.78     72.78
  130                  0.00    428.76     87.68
  130B                 0.00    428.77     75.77
  132                  0.00    428.76     95.76
  134                 57.00    428.17    107.17
  135                  0.00    428.43    112.43
  137                  0.00    428.43    119.43
  139                  0.00    428.76     68.76
  14                   0.00    428.82     90.82
  140                  0.00    428.76     77.76
  141                  0.00    428.76     76.76
  142                  0.00    428.76     67.76
  143                  0.00    428.76     87.79
  144                  0.00    428.78     69.78
  146                  0.00    428.78     82.78
  147                  0.00    428.78    107.78
  148                  0.00    428.78     95.78
  149                  0.00    428.78    115.57
  15                   0.00    428.82     93.82
  150                  0.00    428.78    120.71
  151                  0.00    428.78    123.54
  152                  0.00    428.78    118.76
  153                  0.00    428.78    118.78
  154                  0.00    428.77    103.77
  157                  0.00    428.77    125.77
  158A                 0.00    428.77    107.77
  158B                 0.00    428.77    107.77
  16B                  0.00    428.82     94.82
  160                  0.00    428.84     61.84
  162                  0.00    428.78     60.78
  163                  0.00    428.71     54.71
  164                  0.00    428.56     68.90
  165                  0.00    428.19     66.89
  166                  0.00    428.19     67.18
  167                131.00    427.66     57.02
  169                 55.00    428.39     61.89
  17A                  0.00    428.82     93.82
  170                  0.00    428.87     69.87
  17B                  0.00    428.82     93.82
  171                  0.00    428.89     76.89
  172                  0.00    428.89     88.89
  18B                  0.00    428.82    103.82
  19                   0.00    428.95     70.95
  2                    0.00    428.90    102.90
  20                  85.00    428.92     64.92
  2002                 0.00    428.90     78.90
  2003                 0.00    428.90     78.90
  21                   0.00    428.91     66.18
  22                   0.00    428.91     67.31
  222                  0.00    428.89     78.89
  24                   0.00    428.88     84.88
  25                   0.00    428.86     83.86
  26                   0.00    428.82     80.82
  27                   0.00    428.84     78.84
  28                   0.00    428.83     80.83
  29                   0.00    428.80     72.80
  3                    0.00    428.87     88.52
  30                   0.00    428.80     67.80
  3002                 0.00    428.92     42.92
  3004                 0.00    428.92     42.92
  3005                 0.00    428.92     42.92
  3008                 0.00    428.92     43.92
  3012                 0.00    428.92     58.19
  3013                 0.00    428.92     63.99
  3016                 0.00    428.93     63.93
  3017                 0.00    428.96     46.96
  3018                64.00    428.70     51.70
  3019                 0.00    428.92     59.53
  3020                 0.00    428.92     60.81
  3024                 0.00    428.92     63.98
  31                   0.00    428.78     70.99
  3152                 0.00    428.92     62.72
  32                   0.00    428.79     70.79
  34                  73.00    428.59     77.57
  35                   0.00    428.77     91.77
  36                   0.00    428.77    100.77
  39                   0.00    428.77    115.77
  41                   0.00    428.77    121.77
  46                   0.00    428.91     52.91
  47                   0.00    428.47     70.29
  48                   0.00    428.85     84.85
  49                   0.00    428.85     76.85
  5                    0.00    428.85     81.85
  52                   0.00    428.85     77.85
  53                   0.00    428.95     72.95
  54                   0.00    428.94     83.94
  55                   0.00    428.92     98.92
  56                   0.00    428.92     94.92
  58                   0.00    428.92     95.92
  59                   0.00    428.92     99.92
  6                    0.00    428.65     76.65
  60                   0.00    428.87     83.87
  61                   0.00    428.87     89.87
  62                   0.00    428.64     74.64
  64                   0.00    428.90     97.90
  65                   0.00    428.90     88.90
  66                   0.00    428.90     89.90
  67                   0.00    428.90     96.90
  68                   0.00    428.90     89.90
  69                   0.00    428.90     77.90
  7                    0.00    428.82     75.82
  70                   0.00    428.90     88.90
  71                   0.00    428.90     91.90
  72                   0.00    428.64     72.64
  73                   0.00    428.54     73.54
  77                   0.00    428.64     72.64
  78                   0.00    428.64     88.50
  79                   0.00    428.82     75.82
  8                    0.00    428.68     78.68
  80                 101.00    428.79     79.79
  81                   0.00    428.79     69.79
  82                   0.00    428.79     70.79
  85                   0.00    428.90     89.90
  86                   0.00    428.90     91.90
  87                   0.00    428.31     68.31
  88                   0.00    428.20     75.20
  89                  96.00    427.97     60.97
  90                   0.00    427.73     71.73
  91                   0.00    427.61     55.61
  92                  47.00    426.09     66.09
  91B                190.00    425.75     65.75
  94                   0.00    428.76     89.76
  95                   0.00    428.63     85.63
  97                   0.00    428.55     97.55
  99                   0.00    427.97     77.97
  74                   0.00    428.52     69.81
  1074                 0.00    428.52     70.52
  11A                 54.00    428.51     85.51
  1011                 0.00    428.55     85.55
  0                -1388.00    429.00      0.00  Reservoir
   
   
  Link Results:
  ----------------------------------------------
                       Flow  Velocity  Headloss
  Link                 m3/h       m/s    /1000m
  ----------------------------------------------
  TU1                 47.00      0.51      1.38
  TU10                 0.00      0.00      0.00
  TU100                0.00      0.00      0.00
  TU101                0.00      0.00      0.00
  TU102                0.00      0.00      0.00
  TU103                0.00      0.00      0.00
  TU104                0.00      0.00      0.00
  TU105              643.00      0.28      0.07
  TU106              643.00      0.28      0.07
  TU107                0.00      0.00      0.00
  TU108              643.00      0.28      0.07
  TU109              643.00      0.28      0.07
  TU11                -0.00      0.00      0.00
  TU110              643.00      0.28      0.07
  TU111                0.00      0.00      0.00
  TU112               -0.00      0.00      0.00
  TU113                0.00      0.00      0.00
  TU114                0.00      0.00      0.00
  TU115              643.00      0.23      0.04
  TU116              643.00      0.23      0.04
  TU117                0.00      0.00      0.00
  TU118                0.00      0.00      0.00
  TU119              643.00      0.23      0.04
  TU12                -0.00      0.00      0.00
  TU120              643.00      0.23      0.04
  TU121                0.00      0.00      0.00
  TU122                0.00      0.00      0.00
  TU123               -0.00      0.00      0.00
  TU124                0.00      0.00      0.00
  TU125               -0.00      0.00      0.00
  TU126               -0.00      0.00      0.00
  TU127               -0.00      0.00      0.00
  TU128              131.00      0.57      0.96
  TU129              131.00      0.57      0.96
  TU13                 0.00      0.00      0.00
  TU130              131.00      0.57      0.96
  TU131              131.00      0.57      0.96
  TU132               55.00      0.24      0.20
  TU133              186.00      0.81      1.82
  TU134              190.00      2.05     17.24
  TU135              186.00      0.41      0.35
  TU136              186.00      0.41      0.35
  TU137              186.00      0.26      0.12
  TU138              186.00      0.26      0.12
  TU139              186.00      0.18      0.05
  TU14                -0.00      0.00      0.00
  TU140              250.00      0.25      0.09
  TU141                0.00      0.00      0.00
  TU142                0.00      0.00      0.00
  TU143               -0.00      0.00      0.00
  TU144               -0.00      0.00      0.00
  TU145              237.00      1.64      8.76
  TU146              237.00      1.03      2.83
  TU147              237.00      0.64      0.89
  TU148               -0.00      0.00      0.00
  TU149              155.00      1.07      4.02
  TU15                -0.00      0.00      0.00
  TU150              155.00      1.07      4.02
  TU151              392.00      0.55      0.47
  TU152                0.00      0.00      0.00
  TU15301            488.00      0.69      0.69
  TU15302            488.00      0.69      0.69
  TU1074               0.00      0.00      0.00
  TU154              488.00      0.48      0.29
  TU155               -0.00      0.00      0.00
  TU156              488.00      0.48      0.29
  TU157              488.00      0.48      0.29
  TU158                0.00      0.00      0.00
  TU159              488.00      0.48      0.29
  TU16              1388.00      0.25      0.03
  TU160                0.00      0.00      0.00
  TU161              488.00      0.48      0.29
  TU162              155.00      0.11      0.02
  TU163              155.00      0.11      0.02
  TU164              155.00      0.11      0.02
  TU166               -0.00      0.00      0.00
  TU167               -0.00      0.00      0.00
  TU168                0.00      0.00      0.00
  TU169                0.00      0.00      0.00
  TU17                -0.00      0.00      0.00
  TU170              101.00      0.46      0.68
  TU171               54.00      0.04      0.00
  TU17201             54.00      0.71      2.79
  TU17202              0.00      0.00      0.00
  TU1011A             54.00      0.71      2.79
  TU173               54.00      0.39      0.68
  TU174               -0.00      0.00      0.00
  TU175               54.00      0.25      0.22
  TU176               -0.00      0.00      0.00
  TU177               -0.00      0.00      0.00
  TU178               -0.00      0.00      0.00
  TU179                0.00      0.00      0.00
  TU18                 0.00      0.00      0.00
  TU180                0.00      0.00      0.00
  TU181                0.00      0.00      0.00
  TU182                0.00      0.00      0.00
  TU183                0.00      0.00      0.00
  TU184                0.00      0.00      0.00
  TU185              215.00      0.48      0.46
  TU186              186.00      0.50      0.57
  TU187              186.00      0.41      0.35
  TU188              410.00      0.30      0.10
  TU189              410.00      0.30      0.10
  TU19                 0.00      0.00      0.00
  TU190               -0.00      0.00      0.00
  TU191               -0.00      0.00      0.00
  TU192                0.00      0.00      0.00
  TU193                0.00      0.00      0.00
  TU194               -0.00      0.00      0.00
  TU195                0.00      0.00      0.00
  TU196                0.00      0.00      0.00
  TU197               -0.00      0.00      0.00
  TU198                0.00      0.00      0.00
  TU199                0.00      0.00      0.00
  TU2                  0.00      0.00      0.00
  TU20                 0.00      0.00      0.00
  TU200               -0.00      0.00      0.00
  TU201                0.00      0.00      0.00
  TU203               64.00      1.08      6.88
  TU204              495.00      0.22      0.04
  TU205              495.00      0.22      0.04
  TU21                -0.00      0.00      0.00
  TU22               410.00      0.23      0.05
  TU23               410.00      0.23      0.05
  TU24               410.00      0.23      0.05
  TU25               410.00      0.23      0.05
  TU26               195.00      0.19      0.06
  TU27               195.00      0.19      0.05
  TU28               195.00      0.19      0.05
  TU29               195.00      0.19      0.05
  TU3                  0.00      0.00      0.00
  TU30                 0.00      0.00      0.00
  TU31                75.00      0.86      3.59
  TU32                82.00      0.94      4.22
  TU33               157.00      0.72      1.51
  TU34               157.00      0.72      1.51
  TU35                 0.00      0.00      0.00
  TU36                 0.00      0.00      0.00
  TU37               157.00      0.45      0.48
  TU38               157.00      0.45      0.48
  TU39                -0.00      0.00      0.00
  TU4                488.00      0.69      0.69
  TU40                58.00      0.42      0.77
  TU41               215.00      0.48      0.46
  TU42                 0.00      0.00      0.00
  TU43               215.00      0.30      0.16
  TU44               215.00      0.30      0.16
  TU45               215.00      0.30      0.16
  TU46               215.00      0.30      0.16
  TU47                -0.00      0.00      0.00
  TU48                 0.00      0.00      0.00
  TU49                 0.00      0.00      0.00
  TU5                488.00      0.69      0.69
  TU50                 0.00      0.00      0.00
  TU51                 0.00      0.00      0.00
  TU52                 0.00      0.00      0.00
  TU53                 0.00      0.00      0.00
  TU54                 0.00      0.00      0.00
  TU55                 0.00      0.00      0.00
  TU56                 0.00      0.00      0.00
  TU57                 0.00      0.00      0.00
  TU58                73.00      1.30     10.03
  TU59                73.00      0.21      0.12
  TU6                215.00      0.30      0.16
  TU60                -0.00      0.00      0.00
  TU61                 0.00      0.00      0.00
  TU62                -0.00      0.00      0.00
  TU63                 0.00      0.00      0.00
  TU64                -0.00      0.00      0.00
  TU65                 0.00      0.00      0.00
  TU66                 0.00      0.00      0.00
  TU67                -0.00      0.00      0.00
  TU68                 0.00      0.00      0.00
  TU69                73.00      0.10      0.02
  TU7                  0.00      0.00      0.00
  TU70                73.00      0.10      0.02
  TU71                73.00      0.10      0.02
  TU72                57.00      0.13      0.04
  TU73                57.00      0.13      0.04
  TU74                57.00      0.13      0.04
  TU75                57.00      0.13      0.04
  TU76                57.00      0.13      0.04
  TU77               122.00      0.27      0.16
  TU78                 0.00      0.00      0.00
  TU79                 0.00      0.00      0.00
  TU8                  0.00      0.00      0.00
  TU80                57.00      1.17      9.12
  TU81                57.00      0.48      1.05
  TU82                 0.00      0.00      0.00
  TU83                 0.00      0.00      0.00
  TU84                 0.00      0.00      0.00
  TU85                 0.00      0.00      0.00
  TU86                 0.00      0.00      0.00
  TU87                 0.00      0.00      0.00
  TU88                 0.00      0.00      0.00
  TU89                 0.00      0.00      0.00
  TU9                  0.00      0.00      0.00
  TU90                 0.00      0.00      0.00
  TU91                -0.00      0.00      0.00
  TU92                -0.00      0.00      0.00
  TU93                 0.00      0.00      0.00
  TU94                 0.00      0.00      0.00
  TU95                 0.00      0.00      0.00
  TU96                 0.00      0.00      0.00
  TU97                 0.00      0.00      0.00
  TU98                 0.00      0.00      0.00
  TU99                 0.00      0.00      0.00
  TU4000               0.00      0.00      0.00
   
  Analysis ended Fri Dec  1 09:55:23 2023
