  Page 1                                    Tue Jun  1 20:53:19 2021

  ******************************************************************
  *                           E P A N E T                          *
  *                   Hydraulic and Water Quality                  *
  *                   Analysis for Pipe Networks                   *
  *                         Version 2.00.12                        *
  ******************************************************************
  
  C:\Mario\Violada 
   
      Input Data File ................... /home/borja/Escritorio/nery/epanet-telecontrol/flowpath/tmp.inp
      Number of Junctions................ 146
      Number of Reservoirs............... 1
      Number of Tanks ................... 0
      Number of Pipes ................... 146
      Number of Pumps ................... 0
      Number of Valves .................. 0
      Headloss Formula .................. Darcy-Weisbach
      Hydraulic Timestep ................ 1.00 hrs
      Hydraulic Accuracy ................ 0.001000
      Status Check Frequency ............ 2
      Maximum Trials Checked ............ 10
      Damping Limit Threshold ........... 0.000000
      Maximum Trials .................... 40
      Quality Analysis .................. None
      Specific Gravity .................. 1.00
      Relative Kinematic Viscosity ...... 1.00
      Relative Chemical Diffusivity ..... 1.00
      Demand Multiplier ................. 1.00
      Total Duration .................... 0.00 hrs
      Reporting Criteria:
         Selected Nodes
         No Links
         with Velocity above 3.00 m/s
   
  Analysis begun Tue Jun  1 20:53:19 2021

   
  Node Results:
  ----------------------------------------------
                     Demand      Head  Pressure
  Node                  L/s         m         m
  ----------------------------------------------
  213               0.000000e+00   4.489684e+02   6.606843e+01
  241               0.000000e+00   4.488132e+02   7.557317e+01
  245               0.000000e+00   4.488132e+02   9.869316e+01
  256               0.000000e+00   4.489171e+02   8.270705e+01
  276               0.000000e+00   4.489171e+02   6.682704e+01
  277               0.000000e+00   4.481095e+02   6.784946e+01
  286               0.000000e+00   4.457749e+02   6.394491e+01
  296               0.000000e+00   4.489684e+02   6.780843e+01
   
   
  Link Results:
  --------------------------------------------------------
                       Flow  Velocity  Headloss  F-Factor
  Link                  L/s       m/s    /1000m          
  --------------------------------------------------------
  1                    0.00    0.0000      0.00    0.0000
  10                   0.00    0.0000      0.00    0.0000
  100                  0.00    0.0000      0.00    0.0000
  102                  0.00    0.0000      0.00    0.0000
  103                  0.00    0.0000      0.00    0.0000
  104                 -0.00    0.0000      0.00    0.0000
  105                  0.00    0.0000      0.00    0.0000
  106                 33.30    0.8301      2.46    0.0158
  107                  0.00    0.0000      0.00    0.0000
  11                   0.00    0.0000      0.00    0.0000
  112                  0.00    0.0000      0.00    0.0000
  113                  0.00    0.0000      0.00    0.0000
  117                 72.40    0.1959      0.05    0.0169
  118                  0.00    0.0000      0.00    0.0000
  119                  0.00    0.0000      0.00    0.0000
  12                   0.00    0.0000      0.00    0.0000
  120                  0.00    0.0000      0.00    0.0000
  122                  0.00    0.0000      0.00    0.0000
  123                  0.00    0.0000      0.00    0.0000
  126                  0.00    0.0000      0.00    0.0000
  127                  0.00    0.0000      0.00    0.0000
  128                  0.00    0.0000      0.00    0.0000
  131                  0.00    0.0000      0.00    0.0000
  132                  0.00    0.0000      0.00    0.0000
  134                  0.00    0.0000      0.00    0.0000
  136                  0.00    0.0000      0.00    0.0000
  137                 -0.00    0.0000      0.00    0.0000
  138                  0.00    0.0000      0.00    0.0000
  139                  0.00    0.0000      0.00    0.0000
  14                  33.00    0.5173      0.79    0.0166
  142                  0.00    0.0000      0.00    0.0000
  143                  0.00    0.0000      0.00    0.0000
  144                  0.00    0.0000      0.00    0.0000
  145                  0.00    0.0000      0.00    0.0000
  148                  0.00    0.0000      0.00    0.0000
  149                  0.00    0.0000      0.00    0.0000
  15                   0.00    0.0000      0.00    0.0000
  150                  0.00    0.0000      0.00    0.0000
  151                 -0.00    0.0000      0.00    0.0000
  156                  0.00    0.0000      0.00    0.0000
  16                   0.00    0.0000      0.00    0.0000
  160                 32.00    0.5016      0.75    0.0167
  162                  0.00    0.0000      0.00    0.0000
  171                  0.00    0.0000      0.00    0.0000
  172                 32.00    0.5016      0.75    0.0167
  175                  0.00    0.0000      0.00    0.0000
  181                  0.00    0.0000      0.00    0.0000
  183                  0.00    0.0000      0.00    0.0000
  184                  0.00    0.0000      0.00    0.0000
  185                  0.00    0.0000      0.00    0.0000
  19                   0.00    0.0000      0.00    0.0000
  2                   72.40    0.1959      0.05    0.0169
  20                  60.00    1.4957      7.15    0.0142
  21                  -0.00    0.0000      0.00    0.0000
  22                 111.60    0.4110      0.22    0.0151
  23                   0.00    0.0000      0.00    0.0000
  24                   0.00    0.0000      0.00    0.0000
  25                  -0.00    0.0000      0.00    0.0000
  26                   0.00    0.0000      0.00    0.0000
  27                  -0.00    0.0000      0.00    0.0000
  28                  32.00    0.3109      0.24    0.0175
  29                   0.00    0.0000      0.00    0.0000
  3                   32.00    0.5016      0.75    0.0167
  30                   0.00    0.0000      0.00    0.0000
  31                 111.60    0.1822      0.03    0.0163
  32                  33.00    0.1648      0.05    0.0187
  33                   0.00    0.0000      0.00    0.0000
  34                 111.60    0.2318      0.06    0.0159
  36                  72.40    1.1349      3.29    0.0143
  37                   0.00    0.0000      0.00    0.0000
  38                   0.00    0.0000      0.00    0.0000
  4                    0.00    0.0000      0.00    0.0000
  40                   0.00    0.0000      0.00    0.0000
  41                   0.00    0.0000      0.00    0.0000
  42                   0.00    0.0000      0.00    0.0000
  43                   0.00    0.0000      0.00    0.0000
  44                   0.00    0.0000      0.00    0.0000
  45                  -0.00    0.0000      0.00    0.0000
  46                   0.00    0.0000      0.00    0.0000
  47                   0.00    0.0000      0.00    0.0000
  48                   0.00    0.0000      0.00    0.0000
  5                   -0.00    0.0000      0.00    0.0000
  50                   0.00    0.0000      0.00    0.0000
  51                 111.60    0.2318      0.06    0.0160
  52                   0.00    0.0000      0.00    0.0000
  53                   0.00    0.0000      0.00    0.0000
  54                 216.01    0.1989      0.03    0.0151
  56                   0.00    0.0000      0.00    0.0000
  57                   0.00    0.0000      0.00    0.0000
  58                   0.00    0.0000      0.00    0.0000
  59                   0.00    0.0000      0.00    0.0000
  6                    0.00    0.0000      0.00    0.0000
  60                   0.00    0.0000      0.00    0.0000
  61                  32.00    0.3109      0.24    0.0175
  62                  32.00    0.3109      0.24    0.0175
  63                 143.60    0.2345      0.05    0.0155
  64                   0.00    0.0000      0.00    0.0000
  65                   0.00    0.0000      0.00    0.0000
  66                  32.00    0.1598      0.05    0.0183
  67                  32.00    0.3109      0.24    0.0175
  68                   0.00    0.0000      0.00    0.0000
  69                  32.00    0.1994      0.08    0.0184
  7                   78.60    1.2321      3.82    0.0141
  70                  32.00    0.5016      0.75    0.0167
  71                   0.00    0.0000      0.00    0.0000
  72                   0.00    0.0000      0.00    0.0000
  73                   0.00    0.0000      0.00    0.0000
  74                 216.01    0.1989      0.03    0.0163
  76                   0.00    0.0000      0.00    0.0000
  77                   0.00    0.0000      0.00    0.0000
  78                   0.00    0.0000      0.00    0.0000
  79                   0.00    0.0000      0.00    0.0000
  8                    0.00    0.0000      0.00    0.0000
  80                   0.00    0.0000      0.00    0.0000
  81                   0.00    0.0000      0.00    0.0000
  82                   0.00    0.0000      0.00    0.0000
  83                   0.00    0.0000      0.00    0.0000
  84                  72.40    1.1349      3.29    0.0143
  86                   0.00    0.0000      0.00    0.0000
  87                   0.00    0.0000      0.00    0.0000
  88                   0.00    0.0000      0.00    0.0000
  89                   0.00    0.0000      0.00    0.0000
  9                  216.01    0.1989      0.03    0.0152
  90                  32.00    0.5016      0.75    0.0167
  92                   0.00    0.0000      0.00    0.0000
  93                   0.00    0.0000      0.00    0.0000
  94                   0.00    0.0000      0.00    0.0000
  95                   0.00    0.0000      0.00    0.0000
  96                  -0.00    0.0000      0.00    0.0000
  97                   0.00    0.0000      0.00    0.0000
  98                   0.00    0.0000      0.00    0.0000
  99                   0.00    0.0000      0.00    0.0000
  55                   0.00    0.0000      0.00    0.0000
  101                  0.00    0.0000      0.00    0.0000
  108                  0.00    0.0000      0.00    0.0000
  109                  0.00    0.0000      0.00    0.0000
  49                  -0.00    0.0000      0.00    0.0000
  85                  -0.00    0.0000      0.00    0.0000
  91                   0.00    0.0000      0.00    0.0000
  110                  0.00    0.0000      0.00    0.0000
  111                  0.00    0.0000      0.00    0.0000
  17                   0.00    0.0000      0.00    0.0000
  18                   0.00    0.0000      0.00    0.0000
  39                   0.00    0.0000      0.00    0.0000
  75                   0.00    0.0000      0.00    0.0000
  114                 -0.00    0.0000      0.00    0.0000
   
  Analysis ended Tue Jun  1 20:53:19 2021
