  Page 1                                    Tue Jun  1 20:54:05 2021

  ******************************************************************
  *                           E P A N E T                          *
  *                   Hydraulic and Water Quality                  *
  *                   Analysis for Pipe Networks                   *
  *                         Version 2.00.12                        *
  ******************************************************************
  
  C:\Mario\Violada 
   
      Input Data File ................... /home/borja/Escritorio/nery/epanet-telecontrol/flowpath/tmp.inp
      Number of Junctions................ 146
      Number of Reservoirs............... 1
      Number of Tanks ................... 0
      Number of Pipes ................... 146
      Number of Pumps ................... 0
      Number of Valves .................. 0
      Headloss Formula .................. Darcy-Weisbach
      Hydraulic Timestep ................ 1.00 hrs
      Hydraulic Accuracy ................ 0.001000
      Status Check Frequency ............ 2
      Maximum Trials Checked ............ 10
      Damping Limit Threshold ........... 0.000000
      Maximum Trials .................... 40
      Quality Analysis .................. None
      Specific Gravity .................. 1.00
      Relative Kinematic Viscosity ...... 1.00
      Relative Chemical Diffusivity ..... 1.00
      Demand Multiplier ................. 1.00
      Total Duration .................... 0.00 hrs
      Reporting Criteria:
         Selected Nodes
         No Links
         with Velocity above 3.00 m/s
   
  Analysis begun Tue Jun  1 20:54:05 2021

   
  Node Results:
  ----------------------------------------------
                     Demand      Head  Pressure
  Node                  L/s         m         m
  ----------------------------------------------
  213               0.000000e+00   4.489782e+02   6.607825e+01
  241               0.000000e+00   4.480261e+02   7.478613e+01
  245               0.000000e+00   4.481667e+02   9.804673e+01
  256               0.000000e+00   4.487734e+02   8.256339e+01
  276               0.000000e+00   4.487376e+02   6.664764e+01
  277               0.000000e+00   4.489363e+02   6.867632e+01
  286               0.000000e+00   4.489892e+02   6.715915e+01
  296               0.000000e+00   4.489626e+02   6.780255e+01
   
   
  Link Results:
  --------------------------------------------------------
                       Flow  Velocity  Headloss  F-Factor
  Link                  L/s       m/s    /1000m          
  --------------------------------------------------------
  1                    0.00    0.0000      0.00    0.0000
  10                  35.00    0.3401      0.28    0.0172
  100                  0.00    0.0000      0.00    0.0000
  102                  0.00    0.0000      0.00    0.0000
  103                  0.00    0.0000      0.00    0.0000
  104                  0.00    0.0000      0.00    0.0000
  105                  0.00    0.0000      0.00    0.0000
  106                  0.00    0.0000      0.00    0.0000
  107                 18.00    0.1122      0.03    0.0210
  11                   0.00    0.0000      0.00    0.0000
  112                 18.00    0.0663      0.01    0.0220
  113                  0.00    0.0000      0.00    0.0000
  117                 18.00    0.0487      0.00    0.0224
  118                 18.00    0.0663      0.01    0.0223
  119                 18.00    0.0663      0.01    0.0217
  12                   0.00    0.0000      0.00    0.0000
  120                  0.00    0.0000      0.00    0.0000
  122                  0.00    0.0000      0.00    0.0000
  123                 18.00    0.2822      0.27    0.0187
  126                  0.00    0.0000      0.00    0.0000
  127                  0.00    0.0000      0.00    0.0000
  128                 18.00    0.0899      0.02    0.0213
  131                 18.00    0.1122      0.02    0.0157
  132                 18.00    0.0899      0.02    0.0217
  134                  0.00    0.0000      0.00    0.0000
  136                  0.00    0.0000      0.00    0.0000
  137                  0.00    0.0000      0.00    0.0000
  138                  0.00    0.0000      0.00    0.0000
  139                  0.00    0.0000      0.00    0.0000
  14                   0.00    0.0000      0.00    0.0000
  142                 -0.00    0.0000      0.00    0.0000
  143                  0.00    0.0000      0.00    0.0000
  144                  0.00    0.0000      0.00    0.0000
  145                 18.00    0.1749      0.09    0.0198
  148                 18.00    0.1122      0.03    0.0207
  149                 18.00    0.1122      0.03    0.0208
  15                   0.00    0.0000      0.00    0.0000
  150                  0.00    0.0000      0.00    0.0000
  151                  0.00    0.0000      0.00    0.0000
  156                  0.00    0.0000      0.00    0.0000
  16                   0.00    0.0000      0.00    0.0000
  160                  0.00    0.0000      0.00    0.0000
  162                  0.00    0.0000      0.00    0.0000
  171                  0.00    0.0000      0.00    0.0000
  172                  0.00    0.0000      0.00    0.0000
  175                  0.00    0.0000      0.00    0.0000
  181                  0.00    0.0000      0.00    0.0000
  183                  0.00    0.0000      0.00    0.0000
  184                  0.00    0.0000      0.00    0.0000
  185                  0.00    0.0000      0.00    0.0000
  19                   0.00    0.0000      0.00    0.0000
  2                   18.00    0.0487      0.00    0.0233
  20                   0.00    0.0000      0.00    0.0000
  21                   0.00    0.0000      0.00    0.0000
  22                 135.00    0.4972      0.31    0.0145
  23                   0.00    0.0000      0.00    0.0000
  24                   0.00    0.0000      0.00    0.0000
  25                   0.00    0.0000      0.00    0.0000
  26                 135.00    0.6740      0.65    0.0141
  27                   0.00    0.0000      0.00    0.0000
  28                   0.00    0.0000      0.00    0.0000
  29                  30.80    0.0833      0.01    0.0203
  3                    0.00    0.0000      0.00    0.0000
  30                   0.00    0.0000      0.00    0.0000
  31                 205.80    0.3361      0.09    0.0145
  32                 135.00    0.6740      0.65    0.0141
  33                  70.80    0.1916      0.05    0.0169
  34                 205.80    0.4274      0.17    0.0142
  36                   0.00    0.0000      0.00    0.0000
  37                   0.00    0.0000      0.00    0.0000
  38                   0.00    0.0000      0.00    0.0000
  4                   35.00    0.2181      0.10    0.0180
  40                   0.00    0.0000      0.00    0.0000
  41                  30.80    0.0833      0.01    0.0202
  42                   0.00    0.0000      0.00    0.0000
  43                  70.80    0.1916      0.05    0.0170
  44                   0.00    0.0000      0.00    0.0000
  45                   0.00    0.0000      0.00    0.0000
  46                  40.00    0.9971      3.43    0.0153
  47                  30.80    0.1134      0.02    0.0196
  48                  30.80    0.1134      0.02    0.0195
  5                    0.00    0.0000      0.00    0.0000
  50                   0.00    0.0000      0.00    0.0000
  51                 205.80    0.4274      0.17    0.0143
  52                  -0.00    0.0000      0.00    0.0000
  53                  30.80    0.1538      0.05    0.0189
  54                 223.80    0.2060      0.03    0.0150
  56                   0.00    0.0000      0.00    0.0000
  57                   0.00    0.0000      0.00    0.0000
  58                   0.00    0.0000      0.00    0.0000
  59                   0.00    0.0000      0.00    0.0000
  6                  100.00    0.6232      0.64    0.0146
  60                   0.00    0.0000      0.00    0.0000
  61                   0.00    0.0000      0.00    0.0000
  62                   0.00    0.0000      0.00    0.0000
  63                 205.80    0.3361      0.09    0.0145
  64                   0.00    0.0000      0.00    0.0000
  65                   0.00    0.0000      0.00    0.0000
  66                   0.00    0.0000      0.00    0.0000
  67                   0.00    0.0000      0.00    0.0000
  68                   0.00    0.0000      0.00    0.0000
  69                   0.00    0.0000      0.00    0.0000
  7                    0.00    0.0000      0.00    0.0000
  70                   0.00    0.0000      0.00    0.0000
  71                   0.00    0.0000      0.00    0.0000
  72                   0.00    0.0000      0.00    0.0000
  73                   0.00    0.0000      0.00    0.0000
  74                 223.80    0.2060      0.03    0.0152
  76                   0.00    0.0000      0.00    0.0000
  77                   0.00    0.0000      0.00    0.0000
  78                   0.00    0.0000      0.00    0.0000
  79                   0.00    0.0000      0.00    0.0000
  8                    0.00    0.0000      0.00    0.0000
  80                  30.80    0.0833      0.01    0.0202
  81                   0.00    0.0000      0.00    0.0000
  82                  30.80    0.1919      0.08    0.0186
  83                  -0.00    0.0000      0.00    0.0000
  84                   0.00    0.0000      0.00    0.0000
  86                   0.00    0.0000      0.00    0.0000
  87                   0.00    0.0000      0.00    0.0000
  88                   0.00    0.0000      0.00    0.0000
  89                   0.00    0.0000      0.00    0.0000
  9                  223.80    0.2060      0.03    0.0150
  90                   0.00    0.0000      0.00    0.0000
  92                   0.00    0.0000      0.00    0.0000
  93                   0.00    0.0000      0.00    0.0000
  94                  30.80    0.1919      0.08    0.0184
  95                   0.00    0.0000      0.00    0.0000
  96                   0.00    0.0000      0.00    0.0000
  97                   0.00    0.0000      0.00    0.0000
  98                   0.00    0.0000      0.00    0.0000
  99                   0.00    0.0000      0.00    0.0000
  55                   0.00    0.0000      0.00    0.0000
  101                  0.00    0.0000      0.00    0.0000
  108                  0.00    0.0000      0.00    0.0000
  109                  0.00    0.0000      0.00    0.0000
  49                  -0.00    0.0000      0.00    0.0000
  85                 -35.00    0.2181      0.10    0.0180
  91                  -0.00    0.0000      0.00    0.0000
  110                  0.00    0.0000      0.00    0.0000
  111                  0.00    0.0000      0.00    0.0000
  17                   0.00    0.0000      0.00    0.0000
  18                   0.00    0.0000      0.00    0.0000
  39                   0.00    0.0000      0.00    0.0000
  75                   0.00    0.0000      0.00    0.0000
  114                 -0.00    0.0000      0.00    0.0000
   
  Analysis ended Tue Jun  1 20:54:05 2021
