  Page 1                                    Tue Jun  1 20:54:17 2021

  ******************************************************************
  *                           E P A N E T                          *
  *                   Hydraulic and Water Quality                  *
  *                   Analysis for Pipe Networks                   *
  *                         Version 2.00.12                        *
  ******************************************************************
  
  C:\Mario\Violada 
   
      Input Data File ................... /home/borja/Escritorio/nery/epanet-telecontrol/flowpath/tmp.inp
      Number of Junctions................ 146
      Number of Reservoirs............... 1
      Number of Tanks ................... 0
      Number of Pipes ................... 146
      Number of Pumps ................... 0
      Number of Valves .................. 0
      Headloss Formula .................. Darcy-Weisbach
      Hydraulic Timestep ................ 1.00 hrs
      Hydraulic Accuracy ................ 0.001000
      Status Check Frequency ............ 2
      Maximum Trials Checked ............ 10
      Damping Limit Threshold ........... 0.000000
      Maximum Trials .................... 40
      Quality Analysis .................. None
      Specific Gravity .................. 1.00
      Relative Kinematic Viscosity ...... 1.00
      Relative Chemical Diffusivity ..... 1.00
      Demand Multiplier ................. 1.00
      Total Duration .................... 0.00 hrs
      Reporting Criteria:
         Selected Nodes
         No Links
         with Velocity above 3.00 m/s
   
  Analysis begun Tue Jun  1 20:54:17 2021

   
  Node Results:
  ----------------------------------------------
                     Demand      Head  Pressure
  Node                  L/s         m         m
  ----------------------------------------------
  213               0.000000e+00   4.452536e+02   6.235357e+01
  241               0.000000e+00   4.410103e+02   6.777029e+01
  245               0.000000e+00   4.426238e+02   9.250381e+01
  256               0.000000e+00   4.471847e+02   8.097469e+01
  276               0.000000e+00   4.466367e+02   6.454666e+01
  277               0.000000e+00   4.470648e+02   6.680480e+01
  286               1.800000e+01   4.317614e+02   4.993144e+01
  296               2.600000e+01   4.393706e+02   5.821058e+01
   
   
  Link Results:
  --------------------------------------------------------
                       Flow  Velocity  Headloss  F-Factor
  Link                  L/s       m/s    /1000m          
  --------------------------------------------------------
  1                   40.70    1.0146      3.53    0.0152
  10                 121.00    1.1756      2.64    0.0136
  100                  0.00    0.0000      0.00    0.0000
  102                 26.00    0.4076      0.52    0.0174
  103                 26.00    0.6481      1.57    0.0166
  104                 19.30    0.3025      0.30    0.0185
  105                 47.00    1.1716      4.59    0.0148
  106                 78.10    1.9469     11.55    0.0135
  107                128.60    0.8014      1.01    0.0140
  11                  86.00    2.1438     13.76    0.0133
  112                301.90    1.1118      1.35    0.0126
  113                 40.70    0.6380      1.16    0.0159
  117                500.80    1.3550      1.61    0.0118
  118                301.90    1.1118      1.35    0.0126
  119                342.60    1.2617      1.70    0.0123
  12                  86.00    2.1438     13.76    0.0133
  120                 36.00    0.5643      0.93    0.0163
  122                 18.00    0.6996      2.36    0.0171
  123                 39.60    0.6207      1.10    0.0160
  126                 36.00    0.8974      2.83    0.0156
  127                 36.00    0.8974      2.83    0.0156
  128                301.90    1.5073      2.81    0.0122
  131                265.90    1.6571      3.80    0.0123
  132                301.90    1.5073      2.81    0.0122
  134                 23.00    1.4122     11.01    0.0156
  136                 66.30    0.6442      0.89    0.0152
  137                 23.00    1.4122     11.02    0.0156
  138                 51.00    1.2713      5.32    0.0146
  139                  0.00    0.0000      0.00    0.0000
  14                  18.00    0.2822      0.27    0.0188
  142                 -0.00    0.0000      0.00    0.0000
  143                  0.00    0.0000      0.00    0.0000
  144                 26.00    1.0105      4.58    0.0159
  145                 57.60    0.5596      0.69    0.0156
  148                110.60    0.6893      0.77    0.0144
  149                110.60    0.6893      0.77    0.0144
  15                  86.00    1.3481      4.49    0.0138
  150                 21.60    0.3386      0.37    0.0181
  151                 21.60    1.3263      9.83    0.0158
  156                  0.00    0.0000      0.00    0.0000
  16                  18.00    0.4487      0.81    0.0179
  160                 19.30    0.3025      0.30    0.0185
  162                  0.00    0.0000      0.00    0.0000
  171                  0.00    0.0000      0.00    0.0000
  172                  0.00    0.0000      0.00    0.0000
  175                  0.00    0.0000      0.00    0.0000
  181                 71.20    1.7749      9.76    0.0137
  183                 18.00    0.6996      2.36    0.0171
  184                 18.00    0.2822      0.27    0.0188
  185                 18.00    0.2822      0.27    0.0188
  19                   0.00    0.0000      0.00    0.0000
  2                  500.80    1.3550      1.61    0.0118
  20                   0.00    0.0000      0.00    0.0000
  21                  18.00    0.6996      2.36    0.0171
  22                 225.00    0.8286      0.79    0.0132
  23                  18.00    0.6996      2.36    0.0171
  24                  43.00    0.6740      1.28    0.0158
  25                  43.00    0.6740      1.28    0.0158
  26                 207.00    1.0335      1.41    0.0131
  27                  18.00    0.6996      2.36    0.0171
  28                  58.40    0.5674      0.70    0.0155
  29                 234.30    0.6339      0.40    0.0135
  3                   37.30    0.5847      0.99    0.0162
  30                   0.00    0.0000      0.00    0.0000
  31                 522.30    0.8529      0.51    0.0123
  32                 225.00    1.1233      1.64    0.0129
  33                 254.30    0.6880      0.47    0.0133
  34                 522.30    1.0847      0.92    0.0120
  36                 140.20    2.1977     10.96    0.0127
  37                   0.00    0.0000      0.00    0.0000
  38                   0.00    0.0000      0.00    0.0000
  4                  207.00    1.2900      2.41    0.0128
  40                   0.00    0.0000      0.00    0.0000
  41                 234.30    0.6339      0.40    0.0135
  42                  20.00    1.2280      8.56    0.0160
  43                 297.30    0.8044      0.62    0.0129
  44                  41.80    1.0420      3.71    0.0152
  45                  41.80    1.6245     10.81    0.0146
  46                  20.00    0.4986      0.98    0.0175
  47                 144.50    0.5321      0.35    0.0143
  48                 123.50    0.4548      0.27    0.0148
  5                    0.00    0.0000      0.00    0.0000
  50                   0.00    0.0000      0.00    0.0000
  51                 522.30    1.0847      0.92    0.0120
  52                   0.00    0.0000      0.00    0.0000
  53                  74.80    0.3734      0.22    0.0158
  54                1147.50    1.0564      0.54    0.0113
  56                   0.00    0.0000      0.00    0.0000
  57                 109.50    1.7165      6.98    0.0132
  58                  -0.00    0.0000      0.00    0.0000
  59                 109.50    1.7165      6.98    0.0132
  6                    0.00    0.0000      0.00    0.0000
  60                   0.00    0.0000      0.00    0.0000
  61                  81.30    0.7899      1.28    0.0146
  62                  58.40    0.5674      0.70    0.0155
  63                 625.60    1.0216      0.72    0.0119
  64                   0.00    0.0000      0.00    0.0000
  65                  18.00    1.1052      7.08    0.0164
  66                 103.30    0.5157      0.40    0.0149
  67                  58.40    0.5674      0.70    0.0155
  68                   0.00    0.0000      0.00    0.0000
  69                 103.30    0.6438      0.68    0.0145
  7                    0.00    0.0000      0.00    0.0000
  70                  19.30    0.3025      0.30    0.0185
  71                  26.80    1.6456     14.53    0.0152
  72                  18.00    1.1052      7.08    0.0164
  73                   0.00    0.0000      0.00    0.0000
  74                1126.40    1.0370      0.53    0.0114
  76                  48.00    0.4664      0.49    0.0161
  77                   0.00    0.0000      0.00    0.0000
  78                   0.00    0.0000      0.00    0.0000
  79                  21.00    1.2894      9.35    0.0159
  8                    0.00    0.0000      0.00    0.0000
  80                 192.50    0.5208      0.28    0.0140
  81                   0.00    0.0000      0.00    0.0000
  82                  48.80    0.3041      0.18    0.0169
  83                   0.00    0.0000      0.00    0.0000
  84                 158.20    2.4798     13.67    0.0124
  86                  21.10    1.2956      9.43    0.0159
  87                  22.00    1.3508     10.17    0.0157
  88                  18.00    0.1122      0.03    0.0210
  89                   0.00    0.0000      0.00    0.0000
  9                 1257.00    1.1573      0.64    0.0111
  90                  37.30    0.5847      0.99    0.0162
  92                  26.00    0.1620      0.06    0.0195
  93                  26.00    1.5965     13.75    0.0153
  94                  30.80    0.1919      0.08    0.0186
  95                  18.00    0.6996      2.36    0.0171
  96                   0.00    0.0000      0.00    0.0000
  97                  23.00    1.4122     11.02    0.0156
  98                   0.00    0.0000      0.00    0.0000
  99                  23.20    1.4245     11.19    0.0156
  55                 137.30    1.3340      3.32    0.0133
  101                 20.00    1.2280      8.56    0.0160
  108                117.30    1.1397      2.49    0.0136
  109                  0.00    0.0000      0.00    0.0000
  49                 -48.00    0.4664      0.49    0.0162
  85                -207.00    1.2900      2.41    0.0128
  91                  -0.00    0.0000      0.00    0.0000
  110                  0.00    0.0000      0.00    0.0000
  111                  0.00    0.0000      0.00    0.0000
  17                   0.00    0.0000      0.00    0.0000
  18                  18.00    1.1052      7.08    0.0164
  39                   0.00    0.0000      0.00    0.0000
  75                   0.00    0.0000      0.00    0.0000
  114                 -0.00    0.0000      0.00    0.0000
   
  Analysis ended Tue Jun  1 20:54:17 2021
