  Page 1                                    Tue Jun  1 20:54:34 2021

  ******************************************************************
  *                           E P A N E T                          *
  *                   Hydraulic and Water Quality                  *
  *                   Analysis for Pipe Networks                   *
  *                         Version 2.00.12                        *
  ******************************************************************
  
  C:\Mario\Violada 
   
      Input Data File ................... /home/borja/Escritorio/nery/epanet-telecontrol/flowpath/tmp.inp
      Number of Junctions................ 146
      Number of Reservoirs............... 1
      Number of Tanks ................... 0
      Number of Pipes ................... 146
      Number of Pumps ................... 0
      Number of Valves .................. 0
      Headloss Formula .................. Darcy-Weisbach
      Hydraulic Timestep ................ 1.00 hrs
      Hydraulic Accuracy ................ 0.001000
      Status Check Frequency ............ 2
      Maximum Trials Checked ............ 10
      Damping Limit Threshold ........... 0.000000
      Maximum Trials .................... 40
      Quality Analysis .................. None
      Specific Gravity .................. 1.00
      Relative Kinematic Viscosity ...... 1.00
      Relative Chemical Diffusivity ..... 1.00
      Demand Multiplier ................. 1.00
      Total Duration .................... 0.00 hrs
      Reporting Criteria:
         Selected Nodes
         No Links
         with Velocity above 3.00 m/s
   
  Analysis begun Tue Jun  1 20:54:34 2021

   
  Node Results:
  ----------------------------------------------
                     Demand      Head  Pressure
  Node                  L/s         m         m
  ----------------------------------------------
  213               0.000000e+00   4.444440e+02   6.154401e+01
  241               2.800000e+01   4.354871e+02   6.224706e+01
  245               0.000000e+00   4.321261e+02   8.200610e+01
  256               3.450000e+01   4.450927e+02   7.888276e+01
  276               0.000000e+00   4.444129e+02   6.232291e+01
  277               2.600000e+01   4.400869e+02   5.982689e+01
  286               1.800000e+01   4.340480e+02   5.221796e+01
  296               2.600000e+01   4.313845e+02   5.022446e+01
   
   
  Link Results:
  --------------------------------------------------------
                       Flow  Velocity  Headloss  F-Factor
  Link                  L/s       m/s    /1000m          
  --------------------------------------------------------
  1                   17.50    0.4362      0.77    0.0180
  10                 122.00    1.1854      2.68    0.0135
  100                  0.00    0.0000      0.00    0.0000
  102                 68.00    1.0659      2.93    0.0144
  103                 68.00    1.6951      8.97    0.0139
  104                 19.30    0.3025      0.30    0.0185
  105                 47.00    1.1716      4.59    0.0148
  106                 78.10    1.9469     11.55    0.0135
  107                193.60    1.2065      2.13    0.0130
  11                  48.00    1.1966      4.77    0.0148
  112                366.90    1.3511      1.92    0.0122
  113                 17.50    0.2743      0.25    0.0189
  117                529.50    1.4326      1.79    0.0117
  118                392.90    1.4469      2.18    0.0120
  119                410.40    1.5113      2.36    0.0119
  12                   0.00    0.0000      0.00    0.0000
  120                 36.00    0.5643      0.93    0.0163
  122                  0.00    0.0000      0.00    0.0000
  123                 39.60    0.6207      1.10    0.0160
  126                 18.00    0.4487      0.81    0.0179
  127                 36.00    0.8974      2.83    0.0156
  128                366.90    1.8318      4.01    0.0119
  131                330.90    2.0622      5.68    0.0118
  132                366.90    1.8318      4.01    0.0119
  134                 23.00    1.4122     11.01    0.0156
  136                 66.30    0.6442      0.89    0.0152
  137                 23.00    1.4122     11.02    0.0156
  138                 51.00    1.2713      5.32    0.0146
  139                  0.00    0.0000      0.00    0.0000
  14                  18.00    0.2822      0.27    0.0188
  142                  0.00    0.0000      0.00    0.0000
  143                  0.00    0.0000      0.00    0.0000
  144                 44.00    1.7100     11.86    0.0144
  145                 89.60    0.8706      1.53    0.0143
  148                157.60    0.9822      1.46    0.0135
  149                175.60    1.0943      1.78    0.0132
  15                 106.00    1.6616      6.58    0.0133
  150                 21.60    0.3386      0.37    0.0181
  151                 21.60    1.3263      9.83    0.0158
  156                  0.00    0.0000      0.00    0.0000
  16                  18.00    0.4487      0.81    0.0179
  160                 66.30    1.0393      2.80    0.0145
  162                 21.00    0.3292      0.35    0.0182
  171                 26.00    1.0105      4.58    0.0159
  172                 26.00    0.4076      0.52    0.0175
  175                  0.00    0.0000      0.00    0.0000
  181                  0.00    0.0000      0.00    0.0000
  183                  0.00    0.0000      0.00    0.0000
  184                 18.00    0.2822      0.27    0.0188
  185                 50.00    0.7838      1.68    0.0153
  19                  50.00    1.9432     14.97    0.0141
  2                  529.50    1.4326      1.79    0.0117
  20                  60.00    1.4957      7.15    0.0142
  21                  18.00    0.6996      2.36    0.0171
  22                 444.40    1.6365      2.73    0.0118
  23                  18.00    0.6996      2.36    0.0171
  24                  43.00    0.6740      1.28    0.0158
  25                  43.00    0.6740      1.28    0.0158
  26                 347.80    1.7364      3.64    0.0120
  27                  18.00    0.6996      2.36    0.0171
  28                 161.80    1.5721      4.48    0.0129
  29                 260.30    0.7043      0.49    0.0132
  3                   84.30    1.3214      4.33    0.0139
  30                  79.00    1.2384      3.85    0.0140
  31                 879.20    1.4357      1.34    0.0112
  32                 365.80    1.8263      3.99    0.0119
  33                 294.80    0.7976      0.61    0.0130
  34                 782.20    1.6244      1.93    0.0112
  36                 101.10    1.5848      6.03    0.0134
  37                   0.00    0.0000      0.00    0.0000
  38                   0.00    0.0000      0.00    0.0000
  4                  247.80    1.5443      3.34    0.0124
  40                   0.00    0.0000      0.00    0.0000
  41                 294.80    0.7976      0.61    0.0130
  42                   0.00    0.0000      0.00    0.0000
  43                 337.80    0.9139      0.78    0.0127
  44                  41.80    1.0420      3.71    0.0152
  45                  41.80    1.6245     10.81    0.0146
  46                   0.00    0.0000      0.00    0.0000
  47                 188.50    0.6942      0.57    0.0137
  48                 167.50    0.6168      0.46    0.0140
  5                    0.00    0.0000      0.00    0.0000
  50                  18.00    0.6996      2.36    0.0171
  51                 861.20    1.7885      2.30    0.0111
  52                  18.00    1.1052      7.08    0.0164
  53                  48.80    0.2436      0.10    0.0172
  54                1636.50    1.5066      1.05    0.0106
  56                  50.00    0.7838      1.68    0.0153
  57                  38.30    0.6004      1.04    0.0161
  58                   0.00    0.0000      0.00    0.0000
  59                  38.30    0.6004      1.04    0.0161
  6                  100.00    0.6232      0.64    0.0146
  60                   0.00    0.0000      0.00    0.0000
  61                 184.70    1.7946      5.71    0.0126
  62                 133.40    1.2961      3.15    0.0133
  63                1085.90    1.7733      1.97    0.0109
  64                  28.40    1.7438     16.14    0.0150
  65                   0.00    0.0000      0.00    0.0000
  66                 206.70    1.0320      1.41    0.0131
  67                 105.40    1.0241      2.05    0.0139
  68                  26.00    1.5965     13.75    0.0153
  69                 206.70    1.2882      2.40    0.0128
  7                   78.60    1.2321      3.82    0.0141
  70                  45.30    0.7101      1.41    0.0156
  71                  26.80    1.6456     14.53    0.0152
  72                  18.00    1.1052      7.08    0.0164
  73                   0.00    0.0000      0.00    0.0000
  74                1615.40    1.4872      1.02    0.0106
  76                  30.00    0.2915      0.21    0.0178
  77                  -0.00    0.0000      0.00    0.0000
  78                  70.00    1.0973      3.09    0.0144
  79                  21.00    1.2894      9.35    0.0159
  8                   20.00    1.2280      8.56    0.0160
  80                 218.50    0.5912      0.35    0.0137
  81                  32.00    0.7977      2.29    0.0160
  82                  48.80    0.3041      0.17    0.0168
  83                   0.00    0.0000      0.00    0.0000
  84                 119.10    1.8669      8.13    0.0131
  86                  21.10    1.2956      9.43    0.0159
  87                  22.00    1.3508     10.16    0.0157
  88                  18.00    0.1122      0.03    0.0210
  89                  29.00    1.1271      5.57    0.0156
  9                 1674.80    1.5419      1.09    0.0106
  90                  84.30    1.3214      4.33    0.0139
  92                  -0.00    0.0000      0.00    0.0000
  93                  26.00    1.5965     13.75    0.0153
  94                  30.80    0.1919      0.08    0.0186
  95                  18.00    0.6996      2.36    0.0171
  96                  -0.00    0.0000      0.00    0.0000
  97                  23.00    1.4122     11.02    0.0156
  98                   0.00    0.0000      0.00    0.0000
  99                   0.00    0.0000      0.00    0.0000
  55                 137.30    1.3340      3.32    0.0133
  101                 20.00    1.2280      8.56    0.0160
  108                117.30    1.1397      2.49    0.0136
  109                 32.00    0.7977      2.29    0.0160
  49                 -30.00    0.2915      0.21    0.0178
  85                -247.80    1.5443      3.34    0.0124
  91                 -39.00    0.6113      1.07    0.0161
  110                  0.00    0.0000      0.00    0.0000
  111                 20.00    1.2280      8.56    0.0160
  17                  32.00    1.2437      6.66    0.0153
  18                  18.00    1.1052      7.08    0.0164
  39                   0.00    0.0000      0.00    0.0000
  75                  -0.00    0.0000      0.00    0.0000
  114                -28.00    1.0882      5.23    0.0157
   
  Analysis ended Tue Jun  1 20:54:34 2021
