  Page 1                                    Tue Jun  1 20:54:55 2021

  ******************************************************************
  *                           E P A N E T                          *
  *                   Hydraulic and Water Quality                  *
  *                   Analysis for Pipe Networks                   *
  *                         Version 2.00.12                        *
  ******************************************************************
  
  C:\Mario\Violada 
   
      Input Data File ................... /home/borja/Escritorio/nery/epanet-telecontrol/flowpath/tmp.inp
      Number of Junctions................ 146
      Number of Reservoirs............... 1
      Number of Tanks ................... 0
      Number of Pipes ................... 146
      Number of Pumps ................... 0
      Number of Valves .................. 0
      Headloss Formula .................. Darcy-Weisbach
      Hydraulic Timestep ................ 1.00 hrs
      Hydraulic Accuracy ................ 0.001000
      Status Check Frequency ............ 2
      Maximum Trials Checked ............ 10
      Damping Limit Threshold ........... 0.000000
      Maximum Trials .................... 40
      Quality Analysis .................. None
      Specific Gravity .................. 1.00
      Relative Kinematic Viscosity ...... 1.00
      Relative Chemical Diffusivity ..... 1.00
      Demand Multiplier ................. 1.00
      Total Duration .................... 0.00 hrs
      Reporting Criteria:
         Selected Nodes
         No Links
         with Velocity above 3.00 m/s
   
  Analysis begun Tue Jun  1 20:54:55 2021

   
  Node Results:
  ----------------------------------------------
                     Demand      Head  Pressure
  Node                  L/s         m         m
  ----------------------------------------------
  213               0.000000e+00   4.456043e+02   6.270432e+01
  241               2.800000e+01   4.270161e+02   5.377613e+01
  245               0.000000e+00   4.352625e+02   8.514247e+01
  256               0.000000e+00   4.458480e+02   7.963799e+01
  276               0.000000e+00   4.455787e+02   6.348872e+01
  277               2.600000e+01   4.406921e+02   6.043209e+01
  286               1.800000e+01   4.372544e+02   5.542435e+01
  296               2.600000e+01   4.370127e+02   5.585269e+01
   
   
  Link Results:
  --------------------------------------------------------
                       Flow  Velocity  Headloss  F-Factor
  Link                  L/s       m/s    /1000m          
  --------------------------------------------------------
  1                   23.20    0.5783      1.28    0.0170
  10                 208.00    2.0209      7.10    0.0123
  100                  0.00    0.0000      0.00    0.0000
  102                 50.00    0.7838      1.68    0.0153
  103                 50.00    1.2464      5.13    0.0147
  104                 19.30    0.3025      0.30    0.0185
  105                 47.00    1.1716      4.59    0.0148
  106                 51.30    1.2788      5.38    0.0146
  107                152.60    0.9510      1.38    0.0135
  11                 134.00    3.3404     30.97    0.0123
  112                297.90    1.0970      1.31    0.0126
  113                 53.20    0.8339      1.88    0.0151
  117                482.50    1.3054      1.51    0.0119
  118                297.90    1.0970      1.31    0.0126
  119                351.10    1.2930      1.77    0.0122
  12                  86.00    2.1438     13.76    0.0133
  120                 36.00    0.5643      0.93    0.0163
  122                  0.00    0.0000      0.00    0.0000
  123                 39.60    0.6207      1.10    0.0160
  126                 18.00    0.4487      0.81    0.0179
  127                 18.00    0.4487      0.81    0.0179
  128                297.90    1.4873      2.74    0.0123
  131                261.90    1.6322      3.70    0.0123
  132                297.90    1.4873      2.74    0.0123
  134                 23.00    1.4122     11.01    0.0156
  136                 66.30    0.6442      0.89    0.0152
  137                 23.00    1.4122     11.02    0.0156
  138                 23.00    0.5733      1.26    0.0170
  139                  0.00    0.0000      0.00    0.0000
  14                  22.00    0.3449      0.38    0.0180
  142                 -0.00    0.0000      0.00    0.0000
  143                  0.00    0.0000      0.00    0.0000
  144                 26.00    1.0105      4.58    0.0159
  145                 57.60    0.5596      0.69    0.0156
  148                134.60    0.8388      1.10    0.0138
  149                134.60    0.8388      1.10    0.0138
  15                  86.00    1.3481      4.49    0.0138
  150                 21.60    0.3386      0.37    0.0181
  151                 21.60    1.3263      9.83    0.0158
  156                  0.00    0.0000      0.00    0.0000
  16                  22.00    0.5484      1.17    0.0172
  160                 66.30    1.0393      2.80    0.0145
  162                 21.00    0.3292      0.35    0.0182
  171                 26.00    1.0105      4.58    0.0159
  172                 26.00    0.4076      0.52    0.0174
  175                  0.00    0.0000      0.00    0.0000
  181                  0.00    0.0000      0.00    0.0000
  183                  0.00    0.0000      0.00    0.0000
  184                 18.00    0.2822      0.27    0.0188
  185                 18.00    0.2822      0.27    0.0188
  19                  50.00    1.9432     14.97    0.0141
  2                  482.50    1.3054      1.51    0.0119
  20                   0.00    0.0000      0.00    0.0000
  21                  18.00    0.6996      2.36    0.0171
  22                 453.80    1.6712      2.84    0.0117
  23                  22.00    0.8550      3.39    0.0165
  24                  43.00    0.6740      1.28    0.0158
  25                  43.00    0.6740      1.28    0.0158
  26                 431.80    2.1558      5.41    0.0115
  27                  18.00    0.6996      2.36    0.0171
  28                 161.80    1.5721      4.48    0.0129
  29                 172.30    0.4662      0.23    0.0143
  3                   84.30    1.3214      4.33    0.0139
  30                  50.00    0.7838      1.68    0.0153
  31                 797.10    1.3017      1.12    0.0114
  32                 453.80    2.2656      5.93    0.0114
  33                 232.30    0.6285      0.40    0.0135
  34                 729.10    1.5142      1.69    0.0114
  36                 113.40    1.7776      7.44    0.0132
  37                   0.00    0.0000      0.00    0.0000
  38                   0.00    0.0000      0.00    0.0000
  4                  331.80    2.0678      5.70    0.0118
  40                   0.00    0.0000      0.00    0.0000
  41                 172.30    0.4662      0.23    0.0143
  42                  20.00    1.2280      8.56    0.0160
  43                 275.30    0.7448      0.54    0.0131
  44                  41.80    1.0420      3.71    0.0152
  45                  41.80    1.6245     10.81    0.0146
  46                  60.00    1.4957      7.15    0.0142
  47                 100.50    0.3701      0.18    0.0154
  48                  79.50    0.2928      0.12    0.0161
  5                   22.00    1.3508     10.16    0.0157
  50                  18.00    0.6996      2.36    0.0171
  51                 779.10    1.6180      1.91    0.0112
  52                  18.00    1.1052      7.08    0.0164
  53                  30.80    0.1538      0.05    0.0189
  54                1484.50    1.3667      0.87    0.0108
  56                  50.00    0.7838      1.68    0.0153
  57                  38.30    0.6004      1.04    0.0161
  58                   0.00    0.0000      0.00    0.0000
  59                  38.30    0.6004      1.04    0.0161
  6                  100.00    0.6232      0.64    0.0146
  60                   0.00    0.0000      0.00    0.0000
  61                 161.80    1.5721      4.48    0.0129
  62                 133.40    1.2961      3.15    0.0133
  63                 980.90    1.6018      1.63    0.0110
  64                  28.40    1.7438     16.14    0.0150
  65                   0.00    0.0000      0.00    0.0000
  66                 183.80    0.9176      1.13    0.0133
  67                 105.40    1.0241      2.05    0.0139
  68                  26.00    1.5965     13.75    0.0153
  69                 183.80    1.1455      1.94    0.0131
  7                    0.00    0.0000      0.00    0.0000
  70                  45.30    0.7101      1.41    0.0156
  71                   0.00    0.0000      0.00    0.0000
  72                  18.00    1.1052      7.08    0.0164
  73                   0.00    0.0000      0.00    0.0000
  74                1463.40    1.3473      0.85    0.0108
  76                  30.00    0.2915      0.21    0.0178
  77                   0.00    0.0000      0.00    0.0000
  78                   0.00    0.0000      0.00    0.0000
  79                  21.00    1.2894      9.35    0.0159
  8                    0.00    0.0000      0.00    0.0000
  80                 130.50    0.3531      0.14    0.0150
  81                   0.00    0.0000      0.00    0.0000
  82                  30.80    0.1919      0.08    0.0186
  83                   0.00    0.0000      0.00    0.0000
  84                 131.40    2.0597      9.73    0.0128
  86                  21.10    1.2956      9.43    0.0159
  87                  22.00    1.3508     10.16    0.0157
  88                   0.00    0.0000      0.00    0.0000
  89                   0.00    0.0000      0.00    0.0000
  9                 1522.80    1.4020      0.92    0.0108
  90                  84.30    1.3214      4.33    0.0139
  92                   0.00    0.0000      0.00    0.0000
  93                  26.00    1.5965     13.75    0.0153
  94                  30.80    0.1919      0.08    0.0184
  95                  18.00    0.6996      2.36    0.0171
  96                   0.00    0.0000      0.00    0.0000
  97                  23.00    1.4122     11.02    0.0156
  98                   0.00    0.0000      0.00    0.0000
  99                  23.20    1.4245     11.19    0.0156
  55                 109.30    1.0620      2.19    0.0138
  101                 20.00    1.2280      8.56    0.0160
  108                 89.30    0.8676      1.52    0.0143
  109                  0.00    0.0000      0.00    0.0000
  49                 -30.00    0.2915      0.21    0.0177
  85                -313.80    1.9556      5.15    0.0119
  91                 -39.00    0.6113      1.07    0.0161
  110                  0.00    0.0000      0.00    0.0000
  111                  0.00    0.0000      0.00    0.0000
  17                   0.00    0.0000      0.00    0.0000
  18                  18.00    1.1052      7.08    0.0164
  39                   0.00    0.0000      0.00    0.0000
  75                   0.00    0.0000      0.00    0.0000
  114                -28.00    1.0882      5.23    0.0157
   
  Analysis ended Tue Jun  1 20:54:55 2021
