  Page 1                                    Tue Jun  1 20:55:02 2021

  ******************************************************************
  *                           E P A N E T                          *
  *                   Hydraulic and Water Quality                  *
  *                   Analysis for Pipe Networks                   *
  *                         Version 2.00.12                        *
  ******************************************************************
  
  C:\Mario\Violada 
   
      Input Data File ................... /home/borja/Escritorio/nery/epanet-telecontrol/flowpath/tmp.inp
      Number of Junctions................ 146
      Number of Reservoirs............... 1
      Number of Tanks ................... 0
      Number of Pipes ................... 146
      Number of Pumps ................... 0
      Number of Valves .................. 0
      Headloss Formula .................. Darcy-Weisbach
      Hydraulic Timestep ................ 1.00 hrs
      Hydraulic Accuracy ................ 0.001000
      Status Check Frequency ............ 2
      Maximum Trials Checked ............ 10
      Damping Limit Threshold ........... 0.000000
      Maximum Trials .................... 40
      Quality Analysis .................. None
      Specific Gravity .................. 1.00
      Relative Kinematic Viscosity ...... 1.00
      Relative Chemical Diffusivity ..... 1.00
      Demand Multiplier ................. 1.00
      Total Duration .................... 0.00 hrs
      Reporting Criteria:
         Selected Nodes
         No Links
         with Velocity above 3.00 m/s
   
  Analysis begun Tue Jun  1 20:55:02 2021

   
  Node Results:
  ----------------------------------------------
                     Demand      Head  Pressure
  Node                  L/s         m         m
  ----------------------------------------------
  213               0.000000e+00   4.476580e+02   6.475800e+01
  241               0.000000e+00   4.472801e+02   7.404005e+01
  245               0.000000e+00   4.429325e+02   9.281252e+01
  256               0.000000e+00   4.485515e+02   8.234145e+01
  276               0.000000e+00   4.484980e+02   6.640794e+01
  277               0.000000e+00   4.487555e+02   6.849549e+01
  286               1.800000e+01   4.363481e+02   5.451810e+01
  296               2.600000e+01   4.384020e+02   5.724204e+01
   
   
  Link Results:
  --------------------------------------------------------
                       Flow  Velocity  Headloss  F-Factor
  Link                  L/s       m/s    /1000m          
  --------------------------------------------------------
  1                    0.00    0.0000      0.00    0.0000
  10                  74.00    0.7190      1.08    0.0149
  100                  0.00    0.0000      0.00    0.0000
  102                 44.00    0.6897      1.33    0.0157
  103                 44.00    1.0968      4.07    0.0150
  104                 19.30    0.3025      0.30    0.0185
  105                 24.00    0.5983      1.36    0.0169
  106                 78.10    1.9469     11.55    0.0135
  107                 62.00    0.3864      0.27    0.0160
  11                   0.00    0.0000      0.00    0.0000
  112                141.30    0.5204      0.34    0.0144
  113                  0.00    0.0000      0.00    0.0000
  117                237.40    0.6423      0.41    0.0135
  118                141.30    0.5204      0.34    0.0144
  119                141.30    0.5204      0.34    0.0144
  12                   0.00    0.0000      0.00    0.0000
  120                 36.00    0.5643      0.93    0.0163
  122                 18.00    0.6996      2.36    0.0171
  123                  0.00    0.0000      0.00    0.0000
  126                 18.00    0.4487      0.81    0.0179
  127                 18.00    0.4487      0.81    0.0179
  128                141.30    0.7055      0.70    0.0140
  131                105.30    0.6562      0.70    0.0144
  132                141.30    0.7055      0.70    0.0140
  134                  0.00    0.0000      0.00    0.0000
  136                 43.30    0.4207      0.41    0.0165
  137                  0.00    0.0000      0.00    0.0000
  138                  0.00    0.0000      0.00    0.0000
  139                  0.00    0.0000      0.00    0.0000
  14                   0.00    0.0000      0.00    0.0000
  142                 -0.00    0.0000      0.00    0.0000
  143                  0.00    0.0000      0.00    0.0000
  144                 44.00    1.7100     11.86    0.0144
  145                  0.00    0.0000      0.00    0.0000
  148                 44.00    0.2742      0.15    0.0172
  149                 44.00    0.2742      0.15    0.0172
  15                  20.00    0.3135      0.32    0.0184
  150                  0.00    0.0000      0.00    0.0000
  151                 -0.00    0.0000      0.00    0.0000
  156                  0.00    0.0000      0.00    0.0000
  16                   0.00    0.0000      0.00    0.0000
  160                  0.00    0.0000      0.00    0.0000
  162                  0.00    0.0000      0.00    0.0000
  171                  0.00    0.0000      0.00    0.0000
  172                  0.00    0.0000      0.00    0.0000
  175                  0.00    0.0000      0.00    0.0000
  181                 -0.00    0.0000      0.00    0.0000
  183                 18.00    0.6996      2.36    0.0171
  184                  0.00    0.0000      0.00    0.0000
  185                  0.00    0.0000      0.00    0.0000
  19                   0.00    0.0000      0.00    0.0000
  2                  237.40    0.6423      0.41    0.0135
  20                  60.00    1.4957      7.15    0.0142
  21                  18.00    0.6996      2.36    0.0171
  22                 154.00    0.5671      0.39    0.0142
  23                   0.00    0.0000      0.00    0.0000
  24                  18.00    0.2822      0.27    0.0188
  25                  18.00    0.2822      0.27    0.0188
  26                  94.00    0.4693      0.34    0.0151
  27                  18.00    0.6996      2.36    0.0171
  28                  28.40    0.2759      0.19    0.0180
  29                  92.80    0.2511      0.08    0.0161
  3                    0.00    0.0000      0.00    0.0000
  30                   0.00    0.0000      0.00    0.0000
  31                 264.80    0.4324      0.15    0.0138
  32                  94.00    0.4693      0.34    0.0151
  33                  92.80    0.2511      0.08    0.0161
  34                 264.80    0.5499      0.27    0.0135
  36                  78.10    1.2242      3.77    0.0141
  37                   0.00    0.0000      0.00    0.0000
  38                   0.00    0.0000      0.00    0.0000
  4                   94.00    0.5858      0.57    0.0148
  40                   0.00    0.0000      0.00    0.0000
  41                  92.80    0.2511      0.08    0.0161
  42                   0.00    0.0000      0.00    0.0000
  43                 110.80    0.2998      0.10    0.0155
  44                  41.80    1.0420      3.71    0.0152
  45                  41.80    1.6245     10.81    0.0146
  46                   0.00    0.0000      0.00    0.0000
  47                  21.00    0.0773      0.01    0.0213
  48                   0.00    0.0000      0.00    0.0000
  5                   -0.00    0.0000      0.00    0.0000
  50                   0.00    0.0000      0.00    0.0000
  51                 264.80    0.5499      0.27    0.0136
  52                   0.00    0.0000      0.00    0.0000
  53                   0.00    0.0000      0.00    0.0000
  54                 530.60    0.4885      0.13    0.0128
  56                   0.00    0.0000      0.00    0.0000
  57                   0.00    0.0000      0.00    0.0000
  58                   0.00    0.0000      0.00    0.0000
  59                   0.00    0.0000      0.00    0.0000
  6                    0.00    0.0000      0.00    0.0000
  60                   0.00    0.0000      0.00    0.0000
  61                  28.40    0.2759      0.19    0.0180
  62                   0.00    0.0000      0.00    0.0000
  63                 293.20    0.4788      0.18    0.0136
  64                  28.40    1.7438     16.14    0.0150
  65                   0.00    0.0000      0.00    0.0000
  66                  28.40    0.1418      0.04    0.0196
  67                   0.00    0.0000      0.00    0.0000
  68                   0.00    0.0000      0.00    0.0000
  69                  28.40    0.1770      0.07    0.0188
  7                   60.00    0.9405      2.34    0.0148
  70                   0.00    0.0000      0.00    0.0000
  71                  26.80    1.6456     14.53    0.0152
  72                  18.00    1.1052      7.08    0.0164
  73                   0.00    0.0000      0.00    0.0000
  74                 530.60    0.4885      0.13    0.0130
  76                  30.00    0.2915      0.21    0.0178
  77                   0.00    0.0000      0.00    0.0000
  78                   0.00    0.0000      0.00    0.0000
  79                  21.00    1.2894      9.35    0.0159
  8                   20.00    1.2280      8.56    0.0160
  80                  51.00    0.1380      0.03    0.0181
  81                   0.00    0.0000      0.00    0.0000
  82                   0.00    0.0000      0.00    0.0000
  83                   0.00    0.0000      0.00    0.0000
  84                  96.10    1.5064      5.50    0.0136
  86                   0.00    0.0000      0.00    0.0000
  87                   0.00    0.0000      0.00    0.0000
  88                   0.00    0.0000      0.00    0.0000
  89                   0.00    0.0000      0.00    0.0000
  9                  530.60    0.4885      0.13    0.0128
  90                   0.00    0.0000      0.00    0.0000
  92                   0.00    0.0000      0.00    0.0000
  93                  26.00    1.5965     13.75    0.0153
  94                   0.00    0.0000      0.00    0.0000
  95                   0.00    0.0000      0.00    0.0000
  96                   0.00    0.0000      0.00    0.0000
  97                  -0.00    0.0000      0.00    0.0000
  98                   0.00    0.0000      0.00    0.0000
  99                   0.00    0.0000      0.00    0.0000
  55                  43.30    0.4207      0.41    0.0165
  101                 -0.00    0.0000      0.00    0.0000
  108                 43.30    0.4207      0.41    0.0165
  109                  0.00    0.0000      0.00    0.0000
  49                 -30.00    0.2915      0.21    0.0178
  85                 -94.00    0.5858      0.57    0.0148
  91                 -39.00    0.6113      1.07    0.0161
  110                  0.00    0.0000      0.00    0.0000
  111                 20.00    1.2280      8.56    0.0160
  17                  -0.00    0.0000      0.00    0.0000
  18                   0.00    0.0000      0.00    0.0000
  39                   0.00    0.0000      0.00    0.0000
  75                   0.00    0.0000      0.00    0.0000
  114                 -0.00    0.0000      0.00    0.0000
   
  Analysis ended Tue Jun  1 20:55:02 2021
