  Page 1                                    Tue Jun  1 20:55:10 2021

  ******************************************************************
  *                           E P A N E T                          *
  *                   Hydraulic and Water Quality                  *
  *                   Analysis for Pipe Networks                   *
  *                         Version 2.00.12                        *
  ******************************************************************
  
  C:\Mario\Violada 
   
      Input Data File ................... /home/borja/Escritorio/nery/epanet-telecontrol/flowpath/tmp.inp
      Number of Junctions................ 146
      Number of Reservoirs............... 1
      Number of Tanks ................... 0
      Number of Pipes ................... 146
      Number of Pumps ................... 0
      Number of Valves .................. 0
      Headloss Formula .................. Darcy-Weisbach
      Hydraulic Timestep ................ 1.00 hrs
      Hydraulic Accuracy ................ 0.001000
      Status Check Frequency ............ 2
      Maximum Trials Checked ............ 10
      Damping Limit Threshold ........... 0.000000
      Maximum Trials .................... 40
      Quality Analysis .................. None
      Specific Gravity .................. 1.00
      Relative Kinematic Viscosity ...... 1.00
      Relative Chemical Diffusivity ..... 1.00
      Demand Multiplier ................. 1.00
      Total Duration .................... 0.00 hrs
      Reporting Criteria:
         Selected Nodes
         No Links
         with Velocity above 3.00 m/s
   
  Analysis begun Tue Jun  1 20:55:10 2021

   
  Node Results:
  ----------------------------------------------
                     Demand      Head  Pressure
  Node                  L/s         m         m
  ----------------------------------------------
  213               0.000000e+00   4.488599e+02   6.595993e+01
  241               2.800000e+01   4.437561e+02   7.051606e+01
  245               0.000000e+00   4.470625e+02   9.694250e+01
  256               0.000000e+00   4.484818e+02   8.227176e+01
  276               0.000000e+00   4.484818e+02   6.639176e+01
  277               0.000000e+00   4.480623e+02   6.780225e+01
  286               0.000000e+00   4.475709e+02   6.574093e+01
  296               0.000000e+00   4.480176e+02   6.685760e+01
   
   
  Link Results:
  --------------------------------------------------------
                       Flow  Velocity  Headloss  F-Factor
  Link                  L/s       m/s    /1000m          
  --------------------------------------------------------
  1                    0.00    0.0000      0.00    0.0000
  10                  87.00    0.8453      1.45    0.0144
  100                  0.00    0.0000      0.00    0.0000
  102                 24.00    0.3762      0.45    0.0177
  103                 24.00    0.5983      1.36    0.0169
  104                  0.00    0.0000      0.00    0.0000
  105                 23.00    0.5733      1.26    0.0170
  106                 26.80    0.6681      1.66    0.0165
  107                 24.00    0.1496      0.05    0.0196
  11                  48.00    1.1966      4.77    0.0148
  112                 47.00    0.1731      0.05    0.0179
  113                  0.00    0.0000      0.00    0.0000
  117                 91.80    0.2484      0.07    0.0161
  118                 47.00    0.1731      0.05    0.0179
  119                 47.00    0.1731      0.05    0.0175
  12                   0.00    0.0000      0.00    0.0000
  120                  0.00    0.0000      0.00    0.0000
  122                  0.00    0.0000      0.00    0.0000
  123                  0.00    0.0000      0.00    0.0000
  126                  0.00    0.0000      0.00    0.0000
  127                  0.00    0.0000      0.00    0.0000
  128                 47.00    0.2347      0.10    0.0173
  131                 47.00    0.2929      0.16    0.0169
  132                 47.00    0.2347      0.10    0.0173
  134                  0.00    0.0000      0.00    0.0000
  136                 23.00    0.2235      0.13    0.0188
  137                 23.00    1.4122     11.02    0.0156
  138                  0.00    0.0000      0.00    0.0000
  139                  0.00    0.0000      0.00    0.0000
  14                   0.00    0.0000      0.00    0.0000
  142                  0.00    0.0000      0.00    0.0000
  143                  0.00    0.0000      0.00    0.0000
  144                  0.00    0.0000      0.00    0.0000
  145                  0.00    0.0000      0.00    0.0000
  148                 24.00    0.1496      0.05    0.0195
  149                 24.00    0.1496      0.05    0.0195
  15                   0.00    0.0000      0.00    0.0000
  150                  0.00    0.0000      0.00    0.0000
  151                 -0.00    0.0000      0.00    0.0000
  156                  0.00    0.0000      0.00    0.0000
  16                   0.00    0.0000      0.00    0.0000
  160                 19.30    0.3025      0.30    0.0185
  162                  0.00    0.0000      0.00    0.0000
  171                  0.00    0.0000      0.00    0.0000
  172                  0.00    0.0000      0.00    0.0000
  175                  0.00    0.0000      0.00    0.0000
  181                  0.00    0.0000      0.00    0.0000
  183                  0.00    0.0000      0.00    0.0000
  184                  0.00    0.0000      0.00    0.0000
  185                  0.00    0.0000      0.00    0.0000
  19                   0.00    0.0000      0.00    0.0000
  2                   91.80    0.2484      0.07    0.0161
  20                  60.00    1.4957      7.15    0.0142
  21                  18.00    0.6996      2.36    0.0171
  22                 240.20    0.8846      0.89    0.0131
  23                   0.00    0.0000      0.00    0.0000
  24                  43.00    0.6740      1.28    0.0158
  25                  43.00    0.6740      1.28    0.0158
  26                 180.20    0.8997      1.09    0.0134
  27                  18.00    0.6996      2.36    0.0171
  28                  37.30    0.3624      0.31    0.0170
  29                   0.00    0.0000      0.00    0.0000
  3                   37.30    0.5847      0.99    0.0162
  30                  29.00    0.4546      0.63    0.0170
  31                 332.20    0.5425      0.23    0.0133
  32                 180.20    0.8997      1.09    0.0134
  33                  20.00    0.0541      0.00    0.0224
  34                 303.20    0.6297      0.34    0.0132
  36                  26.80    0.4201      0.55    0.0173
  37                  93.20    2.3233     15.94    0.0131
  38                   0.00    0.0000      0.00    0.0000
  4                   87.00    0.5422      0.50    0.0150
  40                   0.00    0.0000      0.00    0.0000
  41                   0.00    0.0000      0.00    0.0000
  42                  20.00    1.2280      8.56    0.0160
  43                  63.00    0.1705      0.04    0.0174
  44                   0.00    0.0000      0.00    0.0000
  45                   0.00    0.0000      0.00    0.0000
  46                  20.00    0.4986      0.98    0.0175
  47                   0.00    0.0000      0.00    0.0000
  48                   0.00    0.0000      0.00    0.0000
  5                   -0.00    0.0000      0.00    0.0000
  50                   0.00    0.0000      0.00    0.0000
  51                 332.20    0.6899      0.40    0.0130
  52                  -0.00    0.0000      0.00    0.0000
  53                   0.00    0.0000      0.00    0.0000
  54                 461.30    0.4247      0.10    0.0132
  56                   0.00    0.0000      0.00    0.0000
  57                   0.00    0.0000      0.00    0.0000
  58                   0.00    0.0000      0.00    0.0000
  59                   0.00    0.0000      0.00    0.0000
  6                   93.20    0.5808      0.56    0.0148
  60                   0.00    0.0000      0.00    0.0000
  61                  37.30    0.3624      0.31    0.0170
  62                  37.30    0.3624      0.31    0.0170
  63                 369.50    0.6034      0.27    0.0130
  64                   0.00    0.0000      0.00    0.0000
  65                   0.00    0.0000      0.00    0.0000
  66                  37.30    0.1862      0.06    0.0177
  67                  37.30    0.3624      0.31    0.0170
  68                   0.00    0.0000      0.00    0.0000
  69                  37.30    0.2325      0.11    0.0178
  7                   60.00    0.9405      2.34    0.0148
  70                  19.30    0.3025      0.30    0.0185
  71                  26.80    1.6456     14.53    0.0152
  72                   0.00    0.0000      0.00    0.0000
  73                   0.00    0.0000      0.00    0.0000
  74                 461.30    0.4247      0.11    0.0137
  76                   0.00    0.0000      0.00    0.0000
  77                   0.00    0.0000      0.00    0.0000
  78                   0.00    0.0000      0.00    0.0000
  79                   0.00    0.0000      0.00    0.0000
  8                    0.00    0.0000      0.00    0.0000
  80                   0.00    0.0000      0.00    0.0000
  81                   0.00    0.0000      0.00    0.0000
  82                   0.00    0.0000      0.00    0.0000
  83                   0.00    0.0000      0.00    0.0000
  84                  44.80    0.7023      1.38    0.0156
  86                   0.00    0.0000      0.00    0.0000
  87                  -0.00    0.0000      0.00    0.0000
  88                   0.00    0.0000      0.00    0.0000
  89                  29.00    1.1271      5.57    0.0156
  9                  461.30    0.4247      0.10    0.0132
  90                  37.30    0.5847      0.99    0.0162
  92                   0.00    0.0000      0.00    0.0000
  93                   0.00    0.0000      0.00    0.0000
  94                   0.00    0.0000      0.00    0.0000
  95                   0.00    0.0000      0.00    0.0000
  96                   0.00    0.0000      0.00    0.0000
  97                   0.00    0.0000      0.00    0.0000
  98                   0.00    0.0000      0.00    0.0000
  99                   0.00    0.0000      0.00    0.0000
  55                  23.00    0.2235      0.13    0.0188
  101                  0.00    0.0000      0.00    0.0000
  108                 23.00    0.2235      0.13    0.0188
  109                  0.00    0.0000      0.00    0.0000
  49                  -0.00    0.0000      0.00    0.0000
  85                 -87.00    0.5422      0.50    0.0150
  91                 -39.00    0.6113      1.07    0.0161
  110                  0.00    0.0000      0.00    0.0000
  111                  0.00    0.0000      0.00    0.0000
  17                   0.00    0.0000      0.00    0.0000
  18                   0.00    0.0000      0.00    0.0000
  39                   0.00    0.0000      0.00    0.0000
  75                   0.00    0.0000      0.00    0.0000
  114                -28.00    1.0882      5.23    0.0157
   
  Analysis ended Tue Jun  1 20:55:10 2021
