  Page 1                                    Tue Jun  1 20:55:12 2021

  ******************************************************************
  *                           E P A N E T                          *
  *                   Hydraulic and Water Quality                  *
  *                   Analysis for Pipe Networks                   *
  *                         Version 2.00.12                        *
  ******************************************************************
  
  C:\Mario\Violada 
   
      Input Data File ................... /home/borja/Escritorio/nery/epanet-telecontrol/flowpath/tmp.inp
      Number of Junctions................ 146
      Number of Reservoirs............... 1
      Number of Tanks ................... 0
      Number of Pipes ................... 146
      Number of Pumps ................... 0
      Number of Valves .................. 0
      Headloss Formula .................. Darcy-Weisbach
      Hydraulic Timestep ................ 1.00 hrs
      Hydraulic Accuracy ................ 0.001000
      Status Check Frequency ............ 2
      Maximum Trials Checked ............ 10
      Damping Limit Threshold ........... 0.000000
      Maximum Trials .................... 40
      Quality Analysis .................. None
      Specific Gravity .................. 1.00
      Relative Kinematic Viscosity ...... 1.00
      Relative Chemical Diffusivity ..... 1.00
      Demand Multiplier ................. 1.00
      Total Duration .................... 0.00 hrs
      Reporting Criteria:
         Selected Nodes
         No Links
         with Velocity above 3.00 m/s
   
  Analysis begun Tue Jun  1 20:55:12 2021

   
  Node Results:
  ----------------------------------------------
                     Demand      Head  Pressure
  Node                  L/s         m         m
  ----------------------------------------------
  213               0.000000e+00   4.484796e+02   6.557957e+01
  241               2.800000e+01   4.457547e+02   7.251475e+01
  245               0.000000e+00   4.479948e+02   9.787476e+01
  256               0.000000e+00   4.484604e+02   8.225040e+01
  276               0.000000e+00   4.483766e+02   6.628661e+01
  277               0.000000e+00   4.488413e+02   6.858133e+01
  286               0.000000e+00   4.487057e+02   6.687571e+01
  296               0.000000e+00   4.479402e+02   6.678021e+01
   
   
  Link Results:
  --------------------------------------------------------
                       Flow  Velocity  Headloss  F-Factor
  Link                  L/s       m/s    /1000m          
  --------------------------------------------------------
  1                   17.50    0.4362      0.77    0.0180
  10                  28.00    0.2721      0.19    0.0180
  100                  0.00    0.0000      0.00    0.0000
  102                 24.00    0.3762      0.45    0.0177
  103                 24.00    0.5983      1.36    0.0169
  104                 -0.00    0.0000      0.00    0.0000
  105                  0.00    0.0000      0.00    0.0000
  106                  0.00    0.0000      0.00    0.0000
  107                 42.00    0.2617      0.13    0.0173
  11                  28.00    0.6980      1.80    0.0164
  112                 60.00    0.2210      0.07    0.0170
  113                 17.50    0.2743      0.25    0.0189
  117                100.50    0.2719      0.09    0.0158
  118                 60.00    0.2210      0.07    0.0170
  119                 77.50    0.2854      0.12    0.0164
  12                  -0.00    0.0000      0.00    0.0000
  120                 18.00    0.2822      0.27    0.0188
  122                 18.00    0.6996      2.36    0.0171
  123                 18.00    0.2822      0.27    0.0187
  126                 18.00    0.4487      0.81    0.0179
  127                 18.00    0.4487      0.81    0.0179
  128                 60.00    0.2996      0.15    0.0165
  131                 42.00    0.2618      0.13    0.0173
  132                 60.00    0.2996      0.15    0.0165
  134                 23.00    1.4122     11.02    0.0156
  136                  0.00    0.0000      0.00    0.0000
  137                 -0.00    0.0000      0.00    0.0000
  138                  0.00    0.0000      0.00    0.0000
  139                  0.00    0.0000      0.00    0.0000
  14                   0.00    0.0000      0.00    0.0000
  142                  0.00    0.0000      0.00    0.0000
  143                 20.00    0.7773      2.85    0.0168
  144                  0.00    0.0000      0.00    0.0000
  145                 18.00    0.1749      0.09    0.0198
  148                 42.00    0.2617      0.13    0.0174
  149                 42.00    0.2617      0.13    0.0173
  15                   0.00    0.0000      0.00    0.0000
  150                  0.00    0.0000      0.00    0.0000
  151                  0.00    0.0000      0.00    0.0000
  156                  0.00    0.0000      0.00    0.0000
  16                   0.00    0.0000      0.00    0.0000
  160                  0.00    0.0000      0.00    0.0000
  162                  0.00    0.0000      0.00    0.0000
  171                  0.00    0.0000      0.00    0.0000
  172                  0.00    0.0000      0.00    0.0000
  175                  0.00    0.0000      0.00    0.0000
  181                  0.00    0.0000      0.00    0.0000
  183                 18.00    0.6996      2.36    0.0171
  184                  0.00    0.0000      0.00    0.0000
  185                  0.00    0.0000      0.00    0.0000
  19                   0.00    0.0000      0.00    0.0000
  2                  100.50    0.2719      0.09    0.0158
  20                   0.00    0.0000      0.00    0.0000
  21                  18.00    0.6996      2.36    0.0171
  22                 128.00    0.4714      0.28    0.0147
  23                   0.00    0.0000      0.00    0.0000
  24                  82.00    1.2854      4.12    0.0140
  25                  43.00    0.6740      1.28    0.0158
  26                 128.00    0.6391      0.59    0.0143
  27                  18.00    0.6996      2.36    0.0171
  28                   0.00    0.0000      0.00    0.0000
  29                  70.00    0.1894      0.05    0.0170
  3                    0.00    0.0000      0.00    0.0000
  30                  20.00    0.3135      0.32    0.0184
  31                 320.00    0.5226      0.21    0.0134
  32                 128.00    0.6391      0.59    0.0143
  33                  90.00    0.2435      0.07    0.0161
  34                 300.00    0.6230      0.33    0.0132
  36                  23.00    0.3605      0.42    0.0179
  37                   0.00    0.0000      0.00    0.0000
  38                   0.00    0.0000      0.00    0.0000
  4                   28.00    0.1745      0.06    0.0189
  40                   0.00    0.0000      0.00    0.0000
  41                  70.00    0.1894      0.05    0.0170
  42                  20.00    1.2280      8.56    0.0160
  43                 172.00    0.4654      0.23    0.0143
  44                   0.00    0.0000      0.00    0.0000
  45                   0.00    0.0000      0.00    0.0000
  46                  20.00    0.4986      0.98    0.0175
  47                  70.00    0.2578      0.09    0.0165
  48                  70.00    0.2578      0.10    0.0165
  5                    0.00    0.0000      0.00    0.0000
  50                   0.00    0.0000      0.00    0.0000
  51                 320.00    0.6646      0.37    0.0130
  52                   0.00    0.0000      0.00    0.0000
  53                   0.00    0.0000      0.00    0.0000
  54                 420.50    0.3871      0.09    0.0134
  56                  20.00    0.3135      0.32    0.0184
  57                   0.00    0.0000      0.00    0.0000
  58                   0.00    0.0000      0.00    0.0000
  59                   0.00    0.0000      0.00    0.0000
  6                  100.00    0.6232      0.64    0.0146
  60                   0.00    0.0000      0.00    0.0000
  61                   0.00    0.0000      0.00    0.0000
  62                   0.00    0.0000      0.00    0.0000
  63                 320.00    0.5226      0.21    0.0133
  64                   0.00    0.0000      0.00    0.0000
  65                   0.00    0.0000      0.00    0.0000
  66                   0.00    0.0000      0.00    0.0000
  67                   0.00    0.0000      0.00    0.0000
  68                  -0.00    0.0000      0.00    0.0000
  69                   0.00    0.0000      0.00    0.0000
  7                    0.00    0.0000      0.00    0.0000
  70                   0.00    0.0000      0.00    0.0000
  71                   0.00    0.0000      0.00    0.0000
  72                   0.00    0.0000      0.00    0.0000
  73                   0.00    0.0000      0.00    0.0000
  74                 420.50    0.3871      0.09    0.0136
  76                   0.00    0.0000      0.00    0.0000
  77                   0.00    0.0000      0.00    0.0000
  78                  70.00    1.0973      3.09    0.0144
  79                   0.00    0.0000      0.00    0.0000
  8                    0.00    0.0000      0.00    0.0000
  80                  70.00    0.1894      0.05    0.0170
  81                   0.00    0.0000      0.00    0.0000
  82                   0.00    0.0000      0.00    0.0000
  83                   0.00    0.0000      0.00    0.0000
  84                  23.00    0.3605      0.42    0.0179
  86                   0.00    0.0000      0.00    0.0000
  87                   0.00    0.0000      0.00    0.0000
  88                   0.00    0.0000      0.00    0.0000
  89                   0.00    0.0000      0.00    0.0000
  9                  420.50    0.3871      0.09    0.0134
  90                   0.00    0.0000      0.00    0.0000
  92                   0.00    0.0000      0.00    0.0000
  93                   0.00    0.0000      0.00    0.0000
  94                   0.00    0.0000      0.00    0.0000
  95                   0.00    0.0000      0.00    0.0000
  96                  -0.00    0.0000      0.00    0.0000
  97                   0.00    0.0000      0.00    0.0000
  98                   0.00    0.0000      0.00    0.0000
  99                  -0.00    0.0000      0.00    0.0000
  55                   0.00    0.0000      0.00    0.0000
  101                  0.00    0.0000      0.00    0.0000
  108                  0.00    0.0000      0.00    0.0000
  109                  0.00    0.0000      0.00    0.0000
  49                  -0.00    0.0000      0.00    0.0000
  85                 -28.00    0.1745      0.06    0.0189
  91                  -0.00    0.0000      0.00    0.0000
  110                  0.00    0.0000      0.00    0.0000
  111                  0.00    0.0000      0.00    0.0000
  17                   0.00    0.0000      0.00    0.0000
  18                   0.00    0.0000      0.00    0.0000
  39                   0.00    0.0000      0.00    0.0000
  75                   0.00    0.0000      0.00    0.0000
  114                -28.00    1.0882      5.23    0.0157
   
  Analysis ended Tue Jun  1 20:55:12 2021
