  Page 1                                    Tue Jun  1 20:55:25 2021

  ******************************************************************
  *                           E P A N E T                          *
  *                   Hydraulic and Water Quality                  *
  *                   Analysis for Pipe Networks                   *
  *                         Version 2.00.12                        *
  ******************************************************************
  
  C:\Mario\Violada 
   
      Input Data File ................... /home/borja/Escritorio/nery/epanet-telecontrol/flowpath/tmp.inp
      Number of Junctions................ 146
      Number of Reservoirs............... 1
      Number of Tanks ................... 0
      Number of Pipes ................... 146
      Number of Pumps ................... 0
      Number of Valves .................. 0
      Headloss Formula .................. Darcy-Weisbach
      Hydraulic Timestep ................ 1.00 hrs
      Hydraulic Accuracy ................ 0.001000
      Status Check Frequency ............ 2
      Maximum Trials Checked ............ 10
      Damping Limit Threshold ........... 0.000000
      Maximum Trials .................... 40
      Quality Analysis .................. None
      Specific Gravity .................. 1.00
      Relative Kinematic Viscosity ...... 1.00
      Relative Chemical Diffusivity ..... 1.00
      Demand Multiplier ................. 1.00
      Total Duration .................... 0.00 hrs
      Reporting Criteria:
         Selected Nodes
         No Links
         with Velocity above 3.00 m/s
   
  Analysis begun Tue Jun  1 20:55:25 2021

   
  Node Results:
  ----------------------------------------------
                     Demand      Head  Pressure
  Node                  L/s         m         m
  ----------------------------------------------
  213               0.000000e+00   4.489039e+02   6.600388e+01
  241               0.000000e+00   4.475440e+02   7.430399e+01
  245               0.000000e+00   4.477148e+02   9.759477e+01
  256               0.000000e+00   4.484831e+02   8.227314e+01
  276               0.000000e+00   4.483252e+02   6.623523e+01
  277               0.000000e+00   4.487514e+02   6.849136e+01
  286               0.000000e+00   4.483600e+02   6.653005e+01
  296               0.000000e+00   4.487466e+02   6.758660e+01
   
   
  Link Results:
  --------------------------------------------------------
                       Flow  Velocity  Headloss  F-Factor
  Link                  L/s       m/s    /1000m          
  --------------------------------------------------------
  1                   23.20    0.5783      1.28    0.0170
  10                  39.00    0.3789      0.34    0.0168
  100                  0.00    0.0000      0.00    0.0000
  102                 21.50    0.3370      0.37    0.0181
  103                 -0.00    0.0000      0.00    0.0000
  104                 -0.00    0.0000      0.00    0.0000
  105                  0.00    0.0000      0.00    0.0000
  106                  0.00    0.0000      0.00    0.0000
  107                 21.50    0.1340      0.04    0.0201
  11                   0.00    0.0000      0.00    0.0000
  112                 21.50    0.0792      0.01    0.0211
  113                 23.20    0.3637      0.42    0.0178
  117                 83.80    0.2267      0.06    0.0164
  118                 21.50    0.0792      0.01    0.0212
  119                 44.70    0.1646      0.04    0.0185
  12                   0.00    0.0000      0.00    0.0000
  120                  0.00    0.0000      0.00    0.0000
  122                  0.00    0.0000      0.00    0.0000
  123                  0.00    0.0000      0.00    0.0000
  126                  0.00    0.0000      0.00    0.0000
  127                  0.00    0.0000      0.00    0.0000
  128                 21.50    0.1073      0.02    0.0205
  131                 21.50    0.1340      0.04    0.0184
  132                 21.50    0.1073      0.02    0.0208
  134                  0.00    0.0000      0.00    0.0000
  136                  0.00    0.0000      0.00    0.0000
  137                 -0.00    0.0000      0.00    0.0000
  138                  0.00    0.0000      0.00    0.0000
  139                  0.00    0.0000      0.00    0.0000
  14                  22.00    0.3449      0.38    0.0180
  142                  0.00    0.0000      0.00    0.0000
  143                  0.00    0.0000      0.00    0.0000
  144                 -0.00    0.0000      0.00    0.0000
  145                  0.00    0.0000      0.00    0.0000
  148                 21.50    0.1340      0.04    0.0200
  149                 21.50    0.1340      0.04    0.0200
  15                   0.00    0.0000      0.00    0.0000
  150                  0.00    0.0000      0.00    0.0000
  151                  0.00    0.0000      0.00    0.0000
  156                  0.00    0.0000      0.00    0.0000
  16                  22.00    0.5484      1.17    0.0172
  160                  0.00    0.0000      0.00    0.0000
  162                  0.00    0.0000      0.00    0.0000
  171                  0.00    0.0000      0.00    0.0000
  172                  0.00    0.0000      0.00    0.0000
  175                  0.00    0.0000      0.00    0.0000
  181                 71.20    1.7749      9.76    0.0137
  183                  0.00    0.0000      0.00    0.0000
  184                  0.00    0.0000      0.00    0.0000
  185                  0.00    0.0000      0.00    0.0000
  19                   0.00    0.0000      0.00    0.0000
  2                  105.80    0.2863      0.10    0.0157
  20                   0.00    0.0000      0.00    0.0000
  21                  -0.00    0.0000      0.00    0.0000
  22                 161.00    0.5929      0.43    0.0141
  23                  22.00    0.8550      3.39    0.0165
  24                  39.00    0.6113      1.07    0.0161
  25                   0.00    0.0000      0.00    0.0000
  26                 139.00    0.6940      0.68    0.0140
  27                  -0.00    0.0000      0.00    0.0000
  28                  28.40    0.2759      0.19    0.0180
  29                  96.00    0.2597      0.08    0.0160
  3                    0.00    0.0000      0.00    0.0000
  30                   0.00    0.0000      0.00    0.0000
  31                 296.00    0.4834      0.18    0.0135
  32                 161.00    0.8038      0.89    0.0137
  33                  96.00    0.2597      0.08    0.0159
  34                 296.00    0.6147      0.33    0.0133
  36                  39.10    0.6129      1.08    0.0160
  37                   0.00    0.0000      0.00    0.0000
  38                   0.00    0.0000      0.00    0.0000
  4                   39.00    0.2431      0.12    0.0176
  40                   0.00    0.0000      0.00    0.0000
  41                  96.00    0.2597      0.08    0.0160
  42                   0.00    0.0000      0.00    0.0000
  43                 135.00    0.3653      0.15    0.0150
  44                   0.00    0.0000      0.00    0.0000
  45                   0.00    0.0000      0.00    0.0000
  46                   0.00    0.0000      0.00    0.0000
  47                  96.00    0.3535      0.17    0.0155
  48                  96.00    0.3535      0.17    0.0155
  5                   22.00    1.3508     10.16    0.0157
  50                   0.00    0.0000      0.00    0.0000
  51                 296.00    0.6147      0.33    0.0132
  52                   0.00    0.0000      0.00    0.0000
  53                  26.00    0.1298      0.03    0.0197
  54                 430.20    0.3961      0.09    0.0133
  56                   0.00    0.0000      0.00    0.0000
  57                  71.20    1.1161      3.19    0.0143
  58                   0.00    0.0000      0.00    0.0000
  59                  71.20    1.1161      3.19    0.0143
  6                  100.00    0.6232      0.64    0.0146
  60                   0.00    0.0000      0.00    0.0000
  61                  28.40    0.2759      0.19    0.0180
  62                   0.00    0.0000      0.00    0.0000
  63                 324.40    0.5297      0.22    0.0133
  64                  28.40    1.7438     16.14    0.0150
  65                   0.00    0.0000      0.00    0.0000
  66                  28.40    0.1418      0.04    0.0183
  67                   0.00    0.0000      0.00    0.0000
  68                  -0.00    0.0000      0.00    0.0000
  69                  28.40    0.1770      0.07    0.0189
  7                    0.00    0.0000      0.00    0.0000
  70                   0.00    0.0000      0.00    0.0000
  71                   0.00    0.0000      0.00    0.0000
  72                   0.00    0.0000      0.00    0.0000
  73                   0.00    0.0000      0.00    0.0000
  74                 430.20    0.3961      0.09    0.0137
  76                   0.00    0.0000      0.00    0.0000
  77                  -0.00    0.0000      0.00    0.0000
  78                  70.00    1.0973      3.09    0.0144
  79                   0.00    0.0000      0.00    0.0000
  8                    0.00    0.0000      0.00    0.0000
  80                  96.00    0.2597      0.08    0.0160
  81                   0.00    0.0000      0.00    0.0000
  82                   0.00    0.0000      0.00    0.0000
  83                   0.00    0.0000      0.00    0.0000
  84                  39.10    0.6129      1.08    0.0160
  86                   0.00    0.0000      0.00    0.0000
  87                   0.00    0.0000      0.00    0.0000
  88                   0.00    0.0000      0.00    0.0000
  89                   0.00    0.0000      0.00    0.0000
  9                  501.41    0.4616      0.12    0.0130
  90                   0.00    0.0000      0.00    0.0000
  92                  26.00    0.1620      0.06    0.0195
  93                  -0.00    0.0000      0.00    0.0000
  94                   0.00    0.0000      0.00    0.0000
  95                   0.00    0.0000      0.00    0.0000
  96                  -0.00    0.0000      0.00    0.0000
  97                   0.00    0.0000      0.00    0.0000
  98                   0.00    0.0000      0.00    0.0000
  99                  23.20    1.4245     11.19    0.0156
  55                   0.00    0.0000      0.00    0.0000
  101                  0.00    0.0000      0.00    0.0000
  108                  0.00    0.0000      0.00    0.0000
  109                  0.00    0.0000      0.00    0.0000
  49                  -0.00    0.0000      0.00    0.0000
  85                 -39.00    0.2431      0.12    0.0176
  91                 -39.00    0.6113      1.07    0.0161
  110                 -0.00    0.0000      0.00    0.0000
  111                  0.00    0.0000      0.00    0.0000
  17                   0.00    0.0000      0.00    0.0000
  18                   0.00    0.0000      0.00    0.0000
  39                   0.00    0.0000      0.00    0.0000
  75                   0.00    0.0000      0.00    0.0000
  114                 -0.00    0.0000      0.00    0.0000
   
  Analysis ended Tue Jun  1 20:55:25 2021
