  Page 1                                    Fri Dec  1 09:05:38 2023

  ******************************************************************
  *                           E P A N E T                          *
  *                   Hydraulic and Water Quality                  *
  *                   Analysis for Pipe Networks                   *
  *                         Version 2.2                            *
  ******************************************************************
  
  Analysis begun Fri Dec  1 09:05:38 2023

   
  Node Results:
  ----------------------------------------------
                     Demand      Head  Pressure
  Node                 m3/h         m         m
  ----------------------------------------------
  3661                 0.00    428.93     50.79
  482                  0.00    428.26     82.26
  661                  0.00    428.21     98.21
  6610                 0.00    428.11      0.97
  6611                 0.00    428.93     93.93
  6612                 0.00    428.68     66.31
  6613                 0.00    428.93     73.93
  6615                 0.00    428.86     89.86
  6616                 0.00    428.69     67.69
  6617                 0.00    428.21     85.21
  6618                 0.00    428.79     80.79
  662                  0.00    428.95    100.95
  6620                 0.00    428.69    120.69
  6621                 0.00    428.69    100.69
  6622                 0.00    428.69     91.69
  6623                 0.00    428.69     77.69
  6624                 0.00    428.69     76.69
  6625                 0.00    428.69    116.69
  6626                 0.00    428.69    107.69
  6627                 0.00    426.89    105.89
  6628                 0.00    428.95     89.95
  6629                 0.00    428.95     88.95
  663                  0.00    428.93     87.93
  6630                 0.00    428.95      4.09
  6632                 0.00    428.95     88.95
  6633                 0.00    428.97     66.33
  6634                 0.00    428.97     57.97
  6635                 0.00    428.95     76.95
  6636                 0.00    428.95     72.95
  6637                 0.00    428.92     61.92
  6639                 0.00    428.24     68.24
  664                  0.00    428.93     80.93
  6640                 0.00    428.22     68.22
  6641                 0.00    428.53     69.85
  6642                 0.00    428.53     72.53
  6643                 0.00    428.81     76.81
  6644                 0.00    428.84     76.84
  6645                 0.00    428.85     78.85
  6646                 0.00    428.93     81.91
  6648                 0.00    428.93     82.92
  6649                 0.00    428.93     89.93
  665                  0.00    428.93     83.93
  666                  0.00    428.95     88.95
  6665                 0.00    428.92     63.78
  6666                 0.00    428.92     61.26
  667                  0.00    428.84     76.84
  668                  0.00    428.20     98.20
  669                  0.00    428.95     83.95
  1                    0.00    428.96     98.96
  10                   0.00    428.81     76.81
  100                  0.00    428.53     73.53
  100B                 0.00    428.22     70.22
  101                  0.00    428.93     75.93
  103                  0.00    428.93     89.93
  104                  0.00    428.93     89.93
  105                  0.00    428.93     73.93
  106                  0.00    428.93     73.93
  107                  0.00    428.86     89.86
  108                  0.00    428.86     93.30
  109                  0.00    428.86     91.86
  11B                  0.00    428.93     85.93
  110                  0.00    428.78     82.78
  111                  0.00    428.75     90.77
  112                  0.00    428.77     86.77
  113                  0.00    428.70    105.70
  114                  0.00    428.51     80.51
  115                  0.00    428.33     82.33
  116                  0.00    428.40     83.40
  117                  0.00    428.21     85.21
  118                 77.00    427.15     88.15
  119                  0.00    427.15    104.34
  12                   0.00    428.93     98.59
  121                  0.00    428.63     78.63
  122                 67.00    424.51     77.51
  123                  0.00    427.85     81.85
  125                  0.00    428.62     77.62
  126                  0.00    428.62     80.62
  127                  0.00    428.62     85.29
  128                 64.00    428.67     66.67
  129                  0.00    428.47     72.47
  130                  0.00    428.32     87.24
  130B                 0.00    428.41     75.41
  132                 57.00    421.83     88.83
  134                 62.00    426.58    105.58
  135                 61.00    426.24    110.24
  137                  0.00    426.24    117.24
  139                  0.00    428.20     68.20
  14                   0.00    428.93     90.93
  140                  0.00    428.20     77.20
  141                  0.00    428.20     76.20
  142                  0.00    428.20     67.20
  143                 62.00    418.98     78.01
  144                  0.00    428.58     69.58
  146                  0.00    428.69     82.69
  147                  0.00    428.69    107.69
  148                  0.00    428.69     95.69
  149                  0.00    428.69    115.48
  15                   0.00    428.93     93.93
  150                  0.00    428.69    120.62
  151                  0.00    428.69    123.45
  152                  0.00    428.69    118.67
  153                  0.00    428.69    118.69
  154                  0.00    428.69    103.69
  157                  0.00    428.69    125.69
  158A                 0.00    428.69    107.69
  158B                 0.00    428.69    107.69
  16B                  0.00    428.93     94.93
  160                  0.00    428.92     61.92
  162                  0.00    428.92     60.92
  163                  0.00    428.92     54.92
  164                  0.00    428.92     69.26
  165                  0.00    428.92     67.62
  166                  0.00    428.92     67.91
  167                  0.00    428.92     58.28
  169                  0.00    428.92     62.42
  17A                  0.00    428.93     93.93
  170                  0.00    428.94     69.94
  17B                  0.00    428.93     93.93
  171                  0.00    428.95     76.95
  172                  0.00    428.95     88.95
  18B                  0.00    428.93    103.93
  19                   0.00    428.97     70.97
  2                    0.00    428.95    102.95
  20                   0.00    428.93     64.93
  2002                 0.00    428.95     78.95
  2003                 0.00    428.95     78.95
  21                  63.00    428.91     66.18
  22                   0.00    428.91     67.31
  222                  0.00    428.88     78.88
  24                   0.00    428.86     84.86
  25                   0.00    428.83     83.83
  26                   0.00    428.79     80.79
  27                   0.00    428.80     78.80
  28                  53.00    428.77     80.77
  29                   0.00    428.70     72.70
  3                    0.00    428.94     88.59
  30                   0.00    428.69     67.69
  3002                 0.00    428.93     42.93
  3004                 0.00    428.93     42.93
  3005                 0.00    428.93     42.93
  3008                 0.00    428.93     43.93
  3012                 0.00    428.93     58.20
  3013                 0.00    428.93     64.00
  3016                 0.00    428.94     63.94
  3017                 0.00    428.98     46.98
  3018                 0.00    428.96     51.96
  3019                 0.00    428.93     59.54
  3020                 0.00    428.93     60.82
  3024                 0.00    428.93     63.99
  31                   0.00    428.69     70.90
  3152                 0.00    428.93     62.73
  32                   0.00    428.69     70.69
  34                   0.00    428.69     77.67
  35                   0.00    428.69     91.69
  36                   0.00    428.69    100.69
  39                   0.00    428.69    115.69
  41                   0.00    428.69    121.69
  46                   0.00    428.96     52.96
  47                   0.00    428.92     70.74
  48                   0.00    427.98     83.98
  49                  83.00    425.85     73.85
  5                    0.00    428.93     81.93
  52                  53.00    425.84     74.84
  53                   0.00    428.97     72.97
  54                   0.00    428.97     83.97
  55                   0.00    428.96     98.96
  56                   0.00    428.96     94.96
  58                   0.00    428.96     95.96
  59                   0.00    428.96     99.96
  6                   55.00    428.66     76.66
  60                   0.00    428.94     83.94
  61                   0.00    428.94     89.94
  62                   0.00    428.84     74.84
  64                   0.00    428.95     97.95
  65                   0.00    428.95     88.95
  66                   0.00    428.95     89.95
  67                   0.00    428.95     96.95
  68                   0.00    428.95     89.95
  69                   0.00    428.95     77.95
  7                    0.00    428.93     75.93
  70                   0.00    428.95     88.95
  71                   0.00    428.95     91.95
  72                   0.00    428.84     72.84
  73                   0.00    428.80     73.80
  77                   0.00    428.84     72.84
  78                   0.00    428.84     88.70
  79                  47.00    428.93     75.93
  8                    0.00    428.85     78.85
  80                   0.00    428.93     79.93
  81                   0.00    428.93     69.93
  82                   0.00    428.93     70.93
  85                   0.00    428.95     89.95
  86                   0.00    428.95     91.95
  87                   0.00    428.72     68.72
  88                   0.00    428.68     75.68
  89                   0.00    428.60     61.60
  90                   0.00    428.53     72.53
  91                 211.00    427.68     55.68
  92                  62.00    428.06     68.06
  91B                  0.00    428.11     68.11
  94                   0.00    428.93     89.93
  95                   0.00    428.93     85.93
  97                   0.00    428.93     97.93
  99                   0.00    428.60     78.60
  74                   0.00    428.79     70.08
  1074                 0.00    428.79     70.79
  11A                  0.00    428.93     85.93
  1011                 0.00    428.93     85.93
  0                -1077.00    429.00      0.00  Reservoir
   
   
  Link Results:
  ----------------------------------------------
                       Flow  Velocity  Headloss
  Link                 m3/h       m/s    /1000m
  ----------------------------------------------
  TU1                 62.00      0.68      2.28
  TU10                 0.00      0.00      0.00
  TU100                0.00      0.00      0.00
  TU101                0.00      0.00      0.00
  TU102               -0.00      0.00      0.00
  TU103                0.00      0.00      0.00
  TU104                0.00      0.00      0.00
  TU105              375.00      0.16      0.03
  TU106              375.00      0.16      0.03
  TU107                0.00      0.00      0.00
  TU108              375.00      0.16      0.03
  TU109              375.00      0.16      0.03
  TU11                -0.00      0.00      0.00
  TU110              375.00      0.16      0.03
  TU111               -0.00      0.00      0.00
  TU112               -0.00      0.00      0.00
  TU113                0.00      0.00      0.00
  TU114                0.00      0.00      0.00
  TU115              375.00      0.13      0.02
  TU116              375.00      0.13      0.02
  TU117               -0.00      0.00      0.00
  TU118                0.00      0.00      0.00
  TU119              375.00      0.13      0.02
  TU12                 0.00      0.00      0.00
  TU120              375.00      0.13      0.02
  TU121                0.00      0.00      0.00
  TU122                0.00      0.00      0.00
  TU123               -0.00      0.00      0.00
  TU124               53.00      0.61      1.92
  TU125              136.00      0.99      3.60
  TU126              136.00      0.62      1.16
  TU127              136.00      0.62      1.16
  TU128                0.00      0.00      0.00
  TU129                0.00      0.00      0.00
  TU13                 0.00      0.00      0.00
  TU130               -0.00      0.00      0.00
  TU131               -0.00      0.00      0.00
  TU132                0.00      0.00      0.00
  TU133               -0.00      0.00      0.00
  TU134               -0.00      0.00      0.00
  TU135               -0.00      0.00      0.00
  TU136                0.00      0.00      0.00
  TU137              136.00      0.19      0.07
  TU138              136.00      0.19      0.07
  TU139              136.00      0.13      0.03
  TU14                -0.00      0.00      0.00
  TU140              136.00      0.13      0.03
  TU141                0.00      0.00      0.00
  TU142                0.00      0.00      0.00
  TU143              211.00      0.92      2.29
  TU144               -0.00      0.00      0.00
  TU145               62.00      0.43      0.76
  TU146               62.00      0.27      0.25
  TU147              273.00      0.74      1.15
  TU148               -0.00      0.00      0.00
  TU149               -0.00      0.00      0.00
  TU15                -0.00      0.00      0.00
  TU150               -0.00      0.00      0.00
  TU151              273.00      0.39      0.24
  TU152               -0.00      0.00      0.00
  TU15301            273.00      0.39      0.24
  TU15302            273.00      0.39      0.24
  TU1074               0.00      0.00      0.00
  TU154              273.00      0.27      0.10
  TU155                0.00      0.00      0.00
  TU156              273.00      0.27      0.10
  TU157              273.00      0.27      0.10
  TU158               55.00      0.98      5.98
  TU159              328.00      0.32      0.14
  TU16              1077.00      0.19      0.02
  TU160                0.00      0.00      0.00
  TU161              328.00      0.32      0.14
  TU162               47.00      0.03      0.00
  TU163               -0.00      0.00      0.00
  TU164               47.00      0.03      0.00
  TU166               -0.00      0.00      0.00
  TU167               -0.00      0.00      0.00
  TU168                0.00      0.00      0.00
  TU169                0.00      0.00      0.00
  TU17                -0.00      0.00      0.00
  TU170                0.00      0.00      0.00
  TU171               -0.00      0.00      0.00
  TU17201              0.00      0.00      0.00
  TU17202              0.00      0.00      0.00
  TU1011A             -0.00      0.00      0.00
  TU173               -0.00      0.00      0.00
  TU174               -0.00      0.00      0.00
  TU175               -0.00      0.00      0.00
  TU176               -0.00      0.00      0.00
  TU177               -0.00      0.00      0.00
  TU178               -0.00      0.00      0.00
  TU179                0.00      0.00      0.00
  TU18                 0.00      0.00      0.00
  TU180                0.00      0.00      0.00
  TU181                0.00      0.00      0.00
  TU182                0.00      0.00      0.00
  TU183                0.00      0.00      0.00
  TU184                0.00      0.00      0.00
  TU185              144.00      0.32      0.22
  TU186               -0.00      0.00      0.00
  TU187               -0.00      0.00      0.00
  TU188              503.00      0.36      0.14
  TU189              503.00      0.36      0.14
  TU19                 0.00      0.00      0.00
  TU190               -0.00      0.00      0.00
  TU191                0.00      0.00      0.00
  TU192                0.00      0.00      0.00
  TU193                0.00      0.00      0.00
  TU194               -0.00      0.00      0.00
  TU195                0.00      0.00      0.00
  TU196                0.00      0.00      0.00
  TU197               -0.00      0.00      0.00
  TU198                0.00      0.00      0.00
  TU199                0.00      0.00      0.00
  TU2                  0.00      0.00      0.00
  TU20                 0.00      0.00      0.00
  TU200               -0.00      0.00      0.00
  TU201                0.00      0.00      0.00
  TU203                0.00      0.00      0.00
  TU204              566.00      0.25      0.05
  TU205              566.00      0.25      0.05
  TU21                -0.00      0.00      0.00
  TU22               503.00      0.28      0.08
  TU23               503.00      0.28      0.08
  TU24               503.00      0.28      0.07
  TU25               566.00      0.31      0.09
  TU26               306.00      0.30      0.12
  TU27               306.00      0.30      0.12
  TU28               306.00      0.30      0.12
  TU29               359.00      0.35      0.16
  TU3                  0.00      0.00      0.00
  TU30                 0.00      0.00      0.00
  TU31                77.00      0.88      3.77
  TU32                 0.00      0.00      0.00
  TU33                77.00      0.35      0.41
  TU34                77.00      0.35      0.42
  TU35                67.00      1.19      8.57
  TU36                67.00      0.76      2.93
  TU37               144.00      0.41      0.41
  TU38               144.00      0.41      0.41
  TU39                -0.00      0.00      0.00
  TU4                273.00      0.39      0.24
  TU40                -0.00      0.00      0.00
  TU41               144.00      0.32      0.22
  TU42                 0.00      0.00      0.00
  TU43               144.00      0.20      0.08
  TU44               144.00      0.20      0.08
  TU45               144.00      0.20      0.08
  TU46               144.00      0.20      0.08
  TU47                -0.00      0.00      0.00
  TU48                 0.00      0.00      0.00
  TU49                 0.00      0.00      0.00
  TU5                273.00      0.39      0.24
  TU50                 0.00      0.00      0.00
  TU51                 0.00      0.00      0.00
  TU52                 0.00      0.00      0.00
  TU53                 0.00      0.00      0.00
  TU54                 0.00      0.00      0.00
  TU55                 0.00      0.00      0.00
  TU56                 0.00      0.00      0.00
  TU57                 0.00      0.00      0.00
  TU58                 0.00      0.00      0.00
  TU59                 0.00      0.00      0.00
  TU6                144.00      0.20      0.08
  TU60                 0.00      0.00      0.00
  TU61                -0.00      0.00      0.00
  TU62                -0.00      0.00      0.00
  TU63                 0.00      0.00      0.00
  TU64                 0.00      0.00      0.00
  TU65                 0.00      0.00      0.00
  TU66                 0.00      0.00      0.00
  TU67                 0.00      0.00      0.00
  TU68                 0.00      0.00      0.00
  TU69                 0.00      0.00      0.00
  TU7                  0.00      0.00      0.00
  TU70                 0.00      0.00      0.00
  TU71                 0.00      0.00      0.00
  TU72               242.00      0.53      0.57
  TU73               242.00      0.53      0.57
  TU74               242.00      0.53      0.57
  TU75               242.00      0.53      0.57
  TU76               242.00      0.53      0.57
  TU77               306.00      0.68      0.87
  TU78                 0.00      0.00      0.00
  TU79                61.00      0.80      3.47
  TU8                  0.00      0.00      0.00
  TU80                62.00      1.28     10.64
  TU81               123.00      1.04      4.22
  TU82                62.00      1.10      7.44
  TU83               119.00      1.56     11.77
  TU84                 0.00      0.00      0.00
  TU85                 0.00      0.00      0.00
  TU86                 0.00      0.00      0.00
  TU87                 0.00      0.00      0.00
  TU88               119.00      0.26      0.16
  TU89                 0.00      0.00      0.00
  TU9                  0.00      0.00      0.00
  TU90                 0.00      0.00      0.00
  TU91                -0.00      0.00      0.00
  TU92                -0.00      0.00      0.00
  TU93                 0.00      0.00      0.00
  TU94                 0.00      0.00      0.00
  TU95                 0.00      0.00      0.00
  TU96                 0.00      0.00      0.00
  TU97                 0.00      0.00      0.00
  TU98                 0.00      0.00      0.00
  TU99                 0.00      0.00      0.00
  TU4000               0.00      0.00      0.00
   
  Analysis ended Fri Dec  1 09:05:38 2023
