  Page 1                                    Fri Dec  1 08:57:28 2023

  ******************************************************************
  *                           E P A N E T                          *
  *                   Hydraulic and Water Quality                  *
  *                   Analysis for Pipe Networks                   *
  *                         Version 2.2                            *
  ******************************************************************
  
  Analysis begun Fri Dec  1 08:57:28 2023

   
  Node Results:
  ----------------------------------------------
                     Demand      Head  Pressure
  Node                 m3/h         m         m
  ----------------------------------------------
  3661                 0.00    428.36     50.22
  482                  0.00    426.75     80.75
  661                  0.00    427.63     97.63
  6610                 0.00    424.84      1.21
  6611                 0.00    426.42     91.42
  6612                 0.00    425.60     63.23
  6613                 0.00    425.20     70.20
  6615                 0.00    428.16     89.16
  6616                 0.00    427.76     66.76
  6617                 0.00    426.51     83.51
  6618                 0.00    427.93     79.93
  662                  0.00    427.62     99.62
  6620                 0.00    427.65    119.65
  6621                 0.00    427.65     99.65
  6622                 0.00    427.65     90.65
  6623                 0.00    427.65     76.65
  6624                 0.00    427.65     75.65
  6625                 0.00    426.68    114.68
  6626                 0.00    427.23    106.23
  6627                 0.00    427.25    106.25
  6628                 0.00    423.42     84.42
  6629                 0.00    425.70     85.70
  663                  0.00    427.13     86.13
  6630                 0.00    425.88      1.02
  6632                 0.00    426.83     86.83
  6633                 0.00    428.35     65.71
  6634                 0.00    428.42     57.42
  6635                 0.00    427.93     75.93
  6636                 0.00    427.93     71.93
  6637                 0.00    427.63     60.63
  6639                 0.00    425.25     65.25
  664                  0.00    426.95     78.95
  6640                 0.00    425.10     65.10
  6641                 0.00    425.37     66.69
  6642                 0.00    425.29     69.29
  6643                 0.00    426.05     74.05
  6644                 0.00    426.28     74.28
  6645                 0.00    426.40     76.40
  6646                 0.00    426.33     79.31
  6648                 0.00    426.33     80.32
  6649                 0.00    426.44     87.44
  665                  0.00    426.83     81.83
  666                  0.00    426.28     86.28
  6665                 0.00    426.41     61.27
  6666                 0.00    427.15     59.49
  667                  0.00    426.25     74.25
  668                  0.00    427.63     97.63
  669                  0.00    425.45     80.45
  1                   72.00    427.98     97.98
  10                   0.00    426.05     74.05
  100                134.00    425.25     70.25
  100B                63.00    424.80     66.80
  101                 97.00    424.91     71.91
  103                  0.00    423.94     84.94
  104                163.00    423.76     84.76
  105                 60.00    425.19     70.19
  106                  0.00    425.20     70.20
  107                  0.00    428.16     89.16
  108                  0.00    428.16     92.60
  109                  0.00    428.16     91.16
  11B                 99.00    426.79     83.79
  110                 69.00    427.89     81.89
  111                  0.00    427.75     89.77
  112                  0.00    427.82     85.82
  113                  0.00    427.56    104.56
  114                  0.00    427.09     79.09
  115                  0.00    426.78     80.78
  116                  0.00    426.92     81.92
  117                  0.00    426.51     83.51
  118                 75.00    424.22     85.22
  119                 43.00    421.07     98.26
  12                   0.00    426.63     96.29
  121                 59.00    427.27     77.27
  122                 61.00    423.65     76.65
  123                  0.00    426.46     80.46
  125                  0.00    427.25     76.25
  126                 67.00    427.14     79.14
  127                  0.00    427.14     83.81
  128                 66.00    427.75     65.75
  129                  0.00    427.70     71.70
  130                  0.00    427.66     86.58
  130B                 0.00    427.68     74.68
  132                 55.00    426.07     93.07
  134                  0.00    427.25    106.25
  135                 62.00    426.58    110.58
  137                  0.00    426.58    117.58
  139                  0.00    427.63     67.63
  14                  83.00    426.30     88.30
  140                  0.00    427.63     76.63
  141                  0.00    427.63     75.63
  142                  0.00    427.63     66.63
  143                  0.00    426.07     85.10
  144                  0.00    427.73     68.73
  146                  0.00    427.44     81.44
  147                  0.00    427.23    106.23
  148                  0.00    427.41     94.41
  149                  0.00    426.68    113.47
  15                   0.00    426.42     91.42
  150                 97.00    426.03    117.96
  151                  0.00    425.73    120.49
  152                 77.00    423.35    113.33
  153                  0.00    424.16    114.16
  154                  0.00    427.65    102.65
  157                  0.00    427.65    124.65
  158A                 0.00    427.65    106.65
  158B                 0.00    427.65    106.65
  16B                  0.00    426.42     92.42
  160                 52.00    427.58     60.58
  162                  0.00    427.37     59.37
  163                 94.00    426.82     52.82
  164                 56.00    426.86     67.20
  165                 58.00    426.41     65.11
  166                 84.00    426.41     65.40
  167                  0.00    426.41     55.77
  169                 72.00    426.61     60.11
  17A                  0.00    426.42     91.42
  170                  0.00    427.79     68.79
  17B                  0.00    426.42     91.42
  171                  0.00    427.93     75.93
  172                  0.00    427.93     87.93
  18B                  0.00    426.42    101.42
  19                   0.00    428.35     70.35
  2                    0.00    427.69    101.69
  20                  91.00    428.36     64.36
  2002                 0.00    425.45     75.45
  2003                 0.00    425.45     75.45
  21                  63.00    428.31     65.58
  22                  47.00    428.30     66.70
  222                 67.00    428.21     78.21
  24                   0.00    428.16     84.16
  25                   0.00    428.07     83.07
  26                   0.00    427.93     79.93
  27                   0.00    427.99     77.99
  28                  51.00    427.93     79.93
  29                  51.00    427.78     71.78
  3                   68.00    427.41     87.06
  30                   0.00    427.76     66.76
  3002                 0.00    428.36     42.36
  3004                 0.00    428.36     42.36
  3005                 0.00    428.36     42.36
  3008                 0.00    428.36     43.36
  3012                 0.00    428.36     57.63
  3013                 0.00    428.36     63.43
  3016               139.00    428.41     63.41
  3017               146.00    428.58     46.58
  3018                65.00    427.86     50.86
  3019                 0.00    428.36     58.97
  3020                 0.00    428.36     60.25
  3024                 0.00    428.36     63.42
  31                  60.00    427.68     69.89
  3152                 0.00    428.36     62.16
  32                   0.00    427.71     69.71
  34                   0.00    427.65     76.63
  35                   0.00    427.65     90.65
  36                   0.00    427.65     99.65
  39                   0.00    427.65    114.65
  41                   0.00    427.65    120.65
  46                 189.00    428.07     52.07
  47                   0.00    426.74     68.56
  48                   0.00    426.38     82.38
  49                  87.00    423.59     71.59
  5                    0.00    427.26     80.26
  52                  71.00    423.56     72.56
  53                 143.00    425.30     69.30
  54                   0.00    428.21     83.21
  55                   0.00    427.79     97.79
  56                   0.00    427.70     93.70
  58                 112.00    426.92     93.92
  59                   0.00    426.92     97.92
  6                    0.00    426.28     74.28
  60                   0.00    427.41     82.41
  61                   0.00    427.41     88.41
  62                 106.00    421.44     67.44
  64                  66.00    427.25     96.25
  65                  87.00    426.46     86.46
  66                  79.00    426.82     87.82
  67                 118.00    426.44     94.44
  68                   0.00    425.88     86.88
  69                  59.00    425.09     74.09
  7                    0.00    427.03     74.03
  70                 157.00    424.51     84.51
  71                  86.00    423.91     86.91
  72                  96.00    425.60     69.60
  73                 173.00    426.00     71.00
  77                 132.00    421.31     65.31
  78                   0.00    425.60     85.46
  79                   0.00    427.03     74.03
  8                    0.00    426.40     76.40
  80                   0.00    426.93     77.93
  81                  75.00    424.34     65.34
  82                   0.00    426.33     68.33
  85                  54.00    423.18     84.18
  86                   0.00    423.42     86.42
  87                 120.00    425.69     65.69
  88                  61.00    420.67     67.67
  89                  80.00    425.45     58.45
  90                   0.00    425.29     69.29
  91                   0.00    425.25     53.25
  92                   0.00    424.84     64.84
  91B                103.00    424.72     64.72
  94                   0.00    426.44     87.44
  95                   0.00    425.56     82.56
  97                   0.00    424.98     93.98
  99                   0.00    425.45     75.45
  74                  70.00    424.12     65.41
  1074                 0.00    425.97     67.97
  11A                157.00    424.70     81.70
  1011                 0.00    424.98     81.98
  0                -5247.00    429.00      0.00  Reservoir
   
   
  Link Results:
  ----------------------------------------------
                       Flow  Velocity  Headloss
  Link                 m3/h       m/s    /1000m
  ----------------------------------------------
  TU1                 -0.00      0.00      0.00
  TU10                60.00      0.65      2.10
  TU100              474.00      1.05      1.95
  TU101              553.00      0.78      0.87
  TU102               87.00      1.55     13.83
  TU103              640.00      0.91      1.14
  TU104              706.00      1.00      1.37
  TU105             1872.00      0.82      0.47
  TU106             1872.00      0.82      0.47
  TU107                0.00      0.00      0.00
  TU108             1940.00      0.85      0.50
  TU109             2646.00      1.16      0.90
  TU11               157.00      0.72      1.51
  TU110             2646.00      1.16      0.90
  TU111                0.00      0.00      0.00
  TU112              112.00      0.82      2.53
  TU113              112.00      0.60      1.17
  TU114              112.00      0.60      1.17
  TU115             2830.00      1.00      0.61
  TU116             2830.00      1.00      0.61
  TU117              143.00      1.54     10.20
  TU118                0.00      0.00      0.00
  TU119             2830.00      1.00      0.61
  TU12               163.00      1.86     14.90
  TU120             2973.00      1.05      0.66
  TU121                0.00      0.00      0.00
  TU122                0.00      0.00      0.00
  TU123               -0.00      0.00      0.00
  TU124               71.00      0.81      3.25
  TU125              158.00      1.15      4.74
  TU126              158.00      0.72      1.52
  TU127              158.00      0.72      1.52
  TU128                0.00      0.00      0.00
  TU129                0.00      0.00      0.00
  TU13               163.00      1.19      5.02
  TU130               58.00      0.25      0.22
  TU131              142.00      0.62      1.11
  TU132               72.00      0.31      0.33
  TU133              214.00      0.93      2.35
  TU134              103.00      1.11      5.59
  TU135              364.00      0.80      1.20
  TU136              416.00      0.92      1.53
  TU137              574.00      0.81      0.94
  TU138              574.00      0.81      0.94
  TU139              574.00      0.56      0.39
  TU14               403.00      0.89      1.44
  TU140              828.00      0.81      0.76
  TU141              106.00      1.78     17.35
  TU142              334.00      0.90      1.66
  TU143               -0.00      0.00      0.00
  TU144               63.00      0.68      2.29
  TU145              103.00      0.71      1.91
  TU146              166.00      0.72      1.48
  TU147              166.00      0.45      0.47
  TU148               -0.00      0.00      0.00
  TU149              134.00      0.93      3.08
  TU15                -0.00      0.00      0.00
  TU150              134.00      0.93      3.08
  TU151              300.00      0.42      0.29
  TU152               -0.00      0.00      0.00
  TU15301            631.00      0.89      1.11
  TU15302            561.00      0.79      0.90
  TU1074              70.00      0.92      4.46
  TU154              804.00      0.79      0.72
  TU155                0.00      0.00      0.00
  TU156              804.00      0.79      0.72
  TU157             1138.00      1.12      1.36
  TU158                0.00      0.00      0.00
  TU159             1138.00      1.12      1.36
  TU16              5247.00      0.95      0.37
  TU160                0.00      0.00      0.00
  TU161             1138.00      1.12      1.36
  TU162              734.00      0.53      0.29
  TU163              734.00      0.53      0.29
  TU164              734.00      0.53      0.29
  TU166               75.00      1.55     15.07
  TU167               -0.00      0.00      0.00
  TU168                0.00      0.00      0.00
  TU169               75.00      0.63      1.72
  TU17                -0.00      0.00      0.00
  TU170               75.00      0.34      0.40
  TU171              659.00      0.48      0.24
  TU17201            157.00      2.06     19.63
  TU17202              0.00      0.00      0.00
  TU1011A            157.00      2.06     19.63
  TU173              157.00      1.15      4.69
  TU174               -0.00      0.00      0.00
  TU175              157.00      0.72      1.51
  TU176              403.00      0.40      0.20
  TU177              502.00      0.49      0.30
  TU178              403.00      0.40      0.20
  TU179                0.00      0.00      0.00
  TU18                 0.00      0.00      0.00
  TU180                0.00      0.00      0.00
  TU181                0.00      0.00      0.00
  TU182                0.00      0.00      0.00
  TU183                0.00      0.00      0.00
  TU184                0.00      0.00      0.00
  TU185              305.00      0.67      0.87
  TU186              270.00      0.73      1.13
  TU187              364.00      0.80      1.20
  TU188              893.00      0.64      0.41
  TU189              893.00      0.64      0.41
  TU19                 0.00      0.00      0.00
  TU190               77.00      1.01      5.31
  TU191                0.00      0.00      0.00
  TU192                0.00      0.00      0.00
  TU193                0.00      0.00      0.00
  TU194               -0.00      0.00      0.00
  TU195                0.00      0.00      0.00
  TU196                0.00      0.00      0.00
  TU197               -0.00      0.00      0.00
  TU198                0.00      0.00      0.00
  TU199                0.00      0.00      0.00
  TU2                  0.00      0.00      0.00
  TU20                 0.00      0.00      0.00
  TU200               -0.00      0.00      0.00
  TU201                0.00      0.00      0.00
  TU203               65.00      1.09      7.08
  TU204             1161.00      0.51      0.20
  TU205             1300.00      0.57      0.24
  TU21                77.00      0.65      1.80
  TU22               893.00      0.49      0.22
  TU23               960.00      0.53      0.25
  TU24              1007.00      0.56      0.27
  TU25              1070.00      0.59      0.30
  TU26               417.00      0.41      0.22
  TU27               417.00      0.41      0.22
  TU28               468.00      0.46      0.27
  TU29               519.00      0.51      0.32
  TU3                 61.00      1.03      6.31
  TU30                43.00      0.89      5.46
  TU31               118.00      1.35      8.22
  TU32                 0.00      0.00      0.00
  TU33               118.00      0.54      0.90
  TU34               118.00      0.54      0.90
  TU35                61.00      1.09      7.22
  TU36                61.00      0.70      2.47
  TU37               179.00      0.51      0.60
  TU38               179.00      0.51      0.60
  TU39                -0.00      0.00      0.00
  TU4                380.00      0.54      0.44
  TU40                67.00      0.49      1.00
  TU41               246.00      0.54      0.59
  TU42                94.00      0.65      1.61
  TU43               305.00      0.43      0.30
  TU44               305.00      0.43      0.30
  TU45               374.00      0.53      0.43
  TU46               374.00      0.53      0.43
  TU47                -0.00      0.00      0.00
  TU48                 0.00      0.00      0.00
  TU49                 0.00      0.00      0.00
  TU5                441.00      0.62      0.58
  TU50                 0.00      0.00      0.00
  TU51                 0.00      0.00      0.00
  TU52                 0.00      0.00      0.00
  TU53                 0.00      0.00      0.00
  TU54                 0.00      0.00      0.00
  TU55                 0.00      0.00      0.00
  TU56                 0.00      0.00      0.00
  TU57                 0.00      0.00      0.00
  TU58                 0.00      0.00      0.00
  TU59                 0.00      0.00      0.00
  TU6                305.00      0.43      0.30
  TU60                77.00      1.59     15.82
  TU61                 0.00      0.00      0.00
  TU62               174.00      0.92      2.61
  TU63                 0.00      0.00      0.00
  TU64               174.00      0.92      2.61
  TU65                 0.00      0.00      0.00
  TU66               174.00      0.58      0.83
  TU67               174.00      0.49      0.57
  TU68               174.00      0.49      0.57
  TU69               174.00      0.25      0.11
  TU7                132.00      2.22     26.02
  TU70               234.00      0.33      0.18
  TU71               234.00      0.33      0.18
  TU72               117.00      0.26      0.15
  TU73               117.00      0.26      0.15
  TU74               117.00      0.26      0.15
  TU75               117.00      0.26      0.15
  TU76               117.00      0.26      0.15
  TU77               183.00      0.40      0.34
  TU78                 0.00      0.00      0.00
  TU79                62.00      0.82      3.58
  TU8                 97.00      1.05      5.01
  TU80                 0.00      0.00      0.00
  TU81                62.00      0.52      1.22
  TU82                 0.00      0.00      0.00
  TU83                55.00      0.72      2.88
  TU84                 0.00      0.00      0.00
  TU85                 0.00      0.00      0.00
  TU86                 0.00      0.00      0.00
  TU87                 0.00      0.00      0.00
  TU88                55.00      0.12      0.04
  TU89                54.00      0.96      5.79
  TU9                  0.00      0.00      0.00
  TU90                 0.00      0.00      0.00
  TU91                54.00      0.62      1.98
  TU92               211.00      0.97      2.58
  TU93               211.00      0.60      0.81
  TU94                86.00      0.98      4.61
  TU95               297.00      0.84      1.52
  TU96                 0.00      0.00      0.00
  TU97                59.00      1.05      6.80
  TU98                59.00      0.67      2.32
  TU99               356.00      0.79      1.15
  TU4000               0.00      0.00      0.00
   
  Analysis ended Fri Dec  1 08:57:28 2023
