  Page 1                                    Fri Dec  1 09:09:53 2023

  ******************************************************************
  *                           E P A N E T                          *
  *                   Hydraulic and Water Quality                  *
  *                   Analysis for Pipe Networks                   *
  *                         Version 2.2                            *
  ******************************************************************
  
  Analysis begun Fri Dec  1 09:09:53 2023

   
  Node Results:
  ----------------------------------------------
                     Demand      Head  Pressure
  Node                 m3/h         m         m
  ----------------------------------------------
  3661                 0.00    428.91     50.77
  482                  0.00    428.95     82.95
  661                  0.00    428.63     98.63
  6610                 0.00    427.69      3.16
  6611                 0.00    426.66     91.66
  6612                 0.00    428.37     66.00
  6613                 0.00    427.74     72.74
  6615                 0.00    428.71     89.71
  6616                 0.00    428.76     67.76
  6617                 0.00    428.85     85.85
  6618                 0.00    428.85     80.85
  662                  0.00    428.76    100.76
  6620                 0.00    428.73    120.73
  6621                 0.00    428.73    100.73
  6622                 0.00    428.73     91.73
  6623                 0.00    428.73     77.73
  6624                 0.00    428.73     76.73
  6625                 0.00    428.33    116.33
  6626                 0.00    428.55    107.55
  6627                 0.00    428.26    107.26
  6628                 0.00    428.76     89.76
  6629                 0.00    428.76     88.76
  663                  0.00    428.58     87.58
  6630                 0.00    428.76      3.90
  6632                 0.00    428.76     88.76
  6633                 0.00    428.91     66.27
  6634                 0.00    428.92     57.92
  6635                 0.00    428.95     76.95
  6636                 0.00    428.95     72.95
  6637                 0.00    428.95     61.95
  6639                 0.00    428.12     68.12
  664                  0.00    428.40     80.40
  6640                 0.00    427.91     67.91
  6641                 0.00    428.28     69.60
  6642                 0.00    428.28     72.28
  6643                 0.00    428.44     76.44
  6644                 0.00    428.47     76.47
  6645                 0.00    428.49     78.49
  6646                 0.00    428.40     81.38
  6648                 0.00    428.40     82.39
  6649                 0.00    427.88     88.88
  665                  0.00    428.27     83.27
  666                  0.00    428.76     88.76
  6665                 0.00    428.95     63.81
  6666                 0.00    428.95     61.29
  667                  0.00    428.47     76.47
  668                  0.00    428.63     98.63
  669                  0.00    428.76     83.76
  1                    0.00    428.84     98.84
  10                  76.00    427.94     75.94
  100                  0.00    428.28     73.28
  100B               106.00    427.14     69.14
  101                  0.00    427.74     74.74
  103                  0.00    427.74     88.74
  104                  0.00    427.74     88.74
  105                  0.00    427.74     72.74
  106                  0.00    427.74     72.74
  107                  0.00    428.71     89.71
  108                 58.00    427.88     92.32
  109                  0.00    428.52     91.52
  11B                107.00    428.21     85.21
  110                  0.00    428.85     82.85
  111                  0.00    428.85     90.87
  112                  0.00    428.85     86.85
  113                  0.00    428.85    105.85
  114                  0.00    428.85     80.85
  115                  0.00    428.85     82.85
  116                  0.00    428.85     83.85
  117                  0.00    428.85     85.85
  118                  0.00    428.85     89.85
  119                  0.00    428.85    106.04
  12                   0.00    428.00     97.66
  121                  0.00    428.85     78.85
  122                  0.00    428.85     81.85
  123                  0.00    428.85     82.85
  125                  0.00    428.85     77.85
  126                  0.00    428.85     80.85
  127                  0.00    428.85     85.52
  128                 65.00    428.75     66.75
  129                  0.00    428.70     72.70
  130                  0.00    428.66     87.58
  130B                 0.00    428.69     75.69
  132                 54.00    427.13     94.13
  134                  0.00    428.26    107.26
  135                 61.00    427.62    111.62
  137                  0.00    427.62    118.62
  139                  0.00    428.63     68.63
  14                   0.00    427.74     89.74
  140                  0.00    428.63     77.63
  141                  0.00    428.63     76.63
  142                  0.00    428.63     67.63
  143                  0.00    427.13     86.16
  144                  0.00    428.73     69.73
  146                  0.00    428.64     82.64
  147                  0.00    428.55    107.55
  148                  0.00    428.63     95.63
  149                  0.00    428.33    115.12
  15                   0.00    426.66     91.66
  150                107.00    428.06    119.99
  151                  0.00    428.06    122.82
  152                  0.00    428.06    118.04
  153                  0.00    428.06    118.06
  154                  0.00    428.73    103.73
  157                  0.00    428.73    125.73
  158A                 0.00    428.73    107.73
  158B                 0.00    428.73    107.73
  16B                  0.00    427.74     93.74
  160                  0.00    428.95     61.95
  162                  0.00    428.95     60.95
  163                  0.00    428.95     54.95
  164                  0.00    428.95     69.29
  165                  0.00    428.95     67.65
  166                  0.00    428.95     67.94
  167                  0.00    428.95     58.31
  169                  0.00    428.95     62.45
  17A                259.00    425.92     90.92
  170                  0.00    428.95     69.95
  17B                  0.00    425.75     90.75
  171                  0.00    428.95     76.95
  172                  0.00    428.95     88.95
  18B                205.00    420.68     95.68
  19                   0.00    428.91     70.91
  2                    0.00    428.78    102.78
  20                  87.00    428.91     64.91
  2002                 0.00    428.76     78.76
  2003                 0.00    428.76     78.76
  21                  64.00    428.90     66.17
  22                   0.00    428.90     67.30
  222                  0.00    428.88     78.88
  24                   0.00    428.88     84.88
  25                   0.00    428.87     83.87
  26                   0.00    428.85     80.85
  27                   0.00    428.85     78.85
  28                   0.00    428.83     80.83
  29                   0.00    428.77     72.77
  3                    0.00    428.69     88.34
  30                   0.00    428.76     67.76
  3002                 0.00    428.91     42.91
  3004                 0.00    428.91     42.91
  3005                 0.00    428.91     42.91
  3008                 0.00    428.91     43.91
  3012                 0.00    428.91     58.18
  3013                 0.00    428.91     63.98
  3016                 0.00    428.92     63.92
  3017                 0.00    428.95     46.95
  3018                 0.00    428.95     51.95
  3019                 0.00    428.91     59.52
  3020                 0.00    428.91     60.80
  3024                 0.00    428.91     63.97
  31                   0.00    428.74     70.95
  3152                 0.00    428.91     62.71
  32                   0.00    428.75     70.75
  34                   0.00    428.73     77.71
  35                   0.00    428.73     91.73
  36                   0.00    428.73    100.73
  39                   0.00    428.73    115.73
  41                   0.00    428.73    121.73
  46                   0.00    428.95     52.95
  47                   0.00    428.95     70.77
  48                   0.00    428.95     84.95
  49                   0.00    428.95     76.95
  5                    0.00    428.63     81.63
  52                   0.00    428.95     77.95
  53                   0.00    428.92     72.92
  54                   0.00    428.88     83.88
  55                   0.00    428.79     98.79
  56                  54.00    428.76     94.76
  58                   0.00    428.76     95.76
  59                   0.00    428.76     99.76
  6                    0.00    428.47     76.47
  60                   0.00    428.69     83.69
  61                   0.00    428.69     89.69
  62                 103.00    424.44     70.44
  64                   0.00    428.76     97.76
  65                   0.00    428.76     88.76
  66                   0.00    428.76     89.76
  67                   0.00    428.76     96.76
  68                   0.00    428.76     89.76
  69                   0.00    428.76     77.76
  7                    0.00    428.48     75.48
  70                   0.00    428.76     88.76
  71                   0.00    428.76     91.76
  72                   0.00    428.39     72.39
  73                   0.00    428.43     73.43
  77                   0.00    428.39     72.39
  78                   0.00    428.39     88.25
  79                   0.00    428.48     75.48
  8                    0.00    428.49     78.49
  80                   0.00    428.40     79.40
  81                   0.00    428.40     69.40
  82                   0.00    428.40     70.40
  85                   0.00    428.76     89.76
  86                   0.00    428.76     91.76
  87                   0.00    428.39     68.39
  88                   0.00    428.37     75.37
  89                   0.00    428.32     61.32
  90                   0.00    428.28     72.28
  91                   0.00    428.12     56.12
  92                   0.00    427.69     67.69
  91B                 93.00    427.59     67.59
  94                  76.00    427.27     88.27
  95                   0.00    427.62     84.62
  97                   0.00    427.45     96.45
  99                   0.00    428.32     78.32
  74                   0.00    428.43     69.72
  1074                 0.00    428.43     70.43
  11A                 80.00    427.37     84.37
  1011                 0.00    427.45     84.45
  0                -1655.00    429.00      0.00  Reservoir
   
   
  Link Results:
  ----------------------------------------------
                       Flow  Velocity  Headloss
  Link                 m3/h       m/s    /1000m
  ----------------------------------------------
  TU1                 -0.00      0.00      0.00
  TU10                 0.00      0.00      0.00
  TU100                0.00      0.00      0.00
  TU101                0.00      0.00      0.00
  TU102                0.00      0.00      0.00
  TU103                0.00      0.00      0.00
  TU104                0.00      0.00      0.00
  TU105             1105.00      0.48      0.18
  TU106             1105.00      0.48      0.18
  TU107                0.00      0.00      0.00
  TU108             1105.00      0.48      0.18
  TU109             1105.00      0.48      0.18
  TU11                -0.00      0.00      0.00
  TU110             1105.00      0.48      0.18
  TU111                0.00      0.00      0.00
  TU112               -0.00      0.00      0.00
  TU113               54.00      0.29      0.31
  TU114               54.00      0.29      0.31
  TU115             1159.00      0.41      0.12
  TU116             1159.00      0.41      0.12
  TU117                0.00      0.00      0.00
  TU118                0.00      0.00      0.00
  TU119             1159.00      0.41      0.12
  TU12                 0.00      0.00      0.00
  TU120             1159.00      0.41      0.12
  TU121               -0.00      0.00      0.00
  TU122                0.00      0.00      0.00
  TU123               -0.00      0.00      0.00
  TU124                0.00      0.00      0.00
  TU125               -0.00      0.00      0.00
  TU126               -0.00      0.00      0.00
  TU127               -0.00      0.00      0.00
  TU128                0.00      0.00      0.00
  TU129                0.00      0.00      0.00
  TU13                 0.00      0.00      0.00
  TU130               -0.00      0.00      0.00
  TU131               -0.00      0.00      0.00
  TU132                0.00      0.00      0.00
  TU133               -0.00      0.00      0.00
  TU134               93.00      1.00      4.64
  TU135               -0.00      0.00      0.00
  TU136                0.00      0.00      0.00
  TU137                0.00      0.00      0.00
  TU138                0.00      0.00      0.00
  TU139                0.00      0.00      0.00
  TU14                -0.00      0.00      0.00
  TU140                0.00      0.00      0.00
  TU141              103.00      1.73     16.46
  TU142              103.00      0.28      0.20
  TU143               -0.00      0.00      0.00
  TU144              106.00      1.14      5.89
  TU145               93.00      0.64      1.58
  TU146              199.00      0.87      2.06
  TU147              199.00      0.54      0.65
  TU148                0.00      0.00      0.00
  TU149               -0.00      0.00      0.00
  TU15                -0.00      0.00      0.00
  TU150               -0.00      0.00      0.00
  TU151              199.00      0.28      0.14
  TU152               -0.00      0.00      0.00
  TU15301            199.00      0.28      0.14
  TU15302            199.00      0.28      0.14
  TU1074               0.00      0.00      0.00
  TU154              199.00      0.20      0.06
  TU155               76.00      1.28      9.42
  TU156              275.00      0.27      0.10
  TU157              378.00      0.37      0.18
  TU158                0.00      0.00      0.00
  TU159              378.00      0.37      0.18
  TU16              1655.00      0.30      0.04
  TU160                0.00      0.00      0.00
  TU161              378.00      0.37      0.18
  TU162              727.00      0.52      0.28
  TU163              727.00      0.52      0.28
  TU164              727.00      0.52      0.28
  TU166               -0.00      0.00      0.00
  TU167               -0.00      0.00      0.00
  TU168                0.00      0.00      0.00
  TU169                0.00      0.00      0.00
  TU17                58.00      1.03      6.59
  TU170                0.00      0.00      0.00
  TU171              727.00      0.52      0.28
  TU17201             80.00      1.05      5.69
  TU17202              0.00      0.00      0.00
  TU1011A             80.00      1.05      5.69
  TU173               80.00      0.58      1.37
  TU174               76.00      1.35     10.79
  TU175              156.00      0.71      1.49
  TU176              464.00      0.46      0.26
  TU177              571.00      0.56      0.38
  TU178              464.00      0.46      0.26
  TU179              464.00      1.32      3.44
  TU18                58.00      0.66      2.25
  TU180              464.00      1.32      3.44
  TU181              205.00      1.73     10.79
  TU182              205.00      0.94      2.45
  TU183                0.00      0.00      0.00
  TU184                0.00      0.00      0.00
  TU185               -0.00      0.00      0.00
  TU186               -0.00      0.00      0.00
  TU187               -0.00      0.00      0.00
  TU188              287.00      0.21      0.05
  TU189              287.00      0.21      0.05
  TU19                -0.00      0.00      0.00
  TU190               -0.00      0.00      0.00
  TU191                0.00      0.00      0.00
  TU192                0.00      0.00      0.00
  TU193                0.00      0.00      0.00
  TU194               -0.00      0.00      0.00
  TU195                0.00      0.00      0.00
  TU196                0.00      0.00      0.00
  TU197                0.00      0.00      0.00
  TU198                0.00      0.00      0.00
  TU199                0.00      0.00      0.00
  TU2                  0.00      0.00      0.00
  TU20                58.00      0.42      0.77
  TU200               -0.00      0.00      0.00
  TU201                0.00      0.00      0.00
  TU203                0.00      0.00      0.00
  TU204              496.00      0.22      0.04
  TU205              496.00      0.22      0.04
  TU21                -0.00      0.00      0.00
  TU22               345.00      0.19      0.04
  TU23               345.00      0.19      0.04
  TU24               345.00      0.19      0.04
  TU25               409.00      0.23      0.05
  TU26               287.00      0.28      0.11
  TU27               287.00      0.28      0.11
  TU28               287.00      0.28      0.11
  TU29               287.00      0.28      0.11
  TU3                  0.00      0.00      0.00
  TU30                 0.00      0.00      0.00
  TU31                -0.00      0.00      0.00
  TU32                 0.00      0.00      0.00
  TU33                 0.00      0.00      0.00
  TU34                 0.00      0.00      0.00
  TU35                 0.00      0.00      0.00
  TU36                 0.00      0.00      0.00
  TU37                 0.00      0.00      0.00
  TU38                 0.00      0.00      0.00
  TU39                -0.00      0.00      0.00
  TU4                199.00      0.28      0.14
  TU40                -0.00      0.00      0.00
  TU41                -0.00      0.00      0.00
  TU42                 0.00      0.00      0.00
  TU43                -0.00      0.00      0.00
  TU44                -0.00      0.00      0.00
  TU45                -0.00      0.00      0.00
  TU46                -0.00      0.00      0.00
  TU47                -0.00      0.00      0.00
  TU48                 0.00      0.00      0.00
  TU49                 0.00      0.00      0.00
  TU5                199.00      0.28      0.14
  TU50                 0.00      0.00      0.00
  TU51                 0.00      0.00      0.00
  TU52                 0.00      0.00      0.00
  TU53                 0.00      0.00      0.00
  TU54                 0.00      0.00      0.00
  TU55                 0.00      0.00      0.00
  TU56                 0.00      0.00      0.00
  TU57                 0.00      0.00      0.00
  TU58                 0.00      0.00      0.00
  TU59                 0.00      0.00      0.00
  TU6                 -0.00      0.00      0.00
  TU60                -0.00      0.00      0.00
  TU61                -0.00      0.00      0.00
  TU62               107.00      0.57      1.08
  TU63                 0.00      0.00      0.00
  TU64               107.00      0.57      1.08
  TU65                 0.00      0.00      0.00
  TU66               107.00      0.35      0.34
  TU67               107.00      0.30      0.24
  TU68               107.00      0.30      0.24
  TU69               107.00      0.15      0.04
  TU7                  0.00      0.00      0.00
  TU70               107.00      0.15      0.04
  TU71               107.00      0.15      0.04
  TU72               115.00      0.25      0.15
  TU73               115.00      0.25      0.15
  TU74               115.00      0.25      0.15
  TU75               115.00      0.25      0.15
  TU76               115.00      0.25      0.15
  TU77               180.00      0.40      0.33
  TU78                 0.00      0.00      0.00
  TU79                61.00      0.80      3.47
  TU8                  0.00      0.00      0.00
  TU80                 0.00      0.00      0.00
  TU81                61.00      0.51      1.18
  TU82                 0.00      0.00      0.00
  TU83                54.00      0.71      2.78
  TU84                 0.00      0.00      0.00
  TU85                 0.00      0.00      0.00
  TU86                 0.00      0.00      0.00
  TU87                 0.00      0.00      0.00
  TU88                54.00      0.12      0.04
  TU89                 0.00      0.00      0.00
  TU9                  0.00      0.00      0.00
  TU90                 0.00      0.00      0.00
  TU91                -0.00      0.00      0.00
  TU92                -0.00      0.00      0.00
  TU93                 0.00      0.00      0.00
  TU94                 0.00      0.00      0.00
  TU95                 0.00      0.00      0.00
  TU96                 0.00      0.00      0.00
  TU97                 0.00      0.00      0.00
  TU98                 0.00      0.00      0.00
  TU99                 0.00      0.00      0.00
  TU4000               0.00      0.00      0.00
   
  Analysis ended Fri Dec  1 09:09:53 2023
