  Page 1                                    Fri Dec  1 09:06:46 2023

  ******************************************************************
  *                           E P A N E T                          *
  *                   Hydraulic and Water Quality                  *
  *                   Analysis for Pipe Networks                   *
  *                         Version 2.2                            *
  ******************************************************************
  
  Analysis begun Fri Dec  1 09:06:46 2023

   
  Node Results:
  ----------------------------------------------
                     Demand      Head  Pressure
  Node                 m3/h         m         m
  ----------------------------------------------
  3661                 0.00    428.83     50.69
  482                  0.00    428.71     82.71
  661                  0.00    428.50     98.50
  6610                 0.00    427.80      2.13
  6611                 0.00    426.26     91.26
  6612                 0.00    427.80     65.43
  6613                 0.00    426.46     71.46
  6615                 0.00    428.77     89.77
  6616                 0.00    428.65     67.65
  6617                 0.00    428.06     85.06
  6618                 0.00    428.70     80.70
  662                  0.00    428.39    100.39
  6620                 0.00    428.64    120.64
  6621                 0.00    428.64    100.64
  6622                 0.00    428.64     91.64
  6623                 0.00    428.64     77.64
  6624                 0.00    428.64     76.64
  6625                 0.00    428.40    116.40
  6626                 0.00    428.53    107.53
  6627                 0.00    428.50    107.50
  6628                 0.00    428.03     89.03
  6629                 0.00    428.03     88.03
  663                  0.00    428.11     87.11
  6630                 0.00    428.07      3.21
  6632                 0.00    428.14     88.14
  6633                 0.00    428.76     66.12
  6634                 0.00    428.80     57.80
  6635                 0.00    428.78     76.78
  6636                 0.00    428.78     72.78
  6637                 0.00    428.71     61.71
  6639                 0.00    427.80     67.80
  664                  0.00    427.89     79.89
  6640                 0.00    427.80     67.80
  6641                 0.00    427.80     69.12
  6642                 0.00    427.80     71.80
  6643                 0.00    427.81     75.81
  6644                 0.00    427.85     75.85
  6645                 0.00    427.89     77.89
  6646                 0.00    426.66     79.64
  6648                 0.00    426.84     80.83
  6649                 0.00    427.45     88.45
  665                  0.00    427.77     82.77
  666                  0.00    428.07     88.07
  6665                 0.00    428.39     63.25
  6666                 0.00    428.60     60.94
  667                  0.00    427.85     75.85
  668                  0.00    428.49     98.49
  669                  0.00    428.03     83.03
  1                   80.00    428.58     98.58
  10                  57.00    427.51     75.51
  100                  0.00    427.80     72.80
  100B                 0.00    427.80     69.80
  101                  0.00    426.46     73.46
  103                 52.00    426.74     87.74
  104                  0.00    426.74     87.74
  105                110.00    426.42     71.42
  106                  0.00    426.46     71.46
  107                  0.00    428.77     89.77
  108                  0.00    428.77     93.21
  109                  0.00    428.77     91.77
  11B                  0.00    427.71     84.71
  110                  0.00    428.69     82.69
  111                  0.00    428.62     90.64
  112                  0.00    428.65     86.65
  113                  0.00    428.52    105.52
  114                  0.00    428.32     80.32
  115                  0.00    428.20     82.20
  116                  0.00    428.28     83.28
  117                  0.00    428.06     85.06
  118                 82.00    426.89     87.89
  119                  0.00    426.89    104.08
  12                   0.00    427.43     97.09
  121                 63.00    428.37     78.37
  122                  0.00    428.28     81.28
  123                  0.00    428.28     82.28
  125                  0.00    428.36     77.36
  126                 68.00    428.24     80.24
  127                  0.00    428.24     84.91
  128                  0.00    428.65     66.65
  129                  0.00    428.58     72.58
  130                  0.00    428.53     87.45
  130B                 0.00    428.56     75.56
  132                  0.00    426.50     93.50
  134                  0.00    428.50    107.50
  135                  0.00    428.50    112.50
  137                  0.00    428.50    119.50
  139                 67.00    428.05     68.05
  14                   0.00    427.03     89.03
  140                  0.00    428.29     77.29
  141                  0.00    428.27     76.27
  142                  0.00    428.05     67.05
  143                 63.00    423.57     82.60
  144                  0.00    428.62     69.62
  146                  0.00    428.58     82.58
  147                  0.00    428.53    107.53
  148                  0.00    428.58     95.58
  149                  0.00    428.40    115.19
  15                 197.00    425.74     90.74
  150                  0.00    428.25    120.18
  151                  0.00    427.93    122.69
  152                 79.00    425.44    115.42
  153                  0.00    426.28    116.28
  154                  0.00    428.64    103.64
  157                  0.00    428.64    125.64
  158A                 0.00    428.64    107.64
  158B                 0.00    428.64    107.64
  16B                  0.00    427.06     93.06
  160                 64.00    428.69     61.69
  162                 64.00    428.63     60.63
  163                  0.00    428.60     54.60
  164                  0.00    428.52     68.86
  165                 66.00    428.39     67.09
  166                  0.00    428.40     67.39
  167                  0.00    428.39     57.75
  169                 61.00    428.38     61.88
  17A                197.00    426.11     91.11
  170                  0.00    428.75     69.75
  17B                  0.00    426.11     91.11
  171                  0.00    428.78     76.78
  172                  0.00    428.78     88.78
  18B                  0.00    426.11    101.11
  19                   0.00    428.76     70.76
  2                    0.00    428.43    102.43
  20                   0.00    428.83     64.83
  2002                 0.00    428.03     78.03
  2003                 0.00    428.03     78.03
  21                  62.00    428.82     66.09
  22                   0.00    428.81     67.21
  222                  0.00    428.79     78.79
  24                   0.00    428.77     84.77
  25                   0.00    428.75     83.75
  26                   0.00    428.70     80.70
  27                   0.00    428.72     78.72
  28                   0.00    428.71     80.71
  29                  42.00    428.66     72.66
  3                    0.00    428.27     87.92
  30                   0.00    428.65     67.65
  3002                 0.00    428.83     42.83
  3004                 0.00    428.83     42.83
  3005                 0.00    428.83     42.83
  3008                 0.00    428.83     43.83
  3012                 0.00    428.83     58.10
  3013                 0.00    428.83     63.90
  3016                 0.00    428.84     63.84
  3017                 0.00    428.88     46.88
  3018                 0.00    428.82     51.82
  3019                 0.00    428.83     59.44
  3020                 0.00    428.83     60.72
  3024                 0.00    428.83     63.89
  31                   0.00    428.64     70.85
  3152                 0.00    428.83     62.63
  32                   0.00    428.65     70.65
  34                   0.00    428.64     77.62
  35                   0.00    428.64     91.64
  36                   0.00    428.64    100.64
  39                   0.00    428.64    115.64
  41                   0.00    428.64    121.64
  46                   0.00    428.82     52.82
  47                   0.00    428.48     70.30
  48                   0.00    428.71     84.71
  49                   0.00    428.71     76.71
  5                    0.00    428.18     81.18
  52                   0.00    428.71     77.71
  53                   0.00    428.80     72.80
  54                   0.00    428.70     83.70
  55                   0.00    428.58     98.58
  56                   0.00    428.58     94.58
  58                   0.00    428.58     95.58
  59                   0.00    428.58     99.58
  6                   61.00    427.64     75.64
  60                   0.00    425.70     80.70
  61                  84.00    424.46     85.46
  62                 107.00    423.33     69.33
  64                  64.00    428.27     97.27
  65                  72.00    427.88     87.88
  66                  84.00    428.14     89.14
  67                 106.00    428.08     96.08
  68                   0.00    428.07     89.07
  69                   0.00    428.07     77.07
  7                    0.00    427.99     74.99
  70                   0.00    428.03     88.03
  71                  66.00    426.93     89.93
  72                 103.00    427.57     71.57
  73                 179.00    427.80     72.80
  77                   0.00    427.57     71.57
  78                   0.00    427.57     87.43
  79                   0.00    427.99     74.99
  8                    0.00    427.89     77.89
  80                   0.00    427.86     78.86
  81                   0.00    426.84     67.84
  82                 101.00    426.18     68.18
  85                   0.00    428.03     89.03
  86                   0.00    428.03     91.03
  87                   0.00    427.80     67.80
  88                   0.00    427.80     74.80
  89                   0.00    427.80     60.80
  90                   0.00    427.80     71.80
  91                   0.00    427.80     55.80
  92                   0.00    427.80     67.80
  91B                  0.00    427.80     67.80
  94                   0.00    427.45     88.45
  95                   0.00    426.75     83.75
  97                   0.00    426.28     95.28
  99                   0.00    427.80     77.80
  74                  82.00    425.33     66.62
  1074                 0.00    427.80     69.80
  11A                139.00    426.06     83.06
  1011                 0.00    426.28     83.28
  0                -2722.00    429.00      0.00  Reservoir
   
   
  Link Results:
  ----------------------------------------------
                       Flow  Velocity  Headloss
  Link                 m3/h       m/s    /1000m
  ----------------------------------------------
  TU1                 -0.00      0.00      0.00
  TU10               110.00      1.19      6.30
  TU100              172.00      0.38      0.31
  TU101              256.00      0.36      0.22
  TU102               72.00      1.28      9.78
  TU103              328.00      0.46      0.34
  TU104              392.00      0.55      0.47
  TU105             1385.00      0.60      0.27
  TU106             1385.00      0.60      0.27
  TU107                0.00      0.00      0.00
  TU108             1469.00      0.64      0.30
  TU109             1861.00      0.81      0.47
  TU11               110.00      0.50      0.79
  TU110             1861.00      0.81      0.47
  TU111                0.00      0.00      0.00
  TU112               -0.00      0.00      0.00
  TU113                0.00      0.00      0.00
  TU114                0.00      0.00      0.00
  TU115             1941.00      0.69      0.30
  TU116             1941.00      0.69      0.30
  TU117               -0.00      0.00      0.00
  TU118                0.00      0.00      0.00
  TU119             1941.00      0.69      0.30
  TU12                 0.00      0.00      0.00
  TU120             1941.00      0.69      0.30
  TU121                0.00      0.00      0.00
  TU122                0.00      0.00      0.00
  TU123               -0.00      0.00      0.00
  TU124                0.00      0.00      0.00
  TU125               -0.00      0.00      0.00
  TU126               -0.00      0.00      0.00
  TU127               -0.00      0.00      0.00
  TU128                0.00      0.00      0.00
  TU129                0.00      0.00      0.00
  TU13                52.00      0.38      0.63
  TU130               66.00      0.29      0.28
  TU131               66.00      0.29      0.28
  TU132               61.00      0.27      0.24
  TU133              127.00      0.55      0.91
  TU134               -0.00      0.00      0.00
  TU135              191.00      0.42      0.37
  TU136              255.00      0.56      0.63
  TU137              255.00      0.36      0.21
  TU138              255.00      0.36      0.21
  TU139              255.00      0.25      0.09
  TU14               162.00      0.36      0.28
  TU140              255.00      0.25      0.09
  TU141              107.00      1.80     17.66
  TU142              210.00      0.57      0.71
  TU143               -0.00      0.00      0.00
  TU144               -0.00      0.00      0.00
  TU145               -0.00      0.00      0.00
  TU146               -0.00      0.00      0.00
  TU147               -0.00      0.00      0.00
  TU148                0.00      0.00      0.00
  TU149               -0.00      0.00      0.00
  TU15                -0.00      0.00      0.00
  TU150               -0.00      0.00      0.00
  TU151               -0.00      0.00      0.00
  TU152               -0.00      0.00      0.00
  TU15301             82.00      0.12      0.03
  TU15302              0.00      0.00      0.00
  TU1074              82.00      1.08      5.95
  TU154              261.00      0.26      0.09
  TU155               57.00      0.96      5.57
  TU156              318.00      0.31      0.13
  TU157              528.00      0.52      0.33
  TU158               61.00      1.09      7.22
  TU159              589.00      0.58      0.41
  TU16              2722.00      0.49      0.11
  TU160                0.00      0.00      0.00
  TU161              589.00      0.58      0.41
  TU162              796.00      0.57      0.33
  TU163              796.00      0.57      0.33
  TU164              796.00      0.57      0.33
  TU166               -0.00      0.00      0.00
  TU167              101.00      1.33      8.71
  TU168              101.00      1.33      8.71
  TU169              101.00      0.85      2.95
  TU17                -0.00      0.00      0.00
  TU170              101.00      0.46      0.68
  TU171              695.00      0.50      0.26
  TU17201            139.00      1.83     15.67
  TU17202              0.00      0.00      0.00
  TU1011A            139.00      1.83     15.67
  TU173              139.00      1.02      3.75
  TU174               -0.00      0.00      0.00
  TU175              139.00      0.64      1.21
  TU176              556.00      0.55      0.36
  TU177              556.00      0.55      0.36
  TU178              556.00      0.55      0.36
  TU179              394.00      1.12      2.54
  TU18                 0.00      0.00      0.00
  TU180              197.00      0.56      0.72
  TU181                0.00      0.00      0.00
  TU182                0.00      0.00      0.00
  TU183               84.00      0.96      4.41
  TU184                0.00      0.00      0.00
  TU185              213.00      0.47      0.45
  TU186              127.00      0.34      0.29
  TU187              127.00      0.28      0.18
  TU188              464.00      0.33      0.12
  TU189              464.00      0.33      0.12
  TU19                 0.00      0.00      0.00
  TU190               79.00      1.04      5.56
  TU191               84.00      1.49     12.97
  TU192                0.00      0.00      0.00
  TU193               -0.00      0.00      0.00
  TU194               -0.00      0.00      0.00
  TU195                0.00      0.00      0.00
  TU196                0.00      0.00      0.00
  TU197               -0.00      0.00      0.00
  TU198                0.00      0.00      0.00
  TU199                0.00      0.00      0.00
  TU2                197.00      2.25     21.15
  TU20                 0.00      0.00      0.00
  TU200               -0.00      0.00      0.00
  TU201                0.00      0.00      0.00
  TU203                0.00      0.00      0.00
  TU204              526.00      0.23      0.05
  TU205              526.00      0.23      0.05
  TU21                79.00      0.66      1.89
  TU22               464.00      0.26      0.07
  TU23               464.00      0.26      0.07
  TU24               464.00      0.26      0.07
  TU25               526.00      0.29      0.08
  TU26               209.00      0.21      0.06
  TU27               209.00      0.21      0.06
  TU28               251.00      0.25      0.09
  TU29               251.00      0.25      0.09
  TU3                  0.00      0.00      0.00
  TU30                 0.00      0.00      0.00
  TU31                82.00      0.94      4.23
  TU32                 0.00      0.00      0.00
  TU33                82.00      0.38      0.46
  TU34                82.00      0.38      0.46
  TU35                 0.00      0.00      0.00
  TU36                 0.00      0.00      0.00
  TU37                82.00      0.23      0.15
  TU38                82.00      0.23      0.15
  TU39                -0.00      0.00      0.00
  TU4                 -0.00      0.00      0.00
  TU40                68.00      0.50      1.02
  TU41               150.00      0.33      0.24
  TU42                 0.00      0.00      0.00
  TU43               213.00      0.30      0.15
  TU44               213.00      0.30      0.15
  TU45               213.00      0.30      0.15
  TU46               213.00      0.30      0.15
  TU47                -0.00      0.00      0.00
  TU48                 0.00      0.00      0.00
  TU49                 0.00      0.00      0.00
  TU5                  0.00      0.00      0.00
  TU50                 0.00      0.00      0.00
  TU51                 0.00      0.00      0.00
  TU52                 0.00      0.00      0.00
  TU53                 0.00      0.00      0.00
  TU54                 0.00      0.00      0.00
  TU55                 0.00      0.00      0.00
  TU56                 0.00      0.00      0.00
  TU57                 0.00      0.00      0.00
  TU58                 0.00      0.00      0.00
  TU59                 0.00      0.00      0.00
  TU6                213.00      0.30      0.15
  TU60                79.00      1.63     16.58
  TU61                 0.00      0.00      0.00
  TU62                79.00      0.42      0.62
  TU63                 0.00      0.00      0.00
  TU64                79.00      0.42      0.62
  TU65                 0.00      0.00      0.00
  TU66                79.00      0.26      0.20
  TU67                79.00      0.22      0.14
  TU68                79.00      0.22      0.14
  TU69                79.00      0.11      0.03
  TU7                  0.00      0.00      0.00
  TU70                79.00      0.11      0.03
  TU71                79.00      0.11      0.03
  TU72               130.00      0.29      0.19
  TU73               130.00      0.29      0.18
  TU74               130.00      0.29      0.19
  TU75               130.00      0.29      0.18
  TU76               130.00      0.29      0.19
  TU77               130.00      0.29      0.19
  TU78                 0.00      0.00      0.00
  TU79                 0.00      0.00      0.00
  TU8                  0.00      0.00      0.00
  TU80                 0.00      0.00      0.00
  TU81                 0.00      0.00      0.00
  TU82                63.00      1.12      7.66
  TU83                63.00      0.83      3.68
  TU84                 0.00      0.00      0.00
  TU85                67.00      0.49      1.00
  TU86                67.00      0.31      0.32
  TU87                67.00      0.36      0.46
  TU88               130.00      0.29      0.18
  TU89                 0.00      0.00      0.00
  TU9                  0.00      0.00      0.00
  TU90                 0.00      0.00      0.00
  TU91                -0.00      0.00      0.00
  TU92                -0.00      0.00      0.00
  TU93                 0.00      0.00      0.00
  TU94                66.00      0.75      2.85
  TU95                66.00      0.19      0.10
  TU96                 0.00      0.00      0.00
  TU97                 0.00      0.00      0.00
  TU98                 0.00      0.00      0.00
  TU99                66.00      0.15      0.05
  TU4000               0.00      0.00      0.00
   
  Analysis ended Fri Dec  1 09:06:46 2023
