  Page 1                                    Fri Dec  1 09:03:26 2023

  ******************************************************************
  *                           E P A N E T                          *
  *                   Hydraulic and Water Quality                  *
  *                   Analysis for Pipe Networks                   *
  *                         Version 2.2                            *
  ******************************************************************
  
  Analysis begun Fri Dec  1 09:03:26 2023

   
  Node Results:
  ----------------------------------------------
                     Demand      Head  Pressure
  Node                 m3/h         m         m
  ----------------------------------------------
  3661                 0.00    428.60     50.46
  482                  0.00    427.63     81.63
  661                  0.00    427.16     97.16
  6610                 0.00    427.63      2.27
  6611                 0.00    428.04     93.04
  6612                 0.00    428.06     65.69
  6613                 0.00    426.39     71.39
  6615                 0.00    428.14     89.14
  6616                 0.00    427.45     66.45
  6617                 0.00    427.59     84.59
  6618                 0.00    428.05     80.05
  662                  0.00    428.48    100.48
  6620                 0.00    425.78    117.78
  6621                 0.00    426.62     98.62
  6622                 0.00    426.81     89.81
  6623                 0.00    427.00     76.00
  6624                 0.00    427.08     75.08
  6625                 0.00    426.47    114.47
  6626                 0.00    426.61    105.61
  6627                 0.00    427.16    106.16
  6628                 0.00    425.53     86.53
  6629                 0.00    427.46     87.46
  663                  0.00    428.33     87.33
  6630                 0.00    427.48      2.62
  6632                 0.00    428.15     88.15
  6633                 0.00    428.72     66.08
  6634                 0.00    428.75     57.75
  6635                 0.00    428.62     76.62
  6636                 0.00    428.62     72.62
  6637                 0.00    428.54     61.54
  6639                 0.00    427.94     67.94
  664                  0.00    428.21     80.21
  6640                 0.00    427.87     67.87
  6641                 0.00    427.98     69.30
  6642                 0.00    427.98     71.98
  6643                 0.00    428.22     76.22
  6644                 0.00    428.26     76.26
  6645                 0.00    428.27     78.27
  6646                 0.00    427.56     80.54
  6648                 0.00    427.56     81.55
  6649                 0.00    427.58     88.58
  665                  0.00    428.15     83.15
  666                  0.00    427.86     87.86
  6665                 0.00    428.54     63.40
  6666                 0.00    428.54     60.88
  667                  0.00    428.25     76.25
  668                  0.00    427.16     97.16
  669                  0.00    427.30     82.30
  1                   93.00    428.60     98.60
  10                   0.00    428.22     76.22
  100                  0.00    427.98     72.98
  100B                 0.00    427.87     69.87
  101                118.00    425.98     72.98
  103                  0.00    428.01     89.01
  104                  0.00    428.01     89.01
  105                 76.00    426.37     71.37
  106                  0.00    426.39     71.39
  107                  0.00    428.14     89.14
  108                 60.00    427.26     91.70
  109                  0.00    427.94     90.94
  11B                 62.00    428.14     85.14
  110                  0.00    428.02     82.02
  111                 56.00    427.92     89.94
  112                  0.00    427.97     85.97
  113                  0.00    427.82    104.82
  114                 41.00    427.61     79.61
  115                  0.00    427.59     81.59
  116                  0.00    427.59     82.59
  117                  0.00    427.59     84.59
  118                  0.00    427.59     88.59
  119                  0.00    427.59    104.78
  12                   0.00    428.10     97.76
  121                 52.00    427.67     77.67
  122                 56.00    424.79     77.79
  123                  0.00    427.19     81.19
  125                  0.00    427.67     76.67
  126                 61.00    427.57     79.57
  127                  0.00    427.57     84.24
  128                 60.00    427.43     65.43
  129                  0.00    427.24     71.24
  130                135.00    427.16     86.08
  130B                65.00    427.19     74.19
  132                  0.00    427.16     94.16
  134                  0.00    427.16    106.16
  135                  0.00    427.16    111.16
  137                  0.00    427.16    118.16
  139                  0.00    427.16     67.16
  14                   0.00    428.01     90.01
  140                  0.00    427.16     76.16
  141                  0.00    427.16     75.16
  142                  0.00    427.16     66.16
  143                  0.00    427.16     86.19
  144                 77.00    427.32     68.32
  146                  0.00    426.79     80.79
  147                 61.00    426.34    105.34
  148                 63.00    426.74     93.74
  149                  0.00    426.47    113.26
  15                   0.00    428.04     93.04
  150                 84.00    426.29    118.22
  151                  0.00    426.29    121.05
  152                  0.00    426.29    116.27
  153                  0.00    426.29    116.29
  154                  0.00    426.53    101.53
  157                  0.00    425.78    122.78
  158A                75.00    413.83     92.83
  158B                75.00    413.81     92.81
  16B                  0.00    428.04     94.04
  160                 61.00    428.54     61.54
  162                  0.00    428.54     60.54
  163                  0.00    428.54     54.54
  164                  0.00    428.54     68.88
  165                  0.00    428.54     67.24
  166                  0.00    428.54     67.53
  167                  0.00    428.54     57.90
  169                  0.00    428.54     62.04
  17A                  0.00    428.04     93.04
  170                101.00    428.57     69.57
  17B                  0.00    428.04     93.04
  171                  0.00    428.62     76.62
  172                  0.00    428.62     88.62
  18B                  0.00    428.04    103.04
  19                   0.00    428.72     70.72
  2                    0.00    428.50    102.50
  20                  82.00    428.60     64.60
  2002                 0.00    427.30     77.30
  2003                 0.00    427.30     77.30
  21                   0.00    428.53     65.80
  22                   0.00    428.53     66.93
  222                  0.00    428.40     78.40
  24                   0.00    428.32     84.32
  25                   0.00    428.20     83.20
  26                   0.00    428.05     80.05
  27                   0.00    428.08     78.08
  28                   0.00    427.93     79.93
  29                  56.00    427.51     71.51
  3                   67.00    428.41     88.06
  30                   0.00    427.47     66.47
  3002                 0.00    428.60     42.60
  3004                 0.00    428.60     42.60
  3005                 0.00    428.60     42.60
  3008                 0.00    428.60     43.60
  3012                 0.00    428.60     57.87
  3013                 0.00    428.60     63.67
  3016                 0.00    428.65     63.65
  3017               137.00    428.81     46.81
  3018                74.00    428.40     51.40
  3019                 0.00    428.60     59.21
  3020                 0.00    428.60     60.49
  3024                 0.00    428.60     63.66
  31                   0.00    427.21     69.42
  3152                 0.00    428.60     62.40
  32                   0.00    427.32     69.32
  34                  72.00    426.83     75.81
  35                   0.00    426.81     89.81
  36                   0.00    426.62     98.62
  39                   0.00    426.25    113.25
  41                   0.00    425.51    118.51
  46                   0.00    428.67     52.67
  47                   0.00    428.54     70.36
  48                   0.00    427.24     83.24
  49                  89.00    424.32     72.32
  5                    0.00    428.37     81.37
  52                  73.00    424.29     73.29
  53                 120.00    426.49     70.49
  54                   0.00    428.68     83.68
  55                   0.00    428.60     98.60
  56                   0.00    428.60     94.60
  58                   0.00    428.60     95.60
  59                   0.00    428.60     99.60
  6                    0.00    428.26     76.26
  60                   0.00    428.41     83.41
  61                   0.00    428.41     89.41
  62                   0.00    428.25     74.25
  64                  77.00    428.31     97.31
  65                   0.00    428.15     88.15
  66                  79.00    428.15     89.15
  67                   0.00    427.98     95.98
  68                   0.00    427.48     88.48
  69                  58.00    426.71     75.71
  7                   59.00    428.25     75.25
  70                 109.00    426.70     86.70
  71                  78.00    425.96     88.96
  72                   0.00    428.25     72.25
  73                   0.00    428.21     73.21
  77                   0.00    428.25     72.25
  78                   0.00    428.25     88.11
  79                  59.00    428.25     75.25
  8                    0.00    428.27     78.27
  80                   0.00    428.19     79.19
  81                  77.00    425.47     66.47
  82                   0.00    427.56     69.56
  85                  56.00    425.29     86.29
  86                   0.00    425.53     88.53
  87                   0.00    428.11     68.11
  88                  57.00    423.70     70.70
  89                   0.00    427.99     60.99
  90                   0.00    427.98     71.98
  91                   0.00    427.94     55.94
  92                   0.00    427.63     67.63
  91B                100.00    427.51     67.51
  94                  40.00    427.39     88.39
  95                   0.00    426.74     83.74
  97                   0.00    426.18     95.18
  99                 150.00    425.20     75.20
  74                   0.00    428.20     69.49
  1074                 0.00    428.20     70.20
  11A                153.00    425.92     82.92
  1011                 0.00    426.18     83.18
  0                -3454.00    429.00      0.00  Reservoir
   
   
  Link Results:
  ----------------------------------------------
                       Flow  Velocity  Headloss
  Link                 m3/h       m/s    /1000m
  ----------------------------------------------
  TU1                 -0.00      0.00      0.00
  TU10                76.00      0.82      3.21
  TU100              301.00      0.67      0.85
  TU101              380.00      0.54      0.44
  TU102                0.00      0.00      0.00
  TU103              380.00      0.54      0.44
  TU104              457.00      0.65      0.62
  TU105              951.00      0.42      0.14
  TU106              951.00      0.42      0.14
  TU107                0.00      0.00      0.00
  TU108             1018.00      0.44      0.15
  TU109             1475.00      0.64      0.30
  TU11               194.00      0.89      2.22
  TU110             1475.00      0.64      0.31
  TU111                0.00      0.00      0.00
  TU112               -0.00      0.00      0.00
  TU113                0.00      0.00      0.00
  TU114                0.00      0.00      0.00
  TU115             1568.00      0.55      0.20
  TU116             1568.00      0.55      0.20
  TU117              120.00      1.30      7.40
  TU118                0.00      0.00      0.00
  TU119             1568.00      0.55      0.20
  TU12                 0.00      0.00      0.00
  TU120             1688.00      0.60      0.23
  TU121                0.00      0.00      0.00
  TU122                0.00      0.00      0.00
  TU123               -0.00      0.00      0.00
  TU124               73.00      0.83      3.42
  TU125              162.00      1.18      4.96
  TU126              162.00      0.74      1.59
  TU127              162.00      0.74      1.59
  TU128                0.00      0.00      0.00
  TU129                0.00      0.00      0.00
  TU13                 0.00      0.00      0.00
  TU130                0.00      0.00      0.00
  TU131               -0.00      0.00      0.00
  TU132                0.00      0.00      0.00
  TU133               -0.00      0.00      0.00
  TU134              100.00      1.08      5.30
  TU135               -0.00      0.00      0.00
  TU136               61.00      0.13      0.05
  TU137              223.00      0.32      0.17
  TU138              324.00      0.46      0.33
  TU139              324.00      0.32      0.14
  TU14               194.00      0.43      0.38
  TU140              398.00      0.39      0.20
  TU141                0.00      0.00      0.00
  TU142                0.00      0.00      0.00
  TU143               -0.00      0.00      0.00
  TU144               -0.00      0.00      0.00
  TU145              100.00      0.69      1.81
  TU146              100.00      0.44      0.59
  TU147              100.00      0.27      0.19
  TU148               -0.00      0.00      0.00
  TU149               -0.00      0.00      0.00
  TU15                -0.00      0.00      0.00
  TU150               -0.00      0.00      0.00
  TU151              100.00      0.14      0.04
  TU152              150.00      1.71     12.78
  TU15301            307.00      0.43      0.30
  TU15302            307.00      0.43      0.30
  TU1074               0.00      0.00      0.00
  TU154              307.00      0.30      0.12
  TU155               -0.00      0.00      0.00
  TU156              307.00      0.30      0.12
  TU157              307.00      0.30      0.12
  TU158                0.00      0.00      0.00
  TU159              307.00      0.30      0.12
  TU16              3454.00      0.62      0.17
  TU160                0.00      0.00      0.00
  TU161              307.00      0.30      0.12
  TU162              644.00      0.46      0.23
  TU163              526.00      0.38      0.16
  TU164              585.00      0.42      0.19
  TU166               77.00      1.59     15.82
  TU167               -0.00      0.00      0.00
  TU168                0.00      0.00      0.00
  TU169               77.00      0.65      1.80
  TU17                60.00      1.07      7.01
  TU170               77.00      0.35      0.41
  TU171              449.00      0.32      0.12
  TU17201            153.00      2.01     18.71
  TU17202              0.00      0.00      0.00
  TU1011A            153.00      2.01     18.72
  TU173              153.00      1.12      4.47
  TU174               40.00      0.71      3.36
  TU175              193.00      0.88      2.19
  TU176              194.00      0.19      0.05
  TU177              256.00      0.25      0.09
  TU178              194.00      0.19      0.05
  TU179                0.00      0.00      0.00
  TU18                60.00      0.69      2.40
  TU180                0.00      0.00      0.00
  TU181                0.00      0.00      0.00
  TU182                0.00      0.00      0.00
  TU183                0.00      0.00      0.00
  TU184                0.00      0.00      0.00
  TU185              210.00      0.46      0.44
  TU186               -0.00      0.00      0.00
  TU187               -0.00      0.00      0.00
  TU188             1089.00      0.79      0.59
  TU189             1089.00      0.79      0.59
  TU19                 0.00      0.00      0.00
  TU190               -0.00      0.00      0.00
  TU191                0.00      0.00      0.00
  TU192                0.00      0.00      0.00
  TU193                0.00      0.00      0.00
  TU194               -0.00      0.00      0.00
  TU195                0.00      0.00      0.00
  TU196                0.00      0.00      0.00
  TU197               -0.00      0.00      0.00
  TU198                0.00      0.00      0.00
  TU199                0.00      0.00      0.00
  TU2                  0.00      0.00      0.00
  TU20                60.00      0.44      0.82
  TU200               -0.00      0.00      0.00
  TU201                0.00      0.00      0.00
  TU203               74.00      1.24      8.97
  TU204             1231.00      0.54      0.22
  TU205             1231.00      0.54      0.22
  TU21                -0.00      0.00      0.00
  TU22              1149.00      0.63      0.34
  TU23              1149.00      0.63      0.34
  TU24              1149.00      0.63      0.34
  TU25              1149.00      0.63      0.34
  TU26               767.00      0.75      0.66
  TU27               767.00      0.75      0.66
  TU28               823.00      0.81      0.75
  TU29               823.00      0.81      0.75
  TU3                 57.00      0.96      5.57
  TU30                 0.00      0.00      0.00
  TU31                -0.00      0.00      0.00
  TU32                 0.00      0.00      0.00
  TU33                 0.00      0.00      0.00
  TU34                 0.00      0.00      0.00
  TU35                56.00      1.00      6.18
  TU36                56.00      0.64      2.11
  TU37                56.00      0.16      0.07
  TU38                97.00      0.28      0.20
  TU39                -0.00      0.00      0.00
  TU4                250.00      0.35      0.21
  TU40                61.00      0.45      0.84
  TU41               158.00      0.35      0.26
  TU42                 0.00      0.00      0.00
  TU43               266.00      0.38      0.23
  TU44               266.00      0.38      0.23
  TU45               266.00      0.38      0.23
  TU46               266.00      0.38      0.23
  TU47                -0.00      0.00      0.00
  TU48               150.00      1.97     18.04
  TU49               150.00      1.26      6.07
  TU5                307.00      0.43      0.30
  TU50                 0.00      0.00      0.00
  TU51               150.00      0.80      1.99
  TU52               150.00      0.50      0.63
  TU53               150.00      0.50      0.63
  TU54                 0.00      0.00      0.00
  TU55               150.00      0.50      0.63
  TU56                 0.00      0.00      0.00
  TU57               150.00      0.43      0.44
  TU58                72.00      1.28      9.78
  TU59               222.00      0.63      0.89
  TU6                210.00      0.30      0.15
  TU60                 0.00      0.00      0.00
  TU61                 0.00      0.00      0.00
  TU62                84.00      0.45      0.70
  TU63                 0.00      0.00      0.00
  TU64                84.00      0.45      0.70
  TU65                61.00      1.26     10.33
  TU66               145.00      0.48      0.59
  TU67               208.00      0.59      0.79
  TU68               208.00      0.59      0.79
  TU69               430.00      0.61      0.55
  TU7                  0.00      0.00      0.00
  TU70               430.00      0.61      0.55
  TU71               430.00      0.61      0.55
  TU72                 0.00      0.00      0.00
  TU73               135.00      0.30      0.20
  TU74               200.00      0.44      0.40
  TU75               200.00      0.44      0.40
  TU76               277.00      0.61      0.73
  TU77               337.00      0.74      1.04
  TU78                 0.00      0.00      0.00
  TU79                 0.00      0.00      0.00
  TU8                118.00      1.27      7.17
  TU80                 0.00      0.00      0.00
  TU81                 0.00      0.00      0.00
  TU82                 0.00      0.00      0.00
  TU83                 0.00      0.00      0.00
  TU84                 0.00      0.00      0.00
  TU85                 0.00      0.00      0.00
  TU86                 0.00      0.00      0.00
  TU87                 0.00      0.00      0.00
  TU88                 0.00      0.00      0.00
  TU89                56.00      1.00      6.18
  TU9                  0.00      0.00      0.00
  TU90                 0.00      0.00      0.00
  TU91                56.00      0.64      2.11
  TU92               165.00      0.76      1.65
  TU93               165.00      0.47      0.52
  TU94                78.00      0.89      3.86
  TU95               243.00      0.69      1.05
  TU96                 0.00      0.00      0.00
  TU97                58.00      1.03      6.59
  TU98                58.00      0.66      2.25
  TU99               301.00      0.67      0.85
  TU4000              75.00      0.99      5.06
   
  Analysis ended Fri Dec  1 09:03:26 2023
