  Page 1                                    Fri Dec  1 08:56:36 2023

  ******************************************************************
  *                           E P A N E T                          *
  *                   Hydraulic and Water Quality                  *
  *                   Analysis for Pipe Networks                   *
  *                         Version 2.2                            *
  ******************************************************************
  
  Analysis begun Fri Dec  1 08:56:36 2023

   
  Node Results:
  ----------------------------------------------
                     Demand      Head  Pressure
  Node                 m3/h         m         m
  ----------------------------------------------
  3661                 0.00    428.38     50.24
  482                  0.00    427.92     81.92
  661                  0.00    427.10     97.10
  6610                 0.00    424.64      2.12
  6611                 0.00    424.38     89.38
  6612                 0.00    425.63     63.26
  6613                 0.00    423.28     68.28
  6615                 0.00    427.29     88.29
  6616                 0.00    427.53     66.53
  6617                 0.00    427.04     84.04
  6618                 0.00    427.87     79.87
  662                  0.00    427.54     99.54
  6620                 0.00    427.44    119.44
  6621                 0.00    427.44     99.44
  6622                 0.00    427.44     90.44
  6623                 0.00    427.44     76.44
  6624                 0.00    427.45     75.45
  6625                 0.00    427.16    115.16
  6626                 0.00    427.26    106.26
  6627                 0.00    426.79    105.79
  6628                 0.00    424.47     85.47
  6629                 0.00    426.40     86.40
  663                  0.00    426.88     85.88
  6630                 0.00    426.78      1.92
  6632                 0.00    427.07     87.07
  6633                 0.00    428.34     65.70
  6634                 0.00    428.43     57.43
  6635                 0.00    428.24     76.24
  6636                 0.00    428.24     72.24
  6637                 0.00    428.15     61.15
  6639                 0.00    425.16     65.16
  664                  0.00    426.40     78.40
  6640                 0.00    424.97     64.97
  6641                 0.00    425.44     66.76
  6642                 0.00    425.44     69.44
  6643                 0.00    426.04     74.04
  6644                 0.00    426.26     74.26
  6645                 0.00    426.35     76.35
  6646                 0.00    422.21     75.19
  6648                 0.00    422.48     76.47
  6649                 0.00    425.81     86.81
  665                  0.00    426.20     81.20
  666                  0.00    426.78     86.78
  6665                 0.00    427.93     62.79
  6666                 0.00    428.02     60.36
  667                  0.00    426.24     74.24
  668                  0.00    427.10     97.10
  669                  0.00    426.23     81.23
  1                   73.00    427.94     97.94
  10                   0.00    426.04     74.04
  100                  0.00    425.44     70.44
  100B                69.00    424.62     66.62
  101                136.00    422.75     69.75
  103                  0.00    424.91     85.91
  104                  0.00    424.91     85.91
  105                  0.00    423.28     68.28
  106                 59.00    423.19     68.19
  107                 72.00    427.03     88.03
  108                 66.00    426.25     90.69
  109                  0.00    427.06     90.06
  11B                  0.00    426.10     83.10
  110                 68.00    427.83     81.83
  111                 54.00    427.72     89.74
  112                  0.00    427.78     85.78
  113                  0.00    427.63    104.63
  114                  0.00    427.36     79.36
  115                  0.00    427.18     81.18
  116                  0.00    427.25     82.25
  117                 80.00    426.94     83.94
  118                  0.00    427.04     88.04
  119                  0.00    427.04    104.23
  12                   0.00    425.62     95.28
  121                  0.00    427.48     77.48
  122                 62.00    423.88     76.88
  123                  0.00    426.77     80.77
  125                  0.00    427.46     76.46
  126                 68.00    427.35     79.35
  127                  0.00    427.35     84.02
  128                 61.00    427.51     65.51
  129                  0.00    427.23     71.23
  130                133.00    427.11     86.03
  130B                61.00    427.17     74.17
  132                  0.00    427.10     94.10
  134                  0.00    426.79    105.79
  135                 56.00    426.23    110.23
  137                  0.00    426.23    117.23
  139                  0.00    427.10     67.10
  14                  88.00    424.91     86.91
  140                  0.00    427.10     76.10
  141                  0.00    427.10     75.10
  142                  0.00    427.10     66.10
  143                  0.00    427.10     86.13
  144                 76.00    427.35     68.35
  146                  0.00    427.32     81.32
  147                  0.00    427.26    106.26
  148                 66.00    427.30     94.30
  149                  0.00    427.16    113.95
  15                   0.00    424.38     89.38
  150                 69.00    427.04    118.97
  151                  0.00    427.04    121.80
  152                  0.00    427.04    117.02
  153                  0.00    427.04    117.04
  154                  0.00    427.44    102.44
  157                  0.00    427.44    124.44
  158A                 0.00    427.44    106.44
  158B                 0.00    427.44    106.44
  16B                125.00    424.98     90.98
  160                  0.00    428.14     61.14
  162                  0.00    428.08     60.08
  163                 54.00    427.90     53.90
  164                 56.00    427.94     68.28
  165                  0.00    427.93     66.63
  166                  0.00    427.93     66.92
  167                  0.00    427.93     57.29
  169                 71.00    427.79     61.29
  17A                  0.00    423.96     88.96
  170                103.00    428.19     69.19
  17B                125.00    423.54     88.54
  171                  0.00    428.24     76.24
  172                  0.00    428.24     88.24
  18B                214.00    418.05     93.05
  19                   0.00    428.34     70.34
  2                    0.00    427.62    101.62
  20                  55.00    428.38     64.38
  2002                 0.00    426.23     76.23
  2003                 0.00    426.23     76.23
  21                  62.00    428.31     65.58
  22                   0.00    428.31     66.71
  222                 63.00    428.17     78.17
  24                   0.00    428.10     84.10
  25                   0.00    428.01     83.01
  26                   0.00    427.87     79.87
  27                   0.00    427.91     77.91
  28                   0.00    427.82     79.82
  29                  52.00    427.57     71.57
  3                   55.00    427.26     86.91
  30                   0.00    427.54     66.54
  3002                 0.00    428.38     42.38
  3004                 0.00    428.38     42.38
  3005                 0.00    428.38     42.38
  3008                 0.00    428.38     43.38
  3012                 0.00    428.38     57.65
  3013                 0.00    428.38     63.45
  3016                 0.00    428.44     63.44
  3017                50.00    428.61     46.61
  3018                65.00    428.09     51.09
  3019                 0.00    428.38     58.99
  3020                 0.00    428.38     60.27
  3024                 0.00    428.38     63.44
  31                   0.00    427.48     69.69
  3152                 0.00    428.38     62.18
  32                   0.00    427.50     69.50
  34                  52.00    427.35     76.33
  35                   0.00    427.44     90.44
  36                   0.00    427.44     99.44
  39                   0.00    427.44    114.44
  41                   0.00    427.44    120.44
  46                 193.00    428.31     52.31
  47                   0.00    427.93     69.75
  48                   0.00    427.82     83.82
  49                   0.00    427.08     75.08
  5                    0.00    427.06     80.06
  52                  76.00    427.05     76.05
  53                 150.00    425.02     69.02
  54                   0.00    428.20     83.20
  55                   0.00    427.68     97.68
  56                   0.00    427.56     93.56
  58                   0.00    426.47     93.47
  59                 134.00    423.89     94.89
  6                   59.00    426.06     74.06
  60                   0.00    427.26     82.26
  61                   0.00    427.26     88.26
  62                   0.00    426.17     72.17
  64                   0.00    427.34     96.34
  65                  91.00    426.66     86.66
  66                  73.00    427.06     88.06
  67                 105.00    426.85     94.85
  68                   0.00    426.78     87.78
  69                   0.00    426.78     75.78
  7                    0.00    426.60     73.60
  70                 114.00    425.60     85.60
  71                  67.00    425.26     88.26
  72                 100.00    426.17     70.17
  73                 171.00    425.99     70.99
  77                   0.00    426.17     70.17
  78                   0.00    426.17     86.03
  79                  56.00    426.60     73.60
  8                    0.00    426.35     76.35
  80                 101.00    426.16     77.16
  81                  74.00    420.54     61.54
  82                 129.00    421.44     63.44
  85                  55.00    424.23     85.23
  86                   0.00    424.47     87.47
  87                 116.00    425.71     65.71
  88                  75.00    418.44     65.44
  89                  67.00    425.51     58.51
  90                   0.00    425.44     69.44
  91                  83.00    425.05     53.05
  92                   0.00    424.64     64.64
  91B                118.00    424.48     64.48
  94                   0.00    425.81     86.81
  95                   0.00    424.96     81.96
  97                   0.00    424.38     93.38
  99                   0.00    425.51     75.51
  74                 103.00    422.21     63.50
  1074                 0.00    425.96     67.96
  11A                155.00    424.11     81.11
  1011                 0.00    424.38     81.38
  0                -5084.00    429.00      0.00  Reservoir
   
   
  Link Results:
  ----------------------------------------------
                       Flow  Velocity  Headloss
  Link                 m3/h       m/s    /1000m
  ----------------------------------------------
  TU1                 -0.00      0.00      0.00
  TU10                 0.00      0.00      0.00
  TU100              341.00      0.75      1.06
  TU101              414.00      0.59      0.52
  TU102               91.00      1.62     15.02
  TU103              505.00      0.71      0.74
  TU104              505.00      0.71      0.74
  TU105             2223.00      0.97      0.65
  TU106             2223.00      0.97      0.65
  TU107                0.00      0.00      0.00
  TU108             2278.00      0.99      0.68
  TU109             2783.00      1.22      0.98
  TU11               195.00      0.89      2.24
  TU110             2783.00      1.22      0.98
  TU111              134.00      1.76     14.65
  TU112              134.00      0.98      3.51
  TU113              134.00      0.71      1.62
  TU114              134.00      0.71      1.62
  TU115             2990.00      1.06      0.67
  TU116             2990.00      1.06      0.67
  TU117              150.00      1.62     11.14
  TU118                0.00      0.00      0.00
  TU119             2990.00      1.06      0.67
  TU12                 0.00      0.00      0.00
  TU120             3140.00      1.11      0.74
  TU121                0.00      0.00      0.00
  TU122                0.00      0.00      0.00
  TU123               -0.00      0.00      0.00
  TU124               76.00      0.87      3.68
  TU125               76.00      0.56      1.25
  TU126               76.00      0.35      0.41
  TU127               76.00      0.35      0.41
  TU128                0.00      0.00      0.00
  TU129                0.00      0.00      0.00
  TU13                 0.00      0.00      0.00
  TU130               -0.00      0.00      0.00
  TU131               -0.00      0.00      0.00
  TU132               71.00      0.31      0.32
  TU133               71.00      0.31      0.32
  TU134              118.00      1.27      7.17
  TU135              181.00      0.40      0.34
  TU136              181.00      0.40      0.34
  TU137              257.00      0.36      0.22
  TU138              360.00      0.51      0.40
  TU139              360.00      0.35      0.17
  TU14               283.00      0.63      0.76
  TU140              618.00      0.61      0.44
  TU141                0.00      0.00      0.00
  TU142              100.00      0.27      0.19
  TU143               83.00      0.36      0.42
  TU144               69.00      0.74      2.70
  TU145              118.00      0.82      2.44
  TU146              187.00      0.81      1.84
  TU147              270.00      0.73      1.13
  TU148               -0.00      0.00      0.00
  TU149               -0.00      0.00      0.00
  TU15                -0.00      0.00      0.00
  TU150               -0.00      0.00      0.00
  TU151              270.00      0.38      0.24
  TU152               -0.00      0.00      0.00
  TU15301            631.00      0.89      1.11
  TU15302            528.00      0.75      0.80
  TU1074             103.00      1.35      9.03
  TU154              802.00      0.79      0.71
  TU155                0.00      0.00      0.00
  TU156              802.00      0.79      0.71
  TU157              902.00      0.89      0.89
  TU158               59.00      1.05      6.80
  TU159              961.00      0.94      0.99
  TU16              5084.00      0.92      0.35
  TU160                0.00      0.00      0.00
  TU161              961.00      0.94      0.99
  TU162             1262.00      0.91      0.78
  TU163             1206.00      0.87      0.71
  TU164             1262.00      0.91      0.78
  TU166               74.00      1.53     14.71
  TU167              129.00      1.70     13.66
  TU168              129.00      1.70     13.66
  TU169              203.00      1.71     10.60
  TU17                66.00      1.17      8.34
  TU170              304.00      1.39      5.05
  TU171              902.00      0.65      0.42
  TU17201            155.00      2.04     19.17
  TU17202              0.00      0.00      0.00
  TU1011A            155.00      2.04     19.17
  TU173              155.00      1.13      4.58
  TU174               -0.00      0.00      0.00
  TU175              155.00      0.71      1.47
  TU176              747.00      0.73      0.63
  TU177              747.00      0.73      0.63
  TU178              747.00      0.73      0.63
  TU179              339.00      0.96      1.93
  TU18                66.00      0.75      2.85
  TU180              339.00      0.96      1.93
  TU181              214.00      1.80     11.68
  TU182              339.00      1.55      6.17
  TU183                0.00      0.00      0.00
  TU184                0.00      0.00      0.00
  TU185              210.00      0.46      0.44
  TU186              127.00      0.34      0.29
  TU187              181.00      0.40      0.34
  TU188              958.00      0.69      0.47
  TU189              958.00      0.69      0.47
  TU19                72.00      1.28      9.78
  TU190               -0.00      0.00      0.00
  TU191                0.00      0.00      0.00
  TU192                0.00      0.00      0.00
  TU193                0.00      0.00      0.00
  TU194               -0.00      0.00      0.00
  TU195                0.00      0.00      0.00
  TU196                0.00      0.00      0.00
  TU197               -0.00      0.00      0.00
  TU198                0.00      0.00      0.00
  TU199                0.00      0.00      0.00
  TU2                  0.00      0.00      0.00
  TU20               138.00      1.01      3.70
  TU200               -0.00      0.00      0.00
  TU201                0.00      0.00      0.00
  TU203               65.00      1.09      7.08
  TU204             1276.00      0.56      0.23
  TU205             1276.00      0.56      0.23
  TU21                -0.00      0.00      0.00
  TU22              1096.00      0.61      0.31
  TU23              1159.00      0.64      0.35
  TU24              1159.00      0.64      0.35
  TU25              1221.00      0.67      0.38
  TU26               574.00      0.56      0.39
  TU27               574.00      0.56      0.39
  TU28               626.00      0.62      0.45
  TU29               626.00      0.62      0.45
  TU3                 75.00      1.26      9.20
  TU30                 0.00      0.00      0.00
  TU31                -0.00      0.00      0.00
  TU32                80.00      0.91      4.04
  TU33                80.00      0.37      0.44
  TU34                80.00      0.37      0.44
  TU35                62.00      1.10      7.44
  TU36                62.00      0.71      2.54
  TU37               142.00      0.40      0.40
  TU38               142.00      0.40      0.40
  TU39                -0.00      0.00      0.00
  TU4                337.00      0.48      0.35
  TU40                68.00      0.50      1.02
  TU41               210.00      0.46      0.44
  TU42                54.00      0.37      0.59
  TU43               264.00      0.37      0.23
  TU44               264.00      0.37      0.23
  TU45               332.00      0.47      0.34
  TU46               332.00      0.47      0.34
  TU47                -0.00      0.00      0.00
  TU48                 0.00      0.00      0.00
  TU49                 0.00      0.00      0.00
  TU5                412.00      0.58      0.51
  TU50                 0.00      0.00      0.00
  TU51                 0.00      0.00      0.00
  TU52                 0.00      0.00      0.00
  TU53                 0.00      0.00      0.00
  TU54                 0.00      0.00      0.00
  TU55                 0.00      0.00      0.00
  TU56                 0.00      0.00      0.00
  TU57                 0.00      0.00      0.00
  TU58                52.00      0.93      5.40
  TU59                52.00      0.15      0.07
  TU6                210.00      0.30      0.15
  TU60                -0.00      0.00      0.00
  TU61                 0.00      0.00      0.00
  TU62                69.00      0.37      0.49
  TU63                 0.00      0.00      0.00
  TU64                69.00      0.37      0.49
  TU65                 0.00      0.00      0.00
  TU66                69.00      0.23      0.16
  TU67               135.00      0.38      0.36
  TU68               135.00      0.38      0.36
  TU69               187.00      0.26      0.12
  TU7                  0.00      0.00      0.00
  TU70               187.00      0.26      0.12
  TU71               187.00      0.26      0.12
  TU72                56.00      0.12      0.04
  TU73               189.00      0.42      0.36
  TU74               250.00      0.55      0.60
  TU75               250.00      0.55      0.60
  TU76               326.00      0.72      0.98
  TU77               387.00      0.86      1.34
  TU78                 0.00      0.00      0.00
  TU79                56.00      0.74      2.97
  TU8                136.00      1.47      9.31
  TU80                 0.00      0.00      0.00
  TU81                56.00      0.47      1.01
  TU82                 0.00      0.00      0.00
  TU83                 0.00      0.00      0.00
  TU84                 0.00      0.00      0.00
  TU85                 0.00      0.00      0.00
  TU86                 0.00      0.00      0.00
  TU87                 0.00      0.00      0.00
  TU88                 0.00      0.00      0.00
  TU89                55.00      0.98      5.98
  TU9                 59.00      0.99      5.94
  TU90                 0.00      0.00      0.00
  TU91                55.00      0.63      2.05
  TU92               169.00      0.77      1.72
  TU93               169.00      0.48      0.54
  TU94                67.00      0.76      2.93
  TU95               236.00      0.67      1.00
  TU96                 0.00      0.00      0.00
  TU97                 0.00      0.00      0.00
  TU98                 0.00      0.00      0.00
  TU99               236.00      0.52      0.54
  TU4000               0.00      0.00      0.00
   
  Analysis ended Fri Dec  1 08:56:36 2023
