  Page 1                                    Fri Dec  1 09:11:27 2023

  ******************************************************************
  *                           E P A N E T                          *
  *                   Hydraulic and Water Quality                  *
  *                   Analysis for Pipe Networks                   *
  *                         Version 2.2                            *
  ******************************************************************
  
  Analysis begun Fri Dec  1 09:11:27 2023

   
  Node Results:
  ----------------------------------------------
                     Demand      Head  Pressure
  Node                 m3/h         m         m
  ----------------------------------------------
  3661                 0.00    428.96     50.82
  482                  0.00    427.88     81.88
  661                  0.00    428.86     98.86
  6610                 0.00    427.37      1.74
  6611                 0.00    428.60     93.60
  6612                 0.00    428.65     66.28
  6613                 0.00    428.41     73.41
  6615                 0.00    428.94     89.94
  6616                 0.00    428.86     67.86
  6617                 0.00    428.93     85.93
  6618                 0.00    428.93     80.93
  662                  0.00    428.88    100.88
  6620                 0.00    427.10    119.10
  6621                 0.00    428.18    100.18
  6622                 0.00    428.43     91.43
  6623                 0.00    428.68     77.68
  6624                 0.00    428.73     76.73
  6625                 0.00    428.56    116.56
  6626                 0.00    428.66    107.66
  6627                 0.00    428.86    107.86
  6628                 0.00    428.88     89.88
  6629                 0.00    428.88     88.88
  663                  0.00    428.80     87.80
  6630                 0.00    428.88      4.02
  6632                 0.00    428.88     88.88
  6633                 0.00    428.95     66.31
  6634                 0.00    428.96     57.96
  6635                 0.00    428.90     76.90
  6636                 0.00    428.90     72.90
  6637                 0.00    428.85     61.85
  6639                 0.00    428.41     68.41
  664                  0.00    428.73     80.73
  6640                 0.00    428.20     68.20
  6641                 0.00    428.56     69.88
  6642                 0.00    428.56     72.56
  6643                 0.00    428.71     76.71
  6644                 0.00    428.74     76.74
  6645                 0.00    428.75     78.75
  6646                 0.00    426.68     79.66
  6648                 0.00    426.96     80.95
  6649                 0.00    428.72     89.72
  665                  0.00    428.72     83.72
  666                  0.00    428.88     88.88
  6665                 0.00    428.76     63.62
  6666                 0.00    428.83     61.17
  667                  0.00    428.74     76.74
  668                  0.00    428.86     98.86
  669                  0.00    428.88     83.88
  1                    0.00    428.92     98.92
  10                  67.00    428.32     76.32
  100                  0.00    428.56     73.56
  100B                 0.00    428.20     70.20
  101                  0.00    428.41     75.41
  103                  0.00    426.52     87.52
  104                151.00    426.37     87.37
  105                  0.00    428.41     73.41
  106                 53.00    428.34     73.34
  107                  0.00    428.94     89.94
  108                  0.00    428.94     93.38
  109                  0.00    428.94     91.94
  11B                  0.00    428.71     85.71
  110                  0.00    428.93     82.93
  111                  0.00    428.93     90.95
  112                  0.00    428.93     86.93
  113                  0.00    428.93    105.93
  114                  0.00    428.93     80.93
  115                  0.00    428.93     82.93
  116                  0.00    428.93     83.93
  117                  0.00    428.93     85.93
  118                  0.00    428.93     89.93
  119                  0.00    428.93    106.12
  12                   0.00    428.66     98.32
  121                  0.00    428.93     78.93
  122                  0.00    428.93     81.93
  123                  0.00    428.93     82.93
  125                  0.00    428.93     77.93
  126                  0.00    428.93     80.93
  127                  0.00    428.93     85.60
  128                  0.00    428.86     66.86
  129                  0.00    428.86     72.86
  130                  0.00    428.86     87.78
  130B                 0.00    428.86     75.86
  132                  0.00    428.86     95.86
  134                  0.00    428.86    107.86
  135                  0.00    428.86    112.86
  137                  0.00    428.86    119.86
  139                  0.00    428.86     68.86
  14                   0.00    428.57     90.57
  140                  0.00    428.86     77.86
  141                  0.00    428.86     76.86
  142                  0.00    428.86     67.86
  143                  0.00    428.86     87.89
  144                  0.00    428.86     69.86
  146                  0.00    428.70     82.70
  147                  0.00    428.66    107.66
  148                  0.00    428.69     95.69
  149                  0.00    428.56    115.35
  15                   0.00    428.60     93.60
  150                  0.00    428.45    120.38
  151                  0.00    428.21    122.97
  152                 67.00    426.37    116.35
  153                  0.00    426.99    116.99
  154                  0.00    428.07    103.07
  157                 65.00    425.63    122.63
  158A                54.00    420.57     99.57
  158B                54.00    420.56     99.56
  16B                  0.00    428.60     94.60
  160                  0.00    428.85     61.85
  162                  0.00    428.84     60.84
  163                  0.00    428.83     54.83
  164                  0.00    428.82     69.16
  165                 52.00    428.76     67.46
  166                  0.00    428.76     67.75
  167                  0.00    428.76     58.12
  169                  0.00    428.81     62.31
  17A                  0.00    428.60     93.60
  170                  0.00    428.88     69.88
  17B                  0.00    428.60     93.60
  171                  0.00    428.90     76.90
  172                  0.00    428.90     88.90
  18B                  0.00    428.60    103.60
  19                   0.00    428.95     70.95
  2                    0.00    428.89    102.89
  20                   0.00    428.96     64.96
  2002                 0.00    428.88     78.88
  2003                 0.00    428.88     78.88
  21                   0.00    428.96     66.23
  22                   0.00    428.96     67.36
  222                  0.00    428.95     78.95
  24                   0.00    428.94     84.94
  25                   0.00    428.94     83.94
  26                   0.00    428.93     80.93
  27                   0.00    428.93     78.93
  28                   0.00    428.91     80.91
  29                   0.00    428.87     72.87
  3                    0.00    428.84     88.49
  30                   0.00    428.86     67.86
  3002                 0.00    428.96     42.96
  3004                 0.00    428.96     42.96
  3005                 0.00    428.96     42.96
  3008                 0.00    428.96     43.96
  3012                 0.00    428.96     58.23
  3013                 0.00    428.96     64.03
  3016                 0.00    428.96     63.96
  3017                 0.00    428.97     46.97
  3018                 0.00    428.93     51.93
  3019                 0.00    428.96     59.57
  3020                 0.00    428.96     60.85
  3024                 0.00    428.96     64.02
  31                   0.00    428.78     70.99
  3152                 0.00    428.96     62.76
  32                   0.00    428.81     70.81
  34                   0.00    428.68     77.66
  35                   0.00    428.43     91.43
  36                   0.00    428.18    100.18
  39                   0.00    427.71    114.71
  41                   0.00    426.95    119.95
  46                   0.00    428.93     52.93
  47                   0.00    428.81     70.63
  48                   0.00    427.47     83.47
  49                  85.00    424.38     72.38
  5                    0.00    428.82     81.82
  52                  82.00    424.34     73.34
  53                   0.00    428.96     72.96
  54                   0.00    428.94     83.94
  55                   0.00    428.92     98.92
  56                   0.00    428.92     94.92
  58                   0.00    428.92     95.92
  59                   0.00    428.92     99.92
  6                    0.00    428.74     76.74
  60                   0.00    426.80     81.80
  61                  74.00    425.83     86.83
  62                   0.00    428.74     74.74
  64                   0.00    428.88     97.88
  65                   0.00    428.88     88.88
  66                   0.00    428.88     89.88
  67                   0.00    428.88     96.88
  68                   0.00    428.88     89.88
  69                   0.00    428.88     77.88
  7                    0.00    428.76     75.76
  70                   0.00    428.88     88.88
  71                   0.00    428.88     91.88
  72                   0.00    428.74     72.74
  73                   0.00    428.71     73.71
  77                   0.00    428.74     72.74
  78                   0.00    428.74     88.60
  79                   0.00    428.76     75.76
  8                    0.00    428.75     78.75
  80                  88.00    428.60     79.60
  81                   0.00    426.96     67.96
  82                 131.00    425.89     67.89
  85                   0.00    428.88     89.88
  86                   0.00    428.88     91.88
  87                   0.00    428.67     68.67
  88                   0.00    428.65     75.65
  89                   0.00    428.60     61.60
  90                   0.00    428.56     72.56
  91                   0.00    428.41     56.41
  92                   0.00    427.37     67.37
  91B                195.00    426.97     66.97
  94                   0.00    428.72     89.72
  95                   0.00    428.72     85.72
  97                   0.00    428.72     97.72
  99                   0.00    428.60     78.60
  74                   0.00    428.71     70.00
  1074                 0.00    428.71     70.71
  11A                  0.00    428.72     85.72
  1011                 0.00    428.72     85.72
  0                -1218.00    429.00      0.00  Reservoir
   
   
  Link Results:
  ----------------------------------------------
                       Flow  Velocity  Headloss
  Link                 m3/h       m/s    /1000m
  ----------------------------------------------
  TU1                 -0.00      0.00      0.00
  TU10                 0.00      0.00      0.00
  TU100                0.00      0.00      0.00
  TU101                0.00      0.00      0.00
  TU102                0.00      0.00      0.00
  TU103                0.00      0.00      0.00
  TU104                0.00      0.00      0.00
  TU105              685.00      0.30      0.08
  TU106              685.00      0.30      0.08
  TU107                0.00      0.00      0.00
  TU108              759.00      0.33      0.09
  TU109              759.00      0.33      0.09
  TU11                53.00      0.24      0.21
  TU110              759.00      0.33      0.09
  TU111                0.00      0.00      0.00
  TU112               -0.00      0.00      0.00
  TU113                0.00      0.00      0.00
  TU114                0.00      0.00      0.00
  TU115              759.00      0.27      0.05
  TU116              759.00      0.27      0.05
  TU117               -0.00      0.00      0.00
  TU118                0.00      0.00      0.00
  TU119              759.00      0.27      0.05
  TU12               151.00      1.72     12.93
  TU120              759.00      0.27      0.05
  TU121                0.00      0.00      0.00
  TU122                0.00      0.00      0.00
  TU123               -0.00      0.00      0.00
  TU124               82.00      0.94      4.22
  TU125              167.00      1.22      5.25
  TU126              167.00      0.76      1.69
  TU127              167.00      0.76      1.69
  TU128                0.00      0.00      0.00
  TU129                0.00      0.00      0.00
  TU13               151.00      1.10      4.36
  TU130               52.00      0.23      0.18
  TU131               52.00      0.23      0.18
  TU132                0.00      0.00      0.00
  TU133               52.00      0.23      0.18
  TU134              195.00      2.11     18.09
  TU135               52.00      0.11      0.04
  TU136               52.00      0.11      0.04
  TU137              219.00      0.31      0.16
  TU138              219.00      0.31      0.16
  TU139              219.00      0.22      0.07
  TU14               204.00      0.45      0.42
  TU140              219.00      0.22      0.07
  TU141                0.00      0.00      0.00
  TU142                0.00      0.00      0.00
  TU143               -0.00      0.00      0.00
  TU144               -0.00      0.00      0.00
  TU145              195.00      1.35      6.12
  TU146              195.00      0.85      1.98
  TU147              195.00      0.53      0.62
  TU148                0.00      0.00      0.00
  TU149               -0.00      0.00      0.00
  TU15                -0.00      0.00      0.00
  TU150               -0.00      0.00      0.00
  TU151              195.00      0.28      0.13
  TU152               -0.00      0.00      0.00
  TU15301            195.00      0.28      0.13
  TU15302            195.00      0.28      0.13
  TU1074               0.00      0.00      0.00
  TU154              195.00      0.19      0.05
  TU155               67.00      1.13      7.48
  TU156              262.00      0.26      0.09
  TU157              262.00      0.26      0.09
  TU158                0.00      0.00      0.00
  TU159              262.00      0.26      0.09
  TU16              1218.00      0.22      0.03
  TU160                0.00      0.00      0.00
  TU161              262.00      0.26      0.09
  TU162              423.00      0.31      0.11
  TU163              423.00      0.31      0.11
  TU164              423.00      0.31      0.11
  TU166               -0.00      0.00      0.00
  TU167              131.00      1.72     14.05
  TU168              131.00      1.72     14.05
  TU169              131.00      1.10      4.74
  TU17                -0.00      0.00      0.00
  TU170              219.00      1.00      2.77
  TU171              204.00      0.15      0.03
  TU17201             -0.00      0.00      0.00
  TU17202              0.00      0.00      0.00
  TU1011A             -0.00      0.00      0.00
  TU173               -0.00      0.00      0.00
  TU174               -0.00      0.00      0.00
  TU175               -0.00      0.00      0.00
  TU176              204.00      0.20      0.06
  TU177              204.00      0.20      0.06
  TU178              204.00      0.20      0.06
  TU179                0.00      0.00      0.00
  TU18                 0.00      0.00      0.00
  TU180                0.00      0.00      0.00
  TU181                0.00      0.00      0.00
  TU182                0.00      0.00      0.00
  TU183               74.00      0.84      3.51
  TU184                0.00      0.00      0.00
  TU185               -0.00      0.00      0.00
  TU186               52.00      0.14      0.06
  TU187               52.00      0.11      0.04
  TU188              240.00      0.17      0.04
  TU189              240.00      0.17      0.04
  TU19                 0.00      0.00      0.00
  TU190               67.00      0.88      4.12
  TU191               74.00      1.32     10.28
  TU192                0.00      0.00      0.00
  TU193                0.00      0.00      0.00
  TU194               -0.00      0.00      0.00
  TU195                0.00      0.00      0.00
  TU196                0.00      0.00      0.00
  TU197               -0.00      0.00      0.00
  TU198                0.00      0.00      0.00
  TU199                0.00      0.00      0.00
  TU2                  0.00      0.00      0.00
  TU20                 0.00      0.00      0.00
  TU200               -0.00      0.00      0.00
  TU201                0.00      0.00      0.00
  TU203                0.00      0.00      0.00
  TU204              240.00      0.10      0.01
  TU205              240.00      0.10      0.01
  TU21                67.00      0.56      1.40
  TU22               240.00      0.13      0.02
  TU23               240.00      0.13      0.02
  TU24               240.00      0.13      0.02
  TU25               240.00      0.13      0.02
  TU26               240.00      0.24      0.08
  TU27               240.00      0.24      0.08
  TU28               240.00      0.24      0.08
  TU29               240.00      0.24      0.08
  TU3                  0.00      0.00      0.00
  TU30                 0.00      0.00      0.00
  TU31                -0.00      0.00      0.00
  TU32                 0.00      0.00      0.00
  TU33                 0.00      0.00      0.00
  TU34                 0.00      0.00      0.00
  TU35                 0.00      0.00      0.00
  TU36                 0.00      0.00      0.00
  TU37                 0.00      0.00      0.00
  TU38                 0.00      0.00      0.00
  TU39                -0.00      0.00      0.00
  TU4                195.00      0.28      0.13
  TU40                -0.00      0.00      0.00
  TU41                -0.00      0.00      0.00
  TU42                 0.00      0.00      0.00
  TU43                -0.00      0.00      0.00
  TU44                -0.00      0.00      0.00
  TU45                -0.00      0.00      0.00
  TU46                -0.00      0.00      0.00
  TU47                -0.00      0.00      0.00
  TU48               108.00      1.42      9.85
  TU49               108.00      0.91      3.33
  TU5                195.00      0.28      0.13
  TU50                65.00      1.34     11.60
  TU51               173.00      0.92      2.58
  TU52               173.00      0.57      0.82
  TU53               173.00      0.57      0.82
  TU54                 0.00      0.00      0.00
  TU55               173.00      0.57      0.82
  TU56                 0.00      0.00      0.00
  TU57               173.00      0.49      0.57
  TU58                 0.00      0.00      0.00
  TU59               173.00      0.49      0.57
  TU6                 -0.00      0.00      0.00
  TU60                67.00      1.38     12.26
  TU61                 0.00      0.00      0.00
  TU62                67.00      0.36      0.46
  TU63                 0.00      0.00      0.00
  TU64                67.00      0.36      0.46
  TU65                 0.00      0.00      0.00
  TU66                67.00      0.22      0.15
  TU67                67.00      0.19      0.10
  TU68                67.00      0.19      0.10
  TU69               240.00      0.34      0.19
  TU7                  0.00      0.00      0.00
  TU70               240.00      0.34      0.19
  TU71               240.00      0.34      0.19
  TU72                 0.00      0.00      0.00
  TU73                 0.00      0.00      0.00
  TU74                 0.00      0.00      0.00
  TU75                 0.00      0.00      0.00
  TU76                 0.00      0.00      0.00
  TU77                 0.00      0.00      0.00
  TU78                 0.00      0.00      0.00
  TU79                 0.00      0.00      0.00
  TU8                  0.00      0.00      0.00
  TU80                 0.00      0.00      0.00
  TU81                 0.00      0.00      0.00
  TU82                 0.00      0.00      0.00
  TU83                 0.00      0.00      0.00
  TU84                 0.00      0.00      0.00
  TU85                 0.00      0.00      0.00
  TU86                 0.00      0.00      0.00
  TU87                 0.00      0.00      0.00
  TU88                 0.00      0.00      0.00
  TU89                 0.00      0.00      0.00
  TU9                 53.00      0.89      4.88
  TU90                 0.00      0.00      0.00
  TU91                -0.00      0.00      0.00
  TU92                -0.00      0.00      0.00
  TU93                 0.00      0.00      0.00
  TU94                 0.00      0.00      0.00
  TU95                 0.00      0.00      0.00
  TU96                 0.00      0.00      0.00
  TU97                 0.00      0.00      0.00
  TU98                 0.00      0.00      0.00
  TU99                 0.00      0.00      0.00
  TU4000              54.00      0.71      2.78
   
  Analysis ended Fri Dec  1 09:11:27 2023
