  Page 1                                    Fri Dec  1 08:53:24 2023

  ******************************************************************
  *                           E P A N E T                          *
  *                   Hydraulic and Water Quality                  *
  *                   Analysis for Pipe Networks                   *
  *                         Version 2.2                            *
  ******************************************************************
  
  Analysis begun Fri Dec  1 08:53:24 2023

   
  Node Results:
  ----------------------------------------------
                     Demand      Head  Pressure
  Node                 m3/h         m         m
  ----------------------------------------------
  3661                 0.00    428.52     50.38
  482                  0.00    428.61     82.61
  661                  0.00    427.54     97.54
  6610                 0.00    426.96      2.80
  6611                 0.00    427.31     92.31
  6612                 0.00    427.02     64.65
  6613                 0.00    426.96     71.96
  6615                 0.00    428.29     89.29
  6616                 0.00    427.82     66.82
  6617                 0.00    425.57     82.57
  6618                 0.00    428.02     80.02
  662                  0.00    428.23    100.23
  6620                 0.00    426.72    118.72
  6621                 0.00    427.35     99.35
  6622                 0.00    427.49     90.49
  6623                 0.00    427.63     76.63
  6624                 0.00    427.66     75.66
  6625                 0.00    426.98    114.98
  6626                 0.00    427.37    106.37
  6627                 0.00    427.16    106.16
  6628                 0.00    426.37     87.37
  6629                 0.00    427.72     87.72
  663                  0.00    427.92     86.92
  6630                 0.00    427.65      2.80
  6632                 0.00    428.12     88.12
  6633                 0.00    428.63     65.99
  6634                 0.00    428.67     57.67
  6635                 0.00    428.68     76.68
  6636                 0.00    428.68     72.68
  6637                 0.00    428.61     61.61
  6639                 0.00    426.96     66.96
  664                  0.00    427.82     79.82
  6640                 0.00    426.96     66.96
  6641                 0.00    426.96     68.28
  6642                 0.00    426.96     70.96
  6643                 0.00    427.19     75.19
  6644                 0.00    427.31     75.31
  6645                 0.00    427.39     77.39
  6646                 0.00    427.82     80.80
  6648                 0.00    427.82     81.81
  6649                 0.00    427.51     88.51
  665                  0.00    427.76     82.76
  666                  0.00    427.95     87.95
  6665                 0.00    427.90     62.76
  6666                 0.00    428.39     60.73
  667                  0.00    427.29     75.29
  668                  0.00    427.54     97.54
  669                  0.00    427.70     82.70
  1                   68.00    428.40     98.40
  10                   0.00    427.19     75.19
  100                  0.00    426.96     71.96
  100B                 0.00    426.96     68.96
  101                 96.00    426.68     73.68
  103                 53.00    427.10     88.10
  104                  0.00    427.10     88.10
  105                  0.00    426.96     71.96
  106                  0.00    426.96     71.96
  107                  0.00    428.29     89.29
  108                  0.00    428.29     92.73
  109                  0.00    428.29     91.29
  11B                  0.00    427.73     84.73
  110                 64.00    427.96     81.96
  111                  0.00    427.76     89.78
  112                  0.00    427.86     85.86
  113                  0.00    427.48    104.48
  114                 57.00    426.55     78.55
  115                 50.00    425.92     79.92
  116                  0.00    426.23     81.23
  117                 58.00    425.51     82.51
  118                 77.00    424.52     85.52
  119                  0.00    424.52    101.71
  12                   0.00    427.61     97.27
  121                  0.00    427.05     77.05
  122                 70.00    422.03     75.03
  123                  0.00    425.64     79.64
  125                  0.00    427.00     76.00
  126                 66.00    426.89     78.89
  127                  0.00    426.89     83.56
  128                 69.00    427.81     65.81
  129                  0.00    427.69     71.69
  130                  0.00    427.61     86.53
  130B                 0.00    427.66     74.66
  132                 57.00    425.88     92.88
  134                  0.00    427.16    106.16
  135                 62.00    426.49    110.49
  137                  0.00    426.49    117.49
  139                 60.00    427.17     67.17
  14                  55.00    427.41     89.41
  140                  0.00    427.37     76.37
  141                  0.00    427.36     75.36
  142                  0.00    427.17     66.17
  143                  0.00    425.88     84.91
  144                  0.00    427.76     68.76
  146                  0.00    427.51     81.51
  147                  0.00    427.37    106.37
  148                  0.00    427.49     94.49
  149                  0.00    426.98    113.77
  15                   0.00    427.31     92.31
  150                 67.00    426.53    118.46
  151                  0.00    426.23    120.99
  152                 76.00    423.91    113.89
  153                  0.00    424.70    114.70
  154                  0.00    427.28    102.28
  157                  0.00    426.72    123.72
  158A                64.00    417.80     96.80
  158B                64.00    417.78     96.78
  16B                  0.00    427.44     93.44
  160                  0.00    428.59     61.59
  162                  0.00    428.49     60.49
  163                100.00    428.02     54.02
  164                  0.00    428.29     68.63
  165                 55.00    427.90     66.60
  166                 89.00    427.90     66.89
  167                  0.00    427.90     57.26
  169                  0.00    428.24     61.74
  17A                151.00    427.21     92.21
  170                  0.00    428.65     69.65
  17B                  0.00    427.21     92.21
  171                  0.00    428.68     76.68
  172                  0.00    428.68     88.68
  18B                  0.00    427.21    102.21
  19                   0.00    428.63     70.63
  2                    0.00    428.27    102.27
  20                  88.00    428.52     64.52
  2002                 0.00    427.70     77.70
  2003                 0.00    427.70     77.70
  21                  63.00    428.46     65.73
  22                  74.00    428.45     66.85
  222                 70.00    428.34     78.34
  24                   0.00    428.29     84.29
  25                   0.00    428.19     83.19
  26                   0.00    428.02     80.02
  27                   0.00    428.10     78.10
  28                   0.00    428.03     80.03
  29                   0.00    427.85     71.85
  3                    0.00    428.09     87.74
  30                   0.00    427.83     66.83
  3002                 0.00    428.52     42.52
  3004                 0.00    428.52     42.52
  3005                 0.00    428.52     42.52
  3008                 0.00    428.52     43.52
  3012                 0.00    428.52     57.79
  3013                 0.00    428.52     63.59
  3016                88.00    428.57     63.57
  3017               127.00    428.76     46.76
  3018                 0.00    428.71     51.71
  3019                 0.00    428.52     59.13
  3020                 0.00    428.52     60.41
  3024                 0.00    428.52     63.58
  31                   0.00    427.72     69.93
  3152                 0.00    428.52     62.32
  32                   0.00    427.76     69.76
  34                   0.00    427.63     76.61
  35                   0.00    427.49     90.49
  36                   0.00    427.35     99.35
  39                   0.00    427.07    114.07
  41                   0.00    426.51    119.51
  46                   0.00    428.71     52.71
  47                   0.00    428.24     70.06
  48                   0.00    428.61     84.61
  49                   0.00    428.61     76.61
  5                    0.00    428.00     81.00
  52                   0.00    428.61     77.61
  53                   0.00    428.67     72.67
  54                   0.00    428.54     83.54
  55                   0.00    426.99     96.99
  56                  57.00    426.30     92.30
  58                 119.00    422.00     89.00
  59                 164.00    418.25     89.25
  6                    0.00    427.31     75.31
  60                  46.00    427.23     82.23
  61                   0.00    427.23     88.23
  62                 115.00    421.81     67.81
  64                   0.00    428.18     97.18
  65                   0.00    428.12     88.12
  66                   0.00    428.12     89.12
  67                   0.00    428.02     96.02
  68                   0.00    427.65     88.65
  69                  50.00    427.07     76.07
  7                    0.00    427.86     74.86
  70                   0.00    427.61     87.61
  71                 119.00    424.49     87.49
  72                  99.00    426.65     70.65
  73                 181.00    427.16     72.16
  77                 118.00    423.16     67.16
  78                   0.00    426.65     86.51
  79                  49.00    427.86     74.86
  8                   65.00    427.15     77.15
  80                   0.00    427.82     78.82
  81                   0.00    427.82     68.82
  82                   0.00    427.82     69.82
  85                  58.00    426.10     87.10
  86                   0.00    426.37     89.37
  87                   0.00    427.06     67.06
  88                  64.00    421.64     68.64
  89                  83.00    426.96     59.96
  90                   0.00    426.96     70.96
  91                   0.00    426.96     54.96
  92                   0.00    426.96     66.96
  91B                  0.00    426.96     66.96
  94                   0.00    427.51     88.51
  95                   0.00    426.95     83.95
  97                   0.00    426.57     95.57
  99                 145.00    424.33     74.33
  74                  87.00    424.40     65.69
  1074                 0.00    427.15     69.15
  11A                123.00    426.40     83.40
  1011                 0.00    426.57     83.57
  0                -3880.00    429.00      0.00  Reservoir
   
   
  Link Results:
  ----------------------------------------------
                       Flow  Velocity  Headloss
  Link                 m3/h       m/s    /1000m
  ----------------------------------------------
  TU1                 -0.00      0.00      0.00
  TU10                 0.00      0.00      0.00
  TU100              227.00      0.50      0.51
  TU101              227.00      0.32      0.17
  TU102               -0.00      0.00      0.00
  TU103              227.00      0.32      0.17
  TU104              227.00      0.32      0.17
  TU105             1484.00      0.65      0.31
  TU106             1484.00      0.65      0.31
  TU107                0.00      0.00      0.00
  TU108             1530.00      0.67      0.33
  TU109             1757.00      0.77      0.42
  TU11                96.00      0.44      0.62
  TU110             1757.00      0.77      0.42
  TU111              164.00      2.16     21.28
  TU112              283.00      2.07     13.87
  TU113              340.00      1.81      8.94
  TU114              340.00      1.81      8.94
  TU115             2165.00      0.77      0.37
  TU116             2165.00      0.77      0.37
  TU117               -0.00      0.00      0.00
  TU118                0.00      0.00      0.00
  TU119             2165.00      0.77      0.37
  TU12                 0.00      0.00      0.00
  TU120             2165.00      0.77      0.37
  TU121               -0.00      0.00      0.00
  TU122                0.00      0.00      0.00
  TU123                0.00      0.00      0.00
  TU124                0.00      0.00      0.00
  TU125               -0.00      0.00      0.00
  TU126               -0.00      0.00      0.00
  TU127               -0.00      0.00      0.00
  TU128                0.00      0.00      0.00
  TU129                0.00      0.00      0.00
  TU13                53.00      0.39      0.65
  TU130               55.00      0.24      0.20
  TU131              144.00      0.63      1.14
  TU132                0.00      0.00      0.00
  TU133              144.00      0.63      1.14
  TU134               -0.00      0.00      0.00
  TU135              244.00      0.54      0.58
  TU136              244.00      0.54      0.58
  TU137              244.00      0.35      0.20
  TU138              244.00      0.35      0.20
  TU139              244.00      0.24      0.08
  TU14               204.00      0.45      0.42
  TU140              244.00      0.24      0.08
  TU141              115.00      1.93     20.17
  TU142              332.00      0.90      1.64
  TU143               -0.00      0.00      0.00
  TU144               -0.00      0.00      0.00
  TU145               -0.00      0.00      0.00
  TU146               -0.00      0.00      0.00
  TU147               -0.00      0.00      0.00
  TU148               -0.00      0.00      0.00
  TU149               -0.00      0.00      0.00
  TU15                -0.00      0.00      0.00
  TU150               -0.00      0.00      0.00
  TU151               -0.00      0.00      0.00
  TU152              145.00      1.66     12.00
  TU15301            379.00      0.54      0.44
  TU15302            292.00      0.41      0.27
  TU1074              87.00      1.14      6.63
  TU154              560.00      0.55      0.37
  TU155                0.00      0.00      0.00
  TU156              560.00      0.55      0.37
  TU157              892.00      0.88      0.87
  TU158                0.00      0.00      0.00
  TU159              892.00      0.88      0.87
  TU16              3880.00      0.70      0.21
  TU160               65.00      1.16      8.11
  TU161              957.00      0.94      0.99
  TU162              527.00      0.38      0.16
  TU163              478.00      0.35      0.13
  TU164              527.00      0.38      0.16
  TU166               -0.00      0.00      0.00
  TU167               -0.00      0.00      0.00
  TU168                0.00      0.00      0.00
  TU169                0.00      0.00      0.00
  TU17                -0.00      0.00      0.00
  TU170                0.00      0.00      0.00
  TU171              478.00      0.35      0.13
  TU17201            123.00      1.62     12.51
  TU17202              0.00      0.00      0.00
  TU1011A            123.00      1.62     12.51
  TU173              123.00      0.90      3.00
  TU174               -0.00      0.00      0.00
  TU175              123.00      0.56      0.97
  TU176              355.00      0.35      0.16
  TU177              355.00      0.35      0.16
  TU178              355.00      0.35      0.16
  TU179              151.00      0.43      0.44
  TU18                 0.00      0.00      0.00
  TU180              151.00      0.43      0.44
  TU181                0.00      0.00      0.00
  TU182                0.00      0.00      0.00
  TU183               46.00      0.53      1.48
  TU184                0.00      0.00      0.00
  TU185              378.00      0.84      1.28
  TU186              144.00      0.39      0.36
  TU187              244.00      0.54      0.58
  TU188              961.00      0.69      0.47
  TU189              961.00      0.69      0.47
  TU19                -0.00      0.00      0.00
  TU190               76.00      1.00      5.18
  TU191               -0.00      0.00      0.00
  TU192                0.00      0.00      0.00
  TU193                0.00      0.00      0.00
  TU194               -0.00      0.00      0.00
  TU195                0.00      0.00      0.00
  TU196                0.00      0.00      0.00
  TU197               -0.00      0.00      0.00
  TU198                0.00      0.00      0.00
  TU199                0.00      0.00      0.00
  TU2                  0.00      0.00      0.00
  TU20                 0.00      0.00      0.00
  TU200               -0.00      0.00      0.00
  TU201                0.00      0.00      0.00
  TU203                0.00      0.00      0.00
  TU204             1256.00      0.55      0.23
  TU205             1344.00      0.59      0.26
  TU21                76.00      0.64      1.76
  TU22               961.00      0.53      0.25
  TU23              1031.00      0.57      0.28
  TU24              1105.00      0.61      0.32
  TU25              1168.00      0.65      0.35
  TU26               519.00      0.51      0.32
  TU27               519.00      0.51      0.32
  TU28               519.00      0.51      0.32
  TU29               519.00      0.51      0.32
  TU3                 64.00      1.08      6.88
  TU30                 0.00      0.00      0.00
  TU31                77.00      0.88      3.77
  TU32                58.00      0.66      2.25
  TU33               135.00      0.62      1.14
  TU34               185.00      0.85      2.03
  TU35                70.00      1.25      9.29
  TU36                70.00      0.80      3.17
  TU37               255.00      0.72      1.15
  TU38               312.00      0.89      1.66
  TU39                -0.00      0.00      0.00
  TU4                228.00      0.32      0.17
  TU40                66.00      0.48      0.97
  TU41               378.00      0.84      1.28
  TU42               100.00      0.69      1.81
  TU43               378.00      0.53      0.44
  TU44               378.00      0.53      0.44
  TU45               442.00      0.63      0.58
  TU46               442.00      0.63      0.58
  TU47                -0.00      0.00      0.00
  TU48               128.00      1.68     13.46
  TU49               128.00      1.08      4.54
  TU5                292.00      0.41      0.27
  TU50                 0.00      0.00      0.00
  TU51               128.00      0.68      1.49
  TU52               128.00      0.42      0.47
  TU53               128.00      0.42      0.47
  TU54                 0.00      0.00      0.00
  TU55               128.00      0.42      0.47
  TU56                -0.00      0.00      0.00
  TU57               128.00      0.36      0.33
  TU58                 0.00      0.00      0.00
  TU59               128.00      0.36      0.33
  TU6                378.00      0.53      0.44
  TU60                76.00      1.57     15.45
  TU61                -0.00      0.00      0.00
  TU62               143.00      0.76      1.82
  TU63                 0.00      0.00      0.00
  TU64               143.00      0.76      1.82
  TU65                 0.00      0.00      0.00
  TU66               143.00      0.47      0.58
  TU67               143.00      0.41      0.40
  TU68               143.00      0.41      0.40
  TU69               271.00      0.38      0.24
  TU7                118.00      1.98     21.15
  TU70               271.00      0.38      0.24
  TU71               271.00      0.38      0.24
  TU72               179.00      0.40      0.33
  TU73               179.00      0.40      0.33
  TU74               179.00      0.40      0.33
  TU75               179.00      0.40      0.33
  TU76               179.00      0.40      0.33
  TU77               248.00      0.55      0.60
  TU78                 0.00      0.00      0.00
  TU79                62.00      0.82      3.58
  TU8                 96.00      1.04      4.92
  TU80                 0.00      0.00      0.00
  TU81                62.00      0.52      1.22
  TU82                 0.00      0.00      0.00
  TU83                57.00      0.75      3.07
  TU84                 0.00      0.00      0.00
  TU85                60.00      0.44      0.82
  TU86                60.00      0.27      0.26
  TU87                60.00      0.32      0.38
  TU88               117.00      0.26      0.15
  TU89                58.00      1.03      6.59
  TU9                  0.00      0.00      0.00
  TU90                 0.00      0.00      0.00
  TU91                58.00      0.66      2.25
  TU92                58.00      0.27      0.25
  TU93                58.00      0.16      0.08
  TU94               119.00      1.36      8.35
  TU95               177.00      0.50      0.59
  TU96                 0.00      0.00      0.00
  TU97                50.00      0.89      5.03
  TU98                50.00      0.57      1.72
  TU99               227.00      0.50      0.51
  TU4000              64.00      0.84      3.79
   
  Analysis ended Fri Dec  1 08:53:24 2023
