  Page 1                                    Fri Dec  1 08:47:08 2023

  ******************************************************************
  *                           E P A N E T                          *
  *                   Hydraulic and Water Quality                  *
  *                   Analysis for Pipe Networks                   *
  *                         Version 2.2                            *
  ******************************************************************
  
  Analysis begun Fri Dec  1 08:47:08 2023

   
  Node Results:
  ----------------------------------------------
                     Demand      Head  Pressure
  Node                 m3/h         m         m
  ----------------------------------------------
  3661                 0.00    428.93     50.79
  482                  0.00    428.92     82.92
  661                  0.00    428.91     98.91
  6610                 0.00    427.97      2.69
  6611                 0.00    426.34     91.34
  6612                 0.00    428.15     65.78
  6613                 0.00    427.26     72.26
  6615                 0.00    428.75     89.75
  6616                 0.00    428.91     67.91
  6617                 0.00    428.92     85.92
  6618                 0.00    428.92     80.92
  662                  0.00    428.62    100.62
  6620                 0.00    428.89    120.89
  6621                 0.00    428.89    100.89
  6622                 0.00    428.89     91.89
  6623                 0.00    428.89     77.89
  6624                 0.00    428.89     76.89
  6625                 0.00    428.58    116.58
  6626                 0.00    428.75    107.75
  6627                 0.00    428.91    107.91
  6628                 0.00    428.56     89.56
  6629                 0.00    428.56     88.56
  663                  0.00    428.39     87.39
  6630                 0.00    428.56      3.70
  6632                 0.00    428.59     88.59
  6633                 0.00    428.86     66.22
  6634                 0.00    428.89     57.89
  6635                 0.00    428.92     76.92
  6636                 0.00    428.92     72.92
  6637                 0.00    428.92     61.92
  6639                 0.00    428.01     68.01
  664                  0.00    428.14     80.14
  6640                 0.00    427.97     67.97
  6641                 0.00    428.05     69.37
  6642                 0.00    427.96     71.96
  6643                 0.00    428.23     76.23
  6644                 0.00    428.27     76.27
  6645                 0.00    428.28     78.28
  6646                 0.00    427.08     80.06
  6648                 0.00    427.23     81.22
  6649                 0.00    427.92     88.92
  665                  0.00    427.98     82.98
  666                  0.00    428.56     88.56
  6665                 0.00    428.92     63.78
  6666                 0.00    428.92     61.26
  667                  0.00    428.26     76.26
  668                  0.00    428.91     98.91
  669                  0.00    428.56     83.56
  1                    0.00    428.74     98.74
  10                  69.00    427.81     75.81
  100                139.00    427.92     72.92
  100B                80.00    427.52     69.52
  101                  0.00    427.26     74.26
  103                  0.00    427.26     88.26
  104                  0.00    427.26     88.26
  105                  0.00    427.26     72.26
  106                  0.00    427.26     72.26
  107                  0.00    428.75     89.75
  108                 59.00    427.90     92.34
  109                  0.00    428.56     91.56
  11B                105.00    427.89     84.89
  110                  0.00    428.92     82.92
  111                  0.00    428.92     90.94
  112                  0.00    428.92     86.92
  113                  0.00    428.92    105.92
  114                  0.00    428.92     80.92
  115                  0.00    428.92     82.92
  116                  0.00    428.92     83.92
  117                  0.00    428.92     85.92
  118                  0.00    428.92     89.92
  119                  0.00    428.92    106.11
  12                 134.00    427.55     97.21
  121                  0.00    428.92     78.92
  122                  0.00    428.92     81.92
  123                  0.00    428.92     82.92
  125                  0.00    428.92     77.92
  126                  0.00    428.92     80.92
  127                  0.00    428.92     85.59
  128                  0.00    428.91     66.91
  129                  0.00    428.91     72.91
  130                  0.00    428.91     87.83
  130B                 0.00    428.91     75.91
  132                  0.00    428.91     95.91
  134                  0.00    428.91    107.91
  135                  0.00    428.91    112.91
  137                  0.00    428.91    119.91
  139                  0.00    428.91     68.91
  14                  53.00    427.26     89.26
  140                  0.00    428.91     77.91
  141                  0.00    428.91     76.91
  142                  0.00    428.91     67.91
  143                  0.00    428.91     87.94
  144                  0.00    428.91     69.91
  146                  0.00    428.82     82.82
  147                  0.00    428.75    107.75
  148                  0.00    428.81     95.81
  149                  0.00    428.58    115.37
  15                   0.00    426.34     91.34
  150                 92.00    428.38    120.31
  151                  0.00    428.38    123.14
  152                  0.00    428.38    118.36
  153                  0.00    428.38    118.38
  154                  0.00    428.89    103.89
  157                  0.00    428.89    125.89
  158A                 0.00    428.89    107.89
  158B                 0.00    428.89    107.89
  16B                  0.00    427.27     93.27
  160                  0.00    428.92     61.92
  162                  0.00    428.92     60.92
  163                  0.00    428.92     54.92
  164                  0.00    428.92     69.26
  165                  0.00    428.92     67.62
  166                  0.00    428.92     67.91
  167                  0.00    428.92     58.28
  169                  0.00    428.92     62.42
  17A                222.00    425.69     90.69
  170                101.00    428.92     69.92
  17B                  0.00    425.52     90.52
  171                  0.00    428.92     76.92
  172                  0.00    428.92     88.92
  18B                207.00    420.36     95.36
  19                   0.00    428.86     70.86
  2                    0.00    428.65    102.65
  20                   0.00    428.93     64.93
  2002                 0.00    428.56     78.56
  2003                 0.00    428.56     78.56
  21                   0.00    428.93     66.20
  22                   0.00    428.93     67.33
  222                  0.00    428.93     78.93
  24                   0.00    428.93     84.93
  25                   0.00    428.93     83.93
  26                   0.00    428.92     80.92
  27                   0.00    428.92     78.92
  28                   0.00    428.92     80.92
  29                   0.00    428.91     72.91
  3                    0.00    428.52     88.17
  30                   0.00    428.91     67.91
  3002                 0.00    428.93     42.93
  3004                 0.00    428.93     42.93
  3005                 0.00    428.93     42.93
  3008                 0.00    428.93     43.93
  3012                 0.00    428.93     58.20
  3013                 0.00    428.93     64.00
  3016                 0.00    428.94     63.94
  3017                 0.00    428.94     46.94
  3018                 0.00    428.93     51.93
  3019                 0.00    428.93     59.54
  3020                 0.00    428.93     60.82
  3024                 0.00    428.93     63.99
  31                   0.00    428.90     71.11
  3152                 0.00    428.93     62.73
  32                   0.00    428.90     70.90
  34                   0.00    428.89     77.87
  35                   0.00    428.89     91.89
  36                   0.00    428.89    100.89
  39                   0.00    428.89    115.89
  41                   0.00    428.89    121.89
  46                   0.00    428.93     52.93
  47                   0.00    428.92     70.74
  48                   0.00    428.92     84.92
  49                   0.00    428.92     76.92
  5                    0.00    428.45     81.45
  52                   0.00    428.92     77.92
  53                   0.00    428.89     72.89
  54                   0.00    428.82     83.82
  55                   0.00    428.34     98.34
  56                   0.00    428.14     94.14
  58                   0.00    426.44     93.44
  59                 171.00    422.40     93.40
  6                    0.00    428.27     76.27
  60                   0.00    428.52     83.52
  61                   0.00    428.52     89.52
  62                 109.00    423.79     69.79
  64                  46.00    428.60     97.60
  65                   0.00    428.59     88.59
  66                   0.00    428.58     89.58
  67                 101.00    428.56     96.56
  68                   0.00    428.56     89.56
  69                   0.00    428.56     77.56
  7                    0.00    428.25     75.25
  70                   0.00    428.56     88.56
  71                   0.00    428.56     91.56
  72                   0.00    428.18     72.18
  73                   0.00    428.23     73.23
  77                   0.00    428.18     72.18
  78                   0.00    428.18     88.04
  79                   0.00    428.25     75.25
  8                    0.00    428.28     78.28
  80                   0.00    428.11     79.11
  81                   0.00    427.23     68.23
  82                  93.00    426.66     68.66
  85                   0.00    428.56     89.56
  86                   0.00    428.56     91.56
  87                   0.00    428.17     68.17
  88                   0.00    428.15     75.15
  89                   0.00    428.09     61.09
  90                   0.00    427.96     71.96
  91                   0.00    428.01     56.01
  92                   0.00    427.97     67.97
  91B                  0.00    427.97     67.97
  94                   0.00    427.92     88.92
  95                   0.00    427.77     84.77
  97                   0.00    427.68     96.68
  99                   0.00    428.09     78.09
  74                   0.00    428.22     69.51
  1074                 0.00    428.22     70.22
  11A                 58.00    427.64     84.64
  1011                 0.00    427.68     84.68
  0                -1839.00    429.00      0.00  Reservoir
   
   
  Link Results:
  ----------------------------------------------
                       Flow  Velocity  Headloss
  Link                 m3/h       m/s    /1000m
  ----------------------------------------------
  TU1                 -0.00      0.00      0.00
  TU10                 0.00      0.00      0.00
  TU100              101.00      0.22      0.12
  TU101              101.00      0.14      0.04
  TU102                0.00      0.00      0.00
  TU103              101.00      0.14      0.04
  TU104              147.00      0.21      0.08
  TU105             1269.00      0.55      0.23
  TU106             1269.00      0.55      0.23
  TU107                0.00      0.00      0.00
  TU108             1269.00      0.55      0.23
  TU109             1416.00      0.62      0.28
  TU11                -0.00      0.00      0.00
  TU110             1416.00      0.62      0.28
  TU111              171.00      2.25     22.99
  TU112              171.00      1.25      5.48
  TU113              171.00      0.91      2.53
  TU114              171.00      0.91      2.53
  TU115             1587.00      0.56      0.21
  TU116             1587.00      0.56      0.21
  TU117               -0.00      0.00      0.00
  TU118                0.00      0.00      0.00
  TU119             1587.00      0.56      0.21
  TU12                 0.00      0.00      0.00
  TU120             1587.00      0.56      0.21
  TU121                0.00      0.00      0.00
  TU122                0.00      0.00      0.00
  TU123                0.00      0.00      0.00
  TU124                0.00      0.00      0.00
  TU125               -0.00      0.00      0.00
  TU126               -0.00      0.00      0.00
  TU127               -0.00      0.00      0.00
  TU128                0.00      0.00      0.00
  TU129                0.00      0.00      0.00
  TU13                 0.00      0.00      0.00
  TU130               -0.00      0.00      0.00
  TU131               -0.00      0.00      0.00
  TU132                0.00      0.00      0.00
  TU133               -0.00      0.00      0.00
  TU134               -0.00      0.00      0.00
  TU135               -0.00      0.00      0.00
  TU136                0.00      0.00      0.00
  TU137                0.00      0.00      0.00
  TU138              101.00      0.14      0.04
  TU139              101.00      0.10      0.02
  TU14                53.00      0.12      0.04
  TU140              101.00      0.10      0.02
  TU141              109.00      1.83     18.27
  TU142              109.00      0.29      0.22
  TU143               -0.00      0.00      0.00
  TU144               80.00      0.86      3.53
  TU145               -0.00      0.00      0.00
  TU146               80.00      0.35      0.39
  TU147               80.00      0.22      0.12
  TU148                0.00      0.00      0.00
  TU149              139.00      0.96      3.29
  TU15                -0.00      0.00      0.00
  TU150              139.00      0.96      3.29
  TU151              219.00      0.31      0.16
  TU152               -0.00      0.00      0.00
  TU15301            219.00      0.31      0.16
  TU15302            219.00      0.31      0.16
  TU1074               0.00      0.00      0.00
  TU154              219.00      0.22      0.07
  TU155               69.00      1.16      7.90
  TU156              288.00      0.28      0.11
  TU157              397.00      0.39      0.20
  TU158                0.00      0.00      0.00
  TU159              397.00      0.39      0.20
  TU16              1839.00      0.33      0.05
  TU160                0.00      0.00      0.00
  TU161              397.00      0.39      0.20
  TU162              872.00      0.63      0.39
  TU163              872.00      0.63      0.39
  TU164              872.00      0.63      0.40
  TU166               -0.00      0.00      0.00
  TU167               93.00      1.22      7.49
  TU168               93.00      1.22      7.49
  TU169               93.00      0.78      2.54
  TU17                59.00      1.05      6.80
  TU170               93.00      0.43      0.58
  TU171              779.00      0.56      0.32
  TU17201             58.00      0.76      3.17
  TU17202              0.00      0.00      0.00
  TU1011A             58.00      0.76      3.17
  TU173               58.00      0.42      0.77
  TU174               -0.00      0.00      0.00
  TU175               58.00      0.27      0.25
  TU176              616.00      0.61      0.44
  TU177              721.00      0.71      0.59
  TU178              482.00      0.47      0.28
  TU179              429.00      1.22      2.97
  TU18                59.00      0.67      2.32
  TU180              429.00      1.22      2.97
  TU181              207.00      1.74     10.99
  TU182              207.00      0.95      2.49
  TU183                0.00      0.00      0.00
  TU184                0.00      0.00      0.00
  TU185               -0.00      0.00      0.00
  TU186               -0.00      0.00      0.00
  TU187               -0.00      0.00      0.00
  TU188               92.00      0.07      0.01
  TU189               92.00      0.07      0.01
  TU19                 0.00      0.00      0.00
  TU190               -0.00      0.00      0.00
  TU191                0.00      0.00      0.00
  TU192                0.00      0.00      0.00
  TU193                0.00      0.00      0.00
  TU194               -0.00      0.00      0.00
  TU195                0.00      0.00      0.00
  TU196                0.00      0.00      0.00
  TU197               -0.00      0.00      0.00
  TU198                0.00      0.00      0.00
  TU199                0.00      0.00      0.00
  TU2                  0.00      0.00      0.00
  TU20                59.00      0.43      0.79
  TU200               -0.00      0.00      0.00
  TU201                0.00      0.00      0.00
  TU203                0.00      0.00      0.00
  TU204              151.00      0.07      0.01
  TU205              151.00      0.07      0.00
  TU21                -0.00      0.00      0.00
  TU22               151.00      0.08      0.01
  TU23               151.00      0.08      0.01
  TU24               151.00      0.08      0.01
  TU25               151.00      0.08      0.01
  TU26                92.00      0.09      0.01
  TU27                92.00      0.09      0.01
  TU28                92.00      0.09      0.01
  TU29                92.00      0.09      0.01
  TU3                  0.00      0.00      0.00
  TU30                 0.00      0.00      0.00
  TU31                -0.00      0.00      0.00
  TU32                 0.00      0.00      0.00
  TU33                 0.00      0.00      0.00
  TU34                 0.00      0.00      0.00
  TU35                 0.00      0.00      0.00
  TU36                 0.00      0.00      0.00
  TU37                 0.00      0.00      0.00
  TU38                 0.00      0.00      0.00
  TU39                -0.00      0.00      0.00
  TU4                219.00      0.31      0.16
  TU40                -0.00      0.00      0.00
  TU41                -0.00      0.00      0.00
  TU42                 0.00      0.00      0.00
  TU43                -0.00      0.00      0.00
  TU44                -0.00      0.00      0.00
  TU45                -0.00      0.00      0.00
  TU46                -0.00      0.00      0.00
  TU47                -0.00      0.00      0.00
  TU48                 0.00      0.00      0.00
  TU49                 0.00      0.00      0.00
  TU5                219.00      0.31      0.16
  TU50                 0.00      0.00      0.00
  TU51                 0.00      0.00      0.00
  TU52                 0.00      0.00      0.00
  TU53                 0.00      0.00      0.00
  TU54                 0.00      0.00      0.00
  TU55                 0.00      0.00      0.00
  TU56                 0.00      0.00      0.00
  TU57                 0.00      0.00      0.00
  TU58                 0.00      0.00      0.00
  TU59                 0.00      0.00      0.00
  TU6                 -0.00      0.00      0.00
  TU60                 0.00      0.00      0.00
  TU61                 0.00      0.00      0.00
  TU62                92.00      0.49      0.82
  TU63                 0.00      0.00      0.00
  TU64                92.00      0.49      0.82
  TU65                 0.00      0.00      0.00
  TU66                92.00      0.30      0.26
  TU67                92.00      0.26      0.18
  TU68                92.00      0.26      0.18
  TU69                92.00      0.13      0.03
  TU7                  0.00      0.00      0.00
  TU70                92.00      0.13      0.03
  TU71                92.00      0.13      0.03
  TU72                 0.00      0.00      0.00
  TU73                 0.00      0.00      0.00
  TU74                 0.00      0.00      0.00
  TU75                 0.00      0.00      0.00
  TU76                 0.00      0.00      0.00
  TU77                 0.00      0.00      0.00
  TU78                 0.00      0.00      0.00
  TU79                 0.00      0.00      0.00
  TU8                  0.00      0.00      0.00
  TU80                 0.00      0.00      0.00
  TU81                 0.00      0.00      0.00
  TU82                 0.00      0.00      0.00
  TU83                 0.00      0.00      0.00
  TU84                 0.00      0.00      0.00
  TU85                 0.00      0.00      0.00
  TU86                 0.00      0.00      0.00
  TU87                 0.00      0.00      0.00
  TU88                 0.00      0.00      0.00
  TU89                 0.00      0.00      0.00
  TU9                  0.00      0.00      0.00
  TU90                 0.00      0.00      0.00
  TU91                -0.00      0.00      0.00
  TU92                -0.00      0.00      0.00
  TU93                 0.00      0.00      0.00
  TU94                 0.00      0.00      0.00
  TU95                 0.00      0.00      0.00
  TU96                 0.00      0.00      0.00
  TU97                 0.00      0.00      0.00
  TU98                 0.00      0.00      0.00
  TU99                 0.00      0.00      0.00
  TU4000               0.00      0.00      0.00
   
  Analysis ended Fri Dec  1 08:47:08 2023
