  Page 1                                    Fri Dec  1 09:07:37 2023

  ******************************************************************
  *                           E P A N E T                          *
  *                   Hydraulic and Water Quality                  *
  *                   Analysis for Pipe Networks                   *
  *                         Version 2.2                            *
  ******************************************************************
  
  Analysis begun Fri Dec  1 09:07:37 2023

   
  Node Results:
  ----------------------------------------------
                     Demand      Head  Pressure
  Node                 m3/h         m         m
  ----------------------------------------------
  3661                 0.00    428.86     50.72
  482                  0.00    428.95     82.95
  661                  0.00    427.92     97.92
  6610                 0.00    428.80      3.87
  6611                 0.00    428.68     93.68
  6612                 0.00    428.80     66.43
  6613                 0.00    428.06     73.06
  6615                 0.00    428.53     89.53
  6616                 0.00    428.36     67.36
  6617                 0.00    428.09     85.09
  6618                 0.00    428.62     80.62
  662                  0.00    428.85    100.85
  6620                 0.00    427.06    119.06
  6621                 0.00    427.84     99.84
  6622                 0.00    428.02     91.02
  6623                 0.00    428.20     77.20
  6624                 0.00    428.23     76.23
  6625                 0.00    427.91    115.91
  6626                 0.00    428.09    107.09
  6627                 0.00    425.32    104.32
  6628                 0.00    427.74     88.74
  6629                 0.00    428.45     88.45
  663                  0.00    428.82     87.82
  6630                 0.00    428.64      3.78
  6632                 0.00    428.73     88.73
  6633                 0.00    428.93     66.29
  6634                 0.00    428.94     57.94
  6635                 0.00    428.95     76.95
  6636                 0.00    428.95     72.95
  6637                 0.00    428.95     61.95
  6639                 0.00    428.80     68.80
  664                  0.00    428.76     80.76
  6640                 0.00    428.80     68.80
  6641                 0.00    428.80     70.12
  6642                 0.00    428.80     72.80
  6643                 0.00    428.80     76.80
  6644                 0.00    428.81     76.81
  6645                 0.00    428.81     78.81
  6646                 0.00    428.46     81.44
  6648                 0.00    428.51     82.50
  6649                 0.00    428.32     89.32
  665                  0.00    428.73     83.73
  666                  0.00    428.64     88.64
  6665                 0.00    428.95     63.81
  6666                 0.00    428.95     61.29
  667                  0.00    428.81     76.81
  668                  0.00    427.92     97.92
  669                  0.00    428.31     83.31
  1                   80.00    428.89     98.89
  10                   0.00    428.80     76.80
  100                  0.00    428.80     73.80
  100B                 0.00    428.80     70.80
  101                114.00    427.67     74.67
  103                  0.00    428.67     89.67
  104                  0.00    428.67     89.67
  105                  0.00    428.06     73.06
  106                  0.00    428.06     73.06
  107                  0.00    428.53     89.53
  108                 63.00    427.57     92.01
  109                  0.00    428.31     91.31
  11B                 59.00    428.72     85.72
  110                  0.00    428.62     82.62
  111                  0.00    428.58     90.60
  112                  0.00    428.60     86.60
  113                  0.00    428.54    105.54
  114                  0.00    428.37     80.37
  115                  0.00    428.21     82.21
  116                  0.00    428.27     83.27
  117                  0.00    428.09     85.09
  118                 74.00    427.11     88.11
  119                  0.00    427.11    104.30
  12                   0.00    428.71     98.37
  121                  0.00    428.47     78.47
  122                 61.00    425.00     78.00
  123                  0.00    427.81     81.81
  125                  0.00    428.47     77.47
  126                  0.00    428.47     80.47
  127                  0.00    428.47     85.14
  128                 49.00    428.34     66.34
  129                  0.00    428.16     72.16
  130                  0.00    428.02     86.94
  130B                 0.00    428.10     75.10
  132                 53.00    426.46     93.46
  134                 61.00    425.02    104.02
  135                 59.00    423.19    107.19
  137                 58.00    419.35    110.35
  139                  0.00    427.92     67.92
  14                   0.00    428.67     90.67
  140                  0.00    427.92     76.92
  141                  0.00    427.92     75.92
  142                  0.00    427.92     66.92
  143                  0.00    426.46     85.49
  144                  0.00    428.26     69.26
  146                  0.00    428.16     82.16
  147                  0.00    428.09    107.09
  148                  0.00    428.15     95.15
  149                  0.00    427.91    114.70
  15                   0.00    428.68     93.68
  150                 94.00    427.70    119.63
  151                  0.00    427.70    122.46
  152                  0.00    427.70    117.68
  153                  0.00    427.70    117.70
  154                  0.00    427.76    102.76
  157                  0.00    427.06    124.06
  158A                72.00    415.98     94.98
  158B                72.00    415.96     94.96
  16B                  0.00    428.68     94.68
  160                  0.00    428.95     61.95
  162                  0.00    428.95     60.95
  163                  0.00    428.95     54.95
  164                  0.00    428.95     69.29
  165                  0.00    428.95     67.65
  166                  0.00    428.95     67.94
  167                  0.00    428.95     58.31
  169                  0.00    428.95     62.45
  17A                  0.00    428.68     93.68
  170                  0.00    428.95     69.95
  17B                  0.00    428.68     93.68
  171                  0.00    428.95     76.95
  172                  0.00    428.95     88.95
  18B                  0.00    428.68    103.68
  19                   0.00    428.93     70.93
  2                    0.00    428.86    102.86
  20                   0.00    428.86     64.86
  2002                 0.00    428.31     78.31
  2003                 0.00    428.31     78.31
  21                   0.00    428.83     66.10
  22                   0.00    428.83     67.23
  222                 70.00    428.76     78.76
  24                   0.00    428.73     84.73
  25                   0.00    428.68     83.68
  26                   0.00    428.62     80.62
  27                   0.00    428.63     78.63
  28                   0.00    428.57     80.57
  29                   0.00    428.39     72.39
  3                    0.00    428.84     88.49
  30                   0.00    428.37     67.37
  3002                 0.00    428.86     42.86
  3004                 0.00    428.86     42.86
  3005                 0.00    428.86     42.86
  3008                 0.00    428.86     43.86
  3012                 0.00    428.86     58.13
  3013                 0.00    428.86     63.93
  3016                 0.00    428.88     63.88
  3017                 0.00    428.95     46.95
  3018                 0.00    428.95     51.95
  3019                 0.00    428.86     59.47
  3020                 0.00    428.86     60.75
  3024                 0.00    428.86     63.92
  31                   0.00    428.28     70.49
  3152                 0.00    428.86     62.66
  32                   0.00    428.31     70.31
  34                   0.00    428.20     77.18
  35                   0.00    428.02     91.02
  36                   0.00    427.84     99.84
  39                   0.00    427.50    114.50
  41                   0.00    426.81    119.81
  46                   0.00    428.95     52.95
  47                   0.00    428.95     70.77
  48                   0.00    428.95     84.95
  49                   0.00    428.95     76.95
  5                    0.00    428.83     81.83
  52                   0.00    428.95     77.95
  53                   0.00    428.94     72.94
  54                   0.00    428.91     83.91
  55                   0.00    428.85     98.85
  56                  48.00    428.83     94.83
  58                   0.00    428.83     95.83
  59                   0.00    428.83     99.83
  6                    0.00    428.81     76.81
  60                   0.00    428.84     83.84
  61                   0.00    428.84     89.84
  62                   0.00    428.81     74.81
  64                   0.00    428.80     97.80
  65                  84.00    428.38     88.38
  66                   0.00    428.73     89.73
  67                   0.00    428.68     96.68
  68                   0.00    428.64     89.64
  69                   0.00    428.64     77.64
  7                    0.00    428.79     75.79
  70                 159.00    427.74     87.74
  71                   0.00    428.45     91.45
  72                   0.00    428.81     72.81
  73                  92.00    428.80     73.80
  77                   0.00    428.81     72.81
  78                   0.00    428.81     88.67
  79                   0.00    428.79     75.79
  8                    0.00    428.81     78.81
  80                   0.00    428.75     79.75
  81                   0.00    428.51     69.51
  82                  46.00    428.35     70.35
  85                   0.00    427.74     88.74
  86                   0.00    427.74     90.74
  87                   0.00    428.80     68.80
  88                   0.00    428.80     75.80
  89                   0.00    428.80     61.80
  90                   0.00    428.80     72.80
  91                   0.00    428.80     56.80
  92                   0.00    428.80     68.80
  91B                  0.00    428.80     68.80
  94                   0.00    428.32     89.32
  95                   0.00    427.41     84.41
  97                   0.00    426.80     95.80
  99                   0.00    428.80     78.80
  74                   0.00    428.80     70.09
  1074                 0.00    428.80     70.80
  11A                160.00    426.52     83.52
  1011                 0.00    426.80     83.80
  0                -1628.00    429.00      0.00  Reservoir
   
   
  Link Results:
  ----------------------------------------------
                       Flow  Velocity  Headloss
  Link                 m3/h       m/s    /1000m
  ----------------------------------------------
  TU1                 -0.00      0.00      0.00
  TU10                 0.00      0.00      0.00
  TU100              159.00      0.35      0.27
  TU101              159.00      0.22      0.09
  TU102               84.00      1.49     12.97
  TU103              243.00      0.34      0.20
  TU104              243.00      0.34      0.20
  TU105              471.00      0.21      0.04
  TU106              471.00      0.21      0.04
  TU107                0.00      0.00      0.00
  TU108              471.00      0.21      0.04
  TU109              714.00      0.31      0.08
  TU11               114.00      0.52      0.84
  TU110              714.00      0.31      0.08
  TU111                0.00      0.00      0.00
  TU112               -0.00      0.00      0.00
  TU113               48.00      0.26      0.25
  TU114               48.00      0.26      0.25
  TU115              842.00      0.30      0.07
  TU116              842.00      0.30      0.07
  TU117               -0.00      0.00      0.00
  TU118                0.00      0.00      0.00
  TU119              842.00      0.30      0.07
  TU12                 0.00      0.00      0.00
  TU120              842.00      0.30      0.07
  TU121                0.00      0.00      0.00
  TU122                0.00      0.00      0.00
  TU123               -0.00      0.00      0.00
  TU124                0.00      0.00      0.00
  TU125               -0.00      0.00      0.00
  TU126               -0.00      0.00      0.00
  TU127               -0.00      0.00      0.00
  TU128                0.00      0.00      0.00
  TU129                0.00      0.00      0.00
  TU13                 0.00      0.00      0.00
  TU130               -0.00      0.00      0.00
  TU131               -0.00      0.00      0.00
  TU132                0.00      0.00      0.00
  TU133               -0.00      0.00      0.00
  TU134               -0.00      0.00      0.00
  TU135               -0.00      0.00      0.00
  TU136                0.00      0.00      0.00
  TU137                0.00      0.00      0.00
  TU138                0.00      0.00      0.00
  TU139                0.00      0.00      0.00
  TU14               114.00      0.25      0.15
  TU140                0.00      0.00      0.00
  TU141                0.00      0.00      0.00
  TU142                0.00      0.00      0.00
  TU143               -0.00      0.00      0.00
  TU144               -0.00      0.00      0.00
  TU145               -0.00      0.00      0.00
  TU146               -0.00      0.00      0.00
  TU147               -0.00      0.00      0.00
  TU148               -0.00      0.00      0.00
  TU149               -0.00      0.00      0.00
  TU15                -0.00      0.00      0.00
  TU150               -0.00      0.00      0.00
  TU151               -0.00      0.00      0.00
  TU152               -0.00      0.00      0.00
  TU15301              0.00      0.00      0.00
  TU15302              0.00      0.00      0.00
  TU1074               0.00      0.00      0.00
  TU154               92.00      0.09      0.01
  TU155                0.00      0.00      0.00
  TU156               92.00      0.09      0.01
  TU157               92.00      0.09      0.02
  TU158                0.00      0.00      0.00
  TU159               92.00      0.09      0.01
  TU16              1628.00      0.29      0.04
  TU160                0.00      0.00      0.00
  TU161               92.00      0.09      0.01
  TU162              379.00      0.27      0.09
  TU163              379.00      0.27      0.09
  TU164              379.00      0.27      0.09
  TU166               -0.00      0.00      0.00
  TU167               46.00      0.60      2.08
  TU168               46.00      0.60      2.09
  TU169               46.00      0.39      0.71
  TU17                63.00      1.12      7.66
  TU170               46.00      0.21      0.16
  TU171              333.00      0.24      0.07
  TU17201            160.00      2.10     20.33
  TU17202              0.00      0.00      0.00
  TU1011A            160.00      2.10     20.33
  TU173              160.00      1.17      4.85
  TU174               -0.00      0.00      0.00
  TU175              160.00      0.73      1.56
  TU176              114.00      0.11      0.02
  TU177              173.00      0.17      0.04
  TU178              114.00      0.11      0.02
  TU179                0.00      0.00      0.00
  TU18                63.00      0.72      2.62
  TU180                0.00      0.00      0.00
  TU181                0.00      0.00      0.00
  TU182                0.00      0.00      0.00
  TU183                0.00      0.00      0.00
  TU184                0.00      0.00      0.00
  TU185              135.00      0.30      0.20
  TU186               -0.00      0.00      0.00
  TU187               -0.00      0.00      0.00
  TU188              653.00      0.47      0.23
  TU189              653.00      0.47      0.23
  TU19                 0.00      0.00      0.00
  TU190               -0.00      0.00      0.00
  TU191               -0.00      0.00      0.00
  TU192                0.00      0.00      0.00
  TU193                0.00      0.00      0.00
  TU194               -0.00      0.00      0.00
  TU195                0.00      0.00      0.00
  TU196                0.00      0.00      0.00
  TU197               -0.00      0.00      0.00
  TU198                0.00      0.00      0.00
  TU199                0.00      0.00      0.00
  TU2                  0.00      0.00      0.00
  TU20                63.00      0.46      0.89
  TU200               -0.00      0.00      0.00
  TU201                0.00      0.00      0.00
  TU203                0.00      0.00      0.00
  TU204              786.00      0.34      0.10
  TU205              786.00      0.34      0.10
  TU21                -0.00      0.00      0.00
  TU22               716.00      0.40      0.14
  TU23               786.00      0.43      0.17
  TU24               786.00      0.43      0.17
  TU25               786.00      0.43      0.17
  TU26               518.00      0.51      0.32
  TU27               518.00      0.51      0.32
  TU28               518.00      0.51      0.32
  TU29               518.00      0.51      0.32
  TU3                  0.00      0.00      0.00
  TU30                 0.00      0.00      0.00
  TU31                74.00      0.84      3.51
  TU32                 0.00      0.00      0.00
  TU33                74.00      0.34      0.39
  TU34                74.00      0.34      0.39
  TU35                61.00      1.09      7.22
  TU36                61.00      0.70      2.47
  TU37               135.00      0.38      0.36
  TU38               135.00      0.38      0.36
  TU39                -0.00      0.00      0.00
  TU4                 -0.00      0.00      0.00
  TU40                -0.00      0.00      0.00
  TU41               135.00      0.30      0.20
  TU42                 0.00      0.00      0.00
  TU43               135.00      0.19      0.07
  TU44               135.00      0.19      0.07
  TU45               135.00      0.19      0.07
  TU46               135.00      0.19      0.07
  TU47                -0.00      0.00      0.00
  TU48               144.00      1.89     16.73
  TU49               144.00      1.21      5.64
  TU5                  0.00      0.00      0.00
  TU50                 0.00      0.00      0.00
  TU51               144.00      0.77      1.85
  TU52               144.00      0.48      0.59
  TU53               144.00      0.48      0.59
  TU54                 0.00      0.00      0.00
  TU55               144.00      0.48      0.59
  TU56                 0.00      0.00      0.00
  TU57               144.00      0.41      0.41
  TU58                 0.00      0.00      0.00
  TU59               144.00      0.41      0.41
  TU6                135.00      0.19      0.07
  TU60                -0.00      0.00      0.00
  TU61                 0.00      0.00      0.00
  TU62                94.00      0.50      0.85
  TU63                 0.00      0.00      0.00
  TU64                94.00      0.50      0.85
  TU65                 0.00      0.00      0.00
  TU66                94.00      0.31      0.27
  TU67                94.00      0.27      0.19
  TU68                94.00      0.27      0.19
  TU69               238.00      0.34      0.19
  TU7                  0.00      0.00      0.00
  TU70               238.00      0.34      0.19
  TU71               238.00      0.34      0.19
  TU72               231.00      0.51      0.52
  TU73               231.00      0.51      0.52
  TU74               231.00      0.51      0.52
  TU75               231.00      0.51      0.52
  TU76               231.00      0.51      0.52
  TU77               280.00      0.62      0.74
  TU78                58.00      1.20      9.42
  TU79               117.00      1.54     11.41
  TU8                114.00      1.23      6.73
  TU80                61.00      1.26     10.33
  TU81               178.00      1.50      8.32
  TU82                 0.00      0.00      0.00
  TU83                53.00      0.70      2.69
  TU84                 0.00      0.00      0.00
  TU85                 0.00      0.00      0.00
  TU86                 0.00      0.00      0.00
  TU87                 0.00      0.00      0.00
  TU88                53.00      0.12      0.04
  TU89                 0.00      0.00      0.00
  TU9                  0.00      0.00      0.00
  TU90                 0.00      0.00      0.00
  TU91                -0.00      0.00      0.00
  TU92               159.00      0.73      1.54
  TU93               159.00      0.45      0.49
  TU94                 0.00      0.00      0.00
  TU95               159.00      0.45      0.49
  TU96                 0.00      0.00      0.00
  TU97                 0.00      0.00      0.00
  TU98                 0.00      0.00      0.00
  TU99               159.00      0.35      0.27
  TU4000              72.00      0.95      4.70
   
  Analysis ended Fri Dec  1 09:07:37 2023
