  Page 1                                    Fri Dec  1 08:46:31 2023

  ******************************************************************
  *                           E P A N E T                          *
  *                   Hydraulic and Water Quality                  *
  *                   Analysis for Pipe Networks                   *
  *                         Version 2.2                            *
  ******************************************************************
  
  Analysis begun Fri Dec  1 08:46:31 2023

   
  Node Results:
  ----------------------------------------------
                     Demand      Head  Pressure
  Node                 m3/h         m         m
  ----------------------------------------------
  3661                 0.00    428.92     50.78
  482                  0.00    428.77     82.77
  661                  0.00    428.84     98.84
  6610                 0.00    426.88      1.52
  6611                 0.00    428.05     93.05
  6612                 0.00    427.44     65.07
  6613                 0.00    428.18     73.18
  6615                 0.00    428.91     89.91
  6616                 0.00    428.88     67.88
  6617                 0.00    428.87     85.87
  6618                 0.00    428.90     80.90
  662                  0.00    428.60    100.60
  6620                 0.00    428.88    120.88
  6621                 0.00    428.88    100.88
  6622                 0.00    428.88     91.88
  6623                 0.00    428.88     77.88
  6624                 0.00    428.88     76.88
  6625                 0.00    428.88    116.88
  6626                 0.00    428.88    107.88
  6627                 0.00    428.84    107.84
  6628                 0.00    427.89     88.89
  6629                 0.00    428.37     88.37
  663                  0.00    428.35     87.35
  6630                 0.00    428.50      3.64
  6632                 0.00    428.56     88.56
  6633                 0.00    428.84     66.20
  6634                 0.00    428.86     57.86
  6635                 0.00    428.82     76.82
  6636                 0.00    428.82     72.82
  6637                 0.00    428.77     61.77
  6639                 0.00    427.01     67.01
  664                  0.00    428.28     80.28
  6640                 0.00    426.99     66.99
  6641                 0.00    427.29     68.61
  6642                 0.00    427.29     71.29
  6643                 0.00    427.67     75.67
  6644                 0.00    427.82     75.82
  6645                 0.00    427.89     77.89
  6646                 0.00    427.22     80.20
  6648                 0.00    427.37     81.36
  6649                 0.00    428.12     89.12
  665                  0.00    428.25     83.25
  666                  0.00    428.50     88.50
  6665                 0.00    427.76     62.62
  6666                 0.00    428.64     60.98
  667                  0.00    427.80     75.80
  668                  0.00    428.84     98.84
  669                  0.00    428.27     83.27
  1                   89.00    428.72     98.72
  10                   0.00    427.67     75.67
  100                  0.00    427.29     72.29
  100B                 0.00    426.99     68.99
  101                  0.00    428.18     75.18
  103                  0.00    428.18     89.18
  104                  0.00    428.18     89.18
  105                  0.00    428.18     73.18
  106                  0.00    428.18     73.18
  107                  0.00    428.91     89.91
  108                  0.00    428.91     93.35
  109                  0.00    428.91     91.91
  11B                 85.00    428.23     85.23
  110                  0.00    428.90     82.90
  111                  0.00    428.89     90.91
  112                  0.00    428.89     86.89
  113                  0.00    428.88    105.88
  114                  0.00    428.87     80.87
  115                  0.00    428.87     82.87
  116                  0.00    428.87     83.87
  117                  0.00    428.87     85.87
  118                  0.00    428.87     89.87
  119                  0.00    428.87    106.06
  12                   0.00    428.21     97.87
  121                 52.00    428.87     78.87
  122                  0.00    428.87     81.87
  123                  0.00    428.87     82.87
  125                  0.00    428.87     77.87
  126                  0.00    428.87     80.87
  127                  0.00    428.87     85.54
  128                  0.00    428.88     66.88
  129                  0.00    428.87     72.87
  130                  0.00    428.85     87.77
  130B                 0.00    428.86     75.86
  132                  0.00    428.84     95.84
  134                  0.00    428.84    107.84
  135                  0.00    428.84    112.84
  137                  0.00    428.84    119.84
  139                 60.00    428.48     68.48
  14                   0.00    428.18     90.18
  140                  0.00    428.68     77.68
  141                  0.00    428.66     76.66
  142                  0.00    428.48     67.48
  143                  0.00    428.84     87.87
  144                  0.00    428.88     69.88
  146                  0.00    428.88     82.88
  147                  0.00    428.88    107.88
  148                  0.00    428.88     95.88
  149                  0.00    428.88    115.67
  15                   0.00    428.05     93.05
  150                  0.00    428.88    120.81
  151                  0.00    428.88    123.64
  152                  0.00    428.88    118.86
  153                  0.00    428.88    118.88
  154                  0.00    428.88    103.88
  157                  0.00    428.88    125.88
  158A                 0.00    428.88    107.88
  158B                 0.00    428.88    107.88
  16B                  0.00    428.18     94.18
  160                  0.00    428.76     61.76
  162                  0.00    428.70     60.70
  163                  0.00    428.64     54.64
  164                  0.00    428.49     68.83
  165                  0.00    427.89     66.59
  166                 87.00    427.89     66.88
  167                 95.00    427.60     56.96
  169                  0.00    428.41     61.91
  17A                145.00    427.96     92.96
  170                 83.00    428.79     69.79
  17B                  0.00    427.96     92.96
  171                  0.00    428.82     76.82
  172                  0.00    428.82     88.82
  18B                  0.00    427.96    102.96
  19                   0.00    428.84     70.84
  2                    0.00    428.62    102.62
  20                   0.00    428.92     64.92
  2002                 0.00    428.27     78.27
  2003                 0.00    428.27     78.27
  21                   0.00    428.91     66.18
  22                   0.00    428.91     67.31
  222                  0.00    428.91     78.91
  24                   0.00    428.91     84.91
  25                   0.00    428.90     83.90
  26                   0.00    428.90     80.90
  27                   0.00    428.90     78.90
  28                   0.00    428.90     80.90
  29                  51.00    428.88     72.88
  3                    0.00    428.49     88.14
  30                   0.00    428.88     67.88
  3002                 0.00    428.92     42.92
  3004                 0.00    428.92     42.92
  3005                 0.00    428.92     42.92
  3008                 0.00    428.92     43.92
  3012                 0.00    428.92     58.19
  3013                 0.00    428.92     63.99
  3016                 0.00    428.92     63.92
  3017                 0.00    428.92     46.92
  3018                 0.00    428.86     51.86
  3019                 0.00    428.92     59.53
  3020                 0.00    428.92     60.81
  3024                 0.00    428.92     63.98
  31                   0.00    428.88     71.09
  3152                 0.00    428.92     62.72
  32                   0.00    428.88     70.88
  34                   0.00    428.88     77.86
  35                   0.00    428.88     91.88
  36                   0.00    428.88    100.88
  39                   0.00    428.88    115.88
  41                   0.00    428.88    121.88
  46                   0.00    428.86     52.86
  47                   0.00    428.41     70.23
  48                   0.00    428.77     84.77
  49                   0.00    428.77     76.77
  5                    0.00    428.42     81.42
  52                   0.00    428.77     77.77
  53                 153.00    425.33     69.33
  54                   0.00    428.80     83.80
  55                   0.00    428.72     98.72
  56                   0.00    428.72     94.72
  58                   0.00    428.72     95.72
  59                   0.00    428.72     99.72
  6                    0.00    427.82     75.82
  60                   0.00    428.49     83.49
  61                   0.00    428.49     89.49
  62                 108.00    423.15     69.15
  64                   0.00    428.58     97.58
  65                   0.00    428.56     88.56
  66                   0.00    428.56     89.56
  67                   0.00    428.52     96.52
  68                   0.00    428.50     89.50
  69                   0.00    428.50     77.50
  7                    0.00    428.30     75.30
  70                 128.00    427.89     87.89
  71                   0.00    428.37     91.37
  72                   0.00    427.46     71.46
  73                 175.00    427.64     72.64
  77                 128.00    423.40     67.40
  78                   0.00    427.46     87.32
  79                  46.00    428.30     75.30
  8                    0.00    427.89     77.89
  80                   0.00    428.25     79.25
  81                   0.00    427.37     68.37
  82                  93.00    426.80     68.80
  85                   0.00    427.89     88.89
  86                   0.00    427.89     90.89
  87                 118.00    427.47     67.47
  88                   0.00    427.44     74.44
  89                   0.00    427.36     60.36
  90                   0.00    427.29     71.29
  91                 207.00    426.46     54.46
  92                  62.00    426.83     66.83
  91B                  0.00    426.88     66.88
  94                   0.00    428.12     89.12
  95                   0.00    427.85     84.85
  97                   0.00    427.67     96.67
  99                   0.00    427.36     77.36
  74                  79.00    425.31     66.60
  1074                 0.00    427.62     69.62
  11A                 83.00    427.58     84.58
  1011                 0.00    427.67     84.67
  0                -2127.00    429.00      0.00  Reservoir
   
   
  Link Results:
  ----------------------------------------------
                       Flow  Velocity  Headloss
  Link                 m3/h       m/s    /1000m
  ----------------------------------------------
  TU1                 62.00      0.68      2.28
  TU10                 0.00      0.00      0.00
  TU100              128.00      0.28      0.18
  TU101              128.00      0.18      0.06
  TU102               -0.00      0.00      0.00
  TU103              128.00      0.18      0.06
  TU104              128.00      0.18      0.06
  TU105             1329.00      0.58      0.25
  TU106             1329.00      0.58      0.25
  TU107                0.00      0.00      0.00
  TU108             1329.00      0.58      0.25
  TU109             1457.00      0.64      0.30
  TU11                -0.00      0.00      0.00
  TU110             1457.00      0.64      0.30
  TU111                0.00      0.00      0.00
  TU112               -0.00      0.00      0.00
  TU113                0.00      0.00      0.00
  TU114                0.00      0.00      0.00
  TU115             1546.00      0.55      0.20
  TU116             1546.00      0.55      0.20
  TU117              153.00      1.65     11.56
  TU118                0.00      0.00      0.00
  TU119             1546.00      0.55      0.20
  TU12                 0.00      0.00      0.00
  TU120             1699.00      0.60      0.24
  TU121                0.00      0.00      0.00
  TU122                0.00      0.00      0.00
  TU123               -0.00      0.00      0.00
  TU124                0.00      0.00      0.00
  TU125               -0.00      0.00      0.00
  TU126               -0.00      0.00      0.00
  TU127               -0.00      0.00      0.00
  TU128               95.00      0.41      0.54
  TU129               95.00      0.41      0.54
  TU13                 0.00      0.00      0.00
  TU130               95.00      0.41      0.54
  TU131              182.00      0.79      1.75
  TU132                0.00      0.00      0.00
  TU133              182.00      0.79      1.75
  TU134               -0.00      0.00      0.00
  TU135              182.00      0.40      0.34
  TU136              182.00      0.40      0.34
  TU137              182.00      0.26      0.12
  TU138              265.00      0.37      0.23
  TU139              265.00      0.26      0.10
  TU14                -0.00      0.00      0.00
  TU140              265.00      0.26      0.09
  TU141              108.00      1.82     17.96
  TU142              236.00      0.64      0.88
  TU143              207.00      0.90      2.21
  TU144               -0.00      0.00      0.00
  TU145               62.00      0.43      0.76
  TU146               62.00      0.27      0.25
  TU147              269.00      0.73      1.12
  TU148               -0.00      0.00      0.00
  TU149               -0.00      0.00      0.00
  TU15                -0.00      0.00      0.00
  TU150               -0.00      0.00      0.00
  TU151              269.00      0.38      0.24
  TU152               -0.00      0.00      0.00
  TU15301            466.00      0.66      0.64
  TU15302            387.00      0.55      0.46
  TU1074              79.00      1.04      5.56
  TU154              641.00      0.63      0.47
  TU155                0.00      0.00      0.00
  TU156              641.00      0.63      0.47
  TU157              877.00      0.86      0.84
  TU158                0.00      0.00      0.00
  TU159              877.00      0.86      0.84
  TU16              2127.00      0.38      0.07
  TU160                0.00      0.00      0.00
  TU161              877.00      0.86      0.84
  TU162              452.00      0.33      0.12
  TU163              406.00      0.29      0.10
  TU164              452.00      0.33      0.12
  TU166               -0.00      0.00      0.00
  TU167               93.00      1.22      7.49
  TU168               93.00      1.22      7.49
  TU169               93.00      0.78      2.54
  TU17                -0.00      0.00      0.00
  TU170               93.00      0.43      0.58
  TU171              313.00      0.23      0.06
  TU17201             83.00      1.09      6.08
  TU17202              0.00      0.00      0.00
  TU1011A             83.00      1.09      6.08
  TU173               83.00      0.61      1.47
  TU174               -0.00      0.00      0.00
  TU175               83.00      0.38      0.47
  TU176              145.00      0.14      0.03
  TU177              230.00      0.23      0.07
  TU178              145.00      0.14      0.03
  TU179              145.00      0.41      0.41
  TU18                 0.00      0.00      0.00
  TU180              145.00      0.41      0.41
  TU181                0.00      0.00      0.00
  TU182                0.00      0.00      0.00
  TU183                0.00      0.00      0.00
  TU184                0.00      0.00      0.00
  TU185               52.00      0.11      0.04
  TU186              182.00      0.49      0.55
  TU187              182.00      0.40      0.34
  TU188              163.00      0.12      0.02
  TU189              163.00      0.12      0.02
  TU19                 0.00      0.00      0.00
  TU190               -0.00      0.00      0.00
  TU191                0.00      0.00      0.00
  TU192                0.00      0.00      0.00
  TU193                0.00      0.00      0.00
  TU194               -0.00      0.00      0.00
  TU195                0.00      0.00      0.00
  TU196                0.00      0.00      0.00
  TU197               -0.00      0.00      0.00
  TU198                0.00      0.00      0.00
  TU199                0.00      0.00      0.00
  TU2                  0.00      0.00      0.00
  TU20                 0.00      0.00      0.00
  TU200               -0.00      0.00      0.00
  TU201                0.00      0.00      0.00
  TU203                0.00      0.00      0.00
  TU204              163.00      0.07      0.01
  TU205              163.00      0.07      0.01
  TU21                -0.00      0.00      0.00
  TU22               163.00      0.09      0.01
  TU23               163.00      0.09      0.01
  TU24               163.00      0.09      0.01
  TU25               163.00      0.09      0.01
  TU26                60.00      0.06      0.01
  TU27                60.00      0.06      0.01
  TU28               111.00      0.11      0.02
  TU29               111.00      0.11      0.02
  TU3                  0.00      0.00      0.00
  TU30                 0.00      0.00      0.00
  TU31                -0.00      0.00      0.00
  TU32                 0.00      0.00      0.00
  TU33                 0.00      0.00      0.00
  TU34                 0.00      0.00      0.00
  TU35                 0.00      0.00      0.00
  TU36                 0.00      0.00      0.00
  TU37                 0.00      0.00      0.00
  TU38                 0.00      0.00      0.00
  TU39                -0.00      0.00      0.00
  TU4                269.00      0.38      0.24
  TU40                -0.00      0.00      0.00
  TU41                -0.00      0.00      0.00
  TU42                 0.00      0.00      0.00
  TU43                52.00      0.07      0.01
  TU44                52.00      0.07      0.01
  TU45                52.00      0.07      0.01
  TU46                52.00      0.07      0.01
  TU47                -0.00      0.00      0.00
  TU48                 0.00      0.00      0.00
  TU49                 0.00      0.00      0.00
  TU5                269.00      0.38      0.23
  TU50                 0.00      0.00      0.00
  TU51                 0.00      0.00      0.00
  TU52                 0.00      0.00      0.00
  TU53                 0.00      0.00      0.00
  TU54                 0.00      0.00      0.00
  TU55                 0.00      0.00      0.00
  TU56                 0.00      0.00      0.00
  TU57                 0.00      0.00      0.00
  TU58                 0.00      0.00      0.00
  TU59                 0.00      0.00      0.00
  TU6                 52.00      0.07      0.01
  TU60                -0.00      0.00      0.00
  TU61                 0.00      0.00      0.00
  TU62                -0.00      0.00      0.00
  TU63                 0.00      0.00      0.00
  TU64                 0.00      0.00      0.00
  TU65                 0.00      0.00      0.00
  TU66                 0.00      0.00      0.00
  TU67                 0.00      0.00      0.00
  TU68                 0.00      0.00      0.00
  TU69                 0.00      0.00      0.00
  TU7                128.00      2.15     24.58
  TU70                 0.00      0.00      0.00
  TU71                 0.00      0.00      0.00
  TU72                60.00      0.13      0.05
  TU73                60.00      0.13      0.05
  TU74                60.00      0.13      0.05
  TU75                60.00      0.13      0.05
  TU76                60.00      0.13      0.05
  TU77                60.00      0.13      0.05
  TU78                 0.00      0.00      0.00
  TU79                 0.00      0.00      0.00
  TU8                  0.00      0.00      0.00
  TU80                 0.00      0.00      0.00
  TU81                 0.00      0.00      0.00
  TU82                 0.00      0.00      0.00
  TU83                 0.00      0.00      0.00
  TU84                 0.00      0.00      0.00
  TU85                60.00      0.44      0.82
  TU86                60.00      0.27      0.27
  TU87                60.00      0.32      0.38
  TU88                60.00      0.13      0.05
  TU89                 0.00      0.00      0.00
  TU9                  0.00      0.00      0.00
  TU90                 0.00      0.00      0.00
  TU91                -0.00      0.00      0.00
  TU92               128.00      0.59      1.04
  TU93               128.00      0.36      0.33
  TU94                 0.00      0.00      0.00
  TU95               128.00      0.36      0.33
  TU96                 0.00      0.00      0.00
  TU97                 0.00      0.00      0.00
  TU98                 0.00      0.00      0.00
  TU99               128.00      0.28      0.18
  TU4000               0.00      0.00      0.00
   
  Analysis ended Fri Dec  1 08:46:31 2023
