  Page 1                                    Fri Dec  1 08:54:43 2023

  ******************************************************************
  *                           E P A N E T                          *
  *                   Hydraulic and Water Quality                  *
  *                   Analysis for Pipe Networks                   *
  *                         Version 2.2                            *
  ******************************************************************
  
  Analysis begun Fri Dec  1 08:54:43 2023

   
  Node Results:
  ----------------------------------------------
                     Demand      Head  Pressure
  Node                 m3/h         m         m
  ----------------------------------------------
  3661                 0.00    428.97     50.83
  482                  0.00    427.77     81.77
  661                  0.00    428.96     98.96
  6610                 0.00    428.68      2.35
  6611                 0.00    428.35     93.35
  6612                 0.00    428.71     66.34
  6613                 0.00    428.46     73.46
  6615                 0.00    428.97     89.97
  6616                 0.00    428.96     67.96
  6617                 0.00    428.94     85.94
  6618                 0.00    428.95     80.95
  662                  0.00    428.91    100.91
  6620                 0.00    428.96    120.96
  6621                 0.00    428.96    100.96
  6622                 0.00    428.96     91.96
  6623                 0.00    428.96     77.96
  6624                 0.00    428.96     76.96
  6625                 0.00    428.96    116.96
  6626                 0.00    428.96    107.96
  6627                 0.00    428.96    107.96
  6628                 0.00    428.91     89.91
  6629                 0.00    428.91     88.91
  663                  0.00    428.85     87.85
  6630                 0.00    428.91      4.05
  6632                 0.00    428.91     88.91
  6633                 0.00    428.96     66.32
  6634                 0.00    428.96     57.96
  6635                 0.00    428.78     76.78
  6636                 0.00    428.78     72.78
  6637                 0.00    428.66     61.66
  6639                 0.00    428.68     68.68
  664                  0.00    428.82     80.82
  6640                 0.00    428.68     68.68
  6641                 0.00    428.68     70.00
  6642                 0.00    428.68     72.68
  6643                 0.00    428.75     76.75
  6644                 0.00    428.77     76.77
  6645                 0.00    428.78     78.78
  6646                 0.00    428.82     81.80
  6648                 0.00    428.82     82.81
  6649                 0.00    428.79     89.79
  665                  0.00    428.79     83.79
  666                  0.00    428.91     88.91
  6665                 0.00    428.42     63.28
  6666                 0.00    428.62     60.96
  667                  0.00    428.76     76.76
  668                  0.00    428.96     98.96
  669                  0.00    428.91     83.91
  1                    0.00    428.93     98.93
  10                  66.00    428.36     76.36
  100                  0.00    428.68     73.68
  100B                 0.00    428.68     70.68
  101                  0.00    428.46     75.46
  103                  0.00    428.61     89.61
  104                  0.00    428.61     89.61
  105                  0.00    428.46     73.46
  106                 52.00    428.39     73.39
  107                  0.00    428.97     89.97
  108                  0.00    428.97     93.41
  109                  0.00    428.97     91.97
  11B                  0.00    428.78     85.78
  110                 70.00    428.95     82.95
  111                 48.00    428.94     90.96
  112                  0.00    428.95     86.95
  113                  0.00    428.94    105.94
  114                  0.00    428.94     80.94
  115                  0.00    428.94     82.94
  116                  0.00    428.94     83.94
  117                  0.00    428.94     85.94
  118                  0.00    428.94     89.94
  119                  0.00    428.94    106.13
  12                   0.00    428.71     98.37
  121                  0.00    428.94     78.94
  122                  0.00    428.94     81.94
  123                  0.00    428.94     82.94
  125                  0.00    428.94     77.94
  126                  0.00    428.94     80.94
  127                  0.00    428.94     85.61
  128                  0.00    428.96     66.96
  129                  0.00    428.96     72.96
  130                  0.00    428.96     87.88
  130B                 0.00    428.96     75.96
  132                  0.00    428.96     95.96
  134                  0.00    428.96    107.96
  135                  0.00    428.96    112.96
  137                  0.00    428.96    119.96
  139                  0.00    428.96     68.96
  14                   0.00    428.61     90.61
  140                  0.00    428.96     77.96
  141                  0.00    428.96     76.96
  142                  0.00    428.96     67.96
  143                  0.00    428.96     87.99
  144                  0.00    428.96     69.96
  146                  0.00    428.96     82.96
  147                  0.00    428.96    107.96
  148                  0.00    428.96     95.96
  149                  0.00    428.96    115.75
  15                   0.00    428.35     93.35
  150                  0.00    428.96    120.89
  151                  0.00    428.96    123.72
  152                  0.00    428.96    118.94
  153                  0.00    428.96    118.96
  154                  0.00    428.96    103.96
  157                  0.00    428.96    125.96
  158A                 0.00    428.96    107.96
  158B                 0.00    428.96    107.96
  16B                  0.00    428.61     94.61
  160                 58.00    428.65     61.65
  162                  0.00    428.64     60.64
  163                  0.00    428.62     54.62
  164                  0.00    428.58     68.92
  165                  0.00    428.42     67.12
  166                 87.00    428.42     67.41
  167                  0.00    428.42     57.78
  169                  0.00    428.56     62.06
  17A                  0.00    428.17     93.17
  170                 83.00    428.71     69.71
  17B                  0.00    427.99     92.99
  171                  0.00    428.78     76.78
  172                  0.00    428.78     88.78
  18B                213.00    422.55     97.55
  19                   0.00    428.96     70.96
  2                    0.00    428.91    102.91
  20                   0.00    428.97     64.97
  2002                 0.00    428.91     78.91
  2003                 0.00    428.91     78.91
  21                   0.00    428.97     66.24
  22                   0.00    428.97     67.37
  222                  0.00    428.97     78.97
  24                   0.00    428.97     84.97
  25                   0.00    428.96     83.96
  26                   0.00    428.95     80.95
  27                   0.00    428.96     78.96
  28                   0.00    428.96     80.96
  29                   0.00    428.96     72.96
  3                    0.00    428.88     88.53
  30                   0.00    428.96     67.96
  3002                 0.00    428.97     42.97
  3004                 0.00    428.97     42.97
  3005                 0.00    428.97     42.97
  3008                 0.00    428.97     43.97
  3012                 0.00    428.97     58.24
  3013                 0.00    428.97     64.04
  3016                 0.00    428.97     63.97
  3017                 0.00    428.97     46.97
  3018                 0.00    428.85     51.85
  3019                 0.00    428.97     59.58
  3020                 0.00    428.97     60.86
  3024                 0.00    428.97     64.03
  31                   0.00    428.96     71.17
  3152                 0.00    428.97     62.77
  32                   0.00    428.96     70.96
  34                   0.00    428.96     77.94
  35                   0.00    428.96     91.96
  36                   0.00    428.96    100.96
  39                   0.00    428.96    115.96
  41                   0.00    428.96    121.96
  46                   0.00    428.85     52.85
  47                   0.00    428.56     70.38
  48                   0.00    427.40     83.40
  49                  87.00    424.57     72.57
  5                    0.00    428.86     81.86
  52                  72.00    424.54     73.54
  53                   0.00    428.96     72.96
  54                   0.00    428.95     83.95
  55                   0.00    428.93     98.93
  56                   0.00    428.93     94.93
  58                   0.00    428.93     95.93
  59                   0.00    428.93     99.93
  6                    0.00    428.77     76.77
  60                   0.00    426.63     81.63
  61                  78.00    425.56     86.56
  62                 101.00    424.88     70.88
  64                   0.00    428.91     97.91
  65                   0.00    428.91     88.91
  66                   0.00    428.91     89.91
  67                   0.00    428.91     96.91
  68                   0.00    428.91     89.91
  69                   0.00    428.91     77.91
  7                    0.00    428.83     75.83
  70                   0.00    428.91     88.91
  71                   0.00    428.91     91.91
  72                   0.00    428.69     72.69
  73                   0.00    428.74     73.74
  77                   0.00    428.69     72.69
  78                   0.00    428.69     88.55
  79                   0.00    428.83     75.83
  8                    0.00    428.78     78.78
  80                   0.00    428.82     79.82
  81                   0.00    428.82     69.82
  82                   0.00    428.82     70.82
  85                   0.00    428.91     89.91
  86                   0.00    428.91     91.91
  87                   0.00    428.72     68.72
  88                   0.00    428.71     75.71
  89                   0.00    428.68     61.68
  90                   0.00    428.68     72.68
  91                   0.00    428.68     56.68
  92                   0.00    428.68     68.68
  91B                  0.00    428.68     68.68
  94                   0.00    428.79     89.79
  95                   0.00    428.79     85.79
  97                   0.00    428.79     97.79
  99                 142.00    426.15     76.15
  74                   0.00    428.74     70.03
  1074                 0.00    428.74     70.74
  11A                  0.00    428.79     85.79
  1011                 0.00    428.79     85.79
  0                -1157.00    429.00      0.00  Reservoir
   
   
  Link Results:
  ----------------------------------------------
                       Flow  Velocity  Headloss
  Link                 m3/h       m/s    /1000m
  ----------------------------------------------
  TU1                 -0.00      0.00      0.00
  TU10                 0.00      0.00      0.00
  TU100                0.00      0.00      0.00
  TU101                0.00      0.00      0.00
  TU102                0.00      0.00      0.00
  TU103                0.00      0.00      0.00
  TU104                0.00      0.00      0.00
  TU105              574.00      0.25      0.05
  TU106              574.00      0.25      0.05
  TU107                0.00      0.00      0.00
  TU108              652.00      0.28      0.07
  TU109              652.00      0.28      0.07
  TU11                52.00      0.24      0.21
  TU110              652.00      0.28      0.07
  TU111                0.00      0.00      0.00
  TU112               -0.00      0.00      0.00
  TU113                0.00      0.00      0.00
  TU114                0.00      0.00      0.00
  TU115              652.00      0.23      0.04
  TU116              652.00      0.23      0.04
  TU117               -0.00      0.00      0.00
  TU118                0.00      0.00      0.00
  TU119              652.00      0.23      0.04
  TU12                 0.00      0.00      0.00
  TU120              652.00      0.23      0.04
  TU121                0.00      0.00      0.00
  TU122                0.00      0.00      0.00
  TU123               -0.00      0.00      0.00
  TU124               72.00      0.82      3.33
  TU125              159.00      1.16      4.80
  TU126              159.00      0.73      1.54
  TU127              159.00      0.73      1.54
  TU128                0.00      0.00      0.00
  TU129                0.00      0.00      0.00
  TU13                 0.00      0.00      0.00
  TU130                0.00      0.00      0.00
  TU131               87.00      0.38      0.46
  TU132                0.00      0.00      0.00
  TU133               87.00      0.38      0.46
  TU134               -0.00      0.00      0.00
  TU135               87.00      0.19      0.09
  TU136              145.00      0.32      0.23
  TU137              304.00      0.43      0.29
  TU138              387.00      0.55      0.46
  TU139              387.00      0.38      0.19
  TU14                52.00      0.11      0.04
  TU140              387.00      0.38      0.19
  TU141              101.00      1.70     15.88
  TU142              101.00      0.27      0.19
  TU143               -0.00      0.00      0.00
  TU144               -0.00      0.00      0.00
  TU145               -0.00      0.00      0.00
  TU146               -0.00      0.00      0.00
  TU147               -0.00      0.00      0.00
  TU148               -0.00      0.00      0.00
  TU149               -0.00      0.00      0.00
  TU15                -0.00      0.00      0.00
  TU150               -0.00      0.00      0.00
  TU151               -0.00      0.00      0.00
  TU152              142.00      1.62     11.55
  TU15301            142.00      0.20      0.07
  TU15302            142.00      0.20      0.07
  TU1074               0.00      0.00      0.00
  TU154              142.00      0.14      0.03
  TU155               66.00      1.11      7.28
  TU156              208.00      0.20      0.06
  TU157              309.00      0.30      0.13
  TU158                0.00      0.00      0.00
  TU159              309.00      0.30      0.13
  TU16              1157.00      0.21      0.02
  TU160                0.00      0.00      0.00
  TU161              309.00      0.30      0.13
  TU162              265.00      0.19      0.05
  TU163              265.00      0.19      0.05
  TU164              265.00      0.19      0.05
  TU166               -0.00      0.00      0.00
  TU167               -0.00      0.00      0.00
  TU168                0.00      0.00      0.00
  TU169                0.00      0.00      0.00
  TU17                -0.00      0.00      0.00
  TU170                0.00      0.00      0.00
  TU171              265.00      0.19      0.05
  TU17201             -0.00      0.00      0.00
  TU17202              0.00      0.00      0.00
  TU1011A             -0.00      0.00      0.00
  TU173               -0.00      0.00      0.00
  TU174               -0.00      0.00      0.00
  TU175               -0.00      0.00      0.00
  TU176              265.00      0.26      0.10
  TU177              265.00      0.26      0.09
  TU178              265.00      0.26      0.10
  TU179              213.00      0.60      0.83
  TU18                 0.00      0.00      0.00
  TU180              213.00      0.60      0.83
  TU181              213.00      1.79     11.58
  TU182              213.00      0.97      2.63
  TU183               78.00      0.89      3.86
  TU184                0.00      0.00      0.00
  TU185               -0.00      0.00      0.00
  TU186               87.00      0.23      0.15
  TU187               87.00      0.19      0.09
  TU188              118.00      0.09      0.01
  TU189              118.00      0.09      0.01
  TU19                 0.00      0.00      0.00
  TU190               -0.00      0.00      0.00
  TU191               78.00      1.39     11.32
  TU192                0.00      0.00      0.00
  TU193                0.00      0.00      0.00
  TU194               -0.00      0.00      0.00
  TU195                0.00      0.00      0.00
  TU196                0.00      0.00      0.00
  TU197                0.00      0.00      0.00
  TU198                0.00      0.00      0.00
  TU199                0.00      0.00      0.00
  TU2                  0.00      0.00      0.00
  TU20                 0.00      0.00      0.00
  TU200               -0.00      0.00      0.00
  TU201                0.00      0.00      0.00
  TU203                0.00      0.00      0.00
  TU204              118.00      0.05      0.00
  TU205              118.00      0.05      0.00
  TU21                -0.00      0.00      0.00
  TU22               118.00      0.07      0.01
  TU23               118.00      0.07      0.01
  TU24               118.00      0.07      0.01
  TU25               118.00      0.07      0.01
  TU26                 0.00      0.00      0.00
  TU27                 0.00      0.00      0.00
  TU28                 0.00      0.00      0.00
  TU29                 0.00      0.00      0.00
  TU3                  0.00      0.00      0.00
  TU30                 0.00      0.00      0.00
  TU31                -0.00      0.00      0.00
  TU32                 0.00      0.00      0.00
  TU33                 0.00      0.00      0.00
  TU34                 0.00      0.00      0.00
  TU35                 0.00      0.00      0.00
  TU36                 0.00      0.00      0.00
  TU37                 0.00      0.00      0.00
  TU38                 0.00      0.00      0.00
  TU39                -0.00      0.00      0.00
  TU4                142.00      0.20      0.07
  TU40                -0.00      0.00      0.00
  TU41                -0.00      0.00      0.00
  TU42                 0.00      0.00      0.00
  TU43                48.00      0.07      0.01
  TU44                48.00      0.07      0.01
  TU45               118.00      0.17      0.05
  TU46               118.00      0.17      0.05
  TU47                -0.00      0.00      0.00
  TU48                 0.00      0.00      0.00
  TU49                 0.00      0.00      0.00
  TU5                142.00      0.20      0.07
  TU50                 0.00      0.00      0.00
  TU51                 0.00      0.00      0.00
  TU52                 0.00      0.00      0.00
  TU53                 0.00      0.00      0.00
  TU54                 0.00      0.00      0.00
  TU55                 0.00      0.00      0.00
  TU56                 0.00      0.00      0.00
  TU57                 0.00      0.00      0.00
  TU58                 0.00      0.00      0.00
  TU59                 0.00      0.00      0.00
  TU6                 -0.00      0.00      0.00
  TU60                -0.00      0.00      0.00
  TU61                 0.00      0.00      0.00
  TU62                -0.00      0.00      0.00
  TU63                 0.00      0.00      0.00
  TU64                 0.00      0.00      0.00
  TU65                 0.00      0.00      0.00
  TU66                 0.00      0.00      0.00
  TU67                -0.00      0.00      0.00
  TU68                 0.00      0.00      0.00
  TU69                 0.00      0.00      0.00
  TU7                  0.00      0.00      0.00
  TU70                 0.00      0.00      0.00
  TU71                 0.00      0.00      0.00
  TU72                 0.00      0.00      0.00
  TU73                 0.00      0.00      0.00
  TU74                 0.00      0.00      0.00
  TU75                 0.00      0.00      0.00
  TU76                 0.00      0.00      0.00
  TU77                 0.00      0.00      0.00
  TU78                 0.00      0.00      0.00
  TU79                 0.00      0.00      0.00
  TU8                  0.00      0.00      0.00
  TU80                 0.00      0.00      0.00
  TU81                 0.00      0.00      0.00
  TU82                 0.00      0.00      0.00
  TU83                 0.00      0.00      0.00
  TU84                 0.00      0.00      0.00
  TU85                 0.00      0.00      0.00
  TU86                 0.00      0.00      0.00
  TU87                 0.00      0.00      0.00
  TU88                 0.00      0.00      0.00
  TU89                 0.00      0.00      0.00
  TU9                 52.00      0.87      4.72
  TU90                 0.00      0.00      0.00
  TU91                -0.00      0.00      0.00
  TU92                -0.00      0.00      0.00
  TU93                 0.00      0.00      0.00
  TU94                 0.00      0.00      0.00
  TU95                 0.00      0.00      0.00
  TU96                 0.00      0.00      0.00
  TU97                 0.00      0.00      0.00
  TU98                 0.00      0.00      0.00
  TU99                 0.00      0.00      0.00
  TU4000               0.00      0.00      0.00
   
  Analysis ended Fri Dec  1 08:54:43 2023
