  Page 1                                    Fri Dec  1 08:54:25 2023

  ******************************************************************
  *                           E P A N E T                          *
  *                   Hydraulic and Water Quality                  *
  *                   Analysis for Pipe Networks                   *
  *                         Version 2.2                            *
  ******************************************************************
  
  Analysis begun Fri Dec  1 08:54:25 2023

   
  Node Results:
  ----------------------------------------------
                     Demand      Head  Pressure
  Node                 m3/h         m         m
  ----------------------------------------------
  3661                 0.00    428.22     50.08
  482                  0.00    428.10     82.10
  661                  0.00    426.87     96.87
  6610                 0.00    423.51      0.88
  6611                 0.00    420.08     85.08
  6612                 0.00    424.40     62.03
  6613                 0.00    419.44     64.44
  6615                 0.00    427.74     88.74
  6616                 0.00    427.35     66.35
  6617                 0.00    424.88     81.88
  6618                 0.00    427.58     79.58
  662                  0.00    427.03     99.03
  6620                 0.00    425.93    117.93
  6621                 0.00    426.75     98.75
  6622                 0.00    426.94     89.94
  6623                 0.00    427.13     76.13
  6624                 0.00    427.17     75.17
  6625                 0.00    426.49    114.49
  6626                 0.00    426.87    105.87
  6627                 0.00    426.49    105.49
  6628                 0.00    425.44     86.44
  6629                 0.00    426.63     86.63
  663                  0.00    425.93     84.93
  6630                 0.00    426.85      1.99
  6632                 0.00    426.95     86.95
  6633                 0.00    428.15     65.51
  6634                 0.00    428.27     57.27
  6635                 0.00    428.23     76.23
  6636                 0.00    428.23     72.23
  6637                 0.00    428.10     61.10
  6639                 0.00    423.72     63.72
  664                  0.00    425.00     77.00
  6640                 0.00    423.61     63.61
  6641                 0.00    424.09     65.41
  6642                 0.00    424.09     68.09
  6643                 0.00    424.87     72.87
  6644                 0.00    425.08     73.08
  6645                 0.00    425.19     75.19
  6646                 0.00    420.88     73.86
  6648                 0.00    421.17     75.16
  6649                 0.00    422.88     83.88
  665                  0.00    424.45     79.45
  666                  0.00    426.85     86.85
  6665                 0.00    427.03     61.89
  6666                 0.00    427.74     60.08
  667                  0.00    425.06     73.06
  668                  0.00    426.86     96.86
  669                  0.00    426.61     81.61
  1                   60.00    427.57     97.57
  10                  58.00    424.56     72.56
  100                  0.00    424.09     69.09
  100B                82.00    423.13     65.13
  101                111.00    419.07     66.07
  103                 43.00    418.20     79.20
  104                156.00    418.03     79.03
  105                 66.00    419.42     64.42
  106                 50.00    419.37     64.37
  107                  0.00    427.74     88.74
  108                 59.00    426.89     91.33
  109                  0.00    427.55     90.55
  11B                100.00    424.21     81.21
  110                 62.00    427.50     81.50
  111                 56.00    427.24     89.26
  112                  0.00    427.38     85.38
  113                  0.00    426.96    103.96
  114                 53.00    426.01     78.01
  115                 53.00    425.29     79.29
  116                  0.00    425.66     80.66
  117                 81.00    424.77     81.77
  118                 68.00    424.04     85.04
  119                  0.00    424.04    101.23
  12                   0.00    423.17     92.83
  121                 61.00    426.52     76.52
  122                 66.00    421.88     74.88
  123                  0.00    425.13     79.13
  125                  0.00    426.48     75.48
  126                  0.00    426.48     78.48
  127                  0.00    426.48     83.15
  128                  0.00    427.34     65.34
  129                  0.00    427.13     71.13
  130                  0.00    426.98     85.90
  130B                 0.00    427.07     74.07
  132                 53.00    421.07     88.07
  134                 62.00    426.18    105.18
  135                  0.00    426.49    110.49
  137                  0.00    426.49    117.49
  139                 67.00    426.42     66.42
  14                 104.00    421.59     83.59
  140                  0.00    426.66     75.66
  141                  0.00    426.64     74.64
  142                  0.00    426.42     65.42
  143                 60.00    418.38     77.41
  144                  0.00    427.25     68.25
  146                  0.00    427.02     81.02
  147                  0.00    426.87    105.87
  148                  0.00    427.00     94.00
  149                  0.00    426.49    113.28
  15                 216.00    419.45     84.45
  150                 68.00    426.05    117.98
  151                  0.00    425.76    120.52
  152                 74.00    423.56    113.54
  153                  0.00    424.31    114.31
  154                  0.00    426.67    101.67
  157                  0.00    425.93    122.93
  158A                74.00    414.28     93.28
  158B                74.00    414.26     93.26
  16B                  0.00    421.80     87.80
  160                  0.00    428.07     61.07
  162                  0.00    427.91     59.91
  163                 90.00    427.44     53.44
  164                  0.00    427.53     67.87
  165                 63.00    427.03     65.73
  166                 90.00    427.03     66.02
  167                  0.00    427.03     56.39
  169                 73.00    427.26     60.76
  17A                  0.00    419.55     84.55
  170                100.00    428.16     69.16
  17B                177.00    419.02     84.02
  171                  0.00    428.23     76.23
  172                  0.00    428.23     88.23
  18B                207.00    413.86     88.86
  19                   0.00    428.15     70.15
  2                    0.00    427.15    101.15
  20                  86.00    428.22     64.22
  2002                 0.00    426.61     76.61
  2003                 0.00    426.61     76.61
  21                  65.00    428.14     65.41
  22                   0.00    428.14     66.54
  222                 70.00    427.99     77.99
  24                   0.00    427.91     83.91
  25                   0.00    427.80     82.80
  26                   0.00    427.58     79.58
  27                   0.00    427.68     77.68
  28                   0.00    427.60     79.60
  29                  49.00    427.38     71.38
  3                    0.00    426.55     86.20
  30                   0.00    427.36     66.36
  3002                 0.00    428.22     42.22
  3004                 0.00    428.22     42.22
  3005                 0.00    428.22     42.22
  3008                 0.00    428.22     43.22
  3012                 0.00    428.22     57.49
  3013                 0.00    428.22     63.29
  3016               134.00    428.28     63.28
  3017               125.00    428.51     46.51
  3018                73.00    428.05     51.05
  3019                 0.00    428.22     58.83
  3020                 0.00    428.22     60.11
  3024                 0.00    428.22     63.28
  31                   0.00    427.23     69.44
  3152                 0.00    428.22     62.02
  32                   0.00    427.28     69.28
  34                   0.00    427.13     76.11
  35                   0.00    426.94     89.94
  36                   0.00    426.75     98.75
  39                   0.00    426.40    113.40
  41                   0.00    425.67    118.67
  46                   0.00    428.31     52.31
  47                   0.00    427.41     69.23
  48                   0.00    428.10     84.10
  49                   0.00    428.10     76.10
  5                    0.00    426.22     79.22
  52                   0.00    428.10     77.10
  53                   0.00    428.27     72.27
  54                   0.00    427.95     82.95
  55                   0.00    426.48     96.48
  56                   0.00    425.95     91.95
  58                 128.00    421.27     88.27
  59                 168.00    417.36     88.36
  6                   60.00    424.87     72.87
  60                  46.00    420.75     75.75
  61                  85.00    419.50     80.50
  62                 123.00    419.22     65.22
  64                  56.00    426.99     95.99
  65                   0.00    426.95     86.95
  66                   0.00    426.95     87.95
  67                   0.00    426.89     94.89
  68                   0.00    426.85     87.85
  69                   0.00    426.85     75.85
  7                    0.00    425.41     72.41
  70                   0.00    426.53     86.53
  71                 118.00    423.44     86.44
  72                   0.00    424.70     68.70
  73                 170.00    424.83     69.83
  77                 119.00    421.15     65.15
  78                   0.00    424.70     84.56
  79                   0.00    425.41     72.41
  8                   69.00    424.93     74.93
  80                   0.00    424.88     75.88
  81                  72.00    419.32     60.32
  82                 132.00    420.09     62.09
  85                  54.00    425.21     86.21
  86                   0.00    425.44     88.44
  87                   0.00    424.53     64.53
  88                  64.00    419.02     66.02
  89                  83.00    424.18     57.18
  90                   0.00    424.09     68.09
  91                 170.00    423.34     51.34
  92                  59.00    423.46     63.46
  91B                  0.00    423.51     63.51
  94                  69.00    422.37     83.37
  95                   0.00    420.58     77.58
  97                 135.00    413.05     82.05
  99                  90.00    423.08     73.08
  74                   0.00    424.80     66.09
  1074                 0.00    424.80     66.80
  11A                130.00    418.83     75.83
  1011                 0.00    419.02     76.02
  0                -5739.00    429.00      0.00  Reservoir
   
   
  Link Results:
  ----------------------------------------------
                       Flow  Velocity  Headloss
  Link                 m3/h       m/s    /1000m
  ----------------------------------------------
  TU1                 59.00      0.64      2.09
  TU10                66.00      0.71      2.49
  TU100              172.00      0.38      0.31
  TU101              172.00      0.24      0.10
  TU102                0.00      0.00      0.00
  TU103              172.00      0.24      0.10
  TU104              228.00      0.32      0.17
  TU105             2915.00      1.27      1.07
  TU106             2915.00      1.27      1.07
  TU107                0.00      0.00      0.00
  TU108             3046.00      1.33      1.16
  TU109             3274.00      1.43      1.33
  TU11               227.00      1.04      2.95
  TU110             3274.00      1.43      1.33
  TU111              168.00      2.21     22.25
  TU112              296.00      2.16     15.08
  TU113              296.00      1.57      6.92
  TU114              296.00      1.57      6.92
  TU115             3630.00      1.28      0.96
  TU116             3630.00      1.28      0.96
  TU117               -0.00      0.00      0.00
  TU118                0.00      0.00      0.00
  TU119             3630.00      1.28      0.96
  TU12               156.00      1.78     13.74
  TU120             3630.00      1.28      0.96
  TU121                0.00      0.00      0.00
  TU122                0.00      0.00      0.00
  TU123               -0.00      0.00      0.00
  TU124                0.00      0.00      0.00
  TU125               -0.00      0.00      0.00
  TU126               -0.00      0.00      0.00
  TU127               -0.00      0.00      0.00
  TU128                0.00      0.00      0.00
  TU129                0.00      0.00      0.00
  TU13               199.00      1.45      7.24
  TU130               63.00      0.27      0.25
  TU131              153.00      0.67      1.27
  TU132               73.00      0.32      0.33
  TU133              226.00      0.98      2.60
  TU134               -0.00      0.00      0.00
  TU135              316.00      0.70      0.93
  TU136              316.00      0.70      0.93
  TU137              316.00      0.45      0.31
  TU138              416.00      0.59      0.52
  TU139              416.00      0.41      0.22
  TU14               530.00      1.17      2.39
  TU140              489.00      0.48      0.29
  TU141              123.00      2.07     22.84
  TU142              242.00      0.65      0.92
  TU143              170.00      0.74      1.54
  TU144               82.00      0.89      3.69
  TU145               59.00      0.41      0.70
  TU146              141.00      0.61      1.10
  TU147              311.00      0.84      1.46
  TU148                0.00      0.00      0.00
  TU149               -0.00      0.00      0.00
  TU15                -0.00      0.00      0.00
  TU150               -0.00      0.00      0.00
  TU151              311.00      0.44      0.31
  TU152               90.00      1.03      5.01
  TU15301            548.00      0.78      0.86
  TU15302            548.00      0.78      0.86
  TU1074               0.00      0.00      0.00
  TU154              718.00      0.71      0.58
  TU155               58.00      0.98      5.75
  TU156              776.00      0.76      0.67
  TU157             1018.00      1.00      1.11
  TU158               60.00      1.07      7.01
  TU159             1078.00      1.06      1.23
  TU16              5739.00      1.04      0.44
  TU160               69.00      1.23      9.05
  TU161             1147.00      1.13      1.38
  TU162             1768.00      1.28      1.45
  TU163             1768.00      1.28      1.45
  TU164             1768.00      1.28      1.44
  TU166               72.00      1.48     13.99
  TU167              132.00      1.74     14.25
  TU168              132.00      1.74     14.25
  TU169              204.00      1.72     10.70
  TU17                59.00      1.05      6.80
  TU170              204.00      0.93      2.43
  TU171             1564.00      1.13      1.15
  TU17201            265.00      3.48     51.98
  TU17202            135.00      1.78     14.85
  TU1011A            130.00      1.71     13.85
  TU173              265.00      1.94     12.28
  TU174               69.00      1.23      9.05
  TU175              334.00      1.53      6.01
  TU176             1130.00      1.11      1.34
  TU177             1230.00      1.21      1.57
  TU178             1130.00      1.11      1.34
  TU179              600.00      1.70      5.53
  TU18                59.00      0.67      2.32
  TU180              384.00      1.09      2.43
  TU181              207.00      1.74     10.99
  TU182              384.00      1.76      7.77
  TU183              131.00      1.50      9.96
  TU184                0.00      0.00      0.00
  TU185              382.00      0.84      1.31
  TU186              226.00      0.61      0.81
  TU187              316.00      0.70      0.93
  TU188             1081.00      0.78      0.58
  TU189             1081.00      0.78      0.58
  TU19                -0.00      0.00      0.00
  TU190               74.00      0.97      4.94
  TU191               85.00      1.51     13.25
  TU192                0.00      0.00      0.00
  TU193                0.00      0.00      0.00
  TU194               -0.00      0.00      0.00
  TU195                0.00      0.00      0.00
  TU196                0.00      0.00      0.00
  TU197               -0.00      0.00      0.00
  TU198                0.00      0.00      0.00
  TU199                0.00      0.00      0.00
  TU2                216.00      2.47     25.08
  TU20                59.00      0.43      0.79
  TU200               -0.00      0.00      0.00
  TU201                0.00      0.00      0.00
  TU203               73.00      1.23      8.75
  TU204             1361.00      0.59      0.26
  TU205             1495.00      0.65      0.31
  TU21                74.00      0.62      1.68
  TU22              1140.00      0.63      0.34
  TU23              1210.00      0.67      0.38
  TU24              1210.00      0.67      0.38
  TU25              1275.00      0.70      0.41
  TU26               532.00      0.52      0.34
  TU27               532.00      0.52      0.34
  TU28               581.00      0.57      0.40
  TU29               581.00      0.57      0.40
  TU3                 64.00      1.08      6.88
  TU30                 0.00      0.00      0.00
  TU31                68.00      0.78      3.01
  TU32                81.00      0.92      4.13
  TU33               149.00      0.68      1.37
  TU34               202.00      0.92      2.39
  TU35                66.00      1.17      8.34
  TU36                66.00      0.75      2.85
  TU37               268.00      0.76      1.26
  TU38               321.00      0.91      1.75
  TU39                -0.00      0.00      0.00
  TU4                484.00      0.68      0.68
  TU40                -0.00      0.00      0.00
  TU41               321.00      0.71      0.95
  TU42                90.00      0.62      1.49
  TU43               438.00      0.62      0.57
  TU44               438.00      0.62      0.57
  TU45               500.00      0.71      0.73
  TU46               500.00      0.71      0.73
  TU47                -0.00      0.00      0.00
  TU48               148.00      1.95     17.60
  TU49               148.00      1.25      5.93
  TU5                548.00      0.78      0.86
  TU50                 0.00      0.00      0.00
  TU51               148.00      0.79      1.94
  TU52               148.00      0.49      0.62
  TU53               148.00      0.49      0.62
  TU54                 0.00      0.00      0.00
  TU55               148.00      0.49      0.62
  TU56                 0.00      0.00      0.00
  TU57               148.00      0.42      0.43
  TU58                 0.00      0.00      0.00
  TU59               148.00      0.42      0.43
  TU6                382.00      0.54      0.44
  TU60                74.00      1.53     14.71
  TU61                -0.00      0.00      0.00
  TU62               142.00      0.75      1.80
  TU63                 0.00      0.00      0.00
  TU64               142.00      0.75      1.80
  TU65                 0.00      0.00      0.00
  TU66               142.00      0.47      0.57
  TU67               142.00      0.40      0.40
  TU68               142.00      0.40      0.40
  TU69               290.00      0.41      0.27
  TU7                119.00      2.00     21.48
  TU70               290.00      0.41      0.27
  TU71               290.00      0.41      0.27
  TU72               242.00      0.53      0.57
  TU73               242.00      0.53      0.57
  TU74               242.00      0.53      0.57
  TU75               242.00      0.53      0.57
  TU76               242.00      0.53      0.57
  TU77               242.00      0.53      0.57
  TU78                 0.00      0.00      0.00
  TU79                 0.00      0.00      0.00
  TU8                111.00      1.20      6.41
  TU80                62.00      1.28     10.64
  TU81                62.00      0.52      1.22
  TU82                60.00      1.07      7.01
  TU83               113.00      1.49     10.71
  TU84                 0.00      0.00      0.00
  TU85                67.00      0.49      1.00
  TU86                67.00      0.31      0.32
  TU87                67.00      0.36      0.46
  TU88               180.00      0.40      0.33
  TU89                54.00      0.96      5.78
  TU9                 50.00      0.84      4.39
  TU90                 0.00      0.00      0.00
  TU91                54.00      0.62      1.98
  TU92                54.00      0.25      0.22
  TU93                54.00      0.15      0.07
  TU94               118.00      1.35      8.22
  TU95               172.00      0.49      0.56
  TU96                 0.00      0.00      0.00
  TU97                 0.00      0.00      0.00
  TU98                 0.00      0.00      0.00
  TU99               172.00      0.38      0.31
  TU4000              74.00      0.97      4.93
   
  Analysis ended Fri Dec  1 08:54:25 2023
