  Page 1                                    Fri Dec  1 08:46:23 2023

  ******************************************************************
  *                           E P A N E T                          *
  *                   Hydraulic and Water Quality                  *
  *                   Analysis for Pipe Networks                   *
  *                         Version 2.2                            *
  ******************************************************************
  
  Analysis begun Fri Dec  1 08:46:23 2023

   
  Node Results:
  ----------------------------------------------
                     Demand      Head  Pressure
  Node                 m3/h         m         m
  ----------------------------------------------
  3661                 0.00    428.85     50.71
  482                  0.00    428.51     82.51
  661                  0.00    427.55     97.55
  6610                 0.00    428.60      2.61
  6611                 0.00    428.76     93.76
  6612                 0.00    428.60     66.23
  6613                 0.00    428.76     73.76
  6615                 0.00    428.72     89.72
  6616                 0.00    428.16     67.16
  6617                 0.00    428.52     85.52
  6618                 0.00    428.60     80.60
  662                  0.00    428.82    100.82
  6620                 0.00    427.85    119.85
  6621                 0.00    427.86     99.86
  6622                 0.00    427.89     90.89
  6623                 0.00    427.93     76.93
  6624                 0.00    427.93     75.93
  6625                 0.00    425.68    113.68
  6626                 0.00    426.95    105.95
  6627                 0.00    426.40    105.40
  6628                 0.00    427.82     88.82
  6629                 0.00    428.41     88.41
  663                  0.00    428.77     87.77
  6630                 0.00    428.56      3.70
  6632                 0.00    428.70     88.70
  6633                 0.00    428.90     66.26
  6634                 0.00    428.91     57.91
  6635                 0.00    428.82     76.82
  6636                 0.00    428.82     72.82
  6637                 0.00    428.77     61.77
  6639                 0.00    428.60     68.60
  664                  0.00    428.76     80.76
  6640                 0.00    428.60     68.60
  6641                 0.00    428.60     69.92
  6642                 0.00    428.60     72.60
  6643                 0.00    428.61     76.61
  6644                 0.00    428.64     76.64
  6645                 0.00    428.66     78.66
  6646                 0.00    426.86     79.84
  6648                 0.00    427.13     81.12
  6649                 0.00    428.76     89.76
  665                  0.00    428.76     83.76
  666                  0.00    428.56     88.56
  6665                 0.00    428.73     63.59
  6666                 0.00    428.73     61.07
  667                  0.00    428.64     76.64
  668                  0.00    427.54     97.54
  669                  0.00    428.28     83.28
  1                    0.00    428.86     98.86
  10                   0.00    428.61     76.61
  100                  0.00    428.60     73.60
  100B                 0.00    428.60     70.60
  101                  0.00    428.76     75.76
  103                  0.00    428.76     89.76
  104                  0.00    428.76     89.76
  105                  0.00    428.76     73.76
  106                  0.00    428.76     73.76
  107                  0.00    428.72     89.72
  108                  0.00    428.72     93.16
  109                  0.00    428.72     91.72
  11B                  0.00    428.76     85.76
  110                  0.00    428.60     82.60
  111                  0.00    428.60     90.62
  112                  0.00    428.60     86.60
  113                  0.00    428.59    105.59
  114                  0.00    428.54     80.54
  115                  0.00    428.52     82.52
  116                  0.00    428.52     83.52
  117                  0.00    428.52     85.52
  118                  0.00    428.52     89.52
  119                  0.00    428.52    105.71
  12                   0.00    428.76     98.42
  121                  0.00    428.57     78.57
  122                 61.00    425.25     78.25
  123                  0.00    428.06     82.06
  125                  0.00    428.57     77.57
  126                  0.00    428.57     80.57
  127                  0.00    428.57     85.24
  128                 68.00    428.14     66.14
  129                  0.00    427.88     71.88
  130                  0.00    427.69     86.61
  130B                 0.00    427.80     74.80
  132                 49.00    422.48     89.48
  134                  0.00    426.40    105.40
  135                 56.00    424.36    108.36
  137                 58.00    420.52    111.52
  139                  0.00    427.38     67.38
  14                   0.00    428.76     90.76
  140                 58.00    427.38     76.38
  141                  0.00    427.38     75.38
  142                  0.00    427.38     66.38
  143                 56.00    420.11     79.14
  144                  0.00    428.03     69.03
  146                  0.00    427.44     81.44
  147                  0.00    426.95    105.95
  148                  0.00    427.37     94.37
  149                 50.00    425.51    112.30
  15                   0.00    428.76     93.76
  150                 54.00    424.65    116.58
  151                 98.00    423.33    118.09
  152                 73.00    421.17    111.15
  153                  0.00    421.90    111.90
  154                 56.00    427.85    102.85
  157                  0.00    427.85    124.85
  158A                 0.00    427.85    106.85
  158B                 0.00    427.85    106.85
  16B                  0.00    428.76     94.76
  160                  0.00    428.77     61.77
  162                  0.00    428.75     60.75
  163                 92.00    428.41     54.41
  164                  0.00    428.73     69.07
  165                  0.00    428.73     67.43
  166                  0.00    428.73     67.72
  167                  0.00    428.73     58.09
  169                  0.00    428.73     62.23
  17A                  0.00    428.76     93.76
  170                103.00    428.79     69.79
  17B                  0.00    428.76     93.76
  171                  0.00    428.82     76.82
  172                  0.00    428.82     88.82
  18B                  0.00    428.76    103.76
  19                   0.00    428.90     70.90
  2                    0.00    428.83    102.83
  20                   0.00    428.85     64.85
  2002                 0.00    428.28     78.28
  2003                 0.00    428.28     78.28
  21                   0.00    428.82     66.09
  22                   0.00    428.82     67.22
  222                  0.00    428.76     78.76
  24                   0.00    428.72     84.72
  25                   0.00    428.67     83.67
  26                   0.00    428.60     80.60
  27                   0.00    428.61     78.61
  28                   0.00    428.50     80.50
  29                   0.00    428.21     72.21
  3                    0.00    428.79     88.44
  30                   0.00    428.17     67.17
  3002                 0.00    428.85     42.85
  3004                 0.00    428.85     42.85
  3005                 0.00    428.85     42.85
  3008                 0.00    428.85     43.85
  3012                 0.00    428.85     58.12
  3013                 0.00    428.85     63.92
  3016                 0.00    428.87     63.87
  3017               124.00    428.93     46.93
  3018                 0.00    428.86     51.86
  3019                 0.00    428.85     59.46
  3020                 0.00    428.85     60.74
  3024                 0.00    428.85     63.91
  31                   0.00    428.01     70.22
  3152                 0.00    428.85     62.65
  32                   0.00    428.08     70.08
  34                   0.00    427.93     76.91
  35                   0.00    427.89     90.89
  36                   0.00    427.86     99.86
  39                   0.00    427.85    114.85
  41                   0.00    427.85    120.85
  46                   0.00    428.86     52.86
  47                   0.00    428.73     70.55
  48                   0.00    428.41     84.41
  49                   0.00    427.60     75.60
  5                    0.00    428.78     81.78
  52                  80.00    427.56     76.56
  53                   0.00    428.91     72.91
  54                   0.00    428.89     83.89
  55                   0.00    428.86     98.86
  56                   0.00    428.86     94.86
  58                   0.00    428.86     95.86
  59                   0.00    428.86     99.86
  6                    0.00    428.64     76.64
  60                   0.00    425.94     80.94
  61                  89.00    424.57     85.57
  62                   0.00    428.51     74.51
  64                   0.00    428.77     97.77
  65                   0.00    428.70     88.70
  66                   0.00    428.70     89.70
  67                  97.00    428.59     96.59
  68                   0.00    428.56     89.56
  69                   0.00    428.56     77.56
  7                    0.00    428.76     75.76
  70                 142.00    427.82     87.82
  71                   0.00    428.41     91.41
  72                   0.00    428.51     72.51
  73                 179.00    428.60     73.60
  77                 134.00    424.10     68.10
  78                   0.00    428.51     88.37
  79                   0.00    428.76     75.76
  8                    0.00    428.66     78.66
  80                   0.00    428.71     79.71
  81                   0.00    427.13     68.13
  82                 128.00    426.11     68.11
  85                   0.00    427.82     88.82
  86                   0.00    427.82     90.82
  87                   0.00    428.60     68.60
  88                   0.00    428.60     75.60
  89                   0.00    428.60     61.60
  90                   0.00    428.60     72.60
  91                   0.00    428.60     56.60
  92                   0.00    428.60     68.60
  91B                  0.00    428.60     68.60
  94                   0.00    428.76     89.76
  95                   0.00    428.76     85.76
  97                   0.00    428.76     97.76
  99                   0.00    428.60     78.60
  74                  85.00    425.97     67.26
  1074                 0.00    428.60     70.60
  11A                  0.00    428.76     85.76
  1011                 0.00    428.76     85.76
  0                -1990.00    429.00      0.00  Reservoir
   
   
  Link Results:
  ----------------------------------------------
                       Flow  Velocity  Headloss
  Link                 m3/h       m/s    /1000m
  ----------------------------------------------
  TU1                 -0.00      0.00      0.00
  TU10                 0.00      0.00      0.00
  TU100              239.00      0.53      0.56
  TU101              239.00      0.34      0.19
  TU102                0.00      0.00      0.00
  TU103              239.00      0.34      0.19
  TU104              239.00      0.34      0.19
  TU105              526.00      0.23      0.05
  TU106              526.00      0.23      0.05
  TU107                0.00      0.00      0.00
  TU108              615.00      0.27      0.06
  TU109              854.00      0.37      0.11
  TU11                -0.00      0.00      0.00
  TU110              854.00      0.37      0.11
  TU111                0.00      0.00      0.00
  TU112               -0.00      0.00      0.00
  TU113                0.00      0.00      0.00
  TU114                0.00      0.00      0.00
  TU115              854.00      0.30      0.07
  TU116              854.00      0.30      0.07
  TU117               -0.00      0.00      0.00
  TU118                0.00      0.00      0.00
  TU119              854.00      0.30      0.07
  TU12                 0.00      0.00      0.00
  TU120              854.00      0.30      0.07
  TU121                0.00      0.00      0.00
  TU122                0.00      0.00      0.00
  TU123               -0.00      0.00      0.00
  TU124               80.00      0.91      4.04
  TU125               80.00      0.58      1.37
  TU126               80.00      0.37      0.44
  TU127               80.00      0.37      0.44
  TU128                0.00      0.00      0.00
  TU129                0.00      0.00      0.00
  TU13                 0.00      0.00      0.00
  TU130               -0.00      0.00      0.00
  TU131               -0.00      0.00      0.00
  TU132                0.00      0.00      0.00
  TU133               -0.00      0.00      0.00
  TU134               -0.00      0.00      0.00
  TU135               92.00      0.20      0.10
  TU136               92.00      0.20      0.10
  TU137              172.00      0.24      0.10
  TU138              275.00      0.39      0.24
  TU139              275.00      0.27      0.10
  TU14                -0.00      0.00      0.00
  TU140              275.00      0.27      0.10
  TU141                0.00      0.00      0.00
  TU142              134.00      0.36      0.32
  TU143               -0.00      0.00      0.00
  TU144               -0.00      0.00      0.00
  TU145               -0.00      0.00      0.00
  TU146               -0.00      0.00      0.00
  TU147               -0.00      0.00      0.00
  TU148               -0.00      0.00      0.00
  TU149               -0.00      0.00      0.00
  TU15                -0.00      0.00      0.00
  TU150               -0.00      0.00      0.00
  TU151               -0.00      0.00      0.00
  TU152                0.00      0.00      0.00
  TU15301             85.00      0.12      0.03
  TU15302              0.00      0.00      0.00
  TU1074              85.00      1.12      6.35
  TU154              264.00      0.26      0.09
  TU155                0.00      0.00      0.00
  TU156              264.00      0.26      0.09
  TU157              398.00      0.39      0.20
  TU158                0.00      0.00      0.00
  TU159              398.00      0.39      0.20
  TU16              1990.00      0.36      0.06
  TU160                0.00      0.00      0.00
  TU161              398.00      0.39      0.20
  TU162              128.00      0.09      0.01
  TU163              128.00      0.09      0.01
  TU164              128.00      0.09      0.01
  TU166               -0.00      0.00      0.00
  TU167              128.00      1.68     13.46
  TU168              128.00      1.68     13.47
  TU169              128.00      1.08      4.54
  TU17                -0.00      0.00      0.00
  TU170              128.00      0.59      1.04
  TU171               -0.00      0.00      0.00
  TU17201              0.00      0.00      0.00
  TU17202              0.00      0.00      0.00
  TU1011A             -0.00      0.00      0.00
  TU173               -0.00      0.00      0.00
  TU174               -0.00      0.00      0.00
  TU175               -0.00      0.00      0.00
  TU176               -0.00      0.00      0.00
  TU177               -0.00      0.00      0.00
  TU178               -0.00      0.00      0.00
  TU179                0.00      0.00      0.00
  TU18                 0.00      0.00      0.00
  TU180                0.00      0.00      0.00
  TU181                0.00      0.00      0.00
  TU182                0.00      0.00      0.00
  TU183               89.00      1.02      4.91
  TU184                0.00      0.00      0.00
  TU185               61.00      0.13      0.05
  TU186               -0.00      0.00      0.00
  TU187               92.00      0.20      0.10
  TU188              737.00      0.53      0.29
  TU189              737.00      0.53      0.29
  TU19                -0.00      0.00      0.00
  TU190               73.00      0.96      4.81
  TU191               89.00      1.58     14.42
  TU192                0.00      0.00      0.00
  TU193                0.00      0.00      0.00
  TU194               -0.00      0.00      0.00
  TU195                0.00      0.00      0.00
  TU196                0.00      0.00      0.00
  TU197               -0.00      0.00      0.00
  TU198                0.00      0.00      0.00
  TU199                0.00      0.00      0.00
  TU2                  0.00      0.00      0.00
  TU20                 0.00      0.00      0.00
  TU200               -0.00      0.00      0.00
  TU201                0.00      0.00      0.00
  TU203                0.00      0.00      0.00
  TU204              737.00      0.32      0.09
  TU205              737.00      0.32      0.09
  TU21               171.00      1.44      7.73
  TU22               737.00      0.41      0.15
  TU23               737.00      0.41      0.15
  TU24               737.00      0.41      0.15
  TU25               737.00      0.41      0.15
  TU26               676.00      0.66      0.52
  TU27               676.00      0.66      0.52
  TU28               676.00      0.66      0.52
  TU29               676.00      0.66      0.52
  TU3                  0.00      0.00      0.00
  TU30                 0.00      0.00      0.00
  TU31                -0.00      0.00      0.00
  TU32                 0.00      0.00      0.00
  TU33                 0.00      0.00      0.00
  TU34                 0.00      0.00      0.00
  TU35                61.00      1.09      7.22
  TU36                61.00      0.70      2.47
  TU37                61.00      0.17      0.09
  TU38                61.00      0.17      0.09
  TU39                -0.00      0.00      0.00
  TU4                 -0.00      0.00      0.00
  TU40                -0.00      0.00      0.00
  TU41                61.00      0.13      0.05
  TU42                92.00      0.64      1.55
  TU43                61.00      0.09      0.02
  TU44                61.00      0.09      0.02
  TU45                61.00      0.09      0.02
  TU46                61.00      0.09      0.02
  TU47                -0.00      0.00      0.00
  TU48                 0.00      0.00      0.00
  TU49                 0.00      0.00      0.00
  TU5                  0.00      0.00      0.00
  TU50                 0.00      0.00      0.00
  TU51                 0.00      0.00      0.00
  TU52                 0.00      0.00      0.00
  TU53                56.00      0.19      0.11
  TU54                 0.00      0.00      0.00
  TU55                56.00      0.19      0.11
  TU56                 0.00      0.00      0.00
  TU57                56.00      0.16      0.07
  TU58                 0.00      0.00      0.00
  TU59                56.00      0.16      0.07
  TU6                 61.00      0.09      0.02
  TU60                73.00      1.50     14.35
  TU61                 0.00      0.00      0.00
  TU62               225.00      1.20      4.18
  TU63                50.00      1.03      7.18
  TU64               275.00      1.46      6.04
  TU65                 0.00      0.00      0.00
  TU66               275.00      0.91      1.91
  TU67               275.00      0.78      1.32
  TU68               275.00      0.78      1.32
  TU69               331.00      0.47      0.34
  TU7                134.00      2.25     26.76
  TU70               331.00      0.47      0.34
  TU71               331.00      0.47      0.34
  TU72               277.00      0.61      0.73
  TU73               277.00      0.61      0.73
  TU74               277.00      0.61      0.73
  TU75               277.00      0.61      0.73
  TU76               277.00      0.61      0.73
  TU77               345.00      0.76      1.09
  TU78                58.00      1.20      9.42
  TU79               114.00      1.50     10.88
  TU8                  0.00      0.00      0.00
  TU80                 0.00      0.00      0.00
  TU81               114.00      0.96      3.68
  TU82                56.00      1.00      6.18
  TU83               105.00      1.38      9.36
  TU84                 0.00      0.00      0.00
  TU85                 0.00      0.00      0.00
  TU86                 0.00      0.00      0.00
  TU87                58.00      0.31      0.36
  TU88               163.00      0.36      0.28
  TU89                 0.00      0.00      0.00
  TU9                  0.00      0.00      0.00
  TU90                 0.00      0.00      0.00
  TU91                -0.00      0.00      0.00
  TU92               142.00      0.65      1.25
  TU93               142.00      0.40      0.40
  TU94                 0.00      0.00      0.00
  TU95               142.00      0.40      0.40
  TU96                 0.00      0.00      0.00
  TU97                 0.00      0.00      0.00
  TU98                 0.00      0.00      0.00
  TU99               142.00      0.31      0.22
  TU4000               0.00      0.00      0.00
   
  Analysis ended Fri Dec  1 08:46:23 2023
