  Page 1                                    Fri Dec  1 08:50:30 2023

  ******************************************************************
  *                           E P A N E T                          *
  *                   Hydraulic and Water Quality                  *
  *                   Analysis for Pipe Networks                   *
  *                         Version 2.2                            *
  ******************************************************************
  
  Analysis begun Fri Dec  1 08:50:30 2023

   
  Node Results:
  ----------------------------------------------
                     Demand      Head  Pressure
  Node                 m3/h         m         m
  ----------------------------------------------
  3661                 0.00    428.94     50.80
  482                  0.00    428.95     82.95
  661                  0.00    428.92     98.92
  6610                 0.00    428.62      3.05
  6611                 0.00    427.40     92.40
  6612                 0.00    428.62     66.25
  6613                 0.00    428.02     73.02
  6615                 0.00    428.93     89.93
  6616                 0.00    428.92     67.92
  6617                 0.00    428.72     85.72
  6618                 0.00    428.90     80.90
  662                  0.00    428.75    100.75
  6620                 0.00    428.92    120.92
  6621                 0.00    428.92    100.92
  6622                 0.00    428.92     91.92
  6623                 0.00    428.92     77.92
  6624                 0.00    428.92     76.92
  6625                 0.00    428.92    116.92
  6626                 0.00    428.92    107.92
  6627                 0.00    428.92    107.92
  6628                 0.00    425.95     86.95
  6629                 0.00    428.17     88.17
  663                  0.00    428.66     87.66
  6630                 0.00    428.04      3.18
  6632                 0.00    428.62     88.62
  6633                 0.00    428.90     66.26
  6634                 0.00    428.92     57.92
  6635                 0.00    428.95     76.95
  6636                 0.00    428.95     72.95
  6637                 0.00    428.95     61.95
  6639                 0.00    428.62     68.62
  664                  0.00    428.51     80.51
  6640                 0.00    428.62     68.62
  6641                 0.00    428.62     69.94
  6642                 0.00    428.62     72.62
  6643                 0.00    428.63     76.63
  6644                 0.00    428.64     76.64
  6645                 0.00    428.64     78.64
  6646                 0.00    428.51     81.49
  6648                 0.00    428.51     82.50
  6649                 0.00    428.42     89.42
  665                  0.00    428.42     83.42
  666                  0.00    428.42     88.42
  6665                 0.00    428.95     63.81
  6666                 0.00    428.95     61.29
  667                  0.00    428.64     76.64
  668                  0.00    428.92     98.92
  669                  0.00    427.97     82.97
  1                   72.00    428.81     98.81
  10                   0.00    428.63     76.63
  100                  0.00    428.62     73.62
  100B                 0.00    428.62     70.62
  101                  0.00    428.02     75.02
  103                  0.00    428.02     89.02
  104                  0.00    428.02     89.02
  105                  0.00    428.02     73.02
  106                  0.00    428.02     73.02
  107                  0.00    428.93     89.93
  108                  0.00    428.93     93.37
  109                  0.00    428.93     91.93
  11B                164.00    428.35     85.35
  110                 67.00    428.88     82.88
  111                  0.00    428.85     90.87
  112                  0.00    428.87     86.87
  113                  0.00    428.80    105.80
  114                  0.00    428.72     80.72
  115                  0.00    428.72     82.72
  116                  0.00    428.72     83.72
  117                  0.00    428.72     85.72
  118                  0.00    428.72     89.72
  119                  0.00    428.72    105.91
  12                  93.00    428.17     97.83
  121                  0.00    428.73     78.73
  122                  0.00    428.72     81.72
  123                  0.00    428.72     82.72
  125                  0.00    428.72     77.72
  126                  0.00    428.31     80.31
  127                139.00    426.63     83.30
  128                  0.00    428.92     66.92
  129                  0.00    428.92     72.92
  130                  0.00    428.92     87.84
  130B                 0.00    428.92     75.92
  132                  0.00    428.92     95.92
  134                  0.00    428.92    107.92
  135                  0.00    428.92    112.92
  137                  0.00    428.92    119.92
  139                  0.00    428.92     68.92
  14                   0.00    428.02     90.02
  140                  0.00    428.92     77.92
  141                  0.00    428.92     76.92
  142                  0.00    428.92     67.92
  143                  0.00    428.92     87.95
  144                  0.00    428.92     69.92
  146                  0.00    428.92     82.92
  147                  0.00    428.92    107.92
  148                  0.00    428.92     95.92
  149                  0.00    428.92    115.71
  15                   0.00    427.40     92.40
  150                  0.00    428.92    120.85
  151                  0.00    428.92    123.68
  152                  0.00    428.92    118.90
  153                  0.00    428.92    118.92
  154                  0.00    428.92    103.92
  157                  0.00    428.92    125.92
  158A                 0.00    428.92    107.92
  158B                 0.00    428.92    107.92
  16B                  0.00    428.02     94.02
  160                  0.00    428.95     61.95
  162                  0.00    428.95     60.95
  163                  0.00    428.95     54.95
  164                  0.00    428.95     69.29
  165                  0.00    428.95     67.65
  166                  0.00    428.95     67.94
  167                  0.00    428.95     58.31
  169                  0.00    428.95     62.45
  17A                133.00    426.97     91.97
  170                  0.00    428.95     69.95
  17B                  0.00    426.79     91.79
  171                  0.00    428.95     76.95
  172                  0.00    428.95     88.95
  18B                211.00    421.44     96.44
  19                   0.00    428.90     70.90
  2                    0.00    428.76    102.76
  20                   0.00    428.94     64.94
  2002                 0.00    427.97     77.97
  2003                 0.00    427.97     77.97
  21                   0.00    428.94     66.21
  22                  58.00    428.94     67.34
  222                  0.00    428.93     78.93
  24                   0.00    428.93     84.93
  25                   0.00    428.92     83.92
  26                   0.00    428.90     80.90
  27                   0.00    428.92     78.92
  28                   0.00    428.92     80.92
  29                   0.00    428.92     72.92
  3                    0.00    428.71     88.36
  30                   0.00    428.92     67.92
  3002                 0.00    428.94     42.94
  3004                 0.00    428.94     42.94
  3005                 0.00    428.94     42.94
  3008                 0.00    428.94     43.94
  3012                 0.00    428.94     58.21
  3013                 0.00    428.94     64.01
  3016                 0.00    428.94     63.94
  3017                 0.00    428.95     46.95
  3018                 0.00    428.95     51.95
  3019                 0.00    428.94     59.55
  3020                 0.00    428.94     60.83
  3024                 0.00    428.94     64.00
  31                   0.00    428.92     71.13
  3152                 0.00    428.94     62.74
  32                   0.00    428.92     70.92
  34                   0.00    428.92     77.90
  35                   0.00    428.92     91.92
  36                   0.00    428.92    100.92
  39                   0.00    428.92    115.92
  41                   0.00    428.92    121.92
  46                   0.00    428.95     52.95
  47                   0.00    428.95     70.77
  48                   0.00    428.95     84.95
  49                   0.00    428.95     76.95
  5                    0.00    428.68     81.68
  52                   0.00    428.95     77.95
  53                   0.00    428.92     72.92
  54                   0.00    428.87     83.87
  55                   0.00    428.25     98.25
  56                   0.00    427.97     93.97
  58                  40.00    425.56     92.56
  59                 167.00    421.68     92.68
  6                    0.00    428.64     76.64
  60                   0.00    428.71     83.71
  61                   0.00    428.71     89.71
  62                   0.00    428.64     74.64
  64                   0.00    428.70     97.70
  65                   0.00    428.62     88.62
  66                   0.00    428.62     89.62
  67                   0.00    428.50     96.50
  68                   0.00    428.04     89.04
  69                  58.00    427.27     76.27
  7                    0.00    428.57     75.57
  70                 131.00    427.19     87.19
  71                   0.00    428.17     91.17
  72                   0.00    428.64     72.64
  73                   0.00    428.63     73.63
  77                   0.00    428.64     72.64
  78                   0.00    428.64     88.50
  79                  59.00    428.57     75.57
  8                    0.00    428.64     78.64
  80                   0.00    428.51     79.51
  81                   0.00    428.51     69.51
  82                   0.00    428.51     70.51
  85                  58.00    425.69     86.69
  86                   0.00    425.95     88.95
  87                 117.00    428.62     68.62
  88                   0.00    428.62     75.62
  89                   0.00    428.62     61.62
  90                   0.00    428.62     72.62
  91                   0.00    428.62     56.62
  92                   0.00    428.62     68.62
  91B                  0.00    428.62     68.62
  94                   0.00    428.42     89.42
  95                   0.00    428.42     85.42
  97                   0.00    428.42     97.42
  99                   0.00    428.62     78.62
  74                   0.00    428.63     69.92
  1074                 0.00    428.63     70.63
  11A                  0.00    428.42     85.42
  1011                 0.00    428.42     85.42
  0                -1567.00    429.00      0.00  Reservoir
   
   
  Link Results:
  ----------------------------------------------
                       Flow  Velocity  Headloss
  Link                 m3/h       m/s    /1000m
  ----------------------------------------------
  TU1                 -0.00      0.00      0.00
  TU10                 0.00      0.00      0.00
  TU100              247.00      0.55      0.59
  TU101              247.00      0.35      0.20
  TU102                0.00      0.00      0.00
  TU103              247.00      0.35      0.20
  TU104              247.00      0.35      0.20
  TU105              777.00      0.34      0.09
  TU106              777.00      0.34      0.09
  TU107                0.00      0.00      0.00
  TU108              777.00      0.34      0.09
  TU109             1024.00      0.45      0.16
  TU11                -0.00      0.00      0.00
  TU110             1024.00      0.45      0.16
  TU111              167.00      2.20     22.00
  TU112              207.00      1.51      7.79
  TU113              207.00      1.10      3.58
  TU114              207.00      1.10      3.58
  TU115             1303.00      0.46      0.15
  TU116             1303.00      0.46      0.15
  TU117               -0.00      0.00      0.00
  TU118                0.00      0.00      0.00
  TU119             1303.00      0.46      0.15
  TU12                 0.00      0.00      0.00
  TU120             1303.00      0.46      0.15
  TU121                0.00      0.00      0.00
  TU122                0.00      0.00      0.00
  TU123               -0.00      0.00      0.00
  TU124                0.00      0.00      0.00
  TU125               -0.00      0.00      0.00
  TU126               -0.00      0.00      0.00
  TU127               -0.00      0.00      0.00
  TU128                0.00      0.00      0.00
  TU129                0.00      0.00      0.00
  TU13                 0.00      0.00      0.00
  TU130               -0.00      0.00      0.00
  TU131               -0.00      0.00      0.00
  TU132                0.00      0.00      0.00
  TU133               -0.00      0.00      0.00
  TU134               -0.00      0.00      0.00
  TU135               -0.00      0.00      0.00
  TU136                0.00      0.00      0.00
  TU137                0.00      0.00      0.00
  TU138                0.00      0.00      0.00
  TU139                0.00      0.00      0.00
  TU14                -0.00      0.00      0.00
  TU140                0.00      0.00      0.00
  TU141                0.00      0.00      0.00
  TU142                0.00      0.00      0.00
  TU143               -0.00      0.00      0.00
  TU144               -0.00      0.00      0.00
  TU145               -0.00      0.00      0.00
  TU146               -0.00      0.00      0.00
  TU147               -0.00      0.00      0.00
  TU148               -0.00      0.00      0.00
  TU149               -0.00      0.00      0.00
  TU15                -0.00      0.00      0.00
  TU150               -0.00      0.00      0.00
  TU151               -0.00      0.00      0.00
  TU152                0.00      0.00      0.00
  TU15301            117.00      0.17      0.05
  TU15302            117.00      0.17      0.05
  TU1074               0.00      0.00      0.00
  TU154              117.00      0.11      0.02
  TU155                0.00      0.00      0.00
  TU156              117.00      0.11      0.02
  TU157              117.00      0.11      0.02
  TU158                0.00      0.00      0.00
  TU159              117.00      0.11      0.02
  TU16              1567.00      0.28      0.04
  TU160                0.00      0.00      0.00
  TU161              117.00      0.11      0.02
  TU162              660.00      0.48      0.24
  TU163              601.00      0.43      0.20
  TU164              660.00      0.48      0.24
  TU166               -0.00      0.00      0.00
  TU167               -0.00      0.00      0.00
  TU168                0.00      0.00      0.00
  TU169                0.00      0.00      0.00
  TU17                 0.00      0.00      0.00
  TU170                0.00      0.00      0.00
  TU171              601.00      0.43      0.20
  TU17201             -0.00      0.00      0.00
  TU17202              0.00      0.00      0.00
  TU1011A             -0.00      0.00      0.00
  TU173               -0.00      0.00      0.00
  TU174               -0.00      0.00      0.00
  TU175               -0.00      0.00      0.00
  TU176              437.00      0.43      0.24
  TU177              601.00      0.59      0.42
  TU178              344.00      0.34      0.15
  TU179              344.00      0.98      1.98
  TU18                 0.00      0.00      0.00
  TU180              344.00      0.98      1.98
  TU181              211.00      1.78     11.38
  TU182              211.00      0.97      2.58
  TU183                0.00      0.00      0.00
  TU184                0.00      0.00      0.00
  TU185              139.00      0.31      0.21
  TU186               -0.00      0.00      0.00
  TU187               -0.00      0.00      0.00
  TU188              206.00      0.15      0.03
  TU189              206.00      0.15      0.03
  TU19                 0.00      0.00      0.00
  TU190               -0.00      0.00      0.00
  TU191                0.00      0.00      0.00
  TU192                0.00      0.00      0.00
  TU193                0.00      0.00      0.00
  TU194               -0.00      0.00      0.00
  TU195                0.00      0.00      0.00
  TU196                0.00      0.00      0.00
  TU197               -0.00      0.00      0.00
  TU198                0.00      0.00      0.00
  TU199                0.00      0.00      0.00
  TU2                  0.00      0.00      0.00
  TU20                 0.00      0.00      0.00
  TU200               -0.00      0.00      0.00
  TU201                0.00      0.00      0.00
  TU203                0.00      0.00      0.00
  TU204              264.00      0.12      0.01
  TU205              264.00      0.12      0.01
  TU21                -0.00      0.00      0.00
  TU22               206.00      0.11      0.02
  TU23               206.00      0.11      0.02
  TU24               264.00      0.15      0.02
  TU25               264.00      0.15      0.02
  TU26                -0.00      0.00      0.00
  TU27                 0.00      0.00      0.00
  TU28                 0.00      0.00      0.00
  TU29                 0.00      0.00      0.00
  TU3                  0.00      0.00      0.00
  TU30                 0.00      0.00      0.00
  TU31                -0.00      0.00      0.00
  TU32                 0.00      0.00      0.00
  TU33                 0.00      0.00      0.00
  TU34                 0.00      0.00      0.00
  TU35                 0.00      0.00      0.00
  TU36                 0.00      0.00      0.00
  TU37                 0.00      0.00      0.00
  TU38                 0.00      0.00      0.00
  TU39               139.00      1.59     11.10
  TU4                 -0.00      0.00      0.00
  TU40               139.00      1.02      3.75
  TU41               139.00      0.31      0.21
  TU42                 0.00      0.00      0.00
  TU43               139.00      0.20      0.07
  TU44               139.00      0.20      0.07
  TU45               206.00      0.29      0.15
  TU46               206.00      0.29      0.14
  TU47                -0.00      0.00      0.00
  TU48                 0.00      0.00      0.00
  TU49                 0.00      0.00      0.00
  TU5                  0.00      0.00      0.00
  TU50                 0.00      0.00      0.00
  TU51                 0.00      0.00      0.00
  TU52                 0.00      0.00      0.00
  TU53                 0.00      0.00      0.00
  TU54                 0.00      0.00      0.00
  TU55                 0.00      0.00      0.00
  TU56                 0.00      0.00      0.00
  TU57                 0.00      0.00      0.00
  TU58                 0.00      0.00      0.00
  TU59                 0.00      0.00      0.00
  TU6                139.00      0.20      0.07
  TU60                -0.00      0.00      0.00
  TU61                 0.00      0.00      0.00
  TU62                -0.00      0.00      0.00
  TU63                 0.00      0.00      0.00
  TU64                 0.00      0.00      0.00
  TU65                 0.00      0.00      0.00
  TU66                 0.00      0.00      0.00
  TU67                 0.00      0.00      0.00
  TU68                 0.00      0.00      0.00
  TU69                 0.00      0.00      0.00
  TU7                  0.00      0.00      0.00
  TU70                 0.00      0.00      0.00
  TU71                 0.00      0.00      0.00
  TU72                 0.00      0.00      0.00
  TU73                 0.00      0.00      0.00
  TU74                 0.00      0.00      0.00
  TU75                 0.00      0.00      0.00
  TU76                 0.00      0.00      0.00
  TU77                 0.00      0.00      0.00
  TU78                 0.00      0.00      0.00
  TU79                 0.00      0.00      0.00
  TU8                 -0.00      0.00      0.00
  TU80                 0.00      0.00      0.00
  TU81                 0.00      0.00      0.00
  TU82                 0.00      0.00      0.00
  TU83                 0.00      0.00      0.00
  TU84                 0.00      0.00      0.00
  TU85                 0.00      0.00      0.00
  TU86                 0.00      0.00      0.00
  TU87                 0.00      0.00      0.00
  TU88                 0.00      0.00      0.00
  TU89                58.00      1.03      6.59
  TU9                  0.00      0.00      0.00
  TU90                 0.00      0.00      0.00
  TU91                58.00      0.66      2.25
  TU92               189.00      0.86      2.11
  TU93               189.00      0.54      0.66
  TU94                 0.00      0.00      0.00
  TU95               189.00      0.54      0.66
  TU96                 0.00      0.00      0.00
  TU97                58.00      1.03      6.59
  TU98                58.00      0.66      2.25
  TU99               247.00      0.55      0.59
  TU4000               0.00      0.00      0.00
   
  Analysis ended Fri Dec  1 08:50:30 2023
