  Page 1                                    Fri Dec  1 09:06:24 2023

  ******************************************************************
  *                           E P A N E T                          *
  *                   Hydraulic and Water Quality                  *
  *                   Analysis for Pipe Networks                   *
  *                         Version 2.2                            *
  ******************************************************************
  
  Analysis begun Fri Dec  1 09:06:24 2023

   
  Node Results:
  ----------------------------------------------
                     Demand      Head  Pressure
  Node                 m3/h         m         m
  ----------------------------------------------
  3661                 0.00    428.90     50.76
  482                  0.00    428.37     82.37
  661                  0.00    428.76     98.76
  6610                 0.00    427.93      1.03
  6611                 0.00    428.61     93.61
  6612                 0.00    428.46     66.09
  6613                 0.00    428.61     73.61
  6615                 0.00    428.86     89.86
  6616                 0.00    428.80     67.80
  6617                 0.00    428.46     85.46
  6618                 0.00    428.81     80.81
  662                  0.00    428.81    100.81
  6620                 0.00    428.78    120.78
  6621                 0.00    428.78    100.78
  6622                 0.00    428.78     91.78
  6623                 0.00    428.78     77.78
  6624                 0.00    428.78     76.78
  6625                 0.00    428.78    116.78
  6626                 0.00    428.78    107.78
  6627                 0.00    428.76    107.76
  6628                 0.00    427.87     88.87
  6629                 0.00    428.51     88.51
  663                  0.00    428.72     87.72
  6630                 0.00    428.68      3.82
  6632                 0.00    428.76     88.76
  6633                 0.00    428.91     66.27
  6634                 0.00    428.92     57.92
  6635                 0.00    428.73     76.73
  6636                 0.00    428.73     72.73
  6637                 0.00    428.64     61.64
  6639                 0.00    428.05     68.05
  664                  0.00    428.67     80.67
  6640                 0.00    428.03     68.03
  6641                 0.00    428.32     69.64
  6642                 0.00    428.32     72.32
  6643                 0.00    428.57     76.57
  6644                 0.00    428.61     76.61
  6645                 0.00    428.63     78.63
  6646                 0.00    427.55     80.53
  6648                 0.00    427.71     81.70
  6649                 0.00    428.65     89.65
  665                  0.00    428.65     83.65
  666                  0.00    428.68     88.68
  6665                 0.00    428.35     63.21
  6666                 0.00    428.56     60.90
  667                  0.00    428.61     76.61
  668                  0.00    428.75     98.75
  669                  0.00    428.37     83.37
  1                   82.00    428.86     98.86
  10                  57.00    428.28     76.28
  100                  0.00    428.32     73.32
  100B                 0.00    428.03     70.03
  101                  0.00    428.61     75.61
  103                  0.00    428.61     89.61
  104                  0.00    428.61     89.61
  105                  0.00    428.61     73.61
  106                  0.00    428.61     73.61
  107                  0.00    428.86     89.86
  108                  0.00    428.86     93.30
  109                  0.00    428.86     91.86
  11B                166.00    428.64     85.64
  110                  0.00    428.79     82.79
  111                  0.00    428.73     90.75
  112                  0.00    428.77     86.77
  113                  0.00    428.65    105.65
  114                  0.00    428.49     80.49
  115                  0.00    428.46     82.46
  116                  0.00    428.46     83.46
  117                  0.00    428.46     85.46
  118                  0.00    428.46     89.46
  119                  0.00    428.46    105.65
  12                   0.00    428.63     98.29
  121                 60.00    428.52     78.52
  122                 68.00    424.47     77.47
  123                  0.00    427.90     81.90
  125                  0.00    428.52     77.52
  126                 66.00    428.41     80.41
  127                  0.00    428.41     85.08
  128                  0.00    428.80     66.80
  129                  0.00    428.78     72.78
  130                  0.00    428.77     87.69
  130B                 0.00    428.77     75.77
  132                  0.00    426.82     93.82
  134                  0.00    428.76    107.76
  135                  0.00    428.76    112.76
  137                  0.00    428.76    119.76
  139                  0.00    428.75     68.75
  14                  92.00    428.61     90.61
  140                  0.00    428.75     77.75
  141                  0.00    428.75     76.75
  142                  0.00    428.75     67.75
  143                 62.00    423.97     83.00
  144                  0.00    428.79     69.79
  146                  0.00    428.78     82.78
  147                  0.00    428.78    107.78
  148                  0.00    428.78     95.78
  149                  0.00    428.78    115.57
  15                   0.00    428.61     93.61
  150                  0.00    428.78    120.71
  151                  0.00    428.78    123.54
  152                  0.00    428.78    118.76
  153                  0.00    428.78    118.78
  154                  0.00    428.78    103.78
  157                  0.00    428.78    125.78
  158A                 0.00    428.78    107.78
  158B                 0.00    428.78    107.78
  16B                  0.00    428.61     94.61
  160                 56.00    428.63     61.63
  162                  0.00    428.60     60.60
  163                  0.00    428.56     54.56
  164                  0.00    428.47     68.81
  165                 59.00    428.35     67.05
  166                  0.00    428.35     67.34
  167                  0.00    428.35     57.71
  169                 81.00    428.25     61.75
  17A                  0.00    428.61     93.61
  170                  0.00    428.69     69.69
  17B                  0.00    428.61     93.61
  171                  0.00    428.73     76.73
  172                  0.00    428.73     88.73
  18B                  0.00    428.61    103.61
  19                   0.00    428.91     70.91
  2                    0.00    428.82    102.82
  20                   0.00    428.90     64.90
  2002                 0.00    428.37     78.37
  2003                 0.00    428.37     78.37
  21                  63.00    428.89     66.16
  22                   0.00    428.89     67.29
  222                 70.00    428.86     78.86
  24                   0.00    428.86     84.86
  25                   0.00    428.84     83.84
  26                   0.00    428.81     80.81
  27                   0.00    428.83     78.83
  28                   0.00    428.82     80.82
  29                   0.00    428.80     72.80
  3                    0.00    428.77     88.42
  30                   0.00    428.80     67.80
  3002                 0.00    428.90     42.90
  3004                 0.00    428.90     42.90
  3005                 0.00    428.90     42.90
  3008                 0.00    428.90     43.90
  3012                 0.00    428.90     58.17
  3013                 0.00    428.90     63.97
  3016                 0.00    428.91     63.91
  3017                 0.00    428.94     46.94
  3018                 0.00    428.76     51.76
  3019                 0.00    428.90     59.51
  3020                 0.00    428.90     60.79
  3024                 0.00    428.90     63.96
  31                  89.00    428.78     70.99
  3152                 0.00    428.90     62.70
  32                   0.00    428.79     70.79
  34                   0.00    428.78     77.76
  35                   0.00    428.78     91.78
  36                   0.00    428.78    100.78
  39                   0.00    428.78    115.78
  41                   0.00    428.78    121.78
  46                 176.00    428.76     52.76
  47                   0.00    428.42     70.24
  48                   0.00    428.26     84.26
  49                  83.00    427.39     75.39
  5                    0.00    428.75     81.75
  52                   0.00    427.39     76.39
  53                   0.00    428.92     72.92
  54                   0.00    428.89     83.89
  55                   0.00    428.86     98.86
  56                   0.00    428.86     94.86
  58                   0.00    428.86     95.86
  59                   0.00    428.86     99.86
  6                   54.00    428.44     76.44
  60                   0.00    428.77     83.77
  61                   0.00    428.77     89.77
  62                   0.00    428.61     74.61
  64                   0.00    428.79     97.79
  65                   0.00    428.76     88.76
  66                   0.00    428.75     89.75
  67                   0.00    428.71     96.71
  68                   0.00    428.68     89.68
  69                   0.00    428.68     77.68
  7                    0.00    428.70     75.70
  70                 150.00    427.87     87.87
  71                   0.00    428.51     91.51
  72                   0.00    428.61     72.61
  73                   0.00    428.57     73.57
  77                   0.00    428.61     72.61
  78                   0.00    428.61     88.47
  79                   0.00    428.70     75.70
  8                    0.00    428.63     78.63
  80                   0.00    428.65     79.65
  81                   0.00    427.71     68.71
  82                  96.00    427.11     69.11
  85                   0.00    427.87     88.87
  86                   0.00    427.87     90.87
  87                   0.00    428.49     68.49
  88                   0.00    428.46     75.46
  89                   0.00    428.38     61.38
  90                   0.00    428.32     72.32
  91                 202.00    427.53     55.53
  92                  59.00    427.89     67.89
  91B                  0.00    427.93     67.93
  94                   0.00    428.65     89.65
  95                   0.00    428.65     85.65
  97                   0.00    428.65     97.65
  99                   0.00    428.38     78.38
  74                   0.00    428.56     69.85
  1074                 0.00    428.56     70.56
  11A                  0.00    428.65     85.65
  1011                 0.00    428.65     85.65
  0                -1891.00    429.00      0.00  Reservoir
   
   
  Link Results:
  ----------------------------------------------
                       Flow  Velocity  Headloss
  Link                 m3/h       m/s    /1000m
  ----------------------------------------------
  TU1                 59.00      0.64      2.09
  TU10                 0.00      0.00      0.00
  TU100              150.00      0.33      0.24
  TU101              150.00      0.21      0.08
  TU102                0.00      0.00      0.00
  TU103              150.00      0.21      0.08
  TU104              150.00      0.21      0.08
  TU105              726.00      0.32      0.08
  TU106              726.00      0.32      0.08
  TU107                0.00      0.00      0.00
  TU108              726.00      0.32      0.08
  TU109              876.00      0.38      0.12
  TU11                -0.00      0.00      0.00
  TU110              876.00      0.38      0.12
  TU111                0.00      0.00      0.00
  TU112               -0.00      0.00      0.00
  TU113                0.00      0.00      0.00
  TU114                0.00      0.00      0.00
  TU115              958.00      0.34      0.08
  TU116              958.00      0.34      0.08
  TU117                0.00      0.00      0.00
  TU118                0.00      0.00      0.00
  TU119              958.00      0.34      0.08
  TU12                 0.00      0.00      0.00
  TU120              958.00      0.34      0.08
  TU121               -0.00      0.00      0.00
  TU122                0.00      0.00      0.00
  TU123               -0.00      0.00      0.00
  TU124                0.00      0.00      0.00
  TU125               83.00      0.61      1.47
  TU126               83.00      0.38      0.48
  TU127               83.00      0.38      0.47
  TU128                0.00      0.00      0.00
  TU129                0.00      0.00      0.00
  TU13                 0.00      0.00      0.00
  TU130               59.00      0.26      0.23
  TU131               59.00      0.26      0.23
  TU132               81.00      0.35      0.40
  TU133              140.00      0.61      1.08
  TU134               -0.00      0.00      0.00
  TU135              140.00      0.31      0.21
  TU136              196.00      0.43      0.39
  TU137              279.00      0.39      0.25
  TU138              279.00      0.39      0.25
  TU139              279.00      0.27      0.10
  TU14                92.00      0.20      0.10
  TU140              455.00      0.45      0.25
  TU141                0.00      0.00      0.00
  TU142                0.00      0.00      0.00
  TU143              202.00      0.88      2.11
  TU144               -0.00      0.00      0.00
  TU145               59.00      0.41      0.70
  TU146               59.00      0.26      0.23
  TU147              261.00      0.70      1.06
  TU148                0.00      0.00      0.00
  TU149               -0.00      0.00      0.00
  TU15                -0.00      0.00      0.00
  TU150               -0.00      0.00      0.00
  TU151              261.00      0.37      0.22
  TU152               -0.00      0.00      0.00
  TU15301            261.00      0.37      0.22
  TU15302            261.00      0.37      0.22
  TU1074               0.00      0.00      0.00
  TU154              261.00      0.26      0.09
  TU155               57.00      0.96      5.57
  TU156              318.00      0.31      0.13
  TU157              318.00      0.31      0.13
  TU158               54.00      0.96      5.79
  TU159              372.00      0.37      0.18
  TU16              1891.00      0.34      0.06
  TU160                0.00      0.00      0.00
  TU161              372.00      0.37      0.18
  TU162              354.00      0.26      0.08
  TU163              354.00      0.26      0.08
  TU164              354.00      0.26      0.08
  TU166               -0.00      0.00      0.00
  TU167               96.00      1.26      7.94
  TU168               96.00      1.26      7.94
  TU169               96.00      0.81      2.69
  TU17                -0.00      0.00      0.00
  TU170               96.00      0.44      0.62
  TU171              258.00      0.19      0.04
  TU17201              0.00      0.00      0.00
  TU17202              0.00      0.00      0.00
  TU1011A             -0.00      0.00      0.00
  TU173               -0.00      0.00      0.00
  TU174               -0.00      0.00      0.00
  TU175               -0.00      0.00      0.00
  TU176               92.00      0.09      0.01
  TU177              258.00      0.25      0.09
  TU178               92.00      0.09      0.01
  TU179                0.00      0.00      0.00
  TU18                 0.00      0.00      0.00
  TU180                0.00      0.00      0.00
  TU181                0.00      0.00      0.00
  TU182                0.00      0.00      0.00
  TU183                0.00      0.00      0.00
  TU184                0.00      0.00      0.00
  TU185              194.00      0.43      0.38
  TU186              140.00      0.38      0.34
  TU187              140.00      0.31      0.21
  TU188              345.00      0.25      0.07
  TU189              345.00      0.25      0.07
  TU19                 0.00      0.00      0.00
  TU190               -0.00      0.00      0.00
  TU191               -0.00      0.00      0.00
  TU192                0.00      0.00      0.00
  TU193                0.00      0.00      0.00
  TU194               -0.00      0.00      0.00
  TU195                0.00      0.00      0.00
  TU196                0.00      0.00      0.00
  TU197               -0.00      0.00      0.00
  TU198                0.00      0.00      0.00
  TU199                0.00      0.00      0.00
  TU2                  0.00      0.00      0.00
  TU20                 0.00      0.00      0.00
  TU200               -0.00      0.00      0.00
  TU201                0.00      0.00      0.00
  TU203                0.00      0.00      0.00
  TU204              478.00      0.21      0.04
  TU205              478.00      0.21      0.04
  TU21                -0.00      0.00      0.00
  TU22               345.00      0.19      0.04
  TU23               415.00      0.23      0.05
  TU24               415.00      0.23      0.05
  TU25               478.00      0.26      0.07
  TU26               151.00      0.15      0.03
  TU27               151.00      0.15      0.03
  TU28               151.00      0.15      0.03
  TU29               151.00      0.15      0.03
  TU3                  0.00      0.00      0.00
  TU30                 0.00      0.00      0.00
  TU31                -0.00      0.00      0.00
  TU32                 0.00      0.00      0.00
  TU33                 0.00      0.00      0.00
  TU34                 0.00      0.00      0.00
  TU35                68.00      1.21      8.81
  TU36                68.00      0.78      3.01
  TU37                68.00      0.19      0.11
  TU38                68.00      0.19      0.11
  TU39                -0.00      0.00      0.00
  TU4                261.00      0.37      0.22
  TU40                66.00      0.48      0.97
  TU41               134.00      0.30      0.19
  TU42                 0.00      0.00      0.00
  TU43               194.00      0.27      0.13
  TU44               194.00      0.27      0.13
  TU45               194.00      0.27      0.13
  TU46               194.00      0.27      0.13
  TU47                -0.00      0.00      0.00
  TU48                 0.00      0.00      0.00
  TU49                 0.00      0.00      0.00
  TU5                261.00      0.37      0.22
  TU50                 0.00      0.00      0.00
  TU51                 0.00      0.00      0.00
  TU52                 0.00      0.00      0.00
  TU53                 0.00      0.00      0.00
  TU54                 0.00      0.00      0.00
  TU55                 0.00      0.00      0.00
  TU56                 0.00      0.00      0.00
  TU57                 0.00      0.00      0.00
  TU58                 0.00      0.00      0.00
  TU59                 0.00      0.00      0.00
  TU6                194.00      0.27      0.13
  TU60                -0.00      0.00      0.00
  TU61                 0.00      0.00      0.00
  TU62                -0.00      0.00      0.00
  TU63                 0.00      0.00      0.00
  TU64                 0.00      0.00      0.00
  TU65                 0.00      0.00      0.00
  TU66                 0.00      0.00      0.00
  TU67                 0.00      0.00      0.00
  TU68                 0.00      0.00      0.00
  TU69                 0.00      0.00      0.00
  TU7                  0.00      0.00      0.00
  TU70                89.00      0.13      0.03
  TU71                89.00      0.13      0.03
  TU72                62.00      0.14      0.05
  TU73                62.00      0.14      0.05
  TU74                62.00      0.14      0.05
  TU75                62.00      0.14      0.05
  TU76                62.00      0.14      0.05
  TU77                62.00      0.14      0.05
  TU78                 0.00      0.00      0.00
  TU79                 0.00      0.00      0.00
  TU8                  0.00      0.00      0.00
  TU80                 0.00      0.00      0.00
  TU81                 0.00      0.00      0.00
  TU82                62.00      1.10      7.44
  TU83                62.00      0.82      3.58
  TU84                 0.00      0.00      0.00
  TU85                 0.00      0.00      0.00
  TU86                 0.00      0.00      0.00
  TU87                 0.00      0.00      0.00
  TU88                62.00      0.14      0.05
  TU89                 0.00      0.00      0.00
  TU9                  0.00      0.00      0.00
  TU90                 0.00      0.00      0.00
  TU91                -0.00      0.00      0.00
  TU92               150.00      0.69      1.39
  TU93               150.00      0.43      0.44
  TU94                 0.00      0.00      0.00
  TU95               150.00      0.43      0.44
  TU96                 0.00      0.00      0.00
  TU97                 0.00      0.00      0.00
  TU98                 0.00      0.00      0.00
  TU99               150.00      0.33      0.24
  TU4000               0.00      0.00      0.00
   
  Analysis ended Fri Dec  1 09:06:24 2023
