  Page 1                                    Fri Dec  1 09:07:28 2023

  ******************************************************************
  *                           E P A N E T                          *
  *                   Hydraulic and Water Quality                  *
  *                   Analysis for Pipe Networks                   *
  *                         Version 2.2                            *
  ******************************************************************
  
  Analysis begun Fri Dec  1 09:07:28 2023

   
  Node Results:
  ----------------------------------------------
                     Demand      Head  Pressure
  Node                 m3/h         m         m
  ----------------------------------------------
  3661                 0.00    428.86     50.72
  482                  0.00    428.91     82.91
  661                  0.00    428.41     98.41
  6610                 0.00    428.56      3.98
  6611                 0.00    428.04     93.04
  6612                 0.00    428.56     66.19
  6613                 0.00    428.31     73.31
  6615                 0.00    428.59     89.59
  6616                 0.00    428.55     67.55
  6617                 0.00    427.33     84.33
  6618                 0.00    428.68     80.68
  662                  0.00    428.81    100.81
  6620                 0.00    428.48    120.48
  6621                 0.00    428.48    100.48
  6622                 0.00    428.48     91.48
  6623                 0.00    428.48     77.48
  6624                 0.00    428.48     76.48
  6625                 0.00    427.52    115.52
  6626                 0.00    428.06    107.06
  6627                 0.00    427.07    106.07
  6628                 0.00    427.44     88.44
  6629                 0.00    428.75     88.75
  663                  0.00    428.69     87.69
  6630                 0.00    428.78      3.92
  6632                 0.00    428.80     88.80
  6633                 0.00    428.91     66.27
  6634                 0.00    428.92     57.92
  6635                 0.00    428.91     76.91
  6636                 0.00    428.91     72.91
  6637                 0.00    428.91     61.91
  6639                 0.00    428.56     68.56
  664                  0.00    428.60     80.60
  6640                 0.00    428.56     68.56
  6641                 0.00    428.56     69.88
  6642                 0.00    428.56     72.56
  6643                 0.00    428.58     76.58
  6644                 0.00    428.60     76.60
  6645                 0.00    428.61     78.61
  6646                 0.00    428.60     81.58
  6648                 0.00    428.60     82.59
  6649                 0.00    427.75     88.75
  665                  0.00    428.52     83.52
  666                  0.00    428.78     88.78
  6665                 0.00    428.87     63.73
  6666                 0.00    428.89     61.23
  667                  0.00    428.59     76.59
  668                  0.00    428.41     98.41
  669                  0.00    428.73     83.73
  1                    0.00    428.86     98.86
  10                  71.00    428.14     76.14
  100                  0.00    428.56     73.56
  100B                 0.00    428.56     70.56
  101                  0.00    428.31     75.31
  103                  0.00    428.31     89.31
  104                  0.00    428.31     89.31
  105                  0.00    428.31     73.31
  106                  0.00    428.31     73.31
  107                  0.00    428.59     89.59
  108                 59.00    427.74     92.18
  109                  0.00    428.40     91.40
  11B                  0.00    428.51     85.51
  110                  0.00    428.66     82.66
  111                  0.00    428.59     90.61
  112                  0.00    428.63     86.63
  113                  0.00    428.50    105.50
  114                  0.00    428.14     80.14
  115                  0.00    427.72     81.72
  116                  0.00    427.92     82.92
  117                 72.00    427.25     84.25
  118                 72.00    426.40     87.40
  119                  0.00    426.40    103.59
  12                   0.00    428.42     98.08
  121                  0.00    428.36     78.36
  122                 61.00    424.65     77.65
  123                  0.00    427.46     81.46
  125                  0.00    428.35     77.35
  126                  0.00    428.35     80.35
  127                  0.00    428.35     85.02
  128                 65.00    428.55     66.55
  129                  0.00    428.48     72.48
  130                  0.00    428.44     87.36
  130B                 0.00    428.47     75.47
  132                  0.00    428.41     95.41
  134                 63.00    426.75    105.75
  135                 61.00    426.42    110.42
  137                  0.00    426.42    117.42
  139                  0.00    428.41     68.41
  14                  66.00    428.31     90.31
  140                  0.00    428.41     77.41
  141                  0.00    428.41     76.41
  142                  0.00    428.41     67.41
  143                  0.00    428.41     87.44
  144                  0.00    428.52     69.52
  146                  0.00    428.27     82.27
  147                  0.00    428.06    107.06
  148                  0.00    428.24     95.24
  149                  0.00    427.52    114.31
  15                   0.00    428.04     93.04
  150                102.00    426.88    118.81
  151                  0.00    426.61    121.37
  152                 71.00    424.57    114.55
  153                  0.00    425.26    115.26
  154                  0.00    428.48    103.48
  157                  0.00    428.48    125.48
  158A                 0.00    428.48    107.48
  158B                 0.00    428.48    107.48
  16B                  0.00    428.31     94.31
  160                  0.00    428.91     61.91
  162                  0.00    428.90     60.90
  163                  0.00    428.89     54.89
  164                 58.00    428.87     69.21
  165                  0.00    428.87     67.57
  166                  0.00    428.87     67.86
  167                  0.00    428.87     58.23
  169                  0.00    428.87     62.37
  17A                220.00    427.85     92.85
  170                  0.00    428.91     69.91
  17B                  0.00    427.85     92.85
  171                  0.00    428.91     76.91
  172                  0.00    428.91     88.91
  18B                  0.00    427.85    102.85
  19                   0.00    428.91     70.91
  2                    0.00    428.82    102.82
  20                  80.00    428.86     64.86
  2002                 0.00    428.73     78.73
  2003                 0.00    428.73     78.73
  21                   0.00    428.84     66.11
  22                   0.00    428.84     67.24
  222                  0.00    428.79     78.79
  24                   0.00    428.77     84.77
  25                   0.00    428.73     83.73
  26                   0.00    428.68     80.68
  27                   0.00    428.69     78.69
  28                   0.00    428.66     80.66
  29                   0.00    428.57     72.57
  3                    0.00    428.76     88.41
  30                   0.00    428.56     67.56
  3002                 0.00    428.86     42.86
  3004                 0.00    428.86     42.86
  3005                 0.00    428.86     42.86
  3008                 0.00    428.86     43.86
  3012                 0.00    428.86     58.13
  3013                 0.00    428.86     63.93
  3016                 0.00    428.88     63.88
  3017               142.00    428.94     46.94
  3018                74.00    428.65     51.65
  3019                 0.00    428.86     59.47
  3020                 0.00    428.86     60.75
  3024                 0.00    428.86     63.92
  31                   0.00    428.51     70.72
  3152                 0.00    428.86     62.66
  32                   0.00    428.53     70.53
  34                   0.00    428.48     77.46
  35                   0.00    428.48     91.48
  36                   0.00    428.48    100.48
  39                   0.00    428.48    115.48
  41                   0.00    428.48    121.48
  46                   0.00    428.92     52.92
  47                   0.00    428.87     70.69
  48                   0.00    428.91     84.91
  49                   0.00    428.91     76.91
  5                    0.00    428.72     81.72
  52                   0.00    428.91     77.91
  53                   0.00    428.92     72.92
  54                   0.00    428.89     83.89
  55                   0.00    428.86     98.86
  56                   0.00    428.86     94.86
  58                   0.00    428.86     95.86
  59                   0.00    428.86     99.86
  6                    0.00    428.60     76.60
  60                   0.00    428.76     83.76
  61                   0.00    428.76     89.76
  62                 105.00    424.42     70.42
  64                   0.00    428.80     97.80
  65                   0.00    428.80     88.80
  66                   0.00    428.80     89.80
  67                   0.00    428.79     96.79
  68                   0.00    428.78     89.78
  69                   0.00    428.78     77.78
  7                    0.00    428.64     75.64
  70                   0.00    428.64     88.64
  71                   0.00    428.75     91.75
  72                   0.00    428.51     72.51
  73                   0.00    428.58     73.58
  77                   0.00    428.51     72.51
  78                   0.00    428.51     88.37
  79                   0.00    428.64     75.64
  8                   63.00    428.38     78.38
  80                   0.00    428.60     79.60
  81                   0.00    428.60     69.60
  82                   0.00    428.60     70.60
  85                  57.00    427.18     88.18
  86                   0.00    427.44     90.44
  87                 115.00    428.56     68.56
  88                   0.00    428.56     75.56
  89                   0.00    428.56     61.56
  90                   0.00    428.56     72.56
  91                   0.00    428.56     56.56
  92                   0.00    428.56     68.56
  91B                  0.00    428.56     68.56
  94                  82.00    427.06     88.06
  95                   0.00    427.00     84.00
  97                 145.00    419.68     88.68
  99                   0.00    428.56     78.56
  74                   0.00    428.58     69.87
  1074                 0.00    428.58     70.58
  11A                  0.00    426.49     83.49
  1011                 0.00    426.49     83.49
  0                -1904.00    429.00      0.00  Reservoir
   
   
  Link Results:
  ----------------------------------------------
                       Flow  Velocity  Headloss
  Link                 m3/h       m/s    /1000m
  ----------------------------------------------
  TU1                 -0.00      0.00      0.00
  TU10                 0.00      0.00      0.00
  TU100               57.00      0.13      0.04
  TU101               57.00      0.08      0.01
  TU102               -0.00      0.00      0.00
  TU103               57.00      0.08      0.01
  TU104               57.00      0.08      0.01
  TU105              867.00      0.38      0.12
  TU106              867.00      0.38      0.12
  TU107                0.00      0.00      0.00
  TU108              867.00      0.38      0.12
  TU109              924.00      0.40      0.13
  TU11                -0.00      0.00      0.00
  TU110              924.00      0.40      0.13
  TU111                0.00      0.00      0.00
  TU112               -0.00      0.00      0.00
  TU113                0.00      0.00      0.00
  TU114                0.00      0.00      0.00
  TU115              924.00      0.33      0.08
  TU116              924.00      0.33      0.08
  TU117               -0.00      0.00      0.00
  TU118                0.00      0.00      0.00
  TU119              924.00      0.33      0.08
  TU12                 0.00      0.00      0.00
  TU120              924.00      0.33      0.08
  TU121                0.00      0.00      0.00
  TU122                0.00      0.00      0.00
  TU123               -0.00      0.00      0.00
  TU124                0.00      0.00      0.00
  TU125               -0.00      0.00      0.00
  TU126               -0.00      0.00      0.00
  TU127               -0.00      0.00      0.00
  TU128                0.00      0.00      0.00
  TU129                0.00      0.00      0.00
  TU13                 0.00      0.00      0.00
  TU130               -0.00      0.00      0.00
  TU131               -0.00      0.00      0.00
  TU132                0.00      0.00      0.00
  TU133               -0.00      0.00      0.00
  TU134               -0.00      0.00      0.00
  TU135               58.00      0.13      0.04
  TU136               58.00      0.13      0.04
  TU137               58.00      0.08      0.02
  TU138               58.00      0.08      0.02
  TU139               58.00      0.06      0.01
  TU14                66.00      0.15      0.05
  TU140              132.00      0.13      0.03
  TU141              105.00      1.77     17.05
  TU142              105.00      0.28      0.20
  TU143               -0.00      0.00      0.00
  TU144               -0.00      0.00      0.00
  TU145               -0.00      0.00      0.00
  TU146               -0.00      0.00      0.00
  TU147               -0.00      0.00      0.00
  TU148               -0.00      0.00      0.00
  TU149               -0.00      0.00      0.00
  TU15                -0.00      0.00      0.00
  TU150               -0.00      0.00      0.00
  TU151               -0.00      0.00      0.00
  TU152                0.00      0.00      0.00
  TU15301            115.00      0.16      0.05
  TU15302            115.00      0.16      0.05
  TU1074               0.00      0.00      0.00
  TU154              115.00      0.11      0.02
  TU155               71.00      1.19      8.32
  TU156              186.00      0.18      0.05
  TU157              291.00      0.29      0.11
  TU158                0.00      0.00      0.00
  TU159              291.00      0.29      0.11
  TU16              1904.00      0.34      0.06
  TU160               63.00      1.12      7.66
  TU161              354.00      0.35      0.16
  TU162              513.00      0.37      0.15
  TU163              513.00      0.37      0.15
  TU164              513.00      0.37      0.15
  TU166               -0.00      0.00      0.00
  TU167               -0.00      0.00      0.00
  TU168                0.00      0.00      0.00
  TU169                0.00      0.00      0.00
  TU17                59.00      1.05      6.80
  TU170                0.00      0.00      0.00
  TU171              513.00      0.37      0.15
  TU17201            145.00      1.91     16.95
  TU17202            145.00      1.91     16.95
  TU1011A             -0.00      0.00      0.00
  TU173              145.00      1.06      4.05
  TU174               82.00      1.46     12.41
  TU175              227.00      1.04      2.95
  TU176              286.00      0.28      0.11
  TU177              286.00      0.28      0.11
  TU178              286.00      0.28      0.11
  TU179              220.00      0.62      0.88
  TU18                59.00      0.67      2.32
  TU180              220.00      0.62      0.88
  TU181                0.00      0.00      0.00
  TU182                0.00      0.00      0.00
  TU183                0.00      0.00      0.00
  TU184                0.00      0.00      0.00
  TU185              205.00      0.45      0.42
  TU186               58.00      0.16      0.07
  TU187               58.00      0.13      0.04
  TU188              567.00      0.41      0.18
  TU189              567.00      0.41      0.18
  TU19                 0.00      0.00      0.00
  TU190               71.00      0.93      4.58
  TU191                0.00      0.00      0.00
  TU192                0.00      0.00      0.00
  TU193                0.00      0.00      0.00
  TU194               -0.00      0.00      0.00
  TU195                0.00      0.00      0.00
  TU196                0.00      0.00      0.00
  TU197                0.00      0.00      0.00
  TU198                0.00      0.00      0.00
  TU199                0.00      0.00      0.00
  TU2                  0.00      0.00      0.00
  TU20                59.00      0.43      0.79
  TU200               -0.00      0.00      0.00
  TU201                0.00      0.00      0.00
  TU203               74.00      1.24      8.97
  TU204              706.00      0.31      0.08
  TU205              706.00      0.31      0.08
  TU21                71.00      0.60      1.56
  TU22               626.00      0.35      0.11
  TU23               626.00      0.35      0.11
  TU24               626.00      0.35      0.11
  TU25               626.00      0.35      0.11
  TU26               362.00      0.36      0.17
  TU27               362.00      0.36      0.17
  TU28               362.00      0.36      0.17
  TU29               362.00      0.36      0.17
  TU3                  0.00      0.00      0.00
  TU30                 0.00      0.00      0.00
  TU31                72.00      0.82      3.33
  TU32                72.00      0.82      3.33
  TU33               144.00      0.66      1.29
  TU34               144.00      0.66      1.29
  TU35                61.00      1.09      7.22
  TU36                61.00      0.70      2.47
  TU37               205.00      0.58      0.77
  TU38               205.00      0.58      0.77
  TU39                -0.00      0.00      0.00
  TU4                 -0.00      0.00      0.00
  TU40                 0.00      0.00      0.00
  TU41               205.00      0.45      0.42
  TU42                 0.00      0.00      0.00
  TU43               205.00      0.29      0.14
  TU44               205.00      0.29      0.14
  TU45               205.00      0.29      0.14
  TU46               205.00      0.29      0.14
  TU47                -0.00      0.00      0.00
  TU48                 0.00      0.00      0.00
  TU49                 0.00      0.00      0.00
  TU5                  0.00      0.00      0.00
  TU50                 0.00      0.00      0.00
  TU51                 0.00      0.00      0.00
  TU52                 0.00      0.00      0.00
  TU53                 0.00      0.00      0.00
  TU54                 0.00      0.00      0.00
  TU55                 0.00      0.00      0.00
  TU56                -0.00      0.00      0.00
  TU57                 0.00      0.00      0.00
  TU58                 0.00      0.00      0.00
  TU59                 0.00      0.00      0.00
  TU6                205.00      0.29      0.14
  TU60                71.00      1.46     13.63
  TU61                 0.00      0.00      0.00
  TU62               173.00      0.92      2.58
  TU63                 0.00      0.00      0.00
  TU64               173.00      0.92      2.58
  TU65                 0.00      0.00      0.00
  TU66               173.00      0.57      0.82
  TU67               173.00      0.49      0.57
  TU68               173.00      0.49      0.57
  TU69               173.00      0.24      0.11
  TU7                  0.00      0.00      0.00
  TU70               173.00      0.24      0.11
  TU71               173.00      0.24      0.11
  TU72               124.00      0.27      0.17
  TU73               124.00      0.27      0.17
  TU74               124.00      0.27      0.17
  TU75               124.00      0.27      0.17
  TU76               124.00      0.27      0.17
  TU77               189.00      0.42      0.36
  TU78                 0.00      0.00      0.00
  TU79                61.00      0.80      3.47
  TU8                  0.00      0.00      0.00
  TU80                63.00      1.30     10.95
  TU81               124.00      1.04      4.29
  TU82                 0.00      0.00      0.00
  TU83                 0.00      0.00      0.00
  TU84                 0.00      0.00      0.00
  TU85                 0.00      0.00      0.00
  TU86                 0.00      0.00      0.00
  TU87                 0.00      0.00      0.00
  TU88                 0.00      0.00      0.00
  TU89                57.00      1.01      6.38
  TU9                  0.00      0.00      0.00
  TU90                 0.00      0.00      0.00
  TU91                57.00      0.65      2.18
  TU92                57.00      0.26      0.24
  TU93                57.00      0.16      0.08
  TU94                 0.00      0.00      0.00
  TU95                57.00      0.16      0.08
  TU96                 0.00      0.00      0.00
  TU97                 0.00      0.00      0.00
  TU98                 0.00      0.00      0.00
  TU99                57.00      0.13      0.04
  TU4000               0.00      0.00      0.00
   
  Analysis ended Fri Dec  1 09:07:28 2023
