  Page 1                                    Fri Dec  1 09:09:14 2023

  ******************************************************************
  *                           E P A N E T                          *
  *                   Hydraulic and Water Quality                  *
  *                   Analysis for Pipe Networks                   *
  *                         Version 2.2                            *
  ******************************************************************
  
  Analysis begun Fri Dec  1 09:09:14 2023

   
  Node Results:
  ----------------------------------------------
                     Demand      Head  Pressure
  Node                 m3/h         m         m
  ----------------------------------------------
  3661                 0.00    428.92     50.78
  482                  0.00    428.96     82.96
  661                  0.00    428.80     98.80
  6610                 0.00    428.81      4.51
  6611                 0.00    428.82     93.82
  6612                 0.00    428.81     66.44
  6613                 0.00    428.82     73.82
  6615                 0.00    428.68     89.68
  6616                 0.00    428.81     67.81
  6617                 0.00    428.30     85.30
  6618                 0.00    428.82     80.82
  662                  0.00    428.91    100.91
  6620                 0.00    428.78    120.78
  6621                 0.00    428.78    100.78
  6622                 0.00    428.78     91.78
  6623                 0.00    428.78     77.78
  6624                 0.00    428.78     76.78
  6625                 0.00    428.47    116.47
  6626                 0.00    428.64    107.64
  6627                 0.00    428.80    107.80
  6628                 0.00    427.50     88.50
  6629                 0.00    428.86     88.86
  663                  0.00    428.87     87.87
  6630                 0.00    428.89      4.03
  6632                 0.00    428.90     88.90
  6633                 0.00    428.96     66.32
  6634                 0.00    428.96     57.96
  6635                 0.00    428.96     76.96
  6636                 0.00    428.96     72.96
  6637                 0.00    428.96     61.96
  6639                 0.00    428.81     68.81
  664                  0.00    428.84     80.84
  6640                 0.00    428.81     68.81
  6641                 0.00    428.81     70.13
  6642                 0.00    428.81     72.81
  6643                 0.00    428.83     76.83
  6644                 0.00    428.84     76.84
  6645                 0.00    428.85     78.85
  6646                 0.00    428.84     81.82
  6648                 0.00    428.84     82.83
  6649                 0.00    428.50     89.50
  665                  0.00    428.82     83.82
  666                  0.00    428.89     88.89
  6665                 0.00    428.96     63.82
  6666                 0.00    428.96     61.30
  667                  0.00    428.84     76.84
  668                  0.00    428.80     98.80
  669                  0.00    428.84     83.84
  1                    0.00    428.93     98.93
  10                  80.00    428.28     76.28
  100                  0.00    428.81     73.81
  100B                 0.00    428.81     70.81
  101                  0.00    428.82     75.82
  103                  0.00    428.82     89.82
  104                  0.00    428.82     89.82
  105                  0.00    428.82     73.82
  106                  0.00    428.82     73.82
  107                  0.00    428.68     89.68
  108                 62.00    427.75     92.19
  109                  0.00    428.47     91.47
  11B                112.00    428.82     85.82
  110                  0.00    428.80     82.80
  111                 55.00    428.74     90.76
  112                  0.00    428.78     86.78
  113                  0.00    428.69    105.69
  114                  0.00    428.58     80.58
  115                  0.00    428.45     82.45
  116                  0.00    428.53     83.53
  117                 85.00    428.19     85.19
  118                  0.00    428.30     89.30
  119                  0.00    428.30    105.49
  12                   0.00    428.82     98.48
  121                 58.00    428.62     78.62
  122                  0.00    428.53     81.53
  123                  0.00    428.53     82.53
  125                  0.00    428.62     77.62
  126                  0.00    428.62     80.62
  127                  0.00    428.62     85.29
  128                 66.00    428.80     66.80
  129                  0.00    428.80     72.80
  130                  0.00    428.80     87.72
  130B                 0.00    428.80     75.80
  132                  0.00    428.80     95.80
  134                  0.00    428.80    107.80
  135                  0.00    428.80    112.80
  137                  0.00    428.80    119.80
  139                  0.00    428.80     68.80
  14                   0.00    428.82     90.82
  140                  0.00    428.80     77.80
  141                  0.00    428.80     76.80
  142                  0.00    428.80     67.80
  143                  0.00    428.80     87.83
  144                  0.00    428.80     69.80
  146                  0.00    428.71     82.71
  147                  0.00    428.64    107.64
  148                  0.00    428.70     95.70
  149                  0.00    428.47    115.26
  15                   0.00    428.82     93.82
  150                 93.00    428.26    120.19
  151                  0.00    428.26    123.02
  152                  0.00    428.26    118.24
  153                  0.00    428.26    118.26
  154                  0.00    428.78    103.78
  157                  0.00    428.78    125.78
  158A                 0.00    428.78    107.78
  158B                 0.00    428.78    107.78
  16B                  0.00    428.82     94.82
  160                  0.00    428.96     61.96
  162                  0.00    428.96     60.96
  163                  0.00    428.96     54.96
  164                  0.00    428.96     69.30
  165                  0.00    428.96     67.66
  166                  0.00    428.96     67.95
  167                  0.00    428.96     58.32
  169                  0.00    428.96     62.46
  17A                  0.00    428.82     93.82
  170                  0.00    428.96     69.96
  17B                  0.00    428.82     93.82
  171                  0.00    428.96     76.96
  172                  0.00    428.96     88.96
  18B                  0.00    428.82    103.82
  19                   0.00    428.96     70.96
  2                    0.00    428.92    102.92
  20                  96.00    428.92     64.92
  2002                 0.00    428.84     78.84
  2003                 0.00    428.84     78.84
  21                  65.00    428.90     66.17
  22                   0.00    428.90     67.30
  222                  0.00    428.88     78.88
  24                   0.00    428.87     84.87
  25                   0.00    428.85     83.85
  26                   0.00    428.82     80.82
  27                   0.00    428.84     78.84
  28                   0.00    428.83     80.83
  29                   0.00    428.81     72.81
  3                    0.00    428.90     88.55
  30                   0.00    428.81     67.81
  3002                 0.00    428.92     42.92
  3004                 0.00    428.92     42.92
  3005                 0.00    428.92     42.92
  3008                 0.00    428.92     43.92
  3012                 0.00    428.92     58.19
  3013                 0.00    428.92     63.99
  3016                 0.00    428.93     63.93
  3017                 0.00    428.97     46.97
  3018                75.00    428.69     51.69
  3019                 0.00    428.92     59.53
  3020                 0.00    428.92     60.81
  3024                 0.00    428.92     63.98
  31                   0.00    428.79     71.00
  3152                 0.00    428.92     62.72
  32                   0.00    428.80     70.80
  34                   0.00    428.78     77.76
  35                   0.00    428.78     91.78
  36                   0.00    428.78    100.78
  39                   0.00    428.78    115.78
  41                   0.00    428.78    121.78
  46                   0.00    428.96     52.96
  47                   0.00    428.96     70.78
  48                   0.00    428.96     84.96
  49                   0.00    428.96     76.96
  5                    0.00    428.89     81.89
  52                   0.00    428.96     77.96
  53                   0.00    428.96     72.96
  54                   0.00    428.95     83.95
  55                   0.00    428.87     98.87
  56                  61.00    428.84     94.84
  58                   0.00    428.84     95.84
  59                   0.00    428.84     99.84
  6                    0.00    428.84     76.84
  60                   0.00    428.90     83.90
  61                   0.00    428.90     89.90
  62                   0.00    428.84     74.84
  64                   0.00    428.91     97.91
  65                   0.00    428.90     88.90
  66                   0.00    428.90     89.90
  67                   0.00    428.90     96.90
  68                   0.00    428.89     89.89
  69                   0.00    428.89     77.89
  7                    0.00    428.85     75.85
  70                   0.00    428.74     88.74
  71                   0.00    428.86     91.86
  72                   0.00    428.84     72.84
  73                   0.00    428.83     73.83
  77                   0.00    428.84     72.84
  78                   0.00    428.84     88.70
  79                  48.00    428.85     75.85
  8                    0.00    428.85     78.85
  80                   0.00    428.84     79.84
  81                   0.00    428.84     69.84
  82                   0.00    428.84     70.84
  85                  58.00    427.24     88.24
  86                   0.00    427.50     90.50
  87                 104.00    428.81     68.81
  88                   0.00    428.81     75.81
  89                   0.00    428.81     61.81
  90                   0.00    428.81     72.81
  91                   0.00    428.81     56.81
  92                   0.00    428.81     68.81
  91B                  0.00    428.81     68.81
  94                   0.00    428.50     89.50
  95                   0.00    427.78     84.78
  97                 141.00    420.83     89.83
  99                   0.00    428.81     78.81
  74                   0.00    428.83     70.12
  1074                 0.00    428.83     70.83
  11A                  0.00    427.30     84.30
  1011                 0.00    427.30     84.30
  0                -1259.00    429.00      0.00  Reservoir
   
   
  Link Results:
  ----------------------------------------------
                       Flow  Velocity  Headloss
  Link                 m3/h       m/s    /1000m
  ----------------------------------------------
  TU1                 -0.00      0.00      0.00
  TU10                 0.00      0.00      0.00
  TU100               58.00      0.13      0.04
  TU101               58.00      0.08      0.02
  TU102                0.00      0.00      0.00
  TU103               58.00      0.08      0.01
  TU104               58.00      0.08      0.02
  TU105              485.00      0.21      0.04
  TU106              485.00      0.21      0.04
  TU107                0.00      0.00      0.00
  TU108              485.00      0.21      0.04
  TU109              543.00      0.24      0.05
  TU11                -0.00      0.00      0.00
  TU110              543.00      0.24      0.05
  TU111                0.00      0.00      0.00
  TU112               -0.00      0.00      0.00
  TU113               61.00      0.32      0.39
  TU114               61.00      0.32      0.39
  TU115              604.00      0.21      0.04
  TU116              604.00      0.21      0.04
  TU117               -0.00      0.00      0.00
  TU118                0.00      0.00      0.00
  TU119              604.00      0.21      0.04
  TU12                -0.00      0.00      0.00
  TU120              604.00      0.21      0.04
  TU121                0.00      0.00      0.00
  TU122                0.00      0.00      0.00
  TU123                0.00      0.00      0.00
  TU124                0.00      0.00      0.00
  TU125               -0.00      0.00      0.00
  TU126               -0.00      0.00      0.00
  TU127               -0.00      0.00      0.00
  TU128                0.00      0.00      0.00
  TU129                0.00      0.00      0.00
  TU13                 0.00      0.00      0.00
  TU130               -0.00      0.00      0.00
  TU131               -0.00      0.00      0.00
  TU132                0.00      0.00      0.00
  TU133               -0.00      0.00      0.00
  TU134               -0.00      0.00      0.00
  TU135               -0.00      0.00      0.00
  TU136                0.00      0.00      0.00
  TU137                0.00      0.00      0.00
  TU138                0.00      0.00      0.00
  TU139                0.00      0.00      0.00
  TU14                -0.00      0.00      0.00
  TU140               75.00      0.07      0.01
  TU141                0.00      0.00      0.00
  TU142                0.00      0.00      0.00
  TU143               -0.00      0.00      0.00
  TU144               -0.00      0.00      0.00
  TU145               -0.00      0.00      0.00
  TU146                0.00      0.00      0.00
  TU147               -0.00      0.00      0.00
  TU148                0.00      0.00      0.00
  TU149               -0.00      0.00      0.00
  TU15                -0.00      0.00      0.00
  TU150               -0.00      0.00      0.00
  TU151               -0.00      0.00      0.00
  TU152                0.00      0.00      0.00
  TU15301            104.00      0.15      0.04
  TU15302            104.00      0.15      0.04
  TU1074               0.00      0.00      0.00
  TU154              104.00      0.10      0.02
  TU155               80.00      1.35     10.35
  TU156              184.00      0.18      0.05
  TU157              184.00      0.18      0.05
  TU158                0.00      0.00      0.00
  TU159              184.00      0.18      0.05
  TU16              1259.00      0.23      0.03
  TU160                0.00      0.00      0.00
  TU161              184.00      0.18      0.05
  TU162              301.00      0.22      0.06
  TU163              253.00      0.18      0.04
  TU164              301.00      0.22      0.06
  TU166               -0.00      0.00      0.00
  TU167               -0.00      0.00      0.00
  TU168                0.00      0.00      0.00
  TU169                0.00      0.00      0.00
  TU17                62.00      1.10      7.44
  TU170                0.00      0.00      0.00
  TU171              253.00      0.18      0.04
  TU17201            141.00      1.85     16.09
  TU17202            141.00      1.85     16.09
  TU1011A             -0.00      0.00      0.00
  TU173              141.00      1.03      3.85
  TU174               -0.00      0.00      0.00
  TU175              141.00      0.65      1.24
  TU176               -0.00      0.00      0.00
  TU177              112.00      0.11      0.02
  TU178               -0.00      0.00      0.00
  TU179                0.00      0.00      0.00
  TU18                62.00      0.71      2.54
  TU180                0.00      0.00      0.00
  TU181                0.00      0.00      0.00
  TU182                0.00      0.00      0.00
  TU183                0.00      0.00      0.00
  TU184                0.00      0.00      0.00
  TU185              143.00      0.32      0.22
  TU186               -0.00      0.00      0.00
  TU187               -0.00      0.00      0.00
  TU188              357.00      0.26      0.08
  TU189              357.00      0.26      0.08
  TU19                 0.00      0.00      0.00
  TU190               -0.00      0.00      0.00
  TU191               -0.00      0.00      0.00
  TU192                0.00      0.00      0.00
  TU193                0.00      0.00      0.00
  TU194               -0.00      0.00      0.00
  TU195                0.00      0.00      0.00
  TU196                0.00      0.00      0.00
  TU197               -0.00      0.00      0.00
  TU198                0.00      0.00      0.00
  TU199                0.00      0.00      0.00
  TU2                  0.00      0.00      0.00
  TU20                62.00      0.45      0.87
  TU200               -0.00      0.00      0.00
  TU201                0.00      0.00      0.00
  TU203               75.00      1.26      9.20
  TU204              580.00      0.25      0.06
  TU205              580.00      0.25      0.06
  TU21                -0.00      0.00      0.00
  TU22               419.00      0.23      0.05
  TU23               419.00      0.23      0.05
  TU24               419.00      0.23      0.06
  TU25               484.00      0.27      0.07
  TU26               159.00      0.16      0.04
  TU27               159.00      0.16      0.04
  TU28               159.00      0.16      0.04
  TU29               159.00      0.16      0.04
  TU3                  0.00      0.00      0.00
  TU30                 0.00      0.00      0.00
  TU31                -0.00      0.00      0.00
  TU32                85.00      0.97      4.51
  TU33                85.00      0.39      0.50
  TU34                85.00      0.39      0.50
  TU35                -0.00      0.00      0.00
  TU36                 0.00      0.00      0.00
  TU37                85.00      0.24      0.16
  TU38                85.00      0.24      0.16
  TU39                -0.00      0.00      0.00
  TU4                 -0.00      0.00      0.00
  TU40                -0.00      0.00      0.00
  TU41                85.00      0.19      0.09
  TU42                 0.00      0.00      0.00
  TU43               198.00      0.28      0.13
  TU44               198.00      0.28      0.13
  TU45               198.00      0.28      0.14
  TU46               198.00      0.28      0.14
  TU47                -0.00      0.00      0.00
  TU48                 0.00      0.00      0.00
  TU49                 0.00      0.00      0.00
  TU5                  0.00      0.00      0.00
  TU50                 0.00      0.00      0.00
  TU51                 0.00      0.00      0.00
  TU52                 0.00      0.00      0.00
  TU53                 0.00      0.00      0.00
  TU54                 0.00      0.00      0.00
  TU55                 0.00      0.00      0.00
  TU56                 0.00      0.00      0.00
  TU57                 0.00      0.00      0.00
  TU58                 0.00      0.00      0.00
  TU59                 0.00      0.00      0.00
  TU6                143.00      0.20      0.08
  TU60                -0.00      0.00      0.00
  TU61                 0.00      0.00      0.00
  TU62                93.00      0.49      0.84
  TU63                 0.00      0.00      0.00
  TU64                93.00      0.49      0.84
  TU65                 0.00      0.00      0.00
  TU66                93.00      0.31      0.27
  TU67                93.00      0.26      0.18
  TU68                93.00      0.26      0.18
  TU69                93.00      0.13      0.03
  TU7                  0.00      0.00      0.00
  TU70                93.00      0.13      0.03
  TU71                93.00      0.13      0.03
  TU72                 0.00      0.00      0.00
  TU73                 0.00      0.00      0.00
  TU74                 0.00      0.00      0.00
  TU75                 0.00      0.00      0.00
  TU76                 0.00      0.00      0.00
  TU77                66.00      0.15      0.05
  TU78                 0.00      0.00      0.00
  TU79                 0.00      0.00      0.00
  TU8                  0.00      0.00      0.00
  TU80                 0.00      0.00      0.00
  TU81                 0.00      0.00      0.00
  TU82                 0.00      0.00      0.00
  TU83                 0.00      0.00      0.00
  TU84                 0.00      0.00      0.00
  TU85                 0.00      0.00      0.00
  TU86                 0.00      0.00      0.00
  TU87                 0.00      0.00      0.00
  TU88                 0.00      0.00      0.00
  TU89                58.00      1.03      6.59
  TU9                  0.00      0.00      0.00
  TU90                 0.00      0.00      0.00
  TU91                58.00      0.66      2.25
  TU92                58.00      0.27      0.25
  TU93                58.00      0.16      0.08
  TU94                 0.00      0.00      0.00
  TU95                58.00      0.16      0.08
  TU96                 0.00      0.00      0.00
  TU97                 0.00      0.00      0.00
  TU98                 0.00      0.00      0.00
  TU99                58.00      0.13      0.04
  TU4000               0.00      0.00      0.00
   
  Analysis ended Fri Dec  1 09:09:14 2023
