  Page 1                                    Fri Dec  1 08:54:08 2023

  ******************************************************************
  *                           E P A N E T                          *
  *                   Hydraulic and Water Quality                  *
  *                   Analysis for Pipe Networks                   *
  *                         Version 2.2                            *
  ******************************************************************
  
  Analysis begun Fri Dec  1 08:54:08 2023

   
  Node Results:
  ----------------------------------------------
                     Demand      Head  Pressure
  Node                 m3/h         m         m
  ----------------------------------------------
  3661                 0.00    428.83     50.69
  482                  0.00    428.84     82.84
  661                  0.00    428.49     98.49
  6610                 0.00    427.48      2.19
  6611                 0.00    427.07     92.07
  6612                 0.00    427.94     65.57
  6613                 0.00    426.79     71.79
  6615                 0.00    428.49     89.49
  6616                 0.00    428.54     67.54
  6617                 0.00    427.61     84.61
  6618                 0.00    428.64     80.64
  662                  0.00    428.61    100.61
  6620                 0.00    427.49    119.49
  6621                 0.00    428.16    100.16
  6622                 0.00    428.31     91.31
  6623                 0.00    428.46     77.46
  6624                 0.00    428.50     76.50
  6625                 0.00    428.50    116.50
  6626                 0.00    428.50    107.50
  6627                 0.00    428.10    107.10
  6628                 0.00    428.51     89.51
  6629                 0.00    428.51     88.51
  663                  0.00    428.37     87.37
  6630                 0.00    428.56      3.70
  6632                 0.00    428.59     88.59
  6633                 0.00    428.83     66.19
  6634                 0.00    428.85     57.85
  6635                 0.00    428.86     76.86
  6636                 0.00    428.86     72.86
  6637                 0.00    428.84     61.84
  6639                 0.00    427.76     67.76
  664                  0.00    428.22     80.22
  6640                 0.00    427.64     67.64
  6641                 0.00    427.85     69.17
  6642                 0.00    427.85     71.85
  6643                 0.00    428.05     76.05
  6644                 0.00    428.13     76.13
  6645                 0.00    428.16     78.16
  6646                 0.00    428.22     81.20
  6648                 0.00    428.22     82.21
  6649                 0.00    428.10     89.10
  665                  0.00    428.10     83.10
  666                  0.00    428.56     88.56
  6665                 0.00    428.80     63.66
  6666                 0.00    428.83     61.17
  667                  0.00    428.12     76.12
  668                  0.00    428.49     98.49
  669                  0.00    428.51     83.51
  1                   62.00    428.72     98.72
  10                   0.00    428.05     76.05
  100                  0.00    427.85     72.85
  100B                69.00    427.29     69.29
  101                 97.00    426.50     73.50
  103                  0.00    424.84     85.84
  104                165.00    424.66     85.66
  105                  0.00    426.79     71.79
  106                  0.00    426.79     71.79
  107                 70.00    428.24     89.24
  108                  0.00    428.49     92.93
  109                  0.00    428.49     91.49
  11B                103.00    428.02     85.02
  110                  0.00    428.63     82.63
  111                  0.00    428.58     90.60
  112                  0.00    428.60     86.60
  113                  0.00    428.51    105.51
  114                  0.00    428.22     80.22
  115                  0.00    427.90     81.90
  116                  0.00    428.05     83.05
  117                 69.00    427.53     84.53
  118                 54.00    427.06     88.06
  119                  0.00    427.06    104.25
  12                   0.00    427.73     97.39
  121                  0.00    428.39     78.39
  122                 56.00    425.25     78.25
  123                  0.00    427.66     81.66
  125                  0.00    428.38     77.38
  126                  0.00    428.38     80.38
  127                  0.00    428.38     85.05
  128                 67.00    428.54     66.54
  129                  0.00    428.52     72.52
  130                  0.00    428.50     87.42
  130B                 0.00    428.51     75.51
  132                  0.00    428.49     95.49
  134                  0.00    428.10    107.10
  135                  0.00    427.41    111.41
  137                 63.00    422.95    113.95
  139                  0.00    428.49     68.49
  14                  86.00    427.25     89.25
  140                  0.00    428.49     77.49
  141                  0.00    428.49     76.49
  142                  0.00    428.49     67.49
  143                  0.00    428.49     87.52
  144                  0.00    428.53     69.53
  146                  0.00    428.50     82.50
  147                  0.00    428.50    107.50
  148                  0.00    428.50     95.50
  149                  0.00    428.50    115.29
  15                   0.00    427.07     92.07
  150                  0.00    428.50    120.43
  151                  0.00    428.50    123.26
  152                  0.00    428.50    118.48
  153                  0.00    428.50    118.50
  154                  0.00    428.09    103.09
  157                  0.00    427.49    124.49
  158A                66.00    418.06     97.06
  158B                66.00    418.04     97.04
  16B                  0.00    427.34     93.34
  160                 54.00    428.84     61.84
  162                  0.00    428.83     60.83
  163                  0.00    428.83     54.83
  164                  0.00    428.81     69.15
  165                  0.00    428.80     67.50
  166                  0.00    428.80     67.79
  167                  0.00    428.80     58.16
  169                 53.00    428.72     62.22
  17A                  0.00    426.88     91.88
  170                  0.00    428.85     69.85
  17B                  0.00    426.69     91.69
  171                  0.00    428.86     76.86
  172                  0.00    428.86     88.86
  18B                219.00    420.96     95.96
  19                   0.00    428.83     70.83
  2                    0.00    428.63    102.63
  20                   0.00    428.83     64.83
  2002                 0.00    428.51     78.51
  2003                 0.00    428.51     78.51
  21                   0.00    428.80     66.07
  22                   0.00    428.80     67.20
  222                 57.00    428.75     78.75
  24                   0.00    428.72     84.72
  25                   0.00    428.69     83.69
  26                   0.00    428.64     80.64
  27                   0.00    428.66     78.66
  28                  52.00    428.62     80.62
  29                  56.00    428.55     72.55
  3                    0.00    428.50     88.15
  30                   0.00    428.54     67.54
  3002                 0.00    428.83     42.83
  3004                 0.00    428.83     42.83
  3005                 0.00    428.83     42.83
  3008                 0.00    428.83     43.83
  3012                 0.00    428.83     58.10
  3013                 0.00    428.83     63.90
  3016                 0.00    428.84     63.84
  3017               147.00    428.90     46.90
  3018                71.00    428.61     51.61
  3019                 0.00    428.83     59.44
  3020                 0.00    428.83     60.72
  3024                 0.00    428.83     63.89
  31                   0.00    428.51     70.72
  3152                 0.00    428.83     62.63
  32                   0.00    428.52     70.52
  34                   0.00    428.46     77.44
  35                   0.00    428.31     91.31
  36                   0.00    428.16    100.16
  39                   0.00    427.87    114.87
  41                   0.00    427.28    120.28
  46                   0.00    428.86     52.86
  47                   0.00    428.80     70.62
  48                   0.00    428.84     84.84
  49                   0.00    428.84     76.84
  5                    0.00    428.43     81.43
  52                   0.00    428.84     77.84
  53                   0.00    428.85     72.85
  54                   0.00    428.79     83.79
  55                   0.00    428.72     98.72
  56                   0.00    428.72     94.72
  58                   0.00    428.72     95.72
  59                   0.00    428.72     99.72
  6                   61.00    427.91     75.91
  60                   0.00    426.36     81.36
  61                  76.00    425.34     86.34
  62                   0.00    428.10     74.10
  64                   0.00    428.60     97.60
  65                   0.00    428.59     88.59
  66                   0.00    428.59     89.59
  67                   0.00    428.57     96.57
  68                   0.00    428.56     89.56
  69                   0.00    428.56     77.56
  7                    0.00    428.29     75.29
  70                   0.00    428.51     88.51
  71                  82.00    426.87     89.87
  72                  52.00    428.10     72.10
  73                 154.00    428.03     73.03
  77                   0.00    428.10     72.10
  78                   0.00    428.10     87.96
  79                   0.00    428.28     75.28
  8                    0.00    428.16     78.16
  80                   0.00    428.22     79.22
  81                   0.00    428.22     69.22
  82                   0.00    428.22     70.22
  85                   0.00    428.51     89.51
  86                   0.00    428.51     91.51
  87                   0.00    427.96     67.96
  88                   0.00    427.94     74.94
  89                  84.00    427.88     60.88
  90                   0.00    427.85     71.85
  91                   0.00    427.76     55.76
  92                   0.00    427.48     67.48
  91B                 79.00    427.40     67.40
  94                   0.00    428.10     89.10
  95                   0.00    428.10     85.10
  97                   0.00    428.10     97.10
  99                   0.00    427.88     77.88
  74                  78.00    425.77     67.06
  1074                 0.00    428.02     70.02
  11A                  0.00    428.10     85.10
  1011                 0.00    428.10     85.10
  0                -2468.00    429.00      0.00  Reservoir
   
   
  Link Results:
  ----------------------------------------------
                       Flow  Velocity  Headloss
  Link                 m3/h       m/s    /1000m
  ----------------------------------------------
  TU1                 -0.00      0.00      0.00
  TU10                 0.00      0.00      0.00
  TU100               82.00      0.18      0.08
  TU101               82.00      0.12      0.03
  TU102                0.00      0.00      0.00
  TU103               82.00      0.12      0.03
  TU104               82.00      0.12      0.03
  TU105             1247.00      0.54      0.22
  TU106             1247.00      0.54      0.22
  TU107                0.00      0.00      0.00
  TU108             1323.00      0.58      0.25
  TU109             1405.00      0.61      0.28
  TU11                97.00      0.44      0.63
  TU110             1405.00      0.61      0.28
  TU111                0.00      0.00      0.00
  TU112               -0.00      0.00      0.00
  TU113                0.00      0.00      0.00
  TU114                0.00      0.00      0.00
  TU115             1467.00      0.52      0.18
  TU116             1467.00      0.52      0.18
  TU117                0.00      0.00      0.00
  TU118                0.00      0.00      0.00
  TU119             1467.00      0.52      0.18
  TU12               165.00      1.88     15.23
  TU120             1467.00      0.52      0.18
  TU121               -0.00      0.00      0.00
  TU122                0.00      0.00      0.00
  TU123               -0.00      0.00      0.00
  TU124                0.00      0.00      0.00
  TU125               -0.00      0.00      0.00
  TU126               -0.00      0.00      0.00
  TU127               -0.00      0.00      0.00
  TU128                0.00      0.00      0.00
  TU129                0.00      0.00      0.00
  TU13               165.00      1.21      5.13
  TU130               -0.00      0.00      0.00
  TU131               -0.00      0.00      0.00
  TU132               53.00      0.23      0.19
  TU133               53.00      0.23      0.19
  TU134               79.00      0.85      3.45
  TU135               53.00      0.12      0.04
  TU136              107.00      0.24      0.13
  TU137              107.00      0.15      0.04
  TU138              107.00      0.15      0.04
  TU139              107.00      0.11      0.02
  TU14               348.00      0.77      1.10
  TU140              178.00      0.17      0.05
  TU141                0.00      0.00      0.00
  TU142               52.00      0.14      0.06
  TU143               -0.00      0.00      0.00
  TU144               69.00      0.74      2.70
  TU145               79.00      0.55      1.18
  TU146              148.00      0.64      1.20
  TU147              148.00      0.40      0.38
  TU148               -0.00      0.00      0.00
  TU149               -0.00      0.00      0.00
  TU15                -0.00      0.00      0.00
  TU150               -0.00      0.00      0.00
  TU151              148.00      0.21      0.08
  TU152               -0.00      0.00      0.00
  TU15301            310.00      0.44      0.30
  TU15302            232.00      0.33      0.18
  TU1074              78.00      1.03      5.43
  TU154              464.00      0.46      0.26
  TU155               -0.00      0.00      0.00
  TU156              464.00      0.46      0.26
  TU157              516.00      0.51      0.32
  TU158               61.00      1.09      7.22
  TU159              577.00      0.57      0.39
  TU16              2468.00      0.45      0.09
  TU160                0.00      0.00      0.00
  TU161              577.00      0.57      0.39
  TU162              670.00      0.48      0.24
  TU163              670.00      0.48      0.24
  TU164              670.00      0.48      0.25
  TU166               -0.00      0.00      0.00
  TU167               -0.00      0.00      0.00
  TU168                0.00      0.00      0.00
  TU169                0.00      0.00      0.00
  TU17                -0.00      0.00      0.00
  TU170                0.00      0.00      0.00
  TU171              670.00      0.48      0.24
  TU17201             -0.00      0.00      0.00
  TU17202              0.00      0.00      0.00
  TU1011A             -0.00      0.00      0.00
  TU173               -0.00      0.00      0.00
  TU174               -0.00      0.00      0.00
  TU175               -0.00      0.00      0.00
  TU176              567.00      0.56      0.38
  TU177              670.00      0.66      0.51
  TU178              567.00      0.56      0.38
  TU179              219.00      0.62      0.87
  TU18                 0.00      0.00      0.00
  TU180              219.00      0.62      0.87
  TU181              219.00      1.84     12.19
  TU182              219.00      1.00      2.77
  TU183               76.00      0.87      3.68
  TU184                0.00      0.00      0.00
  TU185              179.00      0.40      0.33
  TU186               53.00      0.14      0.06
  TU187               53.00      0.12      0.04
  TU188              549.00      0.40      0.17
  TU189              549.00      0.40      0.17
  TU19                70.00      1.25      9.29
  TU190               -0.00      0.00      0.00
  TU191               76.00      1.35     10.79
  TU192                0.00      0.00      0.00
  TU193                0.00      0.00      0.00
  TU194               -0.00      0.00      0.00
  TU195                0.00      0.00      0.00
  TU196                0.00      0.00      0.00
  TU197               -0.00      0.00      0.00
  TU198                0.00      0.00      0.00
  TU199                0.00      0.00      0.00
  TU2                  0.00      0.00      0.00
  TU20                70.00      0.51      1.08
  TU200               -0.00      0.00      0.00
  TU201                0.00      0.00      0.00
  TU203               71.00      1.19      8.32
  TU204              676.00      0.30      0.07
  TU205              676.00      0.30      0.07
  TU21                -0.00      0.00      0.00
  TU22               619.00      0.34      0.11
  TU23               676.00      0.37      0.13
  TU24               676.00      0.37      0.13
  TU25               676.00      0.37      0.13
  TU26               262.00      0.26      0.09
  TU27               262.00      0.26      0.09
  TU28               318.00      0.31      0.13
  TU29               370.00      0.36      0.17
  TU3                  0.00      0.00      0.00
  TU30                 0.00      0.00      0.00
  TU31                54.00      0.62      1.98
  TU32                69.00      0.79      3.09
  TU33               123.00      0.56      0.97
  TU34               123.00      0.56      0.97
  TU35                56.00      1.00      6.18
  TU36                56.00      0.64      2.11
  TU37               179.00      0.51      0.60
  TU38               179.00      0.51      0.60
  TU39                -0.00      0.00      0.00
  TU4                232.00      0.33      0.18
  TU40                -0.00      0.00      0.00
  TU41               179.00      0.40      0.33
  TU42                 0.00      0.00      0.00
  TU43               179.00      0.25      0.11
  TU44               179.00      0.25      0.11
  TU45               179.00      0.25      0.11
  TU46               179.00      0.25      0.11
  TU47                 0.00      0.00      0.00
  TU48               132.00      1.74     14.25
  TU49               132.00      1.11      4.81
  TU5                232.00      0.33      0.18
  TU50                 0.00      0.00      0.00
  TU51               132.00      0.70      1.58
  TU52               132.00      0.44      0.50
  TU53               132.00      0.44      0.50
  TU54                 0.00      0.00      0.00
  TU55               132.00      0.44      0.50
  TU56                 0.00      0.00      0.00
  TU57               132.00      0.37      0.35
  TU58                 0.00      0.00      0.00
  TU59               132.00      0.37      0.35
  TU6                179.00      0.25      0.11
  TU60                 0.00      0.00      0.00
  TU61                 0.00      0.00      0.00
  TU62                -0.00      0.00      0.00
  TU63                 0.00      0.00      0.00
  TU64                 0.00      0.00      0.00
  TU65                 0.00      0.00      0.00
  TU66                 0.00      0.00      0.00
  TU67                 0.00      0.00      0.00
  TU68                 0.00      0.00      0.00
  TU69               132.00      0.19      0.07
  TU7                  0.00      0.00      0.00
  TU70               132.00      0.19      0.06
  TU71               132.00      0.19      0.07
  TU72                63.00      0.14      0.05
  TU73                63.00      0.14      0.05
  TU74                63.00      0.14      0.05
  TU75                63.00      0.14      0.05
  TU76                63.00      0.14      0.05
  TU77               130.00      0.29      0.19
  TU78                63.00      1.30     10.95
  TU79                63.00      0.83      3.68
  TU8                 97.00      1.05      5.01
  TU80                 0.00      0.00      0.00
  TU81                63.00      0.53      1.25
  TU82                -0.00      0.00      0.00
  TU83                 0.00      0.00      0.00
  TU84                 0.00      0.00      0.00
  TU85                 0.00      0.00      0.00
  TU86                 0.00      0.00      0.00
  TU87                 0.00      0.00      0.00
  TU88                 0.00      0.00      0.00
  TU89                 0.00      0.00      0.00
  TU9                  0.00      0.00      0.00
  TU90                 0.00      0.00      0.00
  TU91                -0.00      0.00      0.00
  TU92                 0.00      0.00      0.00
  TU93                 0.00      0.00      0.00
  TU94                82.00      0.94      4.23
  TU95                82.00      0.23      0.15
  TU96                 0.00      0.00      0.00
  TU97                 0.00      0.00      0.00
  TU98                 0.00      0.00      0.00
  TU99                82.00      0.18      0.08
  TU4000              66.00      0.87      4.00
   
  Analysis ended Fri Dec  1 08:54:08 2023
