  Page 1                                    Fri Dec  1 08:54:05 2023

  ******************************************************************
  *                           E P A N E T                          *
  *                   Hydraulic and Water Quality                  *
  *                   Analysis for Pipe Networks                   *
  *                         Version 2.2                            *
  ******************************************************************
  
  Analysis begun Fri Dec  1 08:54:05 2023

   
  Node Results:
  ----------------------------------------------
                     Demand      Head  Pressure
  Node                 m3/h         m         m
  ----------------------------------------------
  3661                 0.00    428.34     50.20
  482                  0.00    428.29     82.29
  661                  0.00    426.59     96.59
  6610                 0.00    422.97     -0.01
  6611                 0.00    426.52     91.52
  6612                 0.00    425.07     62.70
  6613                 0.00    425.76     70.76
  6615                 0.00    428.03     89.03
  6616                 0.00    427.33     66.33
  6617                 0.00    424.83     81.83
  6618                 0.00    427.69     79.69
  662                  0.00    427.80     99.80
  6620                 0.00    426.31    118.31
  6621                 0.00    426.89     98.89
  6622                 0.00    427.02     90.02
  6623                 0.00    427.15     76.15
  6624                 0.00    427.18     75.18
  6625                 0.00    426.56    114.56
  6626                 0.00    426.91    105.91
  6627                 0.00    425.33    104.33
  6628                 0.00    426.81     87.81
  6629                 0.00    427.17     87.17
  663                  0.00    427.22     86.22
  6630                 0.00    427.51      2.65
  6632                 0.00    427.67     87.67
  6633                 0.00    428.45     65.81
  6634                 0.00    428.52     57.52
  6635                 0.00    428.42     76.42
  6636                 0.00    428.42     72.42
  6637                 0.00    428.29     61.29
  6639                 0.00    423.85     63.85
  664                  0.00    427.05     79.05
  6640                 0.00    423.56     63.56
  6641                 0.00    424.45     65.77
  6642                 0.00    424.40     68.40
  6643                 0.00    425.74     73.74
  6644                 0.00    426.03     74.03
  6645                 0.00    426.18     76.18
  6646                 0.00    425.10     78.08
  6648                 0.00    425.38     79.37
  6649                 0.00    426.90     87.90
  665                  0.00    426.96     81.96
  666                  0.00    427.51     87.51
  6665                 0.00    427.22     62.08
  6666                 0.00    427.93     60.27
  667                  0.00    425.99     73.99
  668                  0.00    426.58     96.58
  669                  0.00    427.09     82.09
  1                    0.00    428.11     98.11
  10                   0.00    425.74     73.74
  100                104.00    424.37     69.37
  100B                74.00    423.17     65.17
  101                120.00    425.34     72.34
  103                  0.00    424.36     85.36
  104                152.00    424.21     85.21
  105                  0.00    425.76     70.76
  106                  0.00    425.76     70.76
  107                  0.00    428.03     89.03
  108                  0.00    428.03     92.47
  109                  0.00    428.03     91.03
  11B                 94.00    426.92     83.92
  110                 65.00    427.62     81.62
  111                  0.00    427.40     89.42
  112                  0.00    427.51     85.51
  113                  0.00    427.09    104.09
  114                 59.00    426.06     78.06
  115                 51.00    425.29     79.29
  116                  0.00    425.69     80.69
  117                 82.00    424.72     81.72
  118                 76.00    423.80     84.80
  119                  0.00    423.80    100.99
  12                   0.00    426.75     96.41
  121                 62.00    426.61     76.61
  122                 69.00    421.59     74.59
  123                  0.00    425.11     79.11
  125                  0.00    426.58     75.58
  126                  0.00    426.58     78.58
  127                  0.00    426.58     83.25
  128                 69.00    427.30     65.30
  129                  0.00    426.99     70.99
  130                  0.00    426.76     85.68
  130B                 0.00    426.90     73.90
  132                 56.00    420.21     87.21
  134                 61.00    425.03    104.03
  135                 59.00    424.72    108.72
  137                  0.00    424.72    115.72
  139                 67.00    426.13     66.13
  14                  91.00    426.43     88.43
  140                  0.00    426.37     75.37
  141                  0.00    426.36     74.36
  142                  0.00    426.13     65.13
  143                 63.00    417.27     76.30
  144                  0.00    427.17     68.17
  146                  0.00    427.05     81.05
  147                  0.00    426.91    105.91
  148                  0.00    427.02     94.02
  149                  0.00    426.56    113.35
  15                   0.00    426.52     91.52
  150                 62.00    426.15    118.08
  151                  0.00    425.86    120.62
  152                 74.00    423.65    113.63
  153                  0.00    424.40    114.40
  154                  0.00    426.83    101.83
  157                  0.00    426.31    123.31
  158A                61.00    418.15     97.15
  158B                61.00    418.13     97.13
  16B                  0.00    426.54     92.54
  160                 63.00    428.24     61.24
  162                  0.00    428.09     60.09
  163                 91.00    427.62     53.62
  164                  0.00    427.72     68.06
  165                 63.00    427.22     65.92
  166                 91.00    427.22     66.21
  167                  0.00    427.22     56.58
  169                 66.00    427.49     60.99
  17A                 48.00    426.51     91.51
  170                  0.00    428.36     69.36
  17B                  0.00    426.51     91.51
  171                  0.00    428.42     76.42
  172                  0.00    428.42     88.42
  18B                  0.00    426.51    101.51
  19                   0.00    428.45     70.45
  2                    0.00    427.86    101.86
  20                  87.00    428.34     64.34
  2002                 0.00    427.09     77.09
  2003                 0.00    427.09     77.09
  21                  60.00    428.26     65.53
  22                  57.00    428.26     66.66
  222                 69.00    428.11     78.11
  24                   0.00    428.03     84.03
  25                   0.00    427.90     82.90
  26                   0.00    427.69     79.69
  27                   0.00    427.77     77.77
  28                   0.00    427.67     79.67
  29                  48.00    427.37     71.37
  3                    0.00    427.54     87.19
  30                   0.00    427.34     66.34
  3002                 0.00    428.34     42.34
  3004                 0.00    428.34     42.34
  3005                 0.00    428.34     42.34
  3008                 0.00    428.34     43.34
  3012                 0.00    428.34     57.61
  3013                 0.00    428.34     63.41
  3016               138.00    428.41     63.41
  3017                 0.00    428.66     46.66
  3018                75.00    428.21     51.21
  3019                 0.00    428.34     58.95
  3020                 0.00    428.34     60.23
  3024                 0.00    428.34     63.40
  31                   0.00    427.23     69.44
  3152                 0.00    428.34     62.14
  32                   0.00    427.27     69.27
  34                   0.00    427.15     76.13
  35                   0.00    427.02     90.02
  36                   0.00    426.89     98.89
  39                   0.00    426.64    113.64
  41                   0.00    426.13    119.13
  46                   0.00    428.49     52.49
  47                   0.00    427.60     69.42
  48                   0.00    428.29     84.29
  49                   0.00    428.29     76.29
  5                    0.00    427.37     80.37
  52                   0.00    428.29     77.29
  53                   0.00    428.52     72.52
  54                   0.00    428.33     83.33
  55                   0.00    427.05     97.05
  56                   0.00    426.54     92.54
  58                 119.00    422.04     89.04
  59                 171.00    418.00     89.00
  6                   57.00    425.84     73.84
  60                   0.00    425.19     80.19
  61                  80.00    424.07     85.07
  62                 109.00    420.96     66.96
  64                  63.00    427.73     96.73
  65                   0.00    427.67     87.67
  66                   0.00    427.67     88.67
  67                   0.00    427.57     95.57
  68                   0.00    427.51     88.51
  69                   0.00    427.51     76.51
  7                    0.00    427.12     74.12
  70                 108.00    426.81     86.81
  71                 113.00    424.22     87.22
  72                  94.00    425.34     69.34
  73                 180.00    425.67     70.67
  77                 131.00    421.11     65.11
  78                   0.00    425.34     85.20
  79                   0.00    427.12     74.12
  8                   64.00    425.96     75.96
  80                   0.00    427.00     78.00
  81                   0.00    425.38     66.38
  82                 130.00    424.32     66.32
  85                   0.00    426.81     87.81
  86                   0.00    426.81     89.81
  87                   0.00    425.25     65.25
  88                   0.00    425.07     72.07
  89                  80.00    424.67     57.67
  90                   0.00    424.40     68.40
  91                 170.00    423.47     51.47
  92                  62.00    422.92     62.92
  91B                100.00    422.86     62.86
  94                  59.00    426.52     87.52
  95                   0.00    426.90     83.90
  97                   0.00    426.90     95.90
  99                  68.00    424.01     74.01
  74                  80.00    423.27     64.56
  1074                 0.00    425.63     67.63
  11A                  0.00    426.90     83.90
  1011                 0.00    426.90     83.90
  0                -4726.00    429.00      0.00  Reservoir
   
   
  Link Results:
  ----------------------------------------------
                       Flow  Velocity  Headloss
  Link                 m3/h       m/s    /1000m
  ----------------------------------------------
  TU1                 62.00      0.68      2.28
  TU10                 0.00      0.00      0.00
  TU100              221.00      0.49      0.48
  TU101              221.00      0.31      0.16
  TU102                0.00      0.00      0.00
  TU103              221.00      0.31      0.16
  TU104              284.00      0.40      0.26
  TU105             2067.00      0.90      0.57
  TU106             2067.00      0.90      0.57
  TU107                0.00      0.00      0.00
  TU108             2147.00      0.94      0.61
  TU109             2431.00      1.06      0.77
  TU11               120.00      0.55      0.92
  TU110             2431.00      1.06      0.77
  TU111              171.00      2.25     22.99
  TU112              290.00      2.12     14.52
  TU113              290.00      1.54      6.66
  TU114              290.00      1.54      6.66
  TU115             2721.00      0.96      0.56
  TU116             2721.00      0.96      0.56
  TU117               -0.00      0.00      0.00
  TU118                0.00      0.00      0.00
  TU119             2721.00      0.96      0.56
  TU12               152.00      1.74     13.09
  TU120             2721.00      0.96      0.56
  TU121               -0.00      0.00      0.00
  TU122                0.00      0.00      0.00
  TU123                0.00      0.00      0.00
  TU124                0.00      0.00      0.00
  TU125               -0.00      0.00      0.00
  TU126               -0.00      0.00      0.00
  TU127               -0.00      0.00      0.00
  TU128                0.00      0.00      0.00
  TU129                0.00      0.00      0.00
  TU13               152.00      1.11      4.42
  TU130               63.00      0.27      0.26
  TU131              154.00      0.67      1.29
  TU132               66.00      0.29      0.28
  TU133              220.00      0.96      2.47
  TU134              100.00      1.08      5.30
  TU135              311.00      0.69      0.90
  TU136              374.00      0.83      1.26
  TU137              374.00      0.53      0.43
  TU138              374.00      0.53      0.43
  TU139              374.00      0.37      0.18
  TU14               363.00      0.80      1.19
  TU140              449.00      0.44      0.25
  TU141              109.00      1.83     18.27
  TU142              334.00      0.90      1.66
  TU143              170.00      0.74      1.54
  TU144               74.00      0.80      3.06
  TU145              162.00      1.12      4.35
  TU146              236.00      1.03      2.81
  TU147              406.00      1.10      2.38
  TU148                0.00      0.00      0.00
  TU149              104.00      0.72      1.94
  TU15                -0.00      0.00      0.00
  TU150              104.00      0.72      1.94
  TU151              510.00      0.72      0.75
  TU152               68.00      0.78      3.01
  TU15301            738.00      1.04      1.48
  TU15302            658.00      0.93      1.20
  TU1074              80.00      1.05      5.69
  TU154              918.00      0.90      0.91
  TU155                0.00      0.00      0.00
  TU156              918.00      0.90      0.91
  TU157             1252.00      1.23      1.62
  TU158               57.00      1.01      6.38
  TU159             1309.00      1.29      1.76
  TU16              4726.00      0.85      0.30
  TU160               64.00      1.14      7.88
  TU161             1373.00      1.35      1.92
  TU162              694.00      0.50      0.26
  TU163              694.00      0.50      0.26
  TU164              694.00      0.50      0.26
  TU166               -0.00      0.00      0.00
  TU167              130.00      1.71     13.85
  TU168              130.00      1.71     13.85
  TU169              130.00      1.09      4.67
  TU17                -0.00      0.00      0.00
  TU170              130.00      0.59      1.07
  TU171              564.00      0.41      0.18
  TU17201             -0.00      0.00      0.00
  TU17202              0.00      0.00      0.00
  TU1011A             -0.00      0.00      0.00
  TU173               -0.00      0.00      0.00
  TU174               59.00      1.05      6.80
  TU175               59.00      0.27      0.26
  TU176              411.00      0.40      0.21
  TU177              505.00      0.50      0.31
  TU178              411.00      0.40      0.21
  TU179               48.00      0.14      0.06
  TU18                 0.00      0.00      0.00
  TU180               48.00      0.14      0.06
  TU181                0.00      0.00      0.00
  TU182                0.00      0.00      0.00
  TU183               80.00      0.91      4.04
  TU184                0.00      0.00      0.00
  TU185              399.00      0.88      1.42
  TU186              220.00      0.59      0.78
  TU187              311.00      0.69      0.90
  TU188             1145.00      0.83      0.65
  TU189             1145.00      0.83      0.65
  TU19                 0.00      0.00      0.00
  TU190               74.00      0.97      4.94
  TU191               80.00      1.42     11.86
  TU192                0.00      0.00      0.00
  TU193                0.00      0.00      0.00
  TU194               -0.00      0.00      0.00
  TU195                0.00      0.00      0.00
  TU196                0.00      0.00      0.00
  TU197               -0.00      0.00      0.00
  TU198                0.00      0.00      0.00
  TU199                0.00      0.00      0.00
  TU2                  0.00      0.00      0.00
  TU20                 0.00      0.00      0.00
  TU200               -0.00      0.00      0.00
  TU201                0.00      0.00      0.00
  TU203               75.00      1.26      9.20
  TU204             1418.00      0.62      0.28
  TU205             1556.00      0.68      0.34
  TU21                74.00      0.62      1.68
  TU22              1145.00      0.63      0.34
  TU23              1214.00      0.67      0.38
  TU24              1271.00      0.70      0.41
  TU25              1331.00      0.74      0.45
  TU26               633.00      0.62      0.46
  TU27               633.00      0.62      0.46
  TU28               681.00      0.67      0.53
  TU29               681.00      0.67      0.53
  TU3                  0.00      0.00      0.00
  TU30                 0.00      0.00      0.00
  TU31                76.00      0.87      3.68
  TU32                82.00      0.94      4.22
  TU33               158.00      0.72      1.52
  TU34               209.00      0.96      2.54
  TU35                69.00      1.23      9.05
  TU36                69.00      0.79      3.09
  TU37               278.00      0.79      1.34
  TU38               337.00      0.96      1.91
  TU39                -0.00      0.00      0.00
  TU4                658.00      0.93      1.20
  TU40                -0.00      0.00      0.00
  TU41               337.00      0.74      1.04
  TU42                91.00      0.63      1.52
  TU43               399.00      0.56      0.48
  TU44               399.00      0.56      0.48
  TU45               464.00      0.66      0.63
  TU46               464.00      0.66      0.63
  TU47                -0.00      0.00      0.00
  TU48               122.00      1.60     12.33
  TU49               122.00      1.03      4.16
  TU5                658.00      0.93      1.20
  TU50                 0.00      0.00      0.00
  TU51               122.00      0.65      1.37
  TU52               122.00      0.40      0.44
  TU53               122.00      0.40      0.44
  TU54                 0.00      0.00      0.00
  TU55               122.00      0.40      0.44
  TU56                -0.00      0.00      0.00
  TU57               122.00      0.35      0.30
  TU58                 0.00      0.00      0.00
  TU59               122.00      0.35      0.30
  TU6                399.00      0.56      0.48
  TU60                74.00      1.53     14.71
  TU61                 0.00      0.00      0.00
  TU62               136.00      0.72      1.66
  TU63                 0.00      0.00      0.00
  TU64               136.00      0.72      1.66
  TU65                 0.00      0.00      0.00
  TU66               136.00      0.45      0.53
  TU67               136.00      0.39      0.37
  TU68               136.00      0.39      0.37
  TU69               258.00      0.36      0.22
  TU7                131.00      2.20     25.66
  TU70               258.00      0.36      0.22
  TU71               258.00      0.36      0.22
  TU72               306.00      0.68      0.87
  TU73               306.00      0.68      0.87
  TU74               306.00      0.68      0.87
  TU75               306.00      0.68      0.87
  TU76               306.00      0.68      0.87
  TU77               375.00      0.83      1.27
  TU78                 0.00      0.00      0.00
  TU79                59.00      0.78      3.27
  TU8                120.00      1.30      7.40
  TU80                61.00      1.26     10.33
  TU81               120.00      1.01      4.04
  TU82                63.00      1.12      7.66
  TU83               119.00      1.56     11.77
  TU84                 0.00      0.00      0.00
  TU85                67.00      0.49      1.00
  TU86                67.00      0.31      0.32
  TU87                67.00      0.36      0.46
  TU88               186.00      0.41      0.35
  TU89                 0.00      0.00      0.00
  TU9                  0.00      0.00      0.00
  TU90                 0.00      0.00      0.00
  TU91                -0.00      0.00      0.00
  TU92               108.00      0.49      0.76
  TU93               108.00      0.31      0.24
  TU94               113.00      1.29      7.59
  TU95               221.00      0.63      0.88
  TU96                 0.00      0.00      0.00
  TU97                 0.00      0.00      0.00
  TU98                 0.00      0.00      0.00
  TU99               221.00      0.49      0.48
  TU4000              61.00      0.80      3.48
   
  Analysis ended Fri Dec  1 08:54:05 2023
