  Page 1                                    Fri Dec  1 08:57:40 2023

  ******************************************************************
  *                           E P A N E T                          *
  *                   Hydraulic and Water Quality                  *
  *                   Analysis for Pipe Networks                   *
  *                         Version 2.2                            *
  ******************************************************************
  
  Analysis begun Fri Dec  1 08:57:40 2023

   
  Node Results:
  ----------------------------------------------
                     Demand      Head  Pressure
  Node                 m3/h         m         m
  ----------------------------------------------
  3661                 0.00    428.63     50.49
  482                  0.00    428.34     82.34
  661                  0.00    427.10     97.10
  6610                 0.00    426.32      1.46
  6611                 0.00    426.33     91.33
  6612                 0.00    427.00     64.63
  6613                 0.00    426.10     71.10
  6615                 0.00    428.40     89.40
  6616                 0.00    427.65     66.65
  6617                 0.00    427.61     84.61
  6618                 0.00    428.15     80.15
  662                  0.00    428.24    100.24
  6620                 0.00    426.18    118.18
  6621                 0.00    427.00     99.00
  6622                 0.00    427.18     90.18
  6623                 0.00    427.37     76.37
  6624                 0.00    427.44     75.44
  6625                 0.00    427.25    115.25
  6626                 0.00    427.31    106.31
  6627                 0.00    427.10    106.10
  6628                 0.00    427.04     88.04
  6629                 0.00    427.74     87.74
  663                  0.00    427.83     86.83
  6630                 0.00    427.53      2.67
  6632                 0.00    428.07     88.07
  6633                 0.00    428.67     66.03
  6634                 0.00    428.72     57.72
  6635                 0.00    428.67     76.67
  6636                 0.00    428.67     72.67
  6637                 0.00    428.57     61.57
  6639                 0.00    426.74     66.74
  664                  0.00    427.61     79.61
  6640                 0.00    426.56     66.56
  6641                 0.00    426.88     68.20
  6642                 0.00    426.88     70.88
  6643                 0.00    427.22     75.22
  6644                 0.00    427.32     75.32
  6645                 0.00    427.38     77.38
  6646                 0.00    427.61     80.59
  6648                 0.00    427.61     81.60
  6649                 0.00    427.46     88.46
  665                  0.00    427.46     82.46
  666                  0.00    427.92     87.92
  6665                 0.00    428.07     62.93
  6666                 0.00    428.35     60.69
  667                  0.00    427.30     75.30
  668                  0.00    427.10     97.10
  669                  0.00    427.59     82.59
  1                   71.00    428.46     98.46
  10                   0.00    427.22     75.22
  100                  0.00    426.88     71.88
  100B                82.00    426.09     68.09
  101                  0.00    426.10     73.10
  103                  0.00    424.11     85.11
  104                166.00    423.92     84.92
  105                 40.00    426.09     71.09
  106                 55.00    426.02     71.02
  107                  0.00    428.40     89.40
  108                  0.00    428.40     92.84
  109                  0.00    428.40     91.40
  11B                156.00    427.36     84.36
  110                 65.00    428.12     82.12
  111                 54.00    428.05     90.07
  112                  0.00    428.09     86.09
  113                  0.00    427.99    104.99
  114                  0.00    427.83     79.83
  115                 59.00    427.66     81.66
  116                  0.00    427.77     82.77
  117                  0.00    427.61     84.61
  118                  0.00    427.25     88.25
  119                 43.00    424.10    101.29
  12                   0.00    427.03     96.69
  121                 63.00    427.89     77.89
  122                  0.00    427.77     80.77
  123                  0.00    427.77     81.77
  125                  0.00    427.89     76.89
  126                  0.00    427.89     79.89
  127                  0.00    427.89     84.56
  128                  0.00    427.63     65.63
  129                  0.00    427.27     71.27
  130                159.00    427.11     86.03
  130B                75.00    427.18     74.18
  132                 59.00    425.33     92.33
  134                  0.00    427.10    106.10
  135                  0.00    427.10    111.10
  137                  0.00    427.10    118.10
  139                  0.00    427.10     67.10
  14                   0.00    426.54     88.54
  140                  0.00    427.10     76.10
  141                  0.00    427.10     75.10
  142                  0.00    427.10     66.10
  143                  0.00    425.33     84.36
  144                 84.00    427.43     68.43
  146                  0.00    427.34     81.34
  147                  0.00    427.31    106.31
  148                 64.00    427.33     94.33
  149                  0.00    427.25    114.04
  15                   0.00    426.33     91.33
  150                  0.00    427.18    119.11
  151                  0.00    427.04    121.80
  152                 50.00    425.96    115.94
  153                  0.00    426.33    116.33
  154                  0.00    426.91    101.91
  157                  0.00    426.18    123.18
  158A                74.00    414.52     93.52
  158B                74.00    414.50     93.50
  16B                123.00    426.60     92.60
  160                  0.00    428.55     61.55
  162                  0.00    428.45     60.45
  163                100.00    427.99     53.99
  164                  0.00    428.27     68.61
  165                  0.00    428.07     66.77
  166                 90.00    428.07     67.06
  167                  0.00    428.07     57.43
  169                 48.00    428.15     61.65
  17A                  0.00    426.14     91.14
  170                  0.00    428.62     69.62
  17B                  0.00    425.95     90.95
  171                  0.00    428.67     76.67
  172                  0.00    428.67     88.67
  18B                220.00    420.17     95.17
  19                   0.00    428.67     70.67
  2                    0.00    428.29    102.29
  20                  65.00    428.63     64.63
  2002                 0.00    427.59     77.59
  2003                 0.00    427.59     77.59
  21                   0.00    428.58     65.85
  22                   0.00    428.58     66.98
  222                  0.00    428.47     78.47
  24                   0.00    428.40     84.40
  25                   0.00    428.29     83.29
  26                   0.00    428.15     80.15
  27                   0.00    428.18     78.18
  28                   0.00    428.06     80.06
  29                  54.00    427.71     71.71
  3                    0.00    428.07     87.72
  30                   0.00    427.67     66.67
  3002                 0.00    428.63     42.63
  3004                 0.00    428.63     42.63
  3005                 0.00    428.63     42.63
  3008                 0.00    428.63     43.63
  3012                 0.00    428.63     57.90
  3013                 0.00    428.63     63.70
  3016                 0.00    428.67     63.67
  3017                 0.00    428.80     46.80
  3018                 0.00    428.71     51.71
  3019                 0.00    428.63     59.24
  3020                 0.00    428.63     60.52
  3024                 0.00    428.63     63.69
  31                   0.00    427.52     69.73
  3152                 0.00    428.63     62.43
  32                   0.00    427.58     69.58
  34                  57.00    427.26     76.24
  35                   0.00    427.18     90.18
  36                   0.00    427.00     99.00
  39                   0.00    426.64    113.64
  41                   0.00    425.91    118.91
  46                   0.00    428.71     52.71
  47                   0.00    428.22     70.04
  48                   0.00    428.24     84.24
  49                   0.00    427.52     75.52
  5                    0.00    427.94     80.94
  52                  75.00    427.50     76.50
  53                   0.00    428.72     72.72
  54                   0.00    428.60     83.60
  55                   0.00    428.46     98.46
  56                   0.00    428.46     94.46
  58                   0.00    428.46     95.46
  59                   0.00    428.46     99.46
  6                    0.00    427.32     75.32
  60                   0.00    428.07     83.07
  61                   0.00    428.07     89.07
  62                 115.00    421.80     67.80
  64                   0.00    428.17     97.17
  65                   0.00    428.07     88.07
  66                  72.00    428.07     89.07
  67                   0.00    427.98     95.98
  68                   0.00    427.53     88.53
  69                  58.00    426.77     75.77
  7                   44.00    427.69     74.69
  70                 157.00    427.04     87.04
  71                   0.00    427.74     90.74
  72                  99.00    426.64     70.64
  73                   0.00    427.20     72.20
  77                 123.00    422.87     66.87
  78                   0.00    426.64     86.50
  79                  57.00    427.69     74.69
  8                   65.00    427.15     77.15
  80                   0.00    427.61     78.61
  81                   0.00    427.61     68.61
  82                   0.00    427.61     69.61
  85                   0.00    427.04     88.04
  86                   0.00    427.04     90.04
  87                 117.00    427.04     67.04
  88                   0.00    427.00     74.00
  89                  96.00    426.92     59.92
  90                   0.00    426.88     70.88
  91                   0.00    426.74     54.74
  92                   0.00    426.32     66.32
  91B                100.00    426.20     66.20
  94                   0.00    427.46     88.46
  95                   0.00    427.46     84.46
  97                   0.00    427.46     96.46
  99                   0.00    426.92     76.92
  74                  79.00    424.88     66.17
  1074                 0.00    427.18     69.18
  11A                  0.00    427.46     84.46
  1011                 0.00    427.46     84.46
  0                -3507.00    429.00      0.00  Reservoir
   
   
  Link Results:
  ----------------------------------------------
                       Flow  Velocity  Headloss
  Link                 m3/h       m/s    /1000m
  ----------------------------------------------
  TU1                 -0.00      0.00      0.00
  TU10                40.00      0.43      1.01
  TU100              215.00      0.48      0.46
  TU101              287.00      0.41      0.27
  TU102                0.00      0.00      0.00
  TU103              287.00      0.41      0.26
  TU104              287.00      0.41      0.26
  TU105             1737.00      0.76      0.41
  TU106             1737.00      0.76      0.41
  TU107                0.00      0.00      0.00
  TU108             1737.00      0.76      0.41
  TU109             2024.00      0.88      0.55
  TU11                95.00      0.43      0.61
  TU110             2024.00      0.88      0.55
  TU111                0.00      0.00      0.00
  TU112               -0.00      0.00      0.00
  TU113                0.00      0.00      0.00
  TU114                0.00      0.00      0.00
  TU115             2095.00      0.74      0.35
  TU116             2095.00      0.74      0.35
  TU117               -0.00      0.00      0.00
  TU118                0.00      0.00      0.00
  TU119             2095.00      0.74      0.35
  TU12               166.00      1.90     15.40
  TU120             2095.00      0.74      0.35
  TU121                0.00      0.00      0.00
  TU122                0.00      0.00      0.00
  TU123               -0.00      0.00      0.00
  TU124               75.00      0.86      3.60
  TU125               75.00      0.55      1.22
  TU126               75.00      0.34      0.40
  TU127               75.00      0.34      0.40
  TU128                0.00      0.00      0.00
  TU129                0.00      0.00      0.00
  TU13               166.00      1.21      5.19
  TU130                0.00      0.00      0.00
  TU131               90.00      0.39      0.49
  TU132               48.00      0.21      0.16
  TU133              138.00      0.60      1.06
  TU134              100.00      1.08      5.30
  TU135              238.00      0.53      0.55
  TU136              238.00      0.53      0.55
  TU137              313.00      0.44      0.31
  TU138              313.00      0.44      0.31
  TU139              313.00      0.31      0.13
  TU14               261.00      0.58      0.65
  TU140              313.00      0.31      0.13
  TU141              115.00      1.93     20.17
  TU142              337.00      0.91      1.69
  TU143               -0.00      0.00      0.00
  TU144               82.00      0.89      3.69
  TU145              100.00      0.69      1.81
  TU146              182.00      0.79      1.75
  TU147              182.00      0.49      0.55
  TU148               -0.00      0.00      0.00
  TU149               -0.00      0.00      0.00
  TU15                -0.00      0.00      0.00
  TU150               -0.00      0.00      0.00
  TU151              182.00      0.26      0.12
  TU152                0.00      0.00      0.00
  TU15301            474.00      0.67      0.66
  TU15302            395.00      0.56      0.47
  TU1074              79.00      1.04      5.56
  TU154              474.00      0.47      0.27
  TU155                0.00      0.00      0.00
  TU156              474.00      0.47      0.27
  TU157              811.00      0.80      0.73
  TU158                0.00      0.00      0.00
  TU159              811.00      0.80      0.73
  TU16              3507.00      0.63      0.18
  TU160               65.00      1.16      8.11
  TU161              876.00      0.86      0.84
  TU162              861.00      0.62      0.38
  TU163              760.00      0.55      0.31
  TU164              817.00      0.59      0.35
  TU166               -0.00      0.00      0.00
  TU167               -0.00      0.00      0.00
  TU168                0.00      0.00      0.00
  TU169                0.00      0.00      0.00
  TU17                -0.00      0.00      0.00
  TU170                0.00      0.00      0.00
  TU171              760.00      0.55      0.31
  TU17201              0.00      0.00      0.00
  TU17202              0.00      0.00      0.00
  TU1011A             -0.00      0.00      0.00
  TU173               -0.00      0.00      0.00
  TU174               -0.00      0.00      0.00
  TU175               -0.00      0.00      0.00
  TU176              604.00      0.59      0.42
  TU177              760.00      0.75      0.65
  TU178              604.00      0.59      0.42
  TU179              220.00      0.62      0.88
  TU18                 0.00      0.00      0.00
  TU180              220.00      0.62      0.88
  TU181              220.00      1.85     12.30
  TU182              220.00      1.01      2.79
  TU183                0.00      0.00      0.00
  TU184                0.00      0.00      0.00
  TU185              165.00      0.36      0.28
  TU186              138.00      0.37      0.33
  TU187              238.00      0.53      0.55
  TU188             1034.00      0.75      0.54
  TU189             1034.00      0.75      0.54
  TU19                 0.00      0.00      0.00
  TU190               50.00      0.66      2.42
  TU191                0.00      0.00      0.00
  TU192                0.00      0.00      0.00
  TU193                0.00      0.00      0.00
  TU194               -0.00      0.00      0.00
  TU195                0.00      0.00      0.00
  TU196                0.00      0.00      0.00
  TU197               -0.00      0.00      0.00
  TU198                0.00      0.00      0.00
  TU199                0.00      0.00      0.00
  TU2                  0.00      0.00      0.00
  TU20                 0.00      0.00      0.00
  TU200               -0.00      0.00      0.00
  TU201                0.00      0.00      0.00
  TU203                0.00      0.00      0.00
  TU204             1099.00      0.48      0.18
  TU205             1099.00      0.48      0.18
  TU21                50.00      0.42      0.83
  TU22              1034.00      0.57      0.28
  TU23              1034.00      0.57      0.28
  TU24              1034.00      0.57      0.28
  TU25              1034.00      0.57      0.28
  TU26               696.00      0.68      0.55
  TU27               696.00      0.68      0.55
  TU28               750.00      0.74      0.63
  TU29               750.00      0.74      0.63
  TU3                  0.00      0.00      0.00
  TU30                43.00      0.89      5.46
  TU31                43.00      0.49      1.31
  TU32                 0.00      0.00      0.00
  TU33                43.00      0.20      0.15
  TU34               102.00      0.47      0.69
  TU35                -0.00      0.00      0.00
  TU36                 0.00      0.00      0.00
  TU37               102.00      0.29      0.22
  TU38               102.00      0.29      0.22
  TU39                -0.00      0.00      0.00
  TU4                278.00      0.39      0.25
  TU40                -0.00      0.00      0.00
  TU41               102.00      0.23      0.12
  TU42               100.00      0.69      1.81
  TU43               219.00      0.31      0.16
  TU44               219.00      0.31      0.16
  TU45               284.00      0.40      0.26
  TU46               284.00      0.40      0.26
  TU47                -0.00      0.00      0.00
  TU48               148.00      1.95     17.60
  TU49               148.00      1.25      5.93
  TU5                278.00      0.39      0.25
  TU50                 0.00      0.00      0.00
  TU51               148.00      0.79      1.94
  TU52               148.00      0.49      0.62
  TU53               148.00      0.49      0.62
  TU54                 0.00      0.00      0.00
  TU55               148.00      0.49      0.62
  TU56                 0.00      0.00      0.00
  TU57               148.00      0.42      0.43
  TU58                57.00      1.01      6.38
  TU59               205.00      0.58      0.77
  TU6                165.00      0.23      0.10
  TU60                50.00      1.03      7.18
  TU61                 0.00      0.00      0.00
  TU62                50.00      0.27      0.27
  TU63                 0.00      0.00      0.00
  TU64                50.00      0.27      0.27
  TU65                 0.00      0.00      0.00
  TU66                50.00      0.17      0.09
  TU67               114.00      0.32      0.27
  TU68               114.00      0.32      0.27
  TU69               319.00      0.45      0.32
  TU7                123.00      2.07     22.84
  TU70               319.00      0.45      0.32
  TU71               319.00      0.45      0.32
  TU72                59.00      0.13      0.05
  TU73               218.00      0.48      0.47
  TU74               293.00      0.65      0.81
  TU75               293.00      0.65      0.81
  TU76               377.00      0.83      1.28
  TU77               377.00      0.83      1.28
  TU78                 0.00      0.00      0.00
  TU79                 0.00      0.00      0.00
  TU8                  0.00      0.00      0.00
  TU80                 0.00      0.00      0.00
  TU81                 0.00      0.00      0.00
  TU82                 0.00      0.00      0.00
  TU83                59.00      0.78      3.27
  TU84                 0.00      0.00      0.00
  TU85                 0.00      0.00      0.00
  TU86                 0.00      0.00      0.00
  TU87                 0.00      0.00      0.00
  TU88                59.00      0.13      0.05
  TU89                 0.00      0.00      0.00
  TU9                 55.00      0.93      5.22
  TU90                 0.00      0.00      0.00
  TU91                -0.00      0.00      0.00
  TU92               157.00      0.72      1.51
  TU93               157.00      0.45      0.48
  TU94                 0.00      0.00      0.00
  TU95               157.00      0.45      0.48
  TU96                 0.00      0.00      0.00
  TU97                58.00      1.03      6.59
  TU98                58.00      0.66      2.25
  TU99               215.00      0.48      0.46
  TU4000              74.00      0.97      4.93
   
  Analysis ended Fri Dec  1 08:57:40 2023
