  Page 1                                    Fri Dec  1 08:47:52 2023

  ******************************************************************
  *                           E P A N E T                          *
  *                   Hydraulic and Water Quality                  *
  *                   Analysis for Pipe Networks                   *
  *                         Version 2.2                            *
  ******************************************************************
  
  Analysis begun Fri Dec  1 08:47:52 2023

   
  Node Results:
  ----------------------------------------------
                     Demand      Head  Pressure
  Node                 m3/h         m         m
  ----------------------------------------------
  3661                 0.00    428.75     50.61
  482                  0.00    428.90     82.90
  661                  0.00    427.14     97.14
  6610                 0.00    424.92      0.76
  6611                 0.00    428.61     93.61
  6612                 0.00    427.90     65.53
  6613                 0.00    427.62     72.62
  6615                 0.00    428.51     89.51
  6616                 0.00    427.80     66.80
  6617                 0.00    427.25     84.25
  6618                 0.00    428.24     80.24
  662                  0.00    428.79    100.79
  6620                 0.00    427.58    119.58
  6621                 0.00    427.58     99.58
  6622                 0.00    427.58     90.58
  6623                 0.00    427.58     76.58
  6624                 0.00    427.59     75.59
  6625                 0.00    426.04    114.04
  6626                 0.00    426.82    105.82
  6627                 0.00    427.14    106.14
  6628                 0.00    428.58     89.58
  6629                 0.00    428.58     88.58
  663                  0.00    428.70     87.70
  6630                 0.00    428.35      3.49
  6632                 0.00    428.74     88.74
  6633                 0.00    428.89     66.25
  6634                 0.00    428.90     57.90
  6635                 0.00    428.91     76.91
  6636                 0.00    428.91     72.91
  6637                 0.00    428.90     61.90
  6639                 0.00    426.74     66.74
  664                  0.00    428.68     80.68
  6640                 0.00    426.21     66.21
  6641                 0.00    427.35     68.67
  6642                 0.00    427.26     71.26
  6643                 0.00    428.36     76.36
  6644                 0.00    428.47     76.47
  6645                 0.00    428.50     78.50
  6646                 0.00    428.68     81.66
  6648                 0.00    428.68     82.67
  6649                 0.00    428.63     89.63
  665                  0.00    428.67     83.67
  666                  0.00    428.66     88.66
  6665                 0.00    428.86     63.72
  6666                 0.00    428.86     61.20
  667                  0.00    428.46     76.46
  668                  0.00    427.14     97.14
  669                  0.00    428.58     83.58
  1                    0.00    428.84     98.84
  10                   0.00    428.36     76.36
  100                143.00    427.22     72.22
  100B                83.00    425.72     67.72
  101                 97.00    427.34     74.34
  103                  0.00    428.59     89.59
  104                  0.00    428.59     89.59
  105                  0.00    427.62     72.62
  106                 49.00    427.56     72.56
  107                  0.00    428.51     89.51
  108                  0.00    428.51     92.95
  109                  0.00    428.51     91.51
  11B                  0.00    428.66     85.66
  110                  0.00    428.20     82.20
  111                 54.00    428.04     90.06
  112                  0.00    428.13     86.13
  113                  0.00    427.88    104.88
  114                  0.00    427.52     79.52
  115                  0.00    427.36     81.36
  116                  0.00    427.42     82.42
  117                  0.00    427.25     84.25
  118                 73.00    426.29     87.29
  119                  0.00    426.29    103.48
  12                   0.00    428.64     98.30
  121                 41.00    427.63     77.63
  122                 60.00    424.25     77.25
  123                  0.00    426.97     80.97
  125                  0.00    427.61     76.61
  126                  0.00    427.36     79.36
  127                105.00    426.36     83.03
  128                  0.00    427.77     65.77
  129                  0.00    427.37     71.37
  130                130.00    427.17     86.09
  130B                67.00    427.26     74.26
  132                  0.00    427.14     94.14
  134                  0.00    427.14    106.14
  135                  0.00    427.14    111.14
  137                  0.00    427.14    118.14
  139                 59.00    426.39     66.39
  14                   0.00    428.59     90.59
  140                 58.00    426.58     75.58
  141                  0.00    426.56     74.56
  142                  0.00    426.39     65.39
  143                  0.00    427.14     86.17
  144                 84.00    427.55     68.55
  146                  0.00    427.15     81.15
  147                  0.00    426.82    105.82
  148                 48.00    427.08     94.08
  149                 43.00    425.91    112.70
  15                   0.00    428.61     93.61
  150                  0.00    425.44    117.37
  151                 99.00    424.16    118.92
  152                 69.00    422.21    112.19
  153                  0.00    422.87    112.87
  154                  0.00    427.58    102.58
  157                  0.00    427.58    124.58
  158A                 0.00    427.58    106.58
  158B                 0.00    427.58    106.58
  16B                  0.00    428.61     94.61
  160                  0.00    428.89     61.89
  162                  0.00    428.88     60.88
  163                 90.00    428.55     54.55
  164                  0.00    428.86     69.20
  165                  0.00    428.86     67.56
  166                  0.00    428.86     67.85
  167                  0.00    428.86     58.22
  169                  0.00    428.86     62.36
  17A                  0.00    428.61     93.61
  170                  0.00    428.90     69.90
  17B                  0.00    428.61     93.61
  171                  0.00    428.91     76.91
  172                  0.00    428.91     88.91
  18B                  0.00    428.61    103.61
  19                   0.00    428.89     70.89
  2                    0.00    428.80    102.80
  20                   0.00    428.75     64.75
  2002                 0.00    428.58     78.58
  2003                 0.00    428.58     78.58
  21                  62.00    428.69     65.96
  22                   0.00    428.68     67.08
  222                  0.00    428.57     78.57
  24                   0.00    428.51     84.51
  25                   0.00    428.40     83.40
  26                   0.00    428.24     80.24
  27                   0.00    428.29     78.29
  28                   0.00    428.17     80.17
  29                   0.00    427.85     71.85
  3                    0.00    428.75     88.40
  30                   0.00    427.81     66.81
  3002                 0.00    428.75     42.75
  3004                 0.00    428.75     42.75
  3005                 0.00    428.75     42.75
  3008                 0.00    428.75     43.75
  3012                 0.00    428.75     58.02
  3013                 0.00    428.75     63.82
  3016                 0.00    428.79     63.79
  3017                 0.00    428.92     46.92
  3018                 0.00    428.91     51.91
  3019                 0.00    428.75     59.36
  3020                 0.00    428.75     60.64
  3024                 0.00    428.75     63.81
  31                   0.00    427.66     69.87
  3152                 0.00    428.75     62.55
  32                   0.00    427.72     69.72
  34                  56.00    427.47     76.45
  35                   0.00    427.58     90.58
  36                   0.00    427.58     99.58
  39                   0.00    427.58    114.58
  41                   0.00    427.58    120.58
  46                   0.00    428.91     52.91
  47                   0.00    428.86     70.68
  48                   0.00    428.90     84.90
  49                   0.00    428.90     76.90
  5                    0.00    428.72     81.72
  52                   0.00    428.90     77.90
  53                   0.00    428.90     72.90
  54                   0.00    428.87     83.87
  55                   0.00    428.84     98.84
  56                   0.00    428.84     94.84
  58                   0.00    428.84     95.84
  59                   0.00    428.84     99.84
  6                    0.00    428.47     76.47
  60                  46.00    427.88     82.88
  61                   0.00    427.88     88.88
  62                   0.00    428.46     74.46
  64                   0.00    428.77     97.77
  65                   0.00    428.74     88.74
  66                   0.00    428.74     89.74
  67                   0.00    428.69     96.69
  68                   0.00    428.35     89.35
  69                  51.00    427.75     76.75
  7                    0.00    428.69     75.69
  70                   0.00    428.58     88.58
  71                  98.00    426.31     89.31
  72                   0.00    428.46     72.46
  73                   0.00    428.34     73.34
  77                   0.00    428.46     72.46
  78                   0.00    428.46     88.32
  79                   0.00    428.69     75.69
  8                    0.00    428.50     78.50
  80                   0.00    428.68     79.68
  81                   0.00    428.68     69.68
  82                   0.00    428.68     70.68
  85                   0.00    428.58     89.58
  86                   0.00    428.58     91.58
  87                   0.00    428.04     68.04
  88                   0.00    427.90     74.90
  89                   0.00    427.61     60.61
  90                   0.00    427.26     71.26
  91                  81.00    426.64     54.64
  92                  62.00    424.87     64.87
  91B                185.00    424.56     64.56
  94                   0.00    428.63     89.63
  95                   0.00    428.55     85.55
  97                   0.00    428.49     97.49
  99                   0.00    427.61     77.61
  74                   0.00    428.31     69.60
  1074                 0.00    428.31     70.31
  11A                 43.00    428.47     85.47
  1011                 0.00    428.49     85.49
  0                -2136.00    429.00      0.00  Reservoir
   
   
  Link Results:
  ----------------------------------------------
                       Flow  Velocity  Headloss
  Link                 m3/h       m/s    /1000m
  ----------------------------------------------
  TU1                 62.00      0.68      2.28
  TU10                 0.00      0.00      0.00
  TU100              149.00      0.33      0.24
  TU101              149.00      0.21      0.08
  TU102                0.00      0.00      0.00
  TU103              149.00      0.21      0.08
  TU104              149.00      0.21      0.08
  TU105              743.00      0.32      0.09
  TU106              743.00      0.32      0.09
  TU107                0.00      0.00      0.00
  TU108              789.00      0.34      0.10
  TU109              938.00      0.41      0.13
  TU11               146.00      0.67      1.32
  TU110              938.00      0.41      0.13
  TU111                0.00      0.00      0.00
  TU112               -0.00      0.00      0.00
  TU113                0.00      0.00      0.00
  TU114                0.00      0.00      0.00
  TU115              938.00      0.33      0.08
  TU116              938.00      0.33      0.08
  TU117                0.00      0.00      0.00
  TU118                0.00      0.00      0.00
  TU119              938.00      0.33      0.08
  TU12                -0.00      0.00      0.00
  TU120              938.00      0.33      0.08
  TU121                0.00      0.00      0.00
  TU122                0.00      0.00      0.00
  TU123               -0.00      0.00      0.00
  TU124                0.00      0.00      0.00
  TU125               -0.00      0.00      0.00
  TU126               -0.00      0.00      0.00
  TU127               -0.00      0.00      0.00
  TU128                0.00      0.00      0.00
  TU129                0.00      0.00      0.00
  TU13                 0.00      0.00      0.00
  TU130               -0.00      0.00      0.00
  TU131               -0.00      0.00      0.00
  TU132                0.00      0.00      0.00
  TU133               -0.00      0.00      0.00
  TU134              185.00      2.00     16.41
  TU135               90.00      0.20      0.10
  TU136               90.00      0.20      0.10
  TU137               90.00      0.13      0.03
  TU138               90.00      0.13      0.03
  TU139               90.00      0.09      0.01
  TU14               146.00      0.32      0.23
  TU140               90.00      0.09      0.01
  TU141                0.00      0.00      0.00
  TU142                0.00      0.00      0.00
  TU143               81.00      0.35      0.40
  TU144               83.00      0.90      3.77
  TU145              247.00      1.71      9.46
  TU146              330.00      1.44      5.20
  TU147              411.00      1.11      2.43
  TU148               -0.00      0.00      0.00
  TU149              143.00      0.99      3.47
  TU15                -0.00      0.00      0.00
  TU150              143.00      0.99      3.47
  TU151              554.00      0.78      0.88
  TU152               -0.00      0.00      0.00
  TU15301            554.00      0.78      0.88
  TU15302            554.00      0.78      0.88
  TU1074               0.00      0.00      0.00
  TU154              554.00      0.54      0.36
  TU155                0.00      0.00      0.00
  TU156              554.00      0.54      0.36
  TU157              554.00      0.54      0.36
  TU158                0.00      0.00      0.00
  TU159              554.00      0.54      0.36
  TU16              2136.00      0.39      0.07
  TU160                0.00      0.00      0.00
  TU161              554.00      0.54      0.36
  TU162              189.00      0.14      0.02
  TU163              189.00      0.14      0.02
  TU164              189.00      0.14      0.02
  TU166               -0.00      0.00      0.00
  TU167               -0.00      0.00      0.00
  TU168                0.00      0.00      0.00
  TU169                0.00      0.00      0.00
  TU17                -0.00      0.00      0.00
  TU170                0.00      0.00      0.00
  TU171              189.00      0.14      0.02
  TU17201             43.00      0.57      1.85
  TU17202              0.00      0.00      0.00
  TU1011A             43.00      0.57      1.84
  TU173               43.00      0.31      0.45
  TU174               -0.00      0.00      0.00
  TU175               43.00      0.20      0.15
  TU176              146.00      0.14      0.03
  TU177              146.00      0.14      0.03
  TU178              146.00      0.14      0.03
  TU179                0.00      0.00      0.00
  TU18                 0.00      0.00      0.00
  TU180                0.00      0.00      0.00
  TU181                0.00      0.00      0.00
  TU182                0.00      0.00      0.00
  TU183               46.00      0.53      1.48
  TU184                0.00      0.00      0.00
  TU185              279.00      0.62      0.74
  TU186               -0.00      0.00      0.00
  TU187               90.00      0.20      0.10
  TU188             1046.00      0.75      0.55
  TU189             1046.00      0.75      0.55
  TU19                -0.00      0.00      0.00
  TU190               69.00      0.91      4.35
  TU191                0.00      0.00      0.00
  TU192                0.00      0.00      0.00
  TU193                0.00      0.00      0.00
  TU194               -0.00      0.00      0.00
  TU195                0.00      0.00      0.00
  TU196                0.00      0.00      0.00
  TU197               -0.00      0.00      0.00
  TU198                0.00      0.00      0.00
  TU199                0.00      0.00      0.00
  TU2                  0.00      0.00      0.00
  TU20                 0.00      0.00      0.00
  TU200               -0.00      0.00      0.00
  TU201                0.00      0.00      0.00
  TU203                0.00      0.00      0.00
  TU204             1108.00      0.48      0.18
  TU205             1108.00      0.48      0.18
  TU21               168.00      1.41      7.48
  TU22              1046.00      0.58      0.29
  TU23              1046.00      0.58      0.29
  TU24              1046.00      0.58      0.29
  TU25              1108.00      0.61      0.32
  TU26               713.00      0.70      0.57
  TU27               713.00      0.70      0.57
  TU28               713.00      0.70      0.57
  TU29               713.00      0.70      0.57
  TU3                  0.00      0.00      0.00
  TU30                 0.00      0.00      0.00
  TU31                73.00      0.83      3.42
  TU32                 0.00      0.00      0.00
  TU33                73.00      0.33      0.38
  TU34                73.00      0.33      0.38
  TU35                60.00      1.07      7.01
  TU36                60.00      0.69      2.40
  TU37               133.00      0.38      0.35
  TU38               133.00      0.38      0.35
  TU39               105.00      1.20      6.64
  TU4                554.00      0.78      0.88
  TU40               105.00      0.77      2.25
  TU41               238.00      0.53      0.55
  TU42                90.00      0.62      1.49
  TU43               333.00      0.47      0.35
  TU44               333.00      0.47      0.35
  TU45               333.00      0.47      0.35
  TU46               333.00      0.47      0.35
  TU47                -0.00      0.00      0.00
  TU48                 0.00      0.00      0.00
  TU49                 0.00      0.00      0.00
  TU5                554.00      0.78      0.88
  TU50                 0.00      0.00      0.00
  TU51                 0.00      0.00      0.00
  TU52                 0.00      0.00      0.00
  TU53                 0.00      0.00      0.00
  TU54                 0.00      0.00      0.00
  TU55                 0.00      0.00      0.00
  TU56                 0.00      0.00      0.00
  TU57                 0.00      0.00      0.00
  TU58                56.00      1.00      6.18
  TU59                56.00      0.16      0.07
  TU6                279.00      0.39      0.25
  TU60                69.00      1.42     12.94
  TU61                 0.00      0.00      0.00
  TU62               168.00      0.89      2.45
  TU63                43.00      0.89      5.46
  TU64               211.00      1.12      3.71
  TU65                 0.00      0.00      0.00
  TU66               211.00      0.70      1.18
  TU67               259.00      0.74      1.18
  TU68               259.00      0.74      1.18
  TU69               315.00      0.45      0.31
  TU7                  0.00      0.00      0.00
  TU70               315.00      0.45      0.31
  TU71               315.00      0.45      0.31
  TU72               117.00      0.26      0.15
  TU73               247.00      0.55      0.59
  TU74               314.00      0.69      0.92
  TU75               314.00      0.69      0.92
  TU76               398.00      0.88      1.41
  TU77               398.00      0.88      1.41
  TU78                 0.00      0.00      0.00
  TU79                 0.00      0.00      0.00
  TU8                 97.00      1.05      5.01
  TU80                 0.00      0.00      0.00
  TU81                 0.00      0.00      0.00
  TU82                 0.00      0.00      0.00
  TU83                 0.00      0.00      0.00
  TU84                 0.00      0.00      0.00
  TU85                59.00      0.43      0.79
  TU86                59.00      0.27      0.26
  TU87               117.00      0.62      1.27
  TU88               117.00      0.26      0.15
  TU89                 0.00      0.00      0.00
  TU9                 49.00      0.82      4.24
  TU90                 0.00      0.00      0.00
  TU91                -0.00      0.00      0.00
  TU92                -0.00      0.00      0.00
  TU93                 0.00      0.00      0.00
  TU94                98.00      1.12      5.85
  TU95                98.00      0.28      0.20
  TU96                 0.00      0.00      0.00
  TU97                51.00      0.91      5.21
  TU98                51.00      0.58      1.79
  TU99               149.00      0.33      0.24
  TU4000               0.00      0.00      0.00
   
  Analysis ended Fri Dec  1 08:47:52 2023
