  Page 1                                    Fri Dec  1 09:04:11 2023

  ******************************************************************
  *                           E P A N E T                          *
  *                   Hydraulic and Water Quality                  *
  *                   Analysis for Pipe Networks                   *
  *                         Version 2.2                            *
  ******************************************************************
  
  Analysis begun Fri Dec  1 09:04:11 2023

   
  Node Results:
  ----------------------------------------------
                     Demand      Head  Pressure
  Node                 m3/h         m         m
  ----------------------------------------------
  3661                 0.00    428.35     50.21
  482                  0.00    427.57     81.57
  661                  0.00    426.72     96.72
  6610                 0.00    426.38      2.32
  6611                 0.00    427.50     92.50
  6612                 0.00    426.86     64.49
  6613                 0.00    426.40     71.40
  6615                 0.00    427.73     88.73
  6616                 0.00    427.18     66.18
  6617                 0.00    424.23     81.23
  6618                 0.00    427.41     79.41
  662                  0.00    428.09    100.09
  6620                 0.00    425.91    117.91
  6621                 0.00    426.67     98.67
  6622                 0.00    426.84     89.84
  6623                 0.00    427.01     76.01
  6624                 0.00    427.05     75.05
  6625                 0.00    426.88    114.88
  6626                 0.00    426.98    105.98
  6627                 0.00    426.34    105.34
  6628                 0.00    424.33     85.33
  6629                 0.00    426.42     86.42
  663                  0.00    427.77     86.77
  6630                 0.00    426.56      1.70
  6632                 0.00    427.41     87.41
  6633                 0.00    428.56     65.92
  6634                 0.00    428.61     57.61
  6635                 0.00    428.42     76.42
  6636                 0.00    428.42     72.42
  6637                 0.00    428.26     61.26
  6639                 0.00    426.69     66.69
  664                  0.00    427.62     79.62
  6640                 0.00    426.63     66.63
  6641                 0.00    426.74     68.06
  6642                 0.00    426.74     70.74
  6643                 0.00    427.17     75.17
  6644                 0.00    427.34     75.34
  6645                 0.00    427.40     77.40
  6646                 0.00    424.69     77.67
  6648                 0.00    424.85     78.84
  6649                 0.00    426.53     87.53
  665                  0.00    427.57     82.57
  666                  0.00    426.92     86.92
  6665                 0.00    427.83     62.69
  6666                 0.00    428.05     60.39
  667                  0.00    427.33     75.33
  668                  0.00    426.71     96.71
  669                  0.00    426.22     81.22
  1                    0.00    428.34     98.34
  10                   0.00    427.17     75.17
  100                  0.00    426.74     71.74
  100B                 0.00    426.63     68.63
  101                 96.00    426.12     73.12
  103                  0.00    427.47     88.47
  104                  0.00    427.47     88.47
  105                  0.00    426.40     71.40
  106                 59.00    426.31     71.31
  107                  0.00    427.73     88.73
  108                 62.00    426.79     91.23
  109                  0.00    427.52     90.52
  11B                  0.00    427.56     84.56
  110                 69.00    427.28     81.28
  111                 52.00    426.83     88.85
  112                  0.00    427.07     85.07
  113                  0.00    426.30    103.30
  114                 58.00    425.07     77.07
  115                  0.00    424.64     78.64
  116                  0.00    424.85     79.85
  117                 74.00    424.14     81.14
  118                 73.00    423.28     84.28
  119                  0.00    423.28    100.47
  12                   0.00    427.53     97.19
  121                 60.00    425.48     75.48
  122                 63.00    421.38     74.38
  123                  0.00    424.36     78.36
  125                  0.00    425.41     74.41
  126                 66.00    424.53     76.53
  127                143.00    422.76     79.43
  128                 65.00    427.17     65.17
  129                  0.00    426.97     70.97
  130                  0.00    426.83     85.75
  130B                 0.00    426.91     73.91
  132                 47.00    421.10     88.10
  134                  0.00    426.34    105.34
  135                 62.00    425.67    109.67
  137                  0.00    425.67    116.67
  139                 64.00    426.30     66.30
  14                   0.00    427.47     89.47
  140                  0.00    426.52     75.52
  141                  0.00    426.50     74.50
  142                  0.00    426.30     65.30
  143                 64.00    418.09     77.12
  144                  0.00    427.08     68.08
  146                  0.00    427.01     81.01
  147                  0.00    426.98    105.98
  148                  0.00    427.01     94.01
  149                  0.00    426.88    113.67
  15                   0.00    427.50     92.50
  150                  0.00    426.77    118.70
  151                  0.00    426.54    121.30
  152                 66.00    424.75    114.73
  153                  0.00    425.35    115.35
  154                  0.00    426.59    101.59
  157                  0.00    425.91    122.91
  158A                71.00    415.11     94.11
  158B                71.00    415.09     94.09
  16B                  0.00    427.50     93.50
  160                 50.00    428.23     61.23
  162                  0.00    428.14     60.14
  163                 89.00    427.75     53.75
  164                  0.00    427.96     68.30
  165                  0.00    427.83     66.53
  166                 67.00    427.83     66.82
  167                  0.00    427.83     57.19
  169                 72.00    427.77     61.27
  17A                  0.00    427.50     92.50
  170                  0.00    428.35     69.35
  17B                  0.00    427.50     92.50
  171                  0.00    428.42     76.42
  172                  0.00    428.42     88.42
  18B                  0.00    427.50    102.50
  19                   0.00    428.56     70.56
  2                    0.00    428.14    102.14
  20                  96.00    428.35     64.35
  2002                 0.00    426.22     76.22
  2003                 0.00    426.22     76.22
  21                  60.00    428.24     65.51
  22                   0.00    428.24     66.64
  222                 70.00    428.03     78.03
  24                   0.00    427.92     83.92
  25                   0.00    427.74     82.74
  26                   0.00    427.41     79.41
  27                   0.00    427.57     77.57
  28                  54.00    427.47     79.47
  29                  52.00    427.22     71.22
  3                   59.00    427.95     87.60
  30                   0.00    427.19     66.19
  3002                 0.00    428.35     42.35
  3004                 0.00    428.35     42.35
  3005                 0.00    428.35     42.35
  3008                 0.00    428.35     43.35
  3012                 0.00    428.35     57.62
  3013                 0.00    428.35     63.42
  3016                 0.00    428.43     63.43
  3017               148.00    428.70     46.70
  3018                70.00    428.26     51.26
  3019                 0.00    428.35     58.96
  3020                 0.00    428.35     60.24
  3024                 0.00    428.35     63.41
  31                  58.00    427.08     69.29
  3152                 0.00    428.35     62.15
  32                   0.00    427.13     69.13
  34                   0.00    427.01     75.99
  35                   0.00    426.84     89.84
  36                   0.00    426.67     98.67
  39                   0.00    426.33    113.33
  41                   0.00    425.66    118.66
  46                   0.00    428.50     52.50
  47                   0.00    427.91     69.73
  48                   0.00    427.28     83.28
  49                  52.00    425.10     73.10
  5                    0.00    427.85     80.85
  52                  86.00    425.06     74.06
  53                   0.00    428.61     72.61
  54                   0.00    428.48     83.48
  55                   0.00    428.34     98.34
  56                   0.00    428.34     94.34
  58                   0.00    428.34     95.34
  59                   0.00    428.34     99.34
  6                    0.00    427.34     75.34
  60                   0.00    427.95     82.95
  61                   0.00    427.95     88.95
  62                   0.00    427.27     73.27
  64                   0.00    427.81     96.81
  65                  89.00    427.03     87.03
  66                  78.00    427.40     88.40
  67                 117.00    427.06     95.06
  68                   0.00    426.56     87.56
  69                  56.00    425.84     74.84
  7                   66.00    427.67     74.67
  70                 132.00    425.46     85.46
  71                  88.00    424.55     87.55
  72                  85.00    427.27     71.27
  73                 168.00    427.13     72.13
  77                   0.00    427.27     71.27
  78                   0.00    427.27     87.13
  79                  46.00    427.67     74.67
  8                    0.00    427.40     77.40
  80                   0.00    427.53     78.53
  81                  72.00    423.01     64.01
  82                  99.00    424.21     66.21
  85                  55.00    424.09     85.09
  86                   0.00    424.33     87.33
  87                 126.00    426.92     66.92
  88                   0.00    426.86     73.86
  89                  87.00    426.75     59.75
  90                   0.00    426.74     70.74
  91                   0.00    426.69     54.69
  92                   0.00    426.38     66.38
  91B                100.00    426.27     66.27
  94                   0.00    426.53     87.53
  95                   0.00    424.20     81.20
  97                 146.00    415.72     84.72
  99                 146.00    424.09     74.09
  74                  71.00    425.21     66.50
  1074                 0.00    427.11     69.11
  11A                121.00    422.45     79.45
  1011                 0.00    422.62     79.62
  0                -4416.00    429.00      0.00  Reservoir
   
   
  Link Results:
  ----------------------------------------------
                       Flow  Velocity  Headloss
  Link                 m3/h       m/s    /1000m
  ----------------------------------------------
  TU1                 -0.00      0.00      0.00
  TU10                 0.00      0.00      0.00
  TU100              448.00      0.99      1.75
  TU101              526.00      0.74      0.79
  TU102               89.00      1.58     14.42
  TU103              615.00      0.87      1.06
  TU104              615.00      0.87      1.06
  TU105             1488.00      0.65      0.31
  TU106             1488.00      0.65      0.31
  TU107                0.00      0.00      0.00
  TU108             1547.00      0.68      0.33
  TU109             2162.00      0.94      0.62
  TU11               155.00      0.71      1.47
  TU110             2162.00      0.94      0.62
  TU111                0.00      0.00      0.00
  TU112               -0.00      0.00      0.00
  TU113                0.00      0.00      0.00
  TU114                0.00      0.00      0.00
  TU115             2162.00      0.76      0.37
  TU116             2162.00      0.76      0.37
  TU117               -0.00      0.00      0.00
  TU118                0.00      0.00      0.00
  TU119             2162.00      0.76      0.37
  TU12                 0.00      0.00      0.00
  TU120             2162.00      0.76      0.37
  TU121                0.00      0.00      0.00
  TU122                0.00      0.00      0.00
  TU123               -0.00      0.00      0.00
  TU124               86.00      0.98      4.61
  TU125              138.00      1.01      3.70
  TU126              138.00      0.63      1.19
  TU127              138.00      0.63      1.19
  TU128                0.00      0.00      0.00
  TU129                0.00      0.00      0.00
  TU13                 0.00      0.00      0.00
  TU130                0.00      0.00      0.00
  TU131               67.00      0.29      0.29
  TU132               72.00      0.31      0.33
  TU133              139.00      0.61      1.07
  TU134              100.00      1.08      5.30
  TU135              228.00      0.50      0.51
  TU136              278.00      0.61      0.73
  TU137              416.00      0.59      0.52
  TU138              416.00      0.59      0.52
  TU139              416.00      0.41      0.22
  TU14               155.00      0.34      0.25
  TU140              486.00      0.48      0.29
  TU141                0.00      0.00      0.00
  TU142               85.00      0.23      0.14
  TU143               -0.00      0.00      0.00
  TU144               -0.00      0.00      0.00
  TU145              100.00      0.69      1.81
  TU146              100.00      0.44      0.59
  TU147              100.00      0.27      0.19
  TU148               -0.00      0.00      0.00
  TU149               -0.00      0.00      0.00
  TU15                -0.00      0.00      0.00
  TU150               -0.00      0.00      0.00
  TU151              100.00      0.14      0.04
  TU152              146.00      1.67     12.15
  TU15301            530.00      0.75      0.81
  TU15302            459.00      0.65      0.62
  TU1074              71.00      0.93      4.58
  TU154              698.00      0.69      0.55
  TU155               -0.00      0.00      0.00
  TU156              698.00      0.69      0.55
  TU157              783.00      0.77      0.68
  TU158                0.00      0.00      0.00
  TU159              783.00      0.77      0.68
  TU16              4416.00      0.80      0.27
  TU160                0.00      0.00      0.00
  TU161              783.00      0.77      0.68
  TU162              705.00      0.51      0.27
  TU163              593.00      0.43      0.19
  TU164              639.00      0.46      0.22
  TU166               72.00      1.48     13.99
  TU167               99.00      1.30      8.40
  TU168               99.00      1.30      8.40
  TU169              171.00      1.44      7.73
  TU17                62.00      1.10      7.44
  TU170              171.00      0.78      1.76
  TU171              422.00      0.30      0.10
  TU17201            267.00      3.51     52.72
  TU17202            146.00      1.92     17.16
  TU1011A            121.00      1.59     12.14
  TU173              267.00      1.95     12.46
  TU174               -0.00      0.00      0.00
  TU175              267.00      1.22      3.98
  TU176              155.00      0.15      0.04
  TU177              155.00      0.15      0.04
  TU178              155.00      0.15      0.04
  TU179                0.00      0.00      0.00
  TU18                62.00      0.71      2.54
  TU180                0.00      0.00      0.00
  TU181                0.00      0.00      0.00
  TU182                0.00      0.00      0.00
  TU183                0.00      0.00      0.00
  TU184                0.00      0.00      0.00
  TU185              537.00      1.19      2.45
  TU186              139.00      0.38      0.34
  TU187              228.00      0.50      0.51
  TU188             1332.00      0.96      0.86
  TU189             1332.00      0.96      0.86
  TU19                 0.00      0.00      0.00
  TU190               66.00      0.87      4.01
  TU191               -0.00      0.00      0.00
  TU192                0.00      0.00      0.00
  TU193                0.00      0.00      0.00
  TU194               -0.00      0.00      0.00
  TU195                0.00      0.00      0.00
  TU196                0.00      0.00      0.00
  TU197               -0.00      0.00      0.00
  TU198                0.00      0.00      0.00
  TU199                0.00      0.00      0.00
  TU2                  0.00      0.00      0.00
  TU20                62.00      0.45      0.87
  TU200               -0.00      0.00      0.00
  TU201                0.00      0.00      0.00
  TU203               70.00      1.18      8.11
  TU204             1620.00      0.71      0.36
  TU205             1620.00      0.71      0.36
  TU21                66.00      0.56      1.36
  TU22              1394.00      0.77      0.49
  TU23              1464.00      0.81      0.53
  TU24              1464.00      0.81      0.53
  TU25              1524.00      0.84      0.57
  TU26               568.00      0.56      0.38
  TU27               568.00      0.56      0.38
  TU28               620.00      0.61      0.45
  TU29               674.00      0.66      0.52
  TU3                  0.00      0.00      0.00
  TU30                 0.00      0.00      0.00
  TU31                73.00      0.83      3.42
  TU32                74.00      0.84      3.51
  TU33               147.00      0.67      1.34
  TU34               147.00      0.67      1.34
  TU35                63.00      1.12      7.66
  TU36                63.00      0.72      2.62
  TU37               210.00      0.60      0.81
  TU38               268.00      0.76      1.26
  TU39               143.00      1.63     11.70
  TU4                333.00      0.47      0.35
  TU40               209.00      1.53      7.92
  TU41               477.00      1.05      1.97
  TU42                89.00      0.62      1.46
  TU43               589.00      0.83      0.98
  TU44               589.00      0.83      0.98
  TU45               658.00      0.93      1.20
  TU46               658.00      0.93      1.20
  TU47                -0.00      0.00      0.00
  TU48               142.00      1.87     16.30
  TU49               142.00      1.20      5.50
  TU5                333.00      0.47      0.35
  TU50                 0.00      0.00      0.00
  TU51               142.00      0.75      1.80
  TU52               142.00      0.47      0.57
  TU53               142.00      0.47      0.57
  TU54                 0.00      0.00      0.00
  TU55               142.00      0.47      0.57
  TU56                 0.00      0.00      0.00
  TU57               142.00      0.40      0.40
  TU58                 0.00      0.00      0.00
  TU59               142.00      0.40      0.40
  TU6                537.00      0.76      0.83
  TU60                66.00      1.36     11.93
  TU61                 0.00      0.00      0.00
  TU62                66.00      0.35      0.45
  TU63                 0.00      0.00      0.00
  TU64                66.00      0.35      0.45
  TU65                 0.00      0.00      0.00
  TU66                66.00      0.22      0.14
  TU67                66.00      0.19      0.10
  TU68                66.00      0.19      0.10
  TU69               208.00      0.29      0.15
  TU7                  0.00      0.00      0.00
  TU70               266.00      0.38      0.23
  TU71               266.00      0.38      0.23
  TU72               237.00      0.52      0.55
  TU73               237.00      0.52      0.55
  TU74               237.00      0.52      0.55
  TU75               237.00      0.52      0.55
  TU76               237.00      0.52      0.55
  TU77               302.00      0.67      0.85
  TU78                 0.00      0.00      0.00
  TU79                62.00      0.82      3.58
  TU8                 96.00      1.04      4.92
  TU80                 0.00      0.00      0.00
  TU81                62.00      0.52      1.22
  TU82                64.00      1.14      7.88
  TU83               111.00      1.46     10.36
  TU84                 0.00      0.00      0.00
  TU85                64.00      0.47      0.92
  TU86                64.00      0.29      0.30
  TU87                64.00      0.34      0.43
  TU88               175.00      0.39      0.32
  TU89                55.00      0.98      5.98
  TU9                 59.00      0.99      5.93
  TU90                 0.00      0.00      0.00
  TU91                55.00      0.63      2.05
  TU92               187.00      0.86      2.07
  TU93               187.00      0.53      0.65
  TU94                88.00      1.00      4.81
  TU95               275.00      0.78      1.32
  TU96                 0.00      0.00      0.00
  TU97                56.00      1.00      6.18
  TU98                56.00      0.64      2.11
  TU99               331.00      0.73      1.01
  TU4000              71.00      0.93      4.58
   
  Analysis ended Fri Dec  1 09:04:11 2023
